/home/xingxunliu/.local/lib/python3.8/site-packages/setuptools/dist.py:745: SetuptoolsDeprecationWarning: Invalid dash-separated options
!!

        ********************************************************************************
        Usage of dash-separated 'script-dir' will not be supported in future
        versions. Please use the underscore name 'script_dir' instead.

        By 2023-Sep-26, you need to update your project and remove deprecated calls
        or your builds will no longer be supported.

        See https://setuptools.pypa.io/en/latest/userguide/declarative_config.html for details.
        ********************************************************************************

!!
  opt = self.warn_dash_deprecation(opt, section)
running egg_info
creating ../../build/suanfa/suanfa.egg-info
writing ../../build/suanfa/suanfa.egg-info/PKG-INFO
writing dependency_links to ../../build/suanfa/suanfa.egg-info/dependency_links.txt
writing entry points to ../../build/suanfa/suanfa.egg-info/entry_points.txt
writing requirements to ../../build/suanfa/suanfa.egg-info/requires.txt
writing top-level names to ../../build/suanfa/suanfa.egg-info/top_level.txt
writing manifest file '../../build/suanfa/suanfa.egg-info/SOURCES.txt'
reading manifest file '../../build/suanfa/suanfa.egg-info/SOURCES.txt'
writing manifest file '../../build/suanfa/suanfa.egg-info/SOURCES.txt'
running build
running build_py
creating /home/xingxunliu/ws_sensor_combined/build/suanfa/build
creating /home/xingxunliu/ws_sensor_combined/build/suanfa/build/lib
creating /home/xingxunliu/ws_sensor_combined/build/suanfa/build/lib/suanfa
copying suanfa/__init__.py -> /home/xingxunliu/ws_sensor_combined/build/suanfa/build/lib/suanfa
copying suanfa/1.py -> /home/xingxunliu/ws_sensor_combined/build/suanfa/build/lib/suanfa
copying suanfa/calculate.py -> /home/xingxunliu/ws_sensor_combined/build/suanfa/build/lib/suanfa
running install
/home/xingxunliu/.local/lib/python3.8/site-packages/setuptools/_distutils/cmd.py:66: SetuptoolsDeprecationWarning: setup.py install is deprecated.
!!

        ********************************************************************************
        Please avoid running ``setup.py`` directly.
        Instead, use pypa/build, pypa/installer or other
        standards-based tools.

        See https://blog.ganssle.io/articles/2021/10/setup-py-deprecated.html for details.
        ********************************************************************************

!!
  self.initialize_options()
running install_lib
creating /home/xingxunliu/ws_sensor_combined/install/suanfa/lib/python3.8/site-packages/suanfa
copying /home/xingxunliu/ws_sensor_combined/build/suanfa/build/lib/suanfa/__init__.py -> /home/xingxunliu/ws_sensor_combined/install/suanfa/lib/python3.8/site-packages/suanfa
copying /home/xingxunliu/ws_sensor_combined/build/suanfa/build/lib/suanfa/1.py -> /home/xingxunliu/ws_sensor_combined/install/suanfa/lib/python3.8/site-packages/suanfa
copying /home/xingxunliu/ws_sensor_combined/build/suanfa/build/lib/suanfa/calculate.py -> /home/xingxunliu/ws_sensor_combined/install/suanfa/lib/python3.8/site-packages/suanfa
byte-compiling /home/xingxunliu/ws_sensor_combined/install/suanfa/lib/python3.8/site-packages/suanfa/__init__.py to __init__.cpython-38.pyc
byte-compiling /home/xingxunliu/ws_sensor_combined/install/suanfa/lib/python3.8/site-packages/suanfa/1.py to 1.cpython-38.pyc
byte-compiling /home/xingxunliu/ws_sensor_combined/install/suanfa/lib/python3.8/site-packages/suanfa/calculate.py to calculate.cpython-38.pyc
running install_data
creating /home/xingxunliu/ws_sensor_combined/install/suanfa/share/ament_index
creating /home/xingxunliu/ws_sensor_combined/install/suanfa/share/ament_index/resource_index
creating /home/xingxunliu/ws_sensor_combined/install/suanfa/share/ament_index/resource_index/packages
copying resource/suanfa -> /home/xingxunliu/ws_sensor_combined/install/suanfa/share/ament_index/resource_index/packages
copying package.xml -> /home/xingxunliu/ws_sensor_combined/install/suanfa/share/suanfa
running install_egg_info
Copying ../../build/suanfa/suanfa.egg-info to /home/xingxunliu/ws_sensor_combined/install/suanfa/lib/python3.8/site-packages/suanfa-0.0.0-py3.8.egg-info
running install_scripts
Installing suanfa_node script to /home/xingxunliu/ws_sensor_combined/install/suanfa/lib/suanfa
writing list of installed files to '/home/xingxunliu/ws_sensor_combined/build/suanfa/install.log'
