[0.727s] Invoking command in '/home/xingxunliu/ws_sensor_combined/src/suanfa': PYTHONPATH=/home/xingxunliu/ws_sensor_combined/build/suanfa/prefix_override:/home/xingxunliu/ws_sensor_combined/install/suanfa/lib/python3.8/site-packages:${PYTHONPATH} /usr/bin/python3 setup.py egg_info --egg-base ../../build/suanfa build --build-base /home/xingxunliu/ws_sensor_combined/build/suanfa/build install --record /home/xingxunliu/ws_sensor_combined/build/suanfa/install.log --single-version-externally-managed
[0.907s] running egg_info
[0.922s] writing ../../build/suanfa/suanfa.egg-info/PKG-INFO
[0.922s] writing dependency_links to ../../build/suanfa/suanfa.egg-info/dependency_links.txt
[0.922s] writing entry points to ../../build/suanfa/suanfa.egg-info/entry_points.txt
[0.923s] writing requirements to ../../build/suanfa/suanfa.egg-info/requires.txt
[0.923s] writing top-level names to ../../build/suanfa/suanfa.egg-info/top_level.txt
[1.021s] reading manifest file '../../build/suanfa/suanfa.egg-info/SOURCES.txt'
[1.022s] writing manifest file '../../build/suanfa/suanfa.egg-info/SOURCES.txt'
[1.022s] running build
[1.022s] running build_py
[1.023s] copying suanfa/calculate.py -> /home/xingxunliu/ws_sensor_combined/build/suanfa/build/lib/suanfa
[1.023s] running install
[1.023s] /home/xingxunliu/.local/lib/python3.8/site-packages/setuptools/_distutils/cmd.py:66: SetuptoolsDeprecationWarning: setup.py install is deprecated.
[1.023s] !!
[1.023s] 
[1.024s]         ********************************************************************************
[1.024s]         Please avoid running ``setup.py`` directly.
[1.024s]         Instead, use pypa/build, pypa/installer or other
[1.024s]         standards-based tools.
[1.024s] 
[1.024s]         See https://blog.ganssle.io/articles/2021/10/setup-py-deprecated.html for details.
[1.025s]         ********************************************************************************
[1.025s] 
[1.025s] !!
[1.025s]   self.initialize_options()
[1.030s] running install_lib
[1.041s] copying /home/xingxunliu/ws_sensor_combined/build/suanfa/build/lib/suanfa/calculate.py -> /home/xingxunliu/ws_sensor_combined/install/suanfa/lib/python3.8/site-packages/suanfa
[1.042s] byte-compiling /home/xingxunliu/ws_sensor_combined/install/suanfa/lib/python3.8/site-packages/suanfa/calculate.py to calculate.cpython-38.pyc
[1.042s] running install_data
[1.053s] running install_egg_info
[1.069s] removing '/home/xingxunliu/ws_sensor_combined/install/suanfa/lib/python3.8/site-packages/suanfa-0.0.0-py3.8.egg-info' (and everything under it)
[1.070s] Copying ../../build/suanfa/suanfa.egg-info to /home/xingxunliu/ws_sensor_combined/install/suanfa/lib/python3.8/site-packages/suanfa-0.0.0-py3.8.egg-info
[1.070s] running install_scripts
[1.113s] Installing suanfa_node script to /home/xingxunliu/ws_sensor_combined/install/suanfa/lib/suanfa
[1.113s] writing list of installed files to '/home/xingxunliu/ws_sensor_combined/build/suanfa/install.log'
[1.146s] Invoked command in '/home/xingxunliu/ws_sensor_combined/src/suanfa' returned '0': PYTHONPATH=/home/xingxunliu/ws_sensor_combined/build/suanfa/prefix_override:/home/xingxunliu/ws_sensor_combined/install/suanfa/lib/python3.8/site-packages:${PYTHONPATH} /usr/bin/python3 setup.py egg_info --egg-base ../../build/suanfa build --build-base /home/xingxunliu/ws_sensor_combined/build/suanfa/build install --record /home/xingxunliu/ws_sensor_combined/build/suanfa/install.log --single-version-externally-managed
