[0.908s] Invoking command in '/home/xingxunliu/ws_sensor_combined/src/suanfa': PYTHONPATH=/home/xingxunliu/ws_sensor_combined/build/suanfa/prefix_override:/home/xingxunliu/ws_sensor_combined/install/suanfa/lib/python3.8/site-packages:${PYTHONPATH} /usr/bin/python3 setup.py egg_info --egg-base ../../build/suanfa build --build-base /home/xingxunliu/ws_sensor_combined/build/suanfa/build install --record /home/xingxunliu/ws_sensor_combined/build/suanfa/install.log --single-version-externally-managed
[1.143s] running egg_info
[1.157s] writing ../../build/suanfa/suanfa.egg-info/PKG-INFO
[1.157s] writing dependency_links to ../../build/suanfa/suanfa.egg-info/dependency_links.txt
[1.157s] writing entry points to ../../build/suanfa/suanfa.egg-info/entry_points.txt
[1.157s] writing requirements to ../../build/suanfa/suanfa.egg-info/requires.txt
[1.157s] writing top-level names to ../../build/suanfa/suanfa.egg-info/top_level.txt
[1.269s] reading manifest file '../../build/suanfa/suanfa.egg-info/SOURCES.txt'
[1.270s] writing manifest file '../../build/suanfa/suanfa.egg-info/SOURCES.txt'
[1.270s] running build
[1.270s] running build_py
[1.271s] copying suanfa/calculate.py -> /home/xingxunliu/ws_sensor_combined/build/suanfa/build/lib/suanfa
[1.271s] running install
[1.271s] /home/xingxunliu/.local/lib/python3.8/site-packages/setuptools/_distutils/cmd.py:66: SetuptoolsDeprecationWarning: setup.py install is deprecated.
[1.271s] !!
[1.271s] 
[1.272s]         ********************************************************************************
[1.272s]         Please avoid running ``setup.py`` directly.
[1.272s]         Instead, use pypa/build, pypa/installer or other
[1.272s]         standards-based tools.
[1.272s] 
[1.272s]         See https://blog.ganssle.io/articles/2021/10/setup-py-deprecated.html for details.
[1.272s]         ********************************************************************************
[1.273s] 
[1.273s] !!
[1.273s]   self.initialize_options()
[1.277s] running install_lib
[1.290s] copying /home/xingxunliu/ws_sensor_combined/build/suanfa/build/lib/suanfa/calculate.py -> /home/xingxunliu/ws_sensor_combined/install/suanfa/lib/python3.8/site-packages/suanfa
[1.290s] byte-compiling /home/xingxunliu/ws_sensor_combined/install/suanfa/lib/python3.8/site-packages/suanfa/calculate.py to calculate.cpython-38.pyc
[1.291s] running install_data
[1.303s] running install_egg_info
[1.318s] removing '/home/xingxunliu/ws_sensor_combined/install/suanfa/lib/python3.8/site-packages/suanfa-0.0.0-py3.8.egg-info' (and everything under it)
[1.318s] Copying ../../build/suanfa/suanfa.egg-info to /home/xingxunliu/ws_sensor_combined/install/suanfa/lib/python3.8/site-packages/suanfa-0.0.0-py3.8.egg-info
[1.319s] running install_scripts
[1.380s] Installing suanfa_node script to /home/xingxunliu/ws_sensor_combined/install/suanfa/lib/suanfa
[1.380s] writing list of installed files to '/home/xingxunliu/ws_sensor_combined/build/suanfa/install.log'
[1.428s] Invoked command in '/home/xingxunliu/ws_sensor_combined/src/suanfa' returned '0': PYTHONPATH=/home/xingxunliu/ws_sensor_combined/build/suanfa/prefix_override:/home/xingxunliu/ws_sensor_combined/install/suanfa/lib/python3.8/site-packages:${PYTHONPATH} /usr/bin/python3 setup.py egg_info --egg-base ../../build/suanfa build --build-base /home/xingxunliu/ws_sensor_combined/build/suanfa/build install --record /home/xingxunliu/ws_sensor_combined/build/suanfa/install.log --single-version-externally-managed
