[0.061s] Invoking command in '/home/xingxunliu/ws_sensor_combined/build/px4_ros_com': AMENT_PREFIX_PATH=/home/xingxunliu/ws_sensor_combined/install/px4_msgs:${AMENT_PREFIX_PATH} CMAKE_PREFIX_PATH=/home/xingxunliu/ws_sensor_combined/install/px4_msgs:/opt/ros/foxy LD_LIBRARY_PATH=/home/xingxunliu/ws_sensor_combined/install/px4_msgs/lib:${LD_LIBRARY_PATH} PYTHONPATH=/home/xingxunliu/ws_sensor_combined/install/px4_msgs/lib/python3.8/site-packages:${PYTHONPATH} /usr/bin/cmake --build /home/xingxunliu/ws_sensor_combined/build/px4_ros_com -- -j16 -l16
[0.123s] [35m[1mScanning dependencies of target tcp[0m
[0.135s] [  9%] Built target vehicle_gps_position_listener
[0.143s] [ 18%] Built target uva4_takeoff
[0.145s] [ 27%] Built target sensor_combined_listener
[0.148s] [ 40%] Built target frame_transforms
[0.148s] [ 45%] Built target offboard_control
[0.149s] [ 72%] Built target uva1_takeoff
[0.149s] [ 72%] Built target offboard_con
[0.149s] [ 72%] Built target uva3_takeoff
[0.150s] [ 81%] Built target uva2_takeoff
[0.154s] [ 90%] Built target debug_vect_advertiser
[0.168s] [ 95%] [32mBuilding CXX object CMakeFiles/tcp.dir/src/examples/offboard/tcp.cpp.o[0m
[0.260s] [01m[K/home/xingxunliu/ws_sensor_combined/src/px4_ros_com/src/examples/offboard/tcp.cpp:24:10:[m[K [01;31m[Kfatal error: [m[Kuav_interfaces/srv/uav_control.hpp: 没有那个文件或目录
[0.260s]    24 | #include [01;31m[K"uav_interfaces/srv/uav_control.hpp"[m[K
[0.260s]       |          [01;31m[K^~~~~~~~~~~~~~~~~~~~~~~~~~~~~~~~~~~~[m[K
[0.260s] compilation terminated.
[0.263s] make[2]: *** [CMakeFiles/tcp.dir/build.make:63：CMakeFiles/tcp.dir/src/examples/offboard/tcp.cpp.o] 错误 1
[0.263s] make[1]: *** [CMakeFiles/Makefile2:422：CMakeFiles/tcp.dir/all] 错误 2
[0.264s] make: *** [Makefile:141：all] 错误 2
[0.268s] Invoked command in '/home/xingxunliu/ws_sensor_combined/build/px4_ros_com' returned '2': AMENT_PREFIX_PATH=/home/xingxunliu/ws_sensor_combined/install/px4_msgs:${AMENT_PREFIX_PATH} CMAKE_PREFIX_PATH=/home/xingxunliu/ws_sensor_combined/install/px4_msgs:/opt/ros/foxy LD_LIBRARY_PATH=/home/xingxunliu/ws_sensor_combined/install/px4_msgs/lib:${LD_LIBRARY_PATH} PYTHONPATH=/home/xingxunliu/ws_sensor_combined/install/px4_msgs/lib/python3.8/site-packages:${PYTHONPATH} /usr/bin/cmake --build /home/xingxunliu/ws_sensor_combined/build/px4_ros_com -- -j16 -l16
