[0.984s] Invoking command in '/home/xingxunliu/ws_sensor_combined/src/suanfa': PYTHONPATH=/home/xingxunliu/ws_sensor_combined/build/suanfa/prefix_override:/home/xingxunliu/ws_sensor_combined/install/suanfa/lib/python3.8/site-packages:${PYTHONPATH} /usr/bin/python3 setup.py egg_info --egg-base ../../build/suanfa build --build-base /home/xingxunliu/ws_sensor_combined/build/suanfa/build install --record /home/xingxunliu/ws_sensor_combined/build/suanfa/install.log --single-version-externally-managed
[1.248s] running egg_info
[1.264s] writing ../../build/suanfa/suanfa.egg-info/PKG-INFO
[1.264s] writing dependency_links to ../../build/suanfa/suanfa.egg-info/dependency_links.txt
[1.264s] writing entry points to ../../build/suanfa/suanfa.egg-info/entry_points.txt
[1.265s] writing requirements to ../../build/suanfa/suanfa.egg-info/requires.txt
[1.265s] writing top-level names to ../../build/suanfa/suanfa.egg-info/top_level.txt
[1.376s] reading manifest file '../../build/suanfa/suanfa.egg-info/SOURCES.txt'
[1.378s] writing manifest file '../../build/suanfa/suanfa.egg-info/SOURCES.txt'
[1.378s] running build
[1.378s] running build_py
[1.378s] copying suanfa/calculate.py -> /home/xingxunliu/ws_sensor_combined/build/suanfa/build/lib/suanfa
[1.379s] running install
[1.380s] /home/xingxunliu/.local/lib/python3.8/site-packages/setuptools/_distutils/cmd.py:66: SetuptoolsDeprecationWarning: setup.py install is deprecated.
[1.380s] !!
[1.380s] 
[1.380s]         ********************************************************************************
[1.380s]         Please avoid running ``setup.py`` directly.
[1.380s]         Instead, use pypa/build, pypa/installer or other
[1.380s]         standards-based tools.
[1.381s] 
[1.381s]         See https://blog.ganssle.io/articles/2021/10/setup-py-deprecated.html for details.
[1.381s]         ********************************************************************************
[1.381s] 
[1.381s] !!
[1.381s]   self.initialize_options()
[1.386s] running install_lib
[1.401s] copying /home/xingxunliu/ws_sensor_combined/build/suanfa/build/lib/suanfa/calculate.py -> /home/xingxunliu/ws_sensor_combined/install/suanfa/lib/python3.8/site-packages/suanfa
[1.401s] byte-compiling /home/xingxunliu/ws_sensor_combined/install/suanfa/lib/python3.8/site-packages/suanfa/calculate.py to calculate.cpython-38.pyc
[1.402s] running install_data
[1.425s] running install_egg_info
[1.444s] removing '/home/xingxunliu/ws_sensor_combined/install/suanfa/lib/python3.8/site-packages/suanfa-0.0.0-py3.8.egg-info' (and everything under it)
[1.444s] Copying ../../build/suanfa/suanfa.egg-info to /home/xingxunliu/ws_sensor_combined/install/suanfa/lib/python3.8/site-packages/suanfa-0.0.0-py3.8.egg-info
[1.445s] running install_scripts
[1.509s] Installing suanfa_node script to /home/xingxunliu/ws_sensor_combined/install/suanfa/lib/suanfa
[1.510s] writing list of installed files to '/home/xingxunliu/ws_sensor_combined/build/suanfa/install.log'
[1.577s] Invoked command in '/home/xingxunliu/ws_sensor_combined/src/suanfa' returned '0': PYTHONPATH=/home/xingxunliu/ws_sensor_combined/build/suanfa/prefix_override:/home/xingxunliu/ws_sensor_combined/install/suanfa/lib/python3.8/site-packages:${PYTHONPATH} /usr/bin/python3 setup.py egg_info --egg-base ../../build/suanfa build --build-base /home/xingxunliu/ws_sensor_combined/build/suanfa/build install --record /home/xingxunliu/ws_sensor_combined/build/suanfa/install.log --single-version-externally-managed
