[35m[1mScanning dependencies of target tcp[0m
[  8%] Built target frame_transforms
[ 16%] Built target offboard_control
[ 25%] Built target uva3_takeoff
[ 33%] Built target uva4_takeoff
[ 50%] Built target debug_vect_advertiser
[ 50%] Built target offboard_con
[ 58%] Built target simpleMission
[ 66%] Built target uva1_takeoff
[ 83%] Built target uva2_takeoff
[ 83%] Built target sensor_combined_listener
[ 91%] Built target vehicle_gps_position_listener
[ 95%] [32mBuilding CXX object CMakeFiles/tcp.dir/src/examples/offboard/tcp.cpp.o[0m
[01m[K/home/xingxunliu/ws_sensor_combined/src/px4_ros_com/src/examples/offboard/tcp.cpp:[m[K In lambda function:
[01m[K/home/xingxunliu/ws_sensor_combined/src/px4_ros_com/src/examples/offboard/tcp.cpp:185:137:[m[K [01;31m[Kerror: [m[Kinvalid operands of types ‘[01m[Kfloat[m[K’ and ‘[01m[K<unresolved overloaded function type>[m[K’ to binary ‘[01m[Koperator<<[m[K’
  185 | (),uav_position_y.load(),[01;31m[Kuav_position_z.load()<<endl[m[K;
      |                          [01;31m[K~~~~~~~~~~~~~~~~~~~~~^~~~~~[m[K

make[2]: *** [CMakeFiles/tcp.dir/build.make:63：CMakeFiles/tcp.dir/src/examples/offboard/tcp.cpp.o] 错误 1
make[1]: *** [CMakeFiles/Makefile2:451：CMakeFiles/tcp.dir/all] 错误 2
make: *** [Makefile:141：all] 错误 2
