[0.797s] Invoking command in '/home/xingxunliu/ws_sensor_combined/src/suanfa': PYTHONPATH=/home/xingxunliu/ws_sensor_combined/build/suanfa/prefix_override:/home/xingxunliu/ws_sensor_combined/install/suanfa/lib/python3.8/site-packages:${PYTHONPATH} /usr/bin/python3 setup.py egg_info --egg-base ../../build/suanfa build --build-base /home/xingxunliu/ws_sensor_combined/build/suanfa/build install --record /home/xingxunliu/ws_sensor_combined/build/suanfa/install.log --install-scripts $base/lib/suanfa --single-version-externally-managed
[0.907s] /home/xingxunliu/.local/lib/python3.8/site-packages/setuptools/dist.py:745: SetuptoolsDeprecationWarning: Invalid dash-separated options
[0.907s] !!
[0.908s] 
[0.908s]         ********************************************************************************
[0.908s]         Usage of dash-separated 'script-dir' will not be supported in future
[0.908s]         versions. Please use the underscore name 'script_dir' instead.
[0.908s] 
[0.908s]         By 2023-Sep-26, you need to update your project and remove deprecated calls
[0.908s]         or your builds will no longer be supported.
[0.908s] 
[0.909s]         See https://setuptools.pypa.io/en/latest/userguide/declarative_config.html for details.
[0.909s]         ********************************************************************************
[0.909s] 
[0.909s] !!
[0.909s]   opt = self.warn_dash_deprecation(opt, section)
[0.983s] running egg_info
[0.995s] writing ../../build/suanfa/suanfa.egg-info/PKG-INFO
[0.995s] writing dependency_links to ../../build/suanfa/suanfa.egg-info/dependency_links.txt
[0.995s] writing entry points to ../../build/suanfa/suanfa.egg-info/entry_points.txt
[0.996s] writing requirements to ../../build/suanfa/suanfa.egg-info/requires.txt
[0.996s] writing top-level names to ../../build/suanfa/suanfa.egg-info/top_level.txt
[1.084s] reading manifest file '../../build/suanfa/suanfa.egg-info/SOURCES.txt'
[1.085s] writing manifest file '../../build/suanfa/suanfa.egg-info/SOURCES.txt'
[1.085s] running build
[1.085s] running build_py
[1.085s] running install
[1.086s] /home/xingxunliu/.local/lib/python3.8/site-packages/setuptools/_distutils/cmd.py:66: SetuptoolsDeprecationWarning: setup.py install is deprecated.
[1.086s] !!
[1.086s] 
[1.086s]         ********************************************************************************
[1.086s]         Please avoid running ``setup.py`` directly.
[1.086s]         Instead, use pypa/build, pypa/installer or other
[1.086s]         standards-based tools.
[1.087s] 
[1.087s]         See https://blog.ganssle.io/articles/2021/10/setup-py-deprecated.html for details.
[1.087s]         ********************************************************************************
[1.087s] 
[1.087s] !!
[1.087s]   self.initialize_options()
[1.091s] running install_lib
[1.102s] running install_data
[1.119s] running install_egg_info
[1.130s] removing '/home/xingxunliu/ws_sensor_combined/install/suanfa/lib/python3.8/site-packages/suanfa-0.0.0-py3.8.egg-info' (and everything under it)
[1.130s] Copying ../../build/suanfa/suanfa.egg-info to /home/xingxunliu/ws_sensor_combined/install/suanfa/lib/python3.8/site-packages/suanfa-0.0.0-py3.8.egg-info
[1.130s] running install_scripts
[1.181s] Installing suanfa_node script to /home/xingxunliu/ws_sensor_combined/install/suanfa/lib/suanfa
[1.181s] writing list of installed files to '/home/xingxunliu/ws_sensor_combined/build/suanfa/install.log'
[1.216s] Invoked command in '/home/xingxunliu/ws_sensor_combined/src/suanfa' returned '0': PYTHONPATH=/home/xingxunliu/ws_sensor_combined/build/suanfa/prefix_override:/home/xingxunliu/ws_sensor_combined/install/suanfa/lib/python3.8/site-packages:${PYTHONPATH} /usr/bin/python3 setup.py egg_info --egg-base ../../build/suanfa build --build-base /home/xingxunliu/ws_sensor_combined/build/suanfa/build install --record /home/xingxunliu/ws_sensor_combined/build/suanfa/install.log --install-scripts $base/lib/suanfa --single-version-externally-managed
