[0.265s] DEBUG:colcon:Command line arguments: ['/usr/bin/colcon', 'build', '--packages-select', 'px4_ros_com']
[0.265s] DEBUG:colcon:Parsed command line arguments: Namespace(allow_overriding=[], ament_cmake_args=None, base_paths=['.'], build_base='build', catkin_cmake_args=None, catkin_skip_building_tests=False, cmake_args=None, cmake_clean_cache=False, cmake_clean_first=False, cmake_force_configure=False, cmake_target=None, cmake_target_skip_unavailable=False, continue_on_error=False, event_handlers=None, executor='parallel', ignore_user_meta=False, install_base='install', log_base=None, log_level=None, main=<bound method BuildVerb.main of <colcon_core.verb.build.BuildVerb object at 0x7f2b5c275160>>, merge_install=False, metas=['./colcon.meta'], packages_above=None, packages_above_and_dependencies=None, packages_above_depth=None, packages_end=None, packages_ignore=None, packages_ignore_regex=None, packages_select=['px4_ros_com'], packages_select_build_failed=False, packages_select_by_dep=None, packages_select_regex=None, packages_select_test_failures=False, packages_skip=None, packages_skip_build_finished=False, packages_skip_by_dep=None, packages_skip_regex=None, packages_skip_test_passed=False, packages_skip_up_to=None, packages_start=None, packages_up_to=None, packages_up_to_regex=None, parallel_workers=16, paths=None, symlink_install=False, test_result_base=None, verb_extension=<colcon_core.verb.build.BuildVerb object at 0x7f2b5c275160>, verb_name='build', verb_parser=<colcon_defaults.argument_parser.defaults.DefaultArgumentsDecorator object at 0x7f2b5c1b4e80>)
[0.298s] Level 1:colcon.colcon_core.package_discovery:discover_packages(colcon_meta) check parameters
[0.299s] Level 1:colcon.colcon_core.package_discovery:discover_packages(recursive) check parameters
[0.299s] Level 1:colcon.colcon_core.package_discovery:discover_packages(ignore) check parameters
[0.299s] Level 1:colcon.colcon_core.package_discovery:discover_packages(path) check parameters
[0.299s] Level 1:colcon.colcon_core.package_discovery:discover_packages(colcon_meta) discover
[0.299s] Level 1:colcon.colcon_core.package_discovery:discover_packages(recursive) discover
[0.299s] INFO:colcon.colcon_core.package_discovery:Crawling recursively for packages in '/home/xingxunliu/ws_sensor_combined'
[0.299s] Level 1:colcon.colcon_core.package_identification:_identify(.) by extensions ['ignore', 'ignore_ament_install']
[0.299s] Level 1:colcon.colcon_core.package_identification:_identify(.) by extension 'ignore'
[0.299s] Level 1:colcon.colcon_core.package_identification:_identify(.) by extension 'ignore_ament_install'
[0.299s] Level 1:colcon.colcon_core.package_identification:_identify(.) by extensions ['colcon_pkg']
[0.299s] Level 1:colcon.colcon_core.package_identification:_identify(.) by extension 'colcon_pkg'
[0.299s] Level 1:colcon.colcon_core.package_identification:_identify(.) by extensions ['colcon_meta']
[0.299s] Level 1:colcon.colcon_core.package_identification:_identify(.) by extension 'colcon_meta'
[0.299s] Level 1:colcon.colcon_core.package_identification:_identify(.) by extensions ['ros']
[0.299s] Level 1:colcon.colcon_core.package_identification:_identify(.) by extension 'ros'
[0.312s] Level 1:colcon.colcon_core.package_identification:_identify(.) by extensions ['cmake', 'python']
[0.312s] Level 1:colcon.colcon_core.package_identification:_identify(.) by extension 'cmake'
[0.312s] Level 1:colcon.colcon_core.package_identification:_identify(.) by extension 'python'
[0.312s] Level 1:colcon.colcon_core.package_identification:_identify(.) by extensions ['python_setup_py']
[0.312s] Level 1:colcon.colcon_core.package_identification:_identify(.) by extension 'python_setup_py'
[0.312s] Level 1:colcon.colcon_core.package_identification:_identify(build) by extensions ['ignore', 'ignore_ament_install']
[0.312s] Level 1:colcon.colcon_core.package_identification:_identify(build) by extension 'ignore'
[0.312s] Level 1:colcon.colcon_core.package_identification:_identify(build) ignored
[0.312s] Level 1:colcon.colcon_core.package_identification:_identify(install) by extensions ['ignore', 'ignore_ament_install']
[0.313s] Level 1:colcon.colcon_core.package_identification:_identify(install) by extension 'ignore'
[0.313s] Level 1:colcon.colcon_core.package_identification:_identify(install) ignored
[0.313s] Level 1:colcon.colcon_core.package_identification:_identify(log) by extensions ['ignore', 'ignore_ament_install']
[0.313s] Level 1:colcon.colcon_core.package_identification:_identify(log) by extension 'ignore'
[0.313s] Level 1:colcon.colcon_core.package_identification:_identify(log) ignored
[0.313s] Level 1:colcon.colcon_core.package_identification:_identify(src) by extensions ['ignore', 'ignore_ament_install']
[0.313s] Level 1:colcon.colcon_core.package_identification:_identify(src) by extension 'ignore'
[0.313s] Level 1:colcon.colcon_core.package_identification:_identify(src) by extension 'ignore_ament_install'
[0.313s] Level 1:colcon.colcon_core.package_identification:_identify(src) by extensions ['colcon_pkg']
[0.313s] Level 1:colcon.colcon_core.package_identification:_identify(src) by extension 'colcon_pkg'
[0.313s] Level 1:colcon.colcon_core.package_identification:_identify(src) by extensions ['colcon_meta']
[0.313s] Level 1:colcon.colcon_core.package_identification:_identify(src) by extension 'colcon_meta'
[0.313s] Level 1:colcon.colcon_core.package_identification:_identify(src) by extensions ['ros']
[0.313s] Level 1:colcon.colcon_core.package_identification:_identify(src) by extension 'ros'
[0.313s] Level 1:colcon.colcon_core.package_identification:_identify(src) by extensions ['cmake', 'python']
[0.313s] Level 1:colcon.colcon_core.package_identification:_identify(src) by extension 'cmake'
[0.314s] Level 1:colcon.colcon_core.package_identification:_identify(src) by extension 'python'
[0.314s] Level 1:colcon.colcon_core.package_identification:_identify(src) by extensions ['python_setup_py']
[0.314s] Level 1:colcon.colcon_core.package_identification:_identify(src) by extension 'python_setup_py'
[0.314s] Level 1:colcon.colcon_core.package_identification:_identify(src/px4_msgs) by extensions ['ignore', 'ignore_ament_install']
[0.314s] Level 1:colcon.colcon_core.package_identification:_identify(src/px4_msgs) by extension 'ignore'
[0.314s] Level 1:colcon.colcon_core.package_identification:_identify(src/px4_msgs) by extension 'ignore_ament_install'
[0.314s] Level 1:colcon.colcon_core.package_identification:_identify(src/px4_msgs) by extensions ['colcon_pkg']
[0.314s] Level 1:colcon.colcon_core.package_identification:_identify(src/px4_msgs) by extension 'colcon_pkg'
[0.314s] Level 1:colcon.colcon_core.package_identification:_identify(src/px4_msgs) by extensions ['colcon_meta']
[0.314s] Level 1:colcon.colcon_core.package_identification:_identify(src/px4_msgs) by extension 'colcon_meta'
[0.314s] Level 1:colcon.colcon_core.package_identification:_identify(src/px4_msgs) by extensions ['ros']
[0.314s] Level 1:colcon.colcon_core.package_identification:_identify(src/px4_msgs) by extension 'ros'
[0.316s] DEBUG:colcon.colcon_core.package_identification:Package 'src/px4_msgs' with type 'ros.ament_cmake' and name 'px4_msgs'
[0.317s] Level 1:colcon.colcon_core.package_identification:_identify(src/px4_ros_com) by extensions ['ignore', 'ignore_ament_install']
[0.317s] Level 1:colcon.colcon_core.package_identification:_identify(src/px4_ros_com) by extension 'ignore'
[0.317s] Level 1:colcon.colcon_core.package_identification:_identify(src/px4_ros_com) by extension 'ignore_ament_install'
[0.317s] Level 1:colcon.colcon_core.package_identification:_identify(src/px4_ros_com) by extensions ['colcon_pkg']
[0.317s] Level 1:colcon.colcon_core.package_identification:_identify(src/px4_ros_com) by extension 'colcon_pkg'
[0.317s] Level 1:colcon.colcon_core.package_identification:_identify(src/px4_ros_com) by extensions ['colcon_meta']
[0.317s] Level 1:colcon.colcon_core.package_identification:_identify(src/px4_ros_com) by extension 'colcon_meta'
[0.317s] Level 1:colcon.colcon_core.package_identification:_identify(src/px4_ros_com) by extensions ['ros']
[0.317s] Level 1:colcon.colcon_core.package_identification:_identify(src/px4_ros_com) by extension 'ros'
[0.318s] DEBUG:colcon.colcon_core.package_identification:Package 'src/px4_ros_com' with type 'ros.ament_cmake' and name 'px4_ros_com'
[0.318s] Level 1:colcon.colcon_core.package_discovery:discover_packages(recursive) using defaults
[0.318s] Level 1:colcon.colcon_core.package_discovery:discover_packages(ignore) discover
[0.318s] Level 1:colcon.colcon_core.package_discovery:discover_packages(ignore) using defaults
[0.318s] Level 1:colcon.colcon_core.package_discovery:discover_packages(path) discover
[0.318s] Level 1:colcon.colcon_core.package_discovery:discover_packages(path) using defaults
[0.338s] INFO:colcon.colcon_core.package_selection:Skipping not selected package 'px4_msgs' in 'src/px4_msgs'
[0.338s] Level 1:colcon.colcon_core.package_discovery:discover_packages(prefix_path) check parameters
[0.338s] Level 1:colcon.colcon_core.package_discovery:discover_packages(prefix_path) discover
[0.342s] DEBUG:colcon.colcon_installed_package_information.package_discovery:Found 2 installed packages in /home/xingxunliu/ws_sensor_combined/install
[0.344s] DEBUG:colcon.colcon_installed_package_information.package_discovery:Found 256 installed packages in /opt/ros/foxy
[0.345s] Level 1:colcon.colcon_core.package_discovery:discover_packages(prefix_path) using defaults
[0.389s] Level 5:colcon.colcon_core.verb:set package 'px4_ros_com' build argument 'cmake_args' from command line to 'None'
[0.389s] Level 5:colcon.colcon_core.verb:set package 'px4_ros_com' build argument 'cmake_target' from command line to 'None'
[0.389s] Level 5:colcon.colcon_core.verb:set package 'px4_ros_com' build argument 'cmake_target_skip_unavailable' from command line to 'False'
[0.389s] Level 5:colcon.colcon_core.verb:set package 'px4_ros_com' build argument 'cmake_clean_cache' from command line to 'False'
[0.389s] Level 5:colcon.colcon_core.verb:set package 'px4_ros_com' build argument 'cmake_clean_first' from command line to 'False'
[0.389s] Level 5:colcon.colcon_core.verb:set package 'px4_ros_com' build argument 'cmake_force_configure' from command line to 'False'
[0.389s] Level 5:colcon.colcon_core.verb:set package 'px4_ros_com' build argument 'ament_cmake_args' from command line to 'None'
[0.389s] Level 5:colcon.colcon_core.verb:set package 'px4_ros_com' build argument 'catkin_cmake_args' from command line to 'None'
[0.389s] Level 5:colcon.colcon_core.verb:set package 'px4_ros_com' build argument 'catkin_skip_building_tests' from command line to 'False'
[0.389s] DEBUG:colcon.colcon_core.verb:Building package 'px4_ros_com' with the following arguments: {'ament_cmake_args': None, 'build_base': '/home/xingxunliu/ws_sensor_combined/build/px4_ros_com', 'catkin_cmake_args': None, 'catkin_skip_building_tests': False, 'cmake_args': None, 'cmake_clean_cache': False, 'cmake_clean_first': False, 'cmake_force_configure': False, 'cmake_target': None, 'cmake_target_skip_unavailable': False, 'install_base': '/home/xingxunliu/ws_sensor_combined/install/px4_ros_com', 'merge_install': False, 'path': '/home/xingxunliu/ws_sensor_combined/src/px4_ros_com', 'symlink_install': False, 'test_result_base': None}
[0.389s] INFO:colcon.colcon_core.executor:Executing jobs using 'parallel' executor
[0.393s] DEBUG:colcon.colcon_parallel_executor.executor.parallel:run_until_complete
[0.393s] INFO:colcon.colcon_ros.task.ament_cmake.build:Building ROS package in '/home/xingxunliu/ws_sensor_combined/src/px4_ros_com' with build type 'ament_cmake'
[0.393s] INFO:colcon.colcon_cmake.task.cmake.build:Building CMake package in '/home/xingxunliu/ws_sensor_combined/src/px4_ros_com'
[0.397s] INFO:colcon.colcon_core.plugin_system:Skipping extension 'colcon_core.shell.bat': Not used on non-Windows systems
[0.397s] INFO:colcon.colcon_core.shell:Skip shell extension 'powershell' for command environment: Not usable outside of PowerShell
[0.397s] DEBUG:colcon.colcon_core.shell:Skip shell extension 'dsv' for command environment
[0.419s] DEBUG:colcon.colcon_core.event_handler.log_command:Invoking command in '/home/xingxunliu/ws_sensor_combined/build/px4_ros_com': CMAKE_PREFIX_PATH=/home/xingxunliu/ws_sensor_combined/install/px4_msgs:/home/xingxunliu/ws_sensor_combined/install/px4_ros_com:/opt/ros/foxy LD_LIBRARY_PATH=/home/xingxunliu/ws_sensor_combined/install/px4_msgs/lib:/home/xingxunliu/ws_sensor_combined/install/px4_ros_com/lib:/opt/ros/foxy/opt/yaml_cpp_vendor/lib:/opt/ros/foxy/opt/rviz_ogre_vendor/lib:/opt/ros/foxy/lib/x86_64-linux-gnu:/opt/ros/foxy/lib /usr/bin/cmake --build /home/xingxunliu/ws_sensor_combined/build/px4_ros_com -- -j16 -l16
[5.810s] DEBUG:colcon.colcon_core.event_handler.log_command:Invoked command in '/home/xingxunliu/ws_sensor_combined/build/px4_ros_com' returned '0': CMAKE_PREFIX_PATH=/home/xingxunliu/ws_sensor_combined/install/px4_msgs:/home/xingxunliu/ws_sensor_combined/install/px4_ros_com:/opt/ros/foxy LD_LIBRARY_PATH=/home/xingxunliu/ws_sensor_combined/install/px4_msgs/lib:/home/xingxunliu/ws_sensor_combined/install/px4_ros_com/lib:/opt/ros/foxy/opt/yaml_cpp_vendor/lib:/opt/ros/foxy/opt/rviz_ogre_vendor/lib:/opt/ros/foxy/lib/x86_64-linux-gnu:/opt/ros/foxy/lib /usr/bin/cmake --build /home/xingxunliu/ws_sensor_combined/build/px4_ros_com -- -j16 -l16
[5.916s] DEBUG:colcon.colcon_core.event_handler.log_command:Invoking command in '/home/xingxunliu/ws_sensor_combined/build/px4_ros_com': CMAKE_PREFIX_PATH=/home/xingxunliu/ws_sensor_combined/install/px4_msgs:/home/xingxunliu/ws_sensor_combined/install/px4_ros_com:/opt/ros/foxy LD_LIBRARY_PATH=/home/xingxunliu/ws_sensor_combined/install/px4_msgs/lib:/home/xingxunliu/ws_sensor_combined/install/px4_ros_com/lib:/opt/ros/foxy/opt/yaml_cpp_vendor/lib:/opt/ros/foxy/opt/rviz_ogre_vendor/lib:/opt/ros/foxy/lib/x86_64-linux-gnu:/opt/ros/foxy/lib /usr/bin/cmake --install /home/xingxunliu/ws_sensor_combined/build/px4_ros_com
[5.945s] Level 1:colcon.colcon_core.environment:create_environment_scripts_only(px4_ros_com)
[5.953s] DEBUG:colcon.colcon_core.event_handler.log_command:Invoked command in '/home/xingxunliu/ws_sensor_combined/build/px4_ros_com' returned '0': CMAKE_PREFIX_PATH=/home/xingxunliu/ws_sensor_combined/install/px4_msgs:/home/xingxunliu/ws_sensor_combined/install/px4_ros_com:/opt/ros/foxy LD_LIBRARY_PATH=/home/xingxunliu/ws_sensor_combined/install/px4_msgs/lib:/home/xingxunliu/ws_sensor_combined/install/px4_ros_com/lib:/opt/ros/foxy/opt/yaml_cpp_vendor/lib:/opt/ros/foxy/opt/rviz_ogre_vendor/lib:/opt/ros/foxy/lib/x86_64-linux-gnu:/opt/ros/foxy/lib /usr/bin/cmake --install /home/xingxunliu/ws_sensor_combined/build/px4_ros_com
[5.959s] Level 1:colcon.colcon_core.environment:checking '/home/xingxunliu/ws_sensor_combined/install/px4_ros_com' for CMake module files
[5.961s] Level 1:colcon.colcon_core.environment:checking '/home/xingxunliu/ws_sensor_combined/install/px4_ros_com' for CMake config files
[5.961s] Level 1:colcon.colcon_core.shell:create_environment_hook('px4_ros_com', 'cmake_prefix_path')
[5.980s] INFO:colcon.colcon_core.shell:Creating environment hook '/home/xingxunliu/ws_sensor_combined/install/px4_ros_com/share/px4_ros_com/hook/cmake_prefix_path.ps1'
[5.981s] INFO:colcon.colcon_core.shell:Creating environment descriptor '/home/xingxunliu/ws_sensor_combined/install/px4_ros_com/share/px4_ros_com/hook/cmake_prefix_path.dsv'
[5.981s] INFO:colcon.colcon_core.shell:Creating environment hook '/home/xingxunliu/ws_sensor_combined/install/px4_ros_com/share/px4_ros_com/hook/cmake_prefix_path.sh'
[5.982s] Level 1:colcon.colcon_core.environment:checking '/home/xingxunliu/ws_sensor_combined/install/px4_ros_com/lib'
[5.982s] Level 1:colcon.colcon_core.shell:create_environment_hook('px4_ros_com', 'ld_library_path_lib')
[5.983s] INFO:colcon.colcon_core.shell:Creating environment hook '/home/xingxunliu/ws_sensor_combined/install/px4_ros_com/share/px4_ros_com/hook/ld_library_path_lib.ps1'
[5.984s] INFO:colcon.colcon_core.shell:Creating environment descriptor '/home/xingxunliu/ws_sensor_combined/install/px4_ros_com/share/px4_ros_com/hook/ld_library_path_lib.dsv'
[5.984s] INFO:colcon.colcon_core.shell:Creating environment hook '/home/xingxunliu/ws_sensor_combined/install/px4_ros_com/share/px4_ros_com/hook/ld_library_path_lib.sh'
[5.984s] Level 1:colcon.colcon_core.environment:checking '/home/xingxunliu/ws_sensor_combined/install/px4_ros_com/bin'
[5.984s] Level 1:colcon.colcon_core.environment:checking '/home/xingxunliu/ws_sensor_combined/install/px4_ros_com/lib/pkgconfig/px4_ros_com.pc'
[5.985s] Level 1:colcon.colcon_core.environment:checking '/home/xingxunliu/ws_sensor_combined/install/px4_ros_com/lib/python3.8/site-packages'
[5.985s] Level 1:colcon.colcon_core.environment:checking '/home/xingxunliu/ws_sensor_combined/install/px4_ros_com/bin'
[5.986s] INFO:colcon.colcon_core.shell:Creating package script '/home/xingxunliu/ws_sensor_combined/install/px4_ros_com/share/px4_ros_com/package.ps1'
[5.987s] INFO:colcon.colcon_core.shell:Creating package descriptor '/home/xingxunliu/ws_sensor_combined/install/px4_ros_com/share/px4_ros_com/package.dsv'
[5.988s] INFO:colcon.colcon_core.shell:Creating package script '/home/xingxunliu/ws_sensor_combined/install/px4_ros_com/share/px4_ros_com/package.sh'
[5.989s] INFO:colcon.colcon_core.shell:Creating package script '/home/xingxunliu/ws_sensor_combined/install/px4_ros_com/share/px4_ros_com/package.bash'
[5.990s] INFO:colcon.colcon_core.shell:Creating package script '/home/xingxunliu/ws_sensor_combined/install/px4_ros_com/share/px4_ros_com/package.zsh'
[5.990s] Level 1:colcon.colcon_core.environment:create_file_with_runtime_dependencies(/home/xingxunliu/ws_sensor_combined/install/px4_ros_com/share/colcon-core/packages/px4_ros_com)
[6.079s] Level 1:colcon.colcon_core.environment:create_environment_scripts_only(px4_ros_com)
[6.085s] Level 1:colcon.colcon_core.environment:checking '/home/xingxunliu/ws_sensor_combined/install/px4_ros_com' for CMake module files
[6.086s] Level 1:colcon.colcon_core.environment:checking '/home/xingxunliu/ws_sensor_combined/install/px4_ros_com' for CMake config files
[6.086s] Level 1:colcon.colcon_core.shell:create_environment_hook('px4_ros_com', 'cmake_prefix_path')
[6.089s] INFO:colcon.colcon_core.shell:Creating environment hook '/home/xingxunliu/ws_sensor_combined/install/px4_ros_com/share/px4_ros_com/hook/cmake_prefix_path.ps1'
[6.090s] INFO:colcon.colcon_core.shell:Creating environment descriptor '/home/xingxunliu/ws_sensor_combined/install/px4_ros_com/share/px4_ros_com/hook/cmake_prefix_path.dsv'
[6.091s] INFO:colcon.colcon_core.shell:Creating environment hook '/home/xingxunliu/ws_sensor_combined/install/px4_ros_com/share/px4_ros_com/hook/cmake_prefix_path.sh'
[6.092s] Level 1:colcon.colcon_core.environment:checking '/home/xingxunliu/ws_sensor_combined/install/px4_ros_com/lib'
[6.093s] Level 1:colcon.colcon_core.shell:create_environment_hook('px4_ros_com', 'ld_library_path_lib')
[6.095s] INFO:colcon.colcon_core.shell:Creating environment hook '/home/xingxunliu/ws_sensor_combined/install/px4_ros_com/share/px4_ros_com/hook/ld_library_path_lib.ps1'
[6.096s] INFO:colcon.colcon_core.shell:Creating environment descriptor '/home/xingxunliu/ws_sensor_combined/install/px4_ros_com/share/px4_ros_com/hook/ld_library_path_lib.dsv'
[6.097s] INFO:colcon.colcon_core.shell:Creating environment hook '/home/xingxunliu/ws_sensor_combined/install/px4_ros_com/share/px4_ros_com/hook/ld_library_path_lib.sh'
[6.097s] Level 1:colcon.colcon_core.environment:checking '/home/xingxunliu/ws_sensor_combined/install/px4_ros_com/bin'
[6.097s] Level 1:colcon.colcon_core.environment:checking '/home/xingxunliu/ws_sensor_combined/install/px4_ros_com/lib/pkgconfig/px4_ros_com.pc'
[6.097s] Level 1:colcon.colcon_core.environment:checking '/home/xingxunliu/ws_sensor_combined/install/px4_ros_com/lib/python3.8/site-packages'
[6.098s] Level 1:colcon.colcon_core.environment:checking '/home/xingxunliu/ws_sensor_combined/install/px4_ros_com/bin'
[6.099s] INFO:colcon.colcon_core.shell:Creating package script '/home/xingxunliu/ws_sensor_combined/install/px4_ros_com/share/px4_ros_com/package.ps1'
[6.100s] INFO:colcon.colcon_core.shell:Creating package descriptor '/home/xingxunliu/ws_sensor_combined/install/px4_ros_com/share/px4_ros_com/package.dsv'
[6.100s] INFO:colcon.colcon_core.shell:Creating package script '/home/xingxunliu/ws_sensor_combined/install/px4_ros_com/share/px4_ros_com/package.sh'
[6.101s] INFO:colcon.colcon_core.shell:Creating package script '/home/xingxunliu/ws_sensor_combined/install/px4_ros_com/share/px4_ros_com/package.bash'
[6.101s] INFO:colcon.colcon_core.shell:Creating package script '/home/xingxunliu/ws_sensor_combined/install/px4_ros_com/share/px4_ros_com/package.zsh'
[6.102s] Level 1:colcon.colcon_core.environment:create_file_with_runtime_dependencies(/home/xingxunliu/ws_sensor_combined/install/px4_ros_com/share/colcon-core/packages/px4_ros_com)
[6.102s] DEBUG:colcon.colcon_parallel_executor.executor.parallel:closing loop
[6.102s] DEBUG:colcon.colcon_parallel_executor.executor.parallel:loop closed
[6.102s] DEBUG:colcon.colcon_parallel_executor.executor.parallel:run_until_complete finished with '0'
[6.102s] DEBUG:colcon.colcon_core.event_reactor:joining thread
[6.113s] INFO:colcon.colcon_core.plugin_system:Skipping extension 'colcon_notification.desktop_notification.terminal_notifier': Not used on non-Darwin systems
[6.113s] INFO:colcon.colcon_core.plugin_system:Skipping extension 'colcon_notification.desktop_notification.win32': Not used on non-Windows systems
[6.113s] INFO:colcon.colcon_notification.desktop_notification:Sending desktop notification using 'notify2'
[6.137s] DEBUG:colcon.colcon_core.event_reactor:joined thread
[6.141s] INFO:colcon.colcon_core.shell:Creating prefix script '/home/xingxunliu/ws_sensor_combined/install/local_setup.ps1'
[6.143s] INFO:colcon.colcon_core.shell:Creating prefix util module '/home/xingxunliu/ws_sensor_combined/install/_local_setup_util_ps1.py'
[6.146s] INFO:colcon.colcon_core.shell:Creating prefix chain script '/home/xingxunliu/ws_sensor_combined/install/setup.ps1'
[6.149s] INFO:colcon.colcon_core.shell:Creating prefix script '/home/xingxunliu/ws_sensor_combined/install/local_setup.sh'
[6.149s] INFO:colcon.colcon_core.shell:Creating prefix util module '/home/xingxunliu/ws_sensor_combined/install/_local_setup_util_sh.py'
[6.149s] INFO:colcon.colcon_core.shell:Creating prefix chain script '/home/xingxunliu/ws_sensor_combined/install/setup.sh'
[6.151s] INFO:colcon.colcon_core.shell:Creating prefix script '/home/xingxunliu/ws_sensor_combined/install/local_setup.bash'
[6.151s] INFO:colcon.colcon_core.shell:Creating prefix chain script '/home/xingxunliu/ws_sensor_combined/install/setup.bash'
[6.153s] INFO:colcon.colcon_core.shell:Creating prefix script '/home/xingxunliu/ws_sensor_combined/install/local_setup.zsh'
[6.154s] INFO:colcon.colcon_core.shell:Creating prefix chain script '/home/xingxunliu/ws_sensor_combined/install/setup.zsh'
