[1.063s] Invoking command in '/home/xingxunliu/ws_sensor_combined/src/suanfa': PYTHONPATH=/home/xingxunliu/ws_sensor_combined/build/suanfa/prefix_override:/home/xingxunliu/ws_sensor_combined/install/suanfa/lib/python3.8/site-packages:${PYTHONPATH} /usr/bin/python3 setup.py egg_info --egg-base ../../build/suanfa build --build-base /home/xingxunliu/ws_sensor_combined/build/suanfa/build install --record /home/xingxunliu/ws_sensor_combined/build/suanfa/install.log --single-version-externally-managed
[1.332s] running egg_info
[1.348s] writing ../../build/suanfa/suanfa.egg-info/PKG-INFO
[1.348s] writing dependency_links to ../../build/suanfa/suanfa.egg-info/dependency_links.txt
[1.348s] writing entry points to ../../build/suanfa/suanfa.egg-info/entry_points.txt
[1.348s] writing requirements to ../../build/suanfa/suanfa.egg-info/requires.txt
[1.349s] writing top-level names to ../../build/suanfa/suanfa.egg-info/top_level.txt
[1.473s] reading manifest file '../../build/suanfa/suanfa.egg-info/SOURCES.txt'
[1.474s] writing manifest file '../../build/suanfa/suanfa.egg-info/SOURCES.txt'
[1.474s] running build
[1.474s] running build_py
[1.474s] copying suanfa/calculate.py -> /home/xingxunliu/ws_sensor_combined/build/suanfa/build/lib/suanfa
[1.475s] running install
[1.475s] /home/xingxunliu/.local/lib/python3.8/site-packages/setuptools/_distutils/cmd.py:66: SetuptoolsDeprecationWarning: setup.py install is deprecated.
[1.475s] !!
[1.475s] 
[1.475s]         ********************************************************************************
[1.476s]         Please avoid running ``setup.py`` directly.
[1.476s]         Instead, use pypa/build, pypa/installer or other
[1.476s]         standards-based tools.
[1.476s] 
[1.476s]         See https://blog.ganssle.io/articles/2021/10/setup-py-deprecated.html for details.
[1.476s]         ********************************************************************************
[1.477s] 
[1.477s] !!
[1.477s]   self.initialize_options()
[1.484s] running install_lib
[1.500s] copying /home/xingxunliu/ws_sensor_combined/build/suanfa/build/lib/suanfa/calculate.py -> /home/xingxunliu/ws_sensor_combined/install/suanfa/lib/python3.8/site-packages/suanfa
[1.500s] byte-compiling /home/xingxunliu/ws_sensor_combined/install/suanfa/lib/python3.8/site-packages/suanfa/calculate.py to calculate.cpython-38.pyc
[1.502s] running install_data
[1.518s] running install_egg_info
[1.536s] removing '/home/xingxunliu/ws_sensor_combined/install/suanfa/lib/python3.8/site-packages/suanfa-0.0.0-py3.8.egg-info' (and everything under it)
[1.536s] Copying ../../build/suanfa/suanfa.egg-info to /home/xingxunliu/ws_sensor_combined/install/suanfa/lib/python3.8/site-packages/suanfa-0.0.0-py3.8.egg-info
[1.537s] running install_scripts
[1.602s] Installing suanfa_node script to /home/xingxunliu/ws_sensor_combined/install/suanfa/lib/suanfa
[1.602s] writing list of installed files to '/home/xingxunliu/ws_sensor_combined/build/suanfa/install.log'
[1.660s] Invoked command in '/home/xingxunliu/ws_sensor_combined/src/suanfa' returned '0': PYTHONPATH=/home/xingxunliu/ws_sensor_combined/build/suanfa/prefix_override:/home/xingxunliu/ws_sensor_combined/install/suanfa/lib/python3.8/site-packages:${PYTHONPATH} /usr/bin/python3 setup.py egg_info --egg-base ../../build/suanfa build --build-base /home/xingxunliu/ws_sensor_combined/build/suanfa/build install --record /home/xingxunliu/ws_sensor_combined/build/suanfa/install.log --single-version-externally-managed
