[0.016s] Invoking command in '/home/xingxunliu/ws_sensor_combined/build/px4_ros_com': AMENT_PREFIX_PATH=/home/xingxunliu/ws_sensor_combined/install/px4_msgs:${AMENT_PREFIX_PATH} CMAKE_PREFIX_PATH=/home/xingxunliu/ws_sensor_combined/install/px4_msgs:/opt/ros/foxy LD_LIBRARY_PATH=/home/xingxunliu/ws_sensor_combined/install/px4_msgs/lib:${LD_LIBRARY_PATH} PYTHONPATH=/home/xingxunliu/ws_sensor_combined/install/px4_msgs/lib/python3.8/site-packages:${PYTHONPATH} /usr/bin/cmake --build /home/xingxunliu/ws_sensor_combined/build/px4_ros_com -- -j16 -l16
[0.056s] -- Found ament_cmake: 0.9.12 (/opt/ros/foxy/share/ament_cmake/cmake)
[0.083s] -- Using PYTHON_EXECUTABLE: /usr/bin/python3
[0.221s] -- Found builtin_interfaces: 1.0.0 (/opt/ros/foxy/share/builtin_interfaces/cmake)
[0.237s] -- Using all available rosidl_typesupport_c: rosidl_typesupport_fastrtps_c;rosidl_typesupport_introspection_c
[0.239s] -- Found rosidl_adapter: 1.3.1 (/opt/ros/foxy/share/rosidl_adapter/cmake)
[0.380s] -- Using all available rosidl_typesupport_cpp: rosidl_typesupport_fastrtps_cpp;rosidl_typesupport_introspection_cpp
[0.400s] -- Found eigen3_cmake_module: 0.1.1 (/opt/ros/foxy/share/eigen3_cmake_module/cmake)
[0.404s] -- Found geometry_msgs: 2.0.5 (/opt/ros/foxy/share/geometry_msgs/cmake)
[0.456s] -- Found px4_msgs: 2.0.1 (/home/xingxunliu/ws_sensor_combined/install/px4_msgs/share/px4_msgs/cmake)
[0.471s] -- Found rclcpp: 2.4.3 (/opt/ros/foxy/share/rclcpp/cmake)
[0.535s] -- Found rmw_implementation_cmake: 1.0.4 (/opt/ros/foxy/share/rmw_implementation_cmake/cmake)
[0.539s] -- Using RMW implementation 'rmw_fastrtps_cpp' as default
[0.692s] -- Found sensor_msgs: 2.0.5 (/opt/ros/foxy/share/sensor_msgs/cmake)
[0.765s] -- Found ament_lint_auto: 0.9.8 (/opt/ros/foxy/share/ament_lint_auto/cmake)
[0.834s] -- Added test 'copyright' to check source files copyright and LICENSE
[0.838s] -- Added test 'cppcheck' to perform static code analysis on C / C++ code
[0.838s] -- Configured cppcheck include dirs: /home/xingxunliu/ws_sensor_combined/src/px4_ros_com/include;$<BUILD_INTERFACE:/home/xingxunliu/ws_sensor_combined/src/px4_ros_com/include/px4_ros_com>
[0.838s] -- Configured cppcheck exclude dirs and/or files: 
[0.841s] -- Added test 'cpplint' to check C / C++ code against the Google style
[0.841s] -- Configured cpplint exclude dirs and/or files: 
[0.842s] -- Added test 'flake8' to check Python code syntax and style conventions
[0.842s] -- Added test 'lint_cmake' to check CMake code style
[0.843s] -- Added test 'pep257' to check Python code against some of the style conventions in PEP 257
[0.846s] -- Added test 'uncrustify' to check C / C++ code style
[0.846s] -- Configured uncrustify additional arguments: 
[0.846s] -- Added test 'xmllint' to check XML markup files
[0.850s] -- Configuring done
[0.897s] -- Generating done
[0.899s] -- Build files have been written to: /home/xingxunliu/ws_sensor_combined/build/px4_ros_com
[0.939s] [35m[1mScanning dependencies of target tcp[0m
[0.958s] [  9%] Built target sensor_combined_listener
[0.961s] [ 22%] Built target uva4_takeoff
[0.961s] [ 27%] Built target debug_vect_advertiser
[0.961s] [ 36%] Built target uva1_takeoff
[0.962s] [ 45%] Built target offboard_control
[0.962s] [ 54%] Built target frame_transforms
[0.964s] [ 63%] Built target uva3_takeoff
[0.967s] [ 72%] Built target uva2_takeoff
[0.968s] [ 90%] Built target offboard_con
[0.969s] [ 90%] Built target vehicle_gps_position_listener
[1.004s] [ 95%] [32mBuilding CXX object CMakeFiles/tcp.dir/src/examples/offboard/tcp.cpp.o[0m
[1.124s] [01m[K/home/xingxunliu/ws_sensor_combined/src/px4_ros_com/src/examples/offboard/tcp.cpp:23:10:[m[K [01;31m[Kfatal error: [m[Kuav_interfaces/src/uav_control.hpp: 没有那个文件或目录
[1.124s]    23 | #include [01;31m[K"uav_interfaces/src/uav_control.hpp"[m[K
[1.124s]       |          [01;31m[K^~~~~~~~~~~~~~~~~~~~~~~~~~~~~~~~~~~~[m[K
[1.124s] compilation terminated.
[1.126s] make[2]: *** [CMakeFiles/tcp.dir/build.make:63：CMakeFiles/tcp.dir/src/examples/offboard/tcp.cpp.o] 错误 1
[1.127s] make[1]: *** [CMakeFiles/Makefile2:422：CMakeFiles/tcp.dir/all] 错误 2
[1.127s] make: *** [Makefile:141：all] 错误 2
[1.130s] Invoked command in '/home/xingxunliu/ws_sensor_combined/build/px4_ros_com' returned '2': AMENT_PREFIX_PATH=/home/xingxunliu/ws_sensor_combined/install/px4_msgs:${AMENT_PREFIX_PATH} CMAKE_PREFIX_PATH=/home/xingxunliu/ws_sensor_combined/install/px4_msgs:/opt/ros/foxy LD_LIBRARY_PATH=/home/xingxunliu/ws_sensor_combined/install/px4_msgs/lib:${LD_LIBRARY_PATH} PYTHONPATH=/home/xingxunliu/ws_sensor_combined/install/px4_msgs/lib/python3.8/site-packages:${PYTHONPATH} /usr/bin/cmake --build /home/xingxunliu/ws_sensor_combined/build/px4_ros_com -- -j16 -l16
