[0.413s] Invoking command in '/home/xingxunliu/ws_sensor_combined/build/uav_interfaces': CMAKE_PREFIX_PATH=/opt/ros/foxy /usr/bin/cmake --build /home/xingxunliu/ws_sensor_combined/build/uav_interfaces -- -j16 -l16
[0.497s] [ 12%] Built target uav_interfaces__cpp
[0.497s] [ 12%] Built target uav_interfaces__rosidl_generator_c
[0.530s] [ 22%] Built target uav_interfaces__rosidl_typesupport_introspection_cpp
[0.535s] [ 32%] Built target uav_interfaces__rosidl_typesupport_cpp
[0.540s] [ 41%] Built target uav_interfaces__rosidl_typesupport_introspection_c
[0.541s] [ 51%] Built target uav_interfaces__rosidl_typesupport_c
[0.546s] [ 61%] Built target uav_interfaces__rosidl_typesupport_fastrtps_cpp
[0.591s] [ 70%] Built target uav_interfaces__rosidl_typesupport_fastrtps_c
[0.622s] [ 70%] Built target uav_interfaces
[0.656s] [ 74%] Built target uav_interfaces__py
[0.702s] [ 80%] Built target uav_interfaces__python
[0.737s] [ 90%] Built target uav_interfaces__rosidl_typesupport_introspection_c__pyext
[0.738s] [ 93%] Built target uav_interfaces__rosidl_typesupport_fastrtps_c__pyext
[0.744s] [100%] Built target uav_interfaces__rosidl_typesupport_c__pyext
[0.756s] Invoked command in '/home/xingxunliu/ws_sensor_combined/build/uav_interfaces' returned '0': CMAKE_PREFIX_PATH=/opt/ros/foxy /usr/bin/cmake --build /home/xingxunliu/ws_sensor_combined/build/uav_interfaces -- -j16 -l16
[0.852s] Invoking command in '/home/xingxunliu/ws_sensor_combined/build/uav_interfaces': CMAKE_PREFIX_PATH=/opt/ros/foxy /usr/bin/cmake --install /home/xingxunliu/ws_sensor_combined/build/uav_interfaces
[0.864s] -- Install configuration: ""
[0.865s] -- Up-to-date: /home/xingxunliu/ws_sensor_combined/install/uav_interfaces/share/ament_index/resource_index/rosidl_interfaces/uav_interfaces
[0.865s] -- Up-to-date: /home/xingxunliu/ws_sensor_combined/install/uav_interfaces/include/uav_interfaces
[0.865s] -- Up-to-date: /home/xingxunliu/ws_sensor_combined/install/uav_interfaces/include/uav_interfaces/srv
[0.866s] -- Up-to-date: /home/xingxunliu/ws_sensor_combined/install/uav_interfaces/include/uav_interfaces/srv/detail
[0.866s] -- Up-to-date: /home/xingxunliu/ws_sensor_combined/install/uav_interfaces/include/uav_interfaces/srv/detail/uav_control__functions.c
[0.866s] -- Up-to-date: /home/xingxunliu/ws_sensor_combined/install/uav_interfaces/include/uav_interfaces/srv/detail/uav_control__functions.h
[0.866s] -- Up-to-date: /home/xingxunliu/ws_sensor_combined/install/uav_interfaces/include/uav_interfaces/srv/detail/uav_control__type_support.h
[0.867s] -- Up-to-date: /home/xingxunliu/ws_sensor_combined/install/uav_interfaces/include/uav_interfaces/srv/detail/uav_control__struct.h
[0.867s] -- Up-to-date: /home/xingxunliu/ws_sensor_combined/install/uav_interfaces/include/uav_interfaces/srv/uav_control.h
[0.867s] -- Up-to-date: /home/xingxunliu/ws_sensor_combined/install/uav_interfaces/include/uav_interfaces/msg
[0.867s] -- Up-to-date: /home/xingxunliu/ws_sensor_combined/install/uav_interfaces/include/uav_interfaces/msg/rosidl_generator_c__visibility_control.h
[0.868s] -- Up-to-date: /home/xingxunliu/ws_sensor_combined/install/uav_interfaces/share/uav_interfaces/environment/library_path.sh
[0.868s] -- Up-to-date: /home/xingxunliu/ws_sensor_combined/install/uav_interfaces/share/uav_interfaces/environment/library_path.dsv
[0.868s] -- Up-to-date: /home/xingxunliu/ws_sensor_combined/install/uav_interfaces/lib/libuav_interfaces__rosidl_generator_c.so
[0.868s] -- Up-to-date: /home/xingxunliu/ws_sensor_combined/install/uav_interfaces/include/uav_interfaces
[0.869s] -- Up-to-date: /home/xingxunliu/ws_sensor_combined/install/uav_interfaces/include/uav_interfaces/srv
[0.869s] -- Up-to-date: /home/xingxunliu/ws_sensor_combined/install/uav_interfaces/include/uav_interfaces/srv/detail
[0.869s] -- Up-to-date: /home/xingxunliu/ws_sensor_combined/install/uav_interfaces/include/uav_interfaces/srv/detail/uav_control__rosidl_typesupport_fastrtps_c.h
[0.869s] -- Up-to-date: /home/xingxunliu/ws_sensor_combined/install/uav_interfaces/include/uav_interfaces/msg
[0.870s] -- Up-to-date: /home/xingxunliu/ws_sensor_combined/install/uav_interfaces/include/uav_interfaces/msg/rosidl_typesupport_fastrtps_c__visibility_control.h
[0.870s] -- Up-to-date: /home/xingxunliu/ws_sensor_combined/install/uav_interfaces/lib/libuav_interfaces__rosidl_typesupport_fastrtps_c.so
[0.870s] -- Up-to-date: /home/xingxunliu/ws_sensor_combined/install/uav_interfaces/include/uav_interfaces
[0.870s] -- Up-to-date: /home/xingxunliu/ws_sensor_combined/install/uav_interfaces/include/uav_interfaces/srv
[0.870s] -- Up-to-date: /home/xingxunliu/ws_sensor_combined/install/uav_interfaces/include/uav_interfaces/srv/detail
[0.870s] -- Up-to-date: /home/xingxunliu/ws_sensor_combined/install/uav_interfaces/include/uav_interfaces/srv/detail/uav_control__rosidl_typesupport_fastrtps_cpp.hpp
[0.871s] -- Up-to-date: /home/xingxunliu/ws_sensor_combined/install/uav_interfaces/include/uav_interfaces/srv/detail/dds_fastrtps
[0.871s] -- Up-to-date: /home/xingxunliu/ws_sensor_combined/install/uav_interfaces/include/uav_interfaces/msg
[0.871s] -- Up-to-date: /home/xingxunliu/ws_sensor_combined/install/uav_interfaces/include/uav_interfaces/msg/rosidl_typesupport_fastrtps_cpp__visibility_control.h
[0.871s] -- Up-to-date: /home/xingxunliu/ws_sensor_combined/install/uav_interfaces/lib/libuav_interfaces__rosidl_typesupport_fastrtps_cpp.so
[0.871s] -- Up-to-date: /home/xingxunliu/ws_sensor_combined/install/uav_interfaces/include/uav_interfaces
[0.871s] -- Up-to-date: /home/xingxunliu/ws_sensor_combined/install/uav_interfaces/include/uav_interfaces/srv
[0.871s] -- Up-to-date: /home/xingxunliu/ws_sensor_combined/install/uav_interfaces/include/uav_interfaces/srv/detail
[0.871s] -- Up-to-date: /home/xingxunliu/ws_sensor_combined/install/uav_interfaces/include/uav_interfaces/srv/detail/uav_control__rosidl_typesupport_introspection_c.h
[0.871s] -- Up-to-date: /home/xingxunliu/ws_sensor_combined/install/uav_interfaces/include/uav_interfaces/srv/detail/uav_control__type_support.c
[0.871s] -- Up-to-date: /home/xingxunliu/ws_sensor_combined/install/uav_interfaces/include/uav_interfaces/msg
[0.872s] -- Up-to-date: /home/xingxunliu/ws_sensor_combined/install/uav_interfaces/include/uav_interfaces/msg/rosidl_typesupport_introspection_c__visibility_control.h
[0.872s] -- Up-to-date: /home/xingxunliu/ws_sensor_combined/install/uav_interfaces/lib/libuav_interfaces__rosidl_typesupport_introspection_c.so
[0.872s] -- Up-to-date: /home/xingxunliu/ws_sensor_combined/install/uav_interfaces/lib/libuav_interfaces__rosidl_typesupport_c.so
[0.872s] -- Up-to-date: /home/xingxunliu/ws_sensor_combined/install/uav_interfaces/include/uav_interfaces
[0.872s] -- Up-to-date: /home/xingxunliu/ws_sensor_combined/install/uav_interfaces/include/uav_interfaces/srv
[0.872s] -- Up-to-date: /home/xingxunliu/ws_sensor_combined/install/uav_interfaces/include/uav_interfaces/srv/detail
[0.872s] -- Up-to-date: /home/xingxunliu/ws_sensor_combined/install/uav_interfaces/include/uav_interfaces/srv/detail/uav_control__type_support.hpp
[0.872s] -- Up-to-date: /home/xingxunliu/ws_sensor_combined/install/uav_interfaces/include/uav_interfaces/srv/detail/uav_control__struct.hpp
[0.872s] -- Up-to-date: /home/xingxunliu/ws_sensor_combined/install/uav_interfaces/include/uav_interfaces/srv/detail/uav_control__builder.hpp
[0.872s] -- Up-to-date: /home/xingxunliu/ws_sensor_combined/install/uav_interfaces/include/uav_interfaces/srv/detail/uav_control__traits.hpp
[0.873s] -- Up-to-date: /home/xingxunliu/ws_sensor_combined/install/uav_interfaces/include/uav_interfaces/srv/uav_control.hpp
[0.873s] -- Up-to-date: /home/xingxunliu/ws_sensor_combined/install/uav_interfaces/include/uav_interfaces/msg
[0.873s] -- Up-to-date: /home/xingxunliu/ws_sensor_combined/install/uav_interfaces/include/uav_interfaces/msg/rosidl_generator_cpp__visibility_control.hpp
[0.873s] -- Up-to-date: /home/xingxunliu/ws_sensor_combined/install/uav_interfaces/include/uav_interfaces
[0.873s] -- Up-to-date: /home/xingxunliu/ws_sensor_combined/install/uav_interfaces/include/uav_interfaces/srv
[0.873s] -- Up-to-date: /home/xingxunliu/ws_sensor_combined/install/uav_interfaces/include/uav_interfaces/srv/detail
[0.873s] -- Up-to-date: /home/xingxunliu/ws_sensor_combined/install/uav_interfaces/include/uav_interfaces/srv/detail/uav_control__type_support.cpp
[0.873s] -- Up-to-date: /home/xingxunliu/ws_sensor_combined/install/uav_interfaces/include/uav_interfaces/srv/detail/uav_control__rosidl_typesupport_introspection_cpp.hpp
[0.873s] -- Up-to-date: /home/xingxunliu/ws_sensor_combined/install/uav_interfaces/lib/libuav_interfaces__rosidl_typesupport_introspection_cpp.so
[0.873s] -- Up-to-date: /home/xingxunliu/ws_sensor_combined/install/uav_interfaces/lib/libuav_interfaces__rosidl_typesupport_cpp.so
[0.874s] -- Up-to-date: /home/xingxunliu/ws_sensor_combined/install/uav_interfaces/share/uav_interfaces/environment/pythonpath.sh
[0.874s] -- Up-to-date: /home/xingxunliu/ws_sensor_combined/install/uav_interfaces/share/uav_interfaces/environment/pythonpath.dsv
[0.874s] -- Up-to-date: /home/xingxunliu/ws_sensor_combined/install/uav_interfaces/lib/python3.8/site-packages/uav_interfaces/__init__.py
[0.921s] -- Up-to-date: /home/xingxunliu/ws_sensor_combined/install/uav_interfaces/lib/python3.8/site-packages/uav_interfaces/srv
[0.921s] -- Up-to-date: /home/xingxunliu/ws_sensor_combined/install/uav_interfaces/lib/python3.8/site-packages/uav_interfaces/srv/_uav_control_s.c
[0.921s] -- Up-to-date: /home/xingxunliu/ws_sensor_combined/install/uav_interfaces/lib/python3.8/site-packages/uav_interfaces/srv/_uav_control.py
[0.922s] -- Up-to-date: /home/xingxunliu/ws_sensor_combined/install/uav_interfaces/lib/python3.8/site-packages/uav_interfaces/srv/__init__.py
[0.922s] -- Up-to-date: /home/xingxunliu/ws_sensor_combined/install/uav_interfaces/lib/python3.8/site-packages/uav_interfaces/uav_interfaces_s__rosidl_typesupport_fastrtps_c.cpython-38-x86_64-linux-gnu.so
[0.922s] -- Up-to-date: /home/xingxunliu/ws_sensor_combined/install/uav_interfaces/lib/python3.8/site-packages/uav_interfaces/uav_interfaces_s__rosidl_typesupport_introspection_c.cpython-38-x86_64-linux-gnu.so
[0.923s] -- Up-to-date: /home/xingxunliu/ws_sensor_combined/install/uav_interfaces/lib/python3.8/site-packages/uav_interfaces/uav_interfaces_s__rosidl_typesupport_c.cpython-38-x86_64-linux-gnu.so
[0.924s] -- Up-to-date: /home/xingxunliu/ws_sensor_combined/install/uav_interfaces/lib/libuav_interfaces__python.so
[0.925s] -- Up-to-date: /home/xingxunliu/ws_sensor_combined/install/uav_interfaces/share/uav_interfaces/srv/UavControl.idl
[0.925s] -- Up-to-date: /home/xingxunliu/ws_sensor_combined/install/uav_interfaces/share/uav_interfaces/srv/UavControl.srv
[0.925s] -- Up-to-date: /home/xingxunliu/ws_sensor_combined/install/uav_interfaces/share/uav_interfaces/srv/UavControl_Request.msg
[0.926s] -- Up-to-date: /home/xingxunliu/ws_sensor_combined/install/uav_interfaces/share/uav_interfaces/srv/UavControl_Response.msg
[0.926s] -- Up-to-date: /home/xingxunliu/ws_sensor_combined/install/uav_interfaces/share/ament_index/resource_index/package_run_dependencies/uav_interfaces
[0.926s] -- Up-to-date: /home/xingxunliu/ws_sensor_combined/install/uav_interfaces/share/ament_index/resource_index/parent_prefix_path/uav_interfaces
[0.926s] -- Up-to-date: /home/xingxunliu/ws_sensor_combined/install/uav_interfaces/share/uav_interfaces/environment/ament_prefix_path.sh
[0.927s] -- Up-to-date: /home/xingxunliu/ws_sensor_combined/install/uav_interfaces/share/uav_interfaces/environment/ament_prefix_path.dsv
[0.927s] -- Up-to-date: /home/xingxunliu/ws_sensor_combined/install/uav_interfaces/share/uav_interfaces/environment/path.sh
[0.927s] -- Up-to-date: /home/xingxunliu/ws_sensor_combined/install/uav_interfaces/share/uav_interfaces/environment/path.dsv
[0.927s] -- Up-to-date: /home/xingxunliu/ws_sensor_combined/install/uav_interfaces/share/uav_interfaces/local_setup.bash
[0.927s] -- Up-to-date: /home/xingxunliu/ws_sensor_combined/install/uav_interfaces/share/uav_interfaces/local_setup.sh
[0.928s] -- Up-to-date: /home/xingxunliu/ws_sensor_combined/install/uav_interfaces/share/uav_interfaces/local_setup.zsh
[0.928s] -- Up-to-date: /home/xingxunliu/ws_sensor_combined/install/uav_interfaces/share/uav_interfaces/local_setup.dsv
[0.928s] -- Installing: /home/xingxunliu/ws_sensor_combined/install/uav_interfaces/share/uav_interfaces/package.dsv
[0.928s] -- Up-to-date: /home/xingxunliu/ws_sensor_combined/install/uav_interfaces/share/ament_index/resource_index/packages/uav_interfaces
[0.928s] -- Up-to-date: /home/xingxunliu/ws_sensor_combined/install/uav_interfaces/share/uav_interfaces/cmake/uav_interfaces__rosidl_generator_cExport.cmake
[0.929s] -- Up-to-date: /home/xingxunliu/ws_sensor_combined/install/uav_interfaces/share/uav_interfaces/cmake/uav_interfaces__rosidl_generator_cExport-noconfig.cmake
[0.929s] -- Up-to-date: /home/xingxunliu/ws_sensor_combined/install/uav_interfaces/share/uav_interfaces/cmake/uav_interfaces__rosidl_typesupport_introspection_cExport.cmake
[0.929s] -- Up-to-date: /home/xingxunliu/ws_sensor_combined/install/uav_interfaces/share/uav_interfaces/cmake/uav_interfaces__rosidl_typesupport_introspection_cExport-noconfig.cmake
[0.929s] -- Up-to-date: /home/xingxunliu/ws_sensor_combined/install/uav_interfaces/share/uav_interfaces/cmake/uav_interfaces__rosidl_typesupport_cExport.cmake
[0.929s] -- Up-to-date: /home/xingxunliu/ws_sensor_combined/install/uav_interfaces/share/uav_interfaces/cmake/uav_interfaces__rosidl_typesupport_cExport-noconfig.cmake
[0.929s] -- Up-to-date: /home/xingxunliu/ws_sensor_combined/install/uav_interfaces/share/uav_interfaces/cmake/uav_interfaces__rosidl_generator_cppExport.cmake
[0.930s] -- Up-to-date: /home/xingxunliu/ws_sensor_combined/install/uav_interfaces/share/uav_interfaces/cmake/uav_interfaces__rosidl_typesupport_introspection_cppExport.cmake
[0.930s] -- Up-to-date: /home/xingxunliu/ws_sensor_combined/install/uav_interfaces/share/uav_interfaces/cmake/uav_interfaces__rosidl_typesupport_introspection_cppExport-noconfig.cmake
[0.930s] -- Up-to-date: /home/xingxunliu/ws_sensor_combined/install/uav_interfaces/share/uav_interfaces/cmake/uav_interfaces__rosidl_typesupport_cppExport.cmake
[0.930s] -- Up-to-date: /home/xingxunliu/ws_sensor_combined/install/uav_interfaces/share/uav_interfaces/cmake/uav_interfaces__rosidl_typesupport_cppExport-noconfig.cmake
[0.930s] -- Up-to-date: /home/xingxunliu/ws_sensor_combined/install/uav_interfaces/share/uav_interfaces/cmake/rosidl_cmake-extras.cmake
[0.930s] -- Up-to-date: /home/xingxunliu/ws_sensor_combined/install/uav_interfaces/share/uav_interfaces/cmake/ament_cmake_export_dependencies-extras.cmake
[0.930s] -- Up-to-date: /home/xingxunliu/ws_sensor_combined/install/uav_interfaces/share/uav_interfaces/cmake/ament_cmake_export_libraries-extras.cmake
[0.931s] -- Up-to-date: /home/xingxunliu/ws_sensor_combined/install/uav_interfaces/share/uav_interfaces/cmake/ament_cmake_export_targets-extras.cmake
[0.931s] -- Up-to-date: /home/xingxunliu/ws_sensor_combined/install/uav_interfaces/share/uav_interfaces/cmake/ament_cmake_export_include_directories-extras.cmake
[0.931s] -- Up-to-date: /home/xingxunliu/ws_sensor_combined/install/uav_interfaces/share/uav_interfaces/cmake/rosidl_cmake_export_typesupport_libraries-extras.cmake
[0.931s] -- Up-to-date: /home/xingxunliu/ws_sensor_combined/install/uav_interfaces/share/uav_interfaces/cmake/rosidl_cmake_export_typesupport_targets-extras.cmake
[0.931s] -- Up-to-date: /home/xingxunliu/ws_sensor_combined/install/uav_interfaces/share/uav_interfaces/cmake/uav_interfacesConfig.cmake
[0.931s] -- Up-to-date: /home/xingxunliu/ws_sensor_combined/install/uav_interfaces/share/uav_interfaces/cmake/uav_interfacesConfig-version.cmake
[0.931s] -- Up-to-date: /home/xingxunliu/ws_sensor_combined/install/uav_interfaces/share/uav_interfaces/package.xml
[0.936s] Invoked command in '/home/xingxunliu/ws_sensor_combined/build/uav_interfaces' returned '0': CMAKE_PREFIX_PATH=/opt/ros/foxy /usr/bin/cmake --install /home/xingxunliu/ws_sensor_combined/build/uav_interfaces
