[0.743s] Invoking command in '/home/xingxunliu/ws_sensor_combined/src/suanfa': PYTHONPATH=/home/xingxunliu/ws_sensor_combined/build/suanfa/prefix_override:/home/xingxunliu/ws_sensor_combined/install/suanfa/lib/python3.8/site-packages:${PYTHONPATH} /usr/bin/python3 setup.py egg_info --egg-base ../../build/suanfa build --build-base /home/xingxunliu/ws_sensor_combined/build/suanfa/build install --record /home/xingxunliu/ws_sensor_combined/build/suanfa/install.log --single-version-externally-managed
[0.924s] running egg_info
[0.935s] writing ../../build/suanfa/suanfa.egg-info/PKG-INFO
[0.935s] writing dependency_links to ../../build/suanfa/suanfa.egg-info/dependency_links.txt
[0.935s] writing entry points to ../../build/suanfa/suanfa.egg-info/entry_points.txt
[0.935s] writing requirements to ../../build/suanfa/suanfa.egg-info/requires.txt
[0.936s] writing top-level names to ../../build/suanfa/suanfa.egg-info/top_level.txt
[1.014s] reading manifest file '../../build/suanfa/suanfa.egg-info/SOURCES.txt'
[1.015s] writing manifest file '../../build/suanfa/suanfa.egg-info/SOURCES.txt'
[1.015s] running build
[1.015s] running build_py
[1.015s] copying suanfa/calculate.py -> /home/xingxunliu/ws_sensor_combined/build/suanfa/build/lib/suanfa
[1.015s] running install
[1.016s] /home/xingxunliu/.local/lib/python3.8/site-packages/setuptools/_distutils/cmd.py:66: SetuptoolsDeprecationWarning: setup.py install is deprecated.
[1.016s] !!
[1.016s] 
[1.016s]         ********************************************************************************
[1.016s]         Please avoid running ``setup.py`` directly.
[1.017s]         Instead, use pypa/build, pypa/installer or other
[1.017s]         standards-based tools.
[1.017s] 
[1.017s]         See https://blog.ganssle.io/articles/2021/10/setup-py-deprecated.html for details.
[1.017s]         ********************************************************************************
[1.017s] 
[1.017s] !!
[1.018s]   self.initialize_options()
[1.020s] running install_lib
[1.032s] copying /home/xingxunliu/ws_sensor_combined/build/suanfa/build/lib/suanfa/calculate.py -> /home/xingxunliu/ws_sensor_combined/install/suanfa/lib/python3.8/site-packages/suanfa
[1.032s] byte-compiling /home/xingxunliu/ws_sensor_combined/install/suanfa/lib/python3.8/site-packages/suanfa/calculate.py to calculate.cpython-38.pyc
[1.032s] running install_data
[1.043s] running install_egg_info
[1.056s] removing '/home/xingxunliu/ws_sensor_combined/install/suanfa/lib/python3.8/site-packages/suanfa-0.0.0-py3.8.egg-info' (and everything under it)
[1.056s] Copying ../../build/suanfa/suanfa.egg-info to /home/xingxunliu/ws_sensor_combined/install/suanfa/lib/python3.8/site-packages/suanfa-0.0.0-py3.8.egg-info
[1.058s] running install_scripts
[1.108s] Installing suanfa_node script to /home/xingxunliu/ws_sensor_combined/install/suanfa/lib/suanfa
[1.108s] writing list of installed files to '/home/xingxunliu/ws_sensor_combined/build/suanfa/install.log'
[1.145s] Invoked command in '/home/xingxunliu/ws_sensor_combined/src/suanfa' returned '0': PYTHONPATH=/home/xingxunliu/ws_sensor_combined/build/suanfa/prefix_override:/home/xingxunliu/ws_sensor_combined/install/suanfa/lib/python3.8/site-packages:${PYTHONPATH} /usr/bin/python3 setup.py egg_info --egg-base ../../build/suanfa build --build-base /home/xingxunliu/ws_sensor_combined/build/suanfa/build install --record /home/xingxunliu/ws_sensor_combined/build/suanfa/install.log --single-version-externally-managed
