[0.033s] Invoking command in '/home/xingxunliu/ws_sensor_combined/build/px4_ros_com': AMENT_PREFIX_PATH=/home/xingxunliu/ws_sensor_combined/install/px4_msgs:${AMENT_PREFIX_PATH} CMAKE_PREFIX_PATH=/home/xingxunliu/ws_sensor_combined/install/px4_msgs:/opt/ros/foxy LD_LIBRARY_PATH=/home/xingxunliu/ws_sensor_combined/install/px4_msgs/lib:${LD_LIBRARY_PATH} PYTHONPATH=/home/xingxunliu/ws_sensor_combined/install/px4_msgs/lib/python3.8/site-packages:${PYTHONPATH} /usr/bin/cmake --build /home/xingxunliu/ws_sensor_combined/build/px4_ros_com -- -j16 -l16
[0.170s] [ 16%] Built target frame_transforms
[0.174s] [ 50%] Built target vehicle_gps_position_listener
[0.174s] [ 50%] Built target sensor_combined_listener
[0.177s] [ 66%] Built target debug_vect_advertiser
[0.178s] [ 83%] Built target offboard_con
[0.180s] [100%] Built target offboard_control
[0.204s] Invoked command in '/home/xingxunliu/ws_sensor_combined/build/px4_ros_com' returned '0': AMENT_PREFIX_PATH=/home/xingxunliu/ws_sensor_combined/install/px4_msgs:${AMENT_PREFIX_PATH} CMAKE_PREFIX_PATH=/home/xingxunliu/ws_sensor_combined/install/px4_msgs:/opt/ros/foxy LD_LIBRARY_PATH=/home/xingxunliu/ws_sensor_combined/install/px4_msgs/lib:${LD_LIBRARY_PATH} PYTHONPATH=/home/xingxunliu/ws_sensor_combined/install/px4_msgs/lib/python3.8/site-packages:${PYTHONPATH} /usr/bin/cmake --build /home/xingxunliu/ws_sensor_combined/build/px4_ros_com -- -j16 -l16
[0.306s] Invoking command in '/home/xingxunliu/ws_sensor_combined/build/px4_ros_com': AMENT_PREFIX_PATH=/home/xingxunliu/ws_sensor_combined/install/px4_msgs:${AMENT_PREFIX_PATH} CMAKE_PREFIX_PATH=/home/xingxunliu/ws_sensor_combined/install/px4_msgs:/opt/ros/foxy LD_LIBRARY_PATH=/home/xingxunliu/ws_sensor_combined/install/px4_msgs/lib:${LD_LIBRARY_PATH} PYTHONPATH=/home/xingxunliu/ws_sensor_combined/install/px4_msgs/lib/python3.8/site-packages:${PYTHONPATH} /usr/bin/cmake --install /home/xingxunliu/ws_sensor_combined/build/px4_ros_com
[0.325s] -- Install configuration: ""
[0.325s] -- Up-to-date: /home/xingxunliu/ws_sensor_combined/install/px4_ros_com/lib/px4_ros_com/sensor_combined_listener
[0.326s] -- Up-to-date: /home/xingxunliu/ws_sensor_combined/install/px4_ros_com/lib/px4_ros_com/vehicle_gps_position_listener
[0.326s] -- Up-to-date: /home/xingxunliu/ws_sensor_combined/install/px4_ros_com/lib/px4_ros_com/debug_vect_advertiser
[0.327s] -- Up-to-date: /home/xingxunliu/ws_sensor_combined/install/px4_ros_com/lib/px4_ros_com/offboard_control
[0.327s] -- Up-to-date: /home/xingxunliu/ws_sensor_combined/install/px4_ros_com/lib/px4_ros_com/offboard_con
[0.328s] -- Up-to-date: /home/xingxunliu/ws_sensor_combined/install/px4_ros_com/share/px4_ros_com/environment/library_path.sh
[0.328s] -- Up-to-date: /home/xingxunliu/ws_sensor_combined/install/px4_ros_com/share/px4_ros_com/environment/library_path.dsv
[0.328s] -- Up-to-date: /home/xingxunliu/ws_sensor_combined/install/px4_ros_com/include/px4_ros_com
[0.328s] -- Up-to-date: /home/xingxunliu/ws_sensor_combined/install/px4_ros_com/include/px4_ros_com/frame_transforms.h
[0.329s] -- Up-to-date: /home/xingxunliu/ws_sensor_combined/install/px4_ros_com/lib/libframe_transforms.so
[0.329s] -- Up-to-date: /home/xingxunliu/ws_sensor_combined/install/px4_ros_com/share/px4_ros_com//launch
[0.330s] -- Up-to-date: /home/xingxunliu/ws_sensor_combined/install/px4_ros_com/share/px4_ros_com//launch/sensor_combined_listener.launch.py
[0.330s] -- Up-to-date: /home/xingxunliu/ws_sensor_combined/install/px4_ros_com/share/px4_ros_com//launch/offboard_control_launch.yaml
[0.330s] -- Up-to-date: /home/xingxunliu/ws_sensor_combined/install/px4_ros_com/share/px4_ros_com//test
[0.330s] -- Up-to-date: /home/xingxunliu/ws_sensor_combined/install/px4_ros_com/share/px4_ros_com//test/pipeline_io_test.py
[0.331s] -- Up-to-date: /home/xingxunliu/ws_sensor_combined/install/px4_ros_com/share/px4_ros_com//test/test_input.py
[0.331s] -- Up-to-date: /home/xingxunliu/ws_sensor_combined/install/px4_ros_com/share/px4_ros_com//test/test_output.py
[0.331s] -- Up-to-date: /home/xingxunliu/ws_sensor_combined/install/px4_ros_com/share/px4_ros_com//test/__init__.py
[0.331s] -- Up-to-date: /home/xingxunliu/ws_sensor_combined/install/px4_ros_com/share/ament_index/resource_index/package_run_dependencies/px4_ros_com
[0.332s] -- Up-to-date: /home/xingxunliu/ws_sensor_combined/install/px4_ros_com/share/ament_index/resource_index/parent_prefix_path/px4_ros_com
[0.332s] -- Up-to-date: /home/xingxunliu/ws_sensor_combined/install/px4_ros_com/share/px4_ros_com/environment/ament_prefix_path.sh
[0.332s] -- Up-to-date: /home/xingxunliu/ws_sensor_combined/install/px4_ros_com/share/px4_ros_com/environment/ament_prefix_path.dsv
[0.333s] -- Up-to-date: /home/xingxunliu/ws_sensor_combined/install/px4_ros_com/share/px4_ros_com/environment/path.sh
[0.333s] -- Up-to-date: /home/xingxunliu/ws_sensor_combined/install/px4_ros_com/share/px4_ros_com/environment/path.dsv
[0.333s] -- Up-to-date: /home/xingxunliu/ws_sensor_combined/install/px4_ros_com/share/px4_ros_com/local_setup.bash
[0.333s] -- Up-to-date: /home/xingxunliu/ws_sensor_combined/install/px4_ros_com/share/px4_ros_com/local_setup.sh
[0.334s] -- Up-to-date: /home/xingxunliu/ws_sensor_combined/install/px4_ros_com/share/px4_ros_com/local_setup.zsh
[0.334s] -- Up-to-date: /home/xingxunliu/ws_sensor_combined/install/px4_ros_com/share/px4_ros_com/local_setup.dsv
[0.334s] -- Installing: /home/xingxunliu/ws_sensor_combined/install/px4_ros_com/share/px4_ros_com/package.dsv
[0.335s] -- Up-to-date: /home/xingxunliu/ws_sensor_combined/install/px4_ros_com/share/ament_index/resource_index/packages/px4_ros_com
[0.335s] -- Up-to-date: /home/xingxunliu/ws_sensor_combined/install/px4_ros_com/share/px4_ros_com/cmake/export_frame_transformsExport.cmake
[0.338s] -- Up-to-date: /home/xingxunliu/ws_sensor_combined/install/px4_ros_com/share/px4_ros_com/cmake/export_frame_transformsExport-noconfig.cmake
[0.342s] -- Up-to-date: /home/xingxunliu/ws_sensor_combined/install/px4_ros_com/share/px4_ros_com/cmake/ament_cmake_export_dependencies-extras.cmake
[0.343s] -- Up-to-date: /home/xingxunliu/ws_sensor_combined/install/px4_ros_com/share/px4_ros_com/cmake/ament_cmake_export_targets-extras.cmake
[0.344s] -- Up-to-date: /home/xingxunliu/ws_sensor_combined/install/px4_ros_com/share/px4_ros_com/cmake/ament_cmake_export_include_directories-extras.cmake
[0.344s] -- Up-to-date: /home/xingxunliu/ws_sensor_combined/install/px4_ros_com/share/px4_ros_com/cmake/ament_cmake_export_libraries-extras.cmake
[0.344s] -- Up-to-date: /home/xingxunliu/ws_sensor_combined/install/px4_ros_com/share/px4_ros_com/cmake/px4_ros_comConfig.cmake
[0.345s] -- Up-to-date: /home/xingxunliu/ws_sensor_combined/install/px4_ros_com/share/px4_ros_com/cmake/px4_ros_comConfig-version.cmake
[0.345s] -- Up-to-date: /home/xingxunliu/ws_sensor_combined/install/px4_ros_com/share/px4_ros_com/package.xml
[0.345s] Invoked command in '/home/xingxunliu/ws_sensor_combined/build/px4_ros_com' returned '0': AMENT_PREFIX_PATH=/home/xingxunliu/ws_sensor_combined/install/px4_msgs:${AMENT_PREFIX_PATH} CMAKE_PREFIX_PATH=/home/xingxunliu/ws_sensor_combined/install/px4_msgs:/opt/ros/foxy LD_LIBRARY_PATH=/home/xingxunliu/ws_sensor_combined/install/px4_msgs/lib:${LD_LIBRARY_PATH} PYTHONPATH=/home/xingxunliu/ws_sensor_combined/install/px4_msgs/lib/python3.8/site-packages:${PYTHONPATH} /usr/bin/cmake --install /home/xingxunliu/ws_sensor_combined/build/px4_ros_com
