[0.939s] Invoking command in '/home/xingxunliu/ws_sensor_combined/src/suanfa': PYTHONPATH=/home/xingxunliu/ws_sensor_combined/build/suanfa/prefix_override:/home/xingxunliu/ws_sensor_combined/install/suanfa/lib/python3.8/site-packages:${PYTHONPATH} /usr/bin/python3 setup.py egg_info --egg-base ../../build/suanfa build --build-base /home/xingxunliu/ws_sensor_combined/build/suanfa/build install --record /home/xingxunliu/ws_sensor_combined/build/suanfa/install.log --single-version-externally-managed
[1.177s] running egg_info
[1.192s] writing ../../build/suanfa/suanfa.egg-info/PKG-INFO
[1.192s] writing dependency_links to ../../build/suanfa/suanfa.egg-info/dependency_links.txt
[1.192s] writing entry points to ../../build/suanfa/suanfa.egg-info/entry_points.txt
[1.192s] writing requirements to ../../build/suanfa/suanfa.egg-info/requires.txt
[1.193s] writing top-level names to ../../build/suanfa/suanfa.egg-info/top_level.txt
[1.298s] reading manifest file '../../build/suanfa/suanfa.egg-info/SOURCES.txt'
[1.299s] writing manifest file '../../build/suanfa/suanfa.egg-info/SOURCES.txt'
[1.300s] running build
[1.300s] running build_py
[1.300s] copying suanfa/calculate.py -> /home/xingxunliu/ws_sensor_combined/build/suanfa/build/lib/suanfa
[1.300s] running install
[1.300s] /home/xingxunliu/.local/lib/python3.8/site-packages/setuptools/_distutils/cmd.py:66: SetuptoolsDeprecationWarning: setup.py install is deprecated.
[1.301s] !!
[1.301s] 
[1.301s]         ********************************************************************************
[1.301s]         Please avoid running ``setup.py`` directly.
[1.301s]         Instead, use pypa/build, pypa/installer or other
[1.301s]         standards-based tools.
[1.301s] 
[1.302s]         See https://blog.ganssle.io/articles/2021/10/setup-py-deprecated.html for details.
[1.302s]         ********************************************************************************
[1.302s] 
[1.302s] !!
[1.302s]   self.initialize_options()
[1.307s] running install_lib
[1.320s] copying /home/xingxunliu/ws_sensor_combined/build/suanfa/build/lib/suanfa/calculate.py -> /home/xingxunliu/ws_sensor_combined/install/suanfa/lib/python3.8/site-packages/suanfa
[1.321s] byte-compiling /home/xingxunliu/ws_sensor_combined/install/suanfa/lib/python3.8/site-packages/suanfa/calculate.py to calculate.cpython-38.pyc
[1.322s] running install_data
[1.336s] running install_egg_info
[1.350s] removing '/home/xingxunliu/ws_sensor_combined/install/suanfa/lib/python3.8/site-packages/suanfa-0.0.0-py3.8.egg-info' (and everything under it)
[1.350s] Copying ../../build/suanfa/suanfa.egg-info to /home/xingxunliu/ws_sensor_combined/install/suanfa/lib/python3.8/site-packages/suanfa-0.0.0-py3.8.egg-info
[1.351s] running install_scripts
[1.403s] Installing suanfa_node script to /home/xingxunliu/ws_sensor_combined/install/suanfa/lib/suanfa
[1.403s] writing list of installed files to '/home/xingxunliu/ws_sensor_combined/build/suanfa/install.log'
[1.445s] Invoked command in '/home/xingxunliu/ws_sensor_combined/src/suanfa' returned '0': PYTHONPATH=/home/xingxunliu/ws_sensor_combined/build/suanfa/prefix_override:/home/xingxunliu/ws_sensor_combined/install/suanfa/lib/python3.8/site-packages:${PYTHONPATH} /usr/bin/python3 setup.py egg_info --egg-base ../../build/suanfa build --build-base /home/xingxunliu/ws_sensor_combined/build/suanfa/build install --record /home/xingxunliu/ws_sensor_combined/build/suanfa/install.log --single-version-externally-managed
