[0.919s] Invoking command in '/home/xingxunliu/ws_sensor_combined/src/suanfa': PYTHONPATH=/home/xingxunliu/ws_sensor_combined/build/suanfa/prefix_override:/home/xingxunliu/ws_sensor_combined/install/suanfa/lib/python3.8/site-packages:${PYTHONPATH} /usr/bin/python3 setup.py egg_info --egg-base ../../build/suanfa build --build-base /home/xingxunliu/ws_sensor_combined/build/suanfa/build install --record /home/xingxunliu/ws_sensor_combined/build/suanfa/install.log --single-version-externally-managed
[1.160s] running egg_info
[1.173s] writing ../../build/suanfa/suanfa.egg-info/PKG-INFO
[1.174s] writing dependency_links to ../../build/suanfa/suanfa.egg-info/dependency_links.txt
[1.174s] writing entry points to ../../build/suanfa/suanfa.egg-info/entry_points.txt
[1.174s] writing requirements to ../../build/suanfa/suanfa.egg-info/requires.txt
[1.174s] writing top-level names to ../../build/suanfa/suanfa.egg-info/top_level.txt
[1.274s] reading manifest file '../../build/suanfa/suanfa.egg-info/SOURCES.txt'
[1.274s] writing manifest file '../../build/suanfa/suanfa.egg-info/SOURCES.txt'
[1.275s] running build
[1.275s] running build_py
[1.275s] copying suanfa/calculate.py -> /home/xingxunliu/ws_sensor_combined/build/suanfa/build/lib/suanfa
[1.275s] running install
[1.276s] /home/xingxunliu/.local/lib/python3.8/site-packages/setuptools/_distutils/cmd.py:66: SetuptoolsDeprecationWarning: setup.py install is deprecated.
[1.276s] !!
[1.276s] 
[1.276s]         ********************************************************************************
[1.276s]         Please avoid running ``setup.py`` directly.
[1.276s]         Instead, use pypa/build, pypa/installer or other
[1.276s]         standards-based tools.
[1.277s] 
[1.277s]         See https://blog.ganssle.io/articles/2021/10/setup-py-deprecated.html for details.
[1.277s]         ********************************************************************************
[1.277s] 
[1.277s] !!
[1.277s]   self.initialize_options()
[1.281s] running install_lib
[1.299s] copying /home/xingxunliu/ws_sensor_combined/build/suanfa/build/lib/suanfa/calculate.py -> /home/xingxunliu/ws_sensor_combined/install/suanfa/lib/python3.8/site-packages/suanfa
[1.301s] byte-compiling /home/xingxunliu/ws_sensor_combined/install/suanfa/lib/python3.8/site-packages/suanfa/calculate.py to calculate.cpython-38.pyc
[1.302s] running install_data
[1.316s] running install_egg_info
[1.329s] removing '/home/xingxunliu/ws_sensor_combined/install/suanfa/lib/python3.8/site-packages/suanfa-0.0.0-py3.8.egg-info' (and everything under it)
[1.329s] Copying ../../build/suanfa/suanfa.egg-info to /home/xingxunliu/ws_sensor_combined/install/suanfa/lib/python3.8/site-packages/suanfa-0.0.0-py3.8.egg-info
[1.330s] running install_scripts
[1.391s] Installing suanfa_node script to /home/xingxunliu/ws_sensor_combined/install/suanfa/lib/suanfa
[1.391s] writing list of installed files to '/home/xingxunliu/ws_sensor_combined/build/suanfa/install.log'
[1.440s] Invoked command in '/home/xingxunliu/ws_sensor_combined/src/suanfa' returned '0': PYTHONPATH=/home/xingxunliu/ws_sensor_combined/build/suanfa/prefix_override:/home/xingxunliu/ws_sensor_combined/install/suanfa/lib/python3.8/site-packages:${PYTHONPATH} /usr/bin/python3 setup.py egg_info --egg-base ../../build/suanfa build --build-base /home/xingxunliu/ws_sensor_combined/build/suanfa/build install --record /home/xingxunliu/ws_sensor_combined/build/suanfa/install.log --single-version-externally-managed
