[0.030s] Invoking command in '/home/xingxunliu/ws_sensor_combined/build/px4_ros_com': CMAKE_PREFIX_PATH=/home/xingxunliu/ws_sensor_combined/install/px4_msgs:/home/xingxunliu/ws_sensor_combined/install/px4_ros_com:/opt/ros/foxy LD_LIBRARY_PATH=/home/xingxunliu/ws_sensor_combined/install/px4_msgs/lib:/home/xingxunliu/ws_sensor_combined/install/px4_ros_com/lib:/opt/ros/foxy/opt/yaml_cpp_vendor/lib:/opt/ros/foxy/opt/rviz_ogre_vendor/lib:/opt/ros/foxy/lib/x86_64-linux-gnu:/opt/ros/foxy/lib /usr/bin/cmake --build /home/xingxunliu/ws_sensor_combined/build/px4_ros_com -- -j16 -l16
[0.069s] -- Found ament_cmake: 0.9.12 (/opt/ros/foxy/share/ament_cmake/cmake)
[0.105s] -- Using PYTHON_EXECUTABLE: /usr/bin/python3
[0.318s] -- Found builtin_interfaces: 1.0.0 (/opt/ros/foxy/share/builtin_interfaces/cmake)
[0.340s] -- Using all available rosidl_typesupport_c: rosidl_typesupport_fastrtps_c;rosidl_typesupport_introspection_c
[0.343s] -- Found rosidl_adapter: 1.3.1 (/opt/ros/foxy/share/rosidl_adapter/cmake)
[0.503s] -- Using all available rosidl_typesupport_cpp: rosidl_typesupport_fastrtps_cpp;rosidl_typesupport_introspection_cpp
[0.531s] -- Found eigen3_cmake_module: 0.1.1 (/opt/ros/foxy/share/eigen3_cmake_module/cmake)
[0.533s] -- Found geometry_msgs: 2.0.5 (/opt/ros/foxy/share/geometry_msgs/cmake)
[0.604s] -- Found px4_msgs: 2.0.1 (/home/xingxunliu/ws_sensor_combined/install/px4_msgs/share/px4_msgs/cmake)
[0.624s] -- Found rclcpp: 2.4.3 (/opt/ros/foxy/share/rclcpp/cmake)
[0.665s] -- Found rmw_implementation_cmake: 1.0.4 (/opt/ros/foxy/share/rmw_implementation_cmake/cmake)
[0.667s] -- Using RMW implementation 'rmw_fastrtps_cpp' as default
[0.831s] -- Found sensor_msgs: 2.0.5 (/opt/ros/foxy/share/sensor_msgs/cmake)
[0.946s] -- Found ament_lint_auto: 0.9.8 (/opt/ros/foxy/share/ament_lint_auto/cmake)
[1.071s] -- Added test 'copyright' to check source files copyright and LICENSE
[1.080s] -- Added test 'cppcheck' to perform static code analysis on C / C++ code
[1.082s] -- Configured cppcheck include dirs: /home/xingxunliu/ws_sensor_combined/src/px4_ros_com/include;$<BUILD_INTERFACE:/home/xingxunliu/ws_sensor_combined/src/px4_ros_com/include/px4_ros_com>
[1.082s] -- Configured cppcheck exclude dirs and/or files: 
[1.088s] -- Added test 'cpplint' to check C / C++ code against the Google style
[1.088s] -- Configured cpplint exclude dirs and/or files: 
[1.089s] -- Added test 'flake8' to check Python code syntax and style conventions
[1.091s] -- Added test 'lint_cmake' to check CMake code style
[1.092s] -- Added test 'pep257' to check Python code against some of the style conventions in PEP 257
[1.095s] -- Added test 'uncrustify' to check C / C++ code style
[1.095s] -- Configured uncrustify additional arguments: 
[1.096s] -- Added test 'xmllint' to check XML markup files
[1.102s] -- Configuring done
[1.158s] -- Generating done
[1.162s] -- Build files have been written to: /home/xingxunliu/ws_sensor_combined/build/px4_ros_com
[1.211s] [35m[1mScanning dependencies of target uva4_takeoff[0m
[1.212s] [35m[1mScanning dependencies of target uva3_takeoff[0m
[1.214s] [35m[1mScanning dependencies of target uva2_takeoff[0m
[1.218s] [35m[1mScanning dependencies of target uva1_takeoff[0m
[1.227s] [35m[1mScanning dependencies of target offboard_control[0m
[1.235s] [ 10%] [32mBuilding CXX object CMakeFiles/uva2_takeoff.dir/src/examples/offboard/uva2_takeoff.cpp.o[0m
[1.235s] [ 10%] [32mBuilding CXX object CMakeFiles/uva4_takeoff.dir/src/examples/offboard/uva4_takeoff.cpp.o[0m
[1.238s] [ 15%] [32mBuilding CXX object CMakeFiles/uva3_takeoff.dir/src/examples/offboard/uva3_takeoff.cpp.o[0m
[1.250s] [ 25%] Built target frame_transforms
[1.255s] [ 45%] Built target sensor_combined_listener
[1.255s] [ 45%] Built target debug_vect_advertiser
[1.260s] [ 55%] Built target offboard_con
[1.263s] [ 65%] Built target vehicle_gps_position_listener
[1.279s] [ 70%] [32m[1mLinking CXX executable uva2_takeoff[0m
[1.283s] [ 75%] [32m[1mLinking CXX executable uva4_takeoff[0m
[1.284s] [ 80%] [32m[1mLinking CXX executable uva3_takeoff[0m
[1.295s] [ 85%] [32mBuilding CXX object CMakeFiles/offboard_control.dir/src/examples/offboard/offboard_control.cpp.o[0m
[1.304s] [ 90%] [32mBuilding CXX object CMakeFiles/uva1_takeoff.dir/src/examples/offboard/uva1_takeoff.cpp.o[0m
[1.391s] /usr/bin/ld: /usr/lib/gcc/x86_64-linux-gnu/9/../../../x86_64-linux-gnu/Scrt1.o: in function `_start':
[1.391s] (.text+0x24): undefined reference to `main'
[1.391s] collect2: error: ld returned 1 exit status
[1.392s] /usr/bin/ld: /usr/lib/gcc/x86_64-linux-gnu/9/../../../x86_64-linux-gnu/Scrt1.o: in function `_start':
[1.392s] (.text+0x24): undefined reference to `main'
[1.392s] collect2: error: ld returned 1 exit status
[1.394s] make[2]: *** [CMakeFiles/uva2_takeoff.dir/build.make:136：uva2_takeoff] 错误 1
[1.395s] make[1]: *** [CMakeFiles/Makefile2:312：CMakeFiles/uva2_takeoff.dir/all] 错误 2
[1.395s] make[1]: *** 正在等待未完成的任务....
[1.395s] make[2]: *** [CMakeFiles/uva3_takeoff.dir/build.make:136：uva3_takeoff] 错误 1
[1.395s] make[1]: *** [CMakeFiles/Makefile2:96：CMakeFiles/uva3_takeoff.dir/all] 错误 2
[1.399s] /usr/bin/ld: /usr/lib/gcc/x86_64-linux-gnu/9/../../../x86_64-linux-gnu/Scrt1.o: in function `_start':
[1.399s] (.text+0x24): undefined reference to `main'
[1.400s] collect2: error: ld returned 1 exit status
[1.403s] make[2]: *** [CMakeFiles/uva4_takeoff.dir/build.make:136：uva4_takeoff] 错误 1
[1.403s] make[1]: *** [CMakeFiles/Makefile2:123：CMakeFiles/uva4_takeoff.dir/all] 错误 2
[6.913s] [ 95%] [32m[1mLinking CXX executable uva1_takeoff[0m
[6.972s] [100%] [32m[1mLinking CXX executable offboard_control[0m
[7.299s] [100%] Built target uva1_takeoff
[7.364s] [100%] Built target offboard_control
[7.366s] make: *** [Makefile:141：all] 错误 2
[7.368s] Invoked command in '/home/xingxunliu/ws_sensor_combined/build/px4_ros_com' returned '2': CMAKE_PREFIX_PATH=/home/xingxunliu/ws_sensor_combined/install/px4_msgs:/home/xingxunliu/ws_sensor_combined/install/px4_ros_com:/opt/ros/foxy LD_LIBRARY_PATH=/home/xingxunliu/ws_sensor_combined/install/px4_msgs/lib:/home/xingxunliu/ws_sensor_combined/install/px4_ros_com/lib:/opt/ros/foxy/opt/yaml_cpp_vendor/lib:/opt/ros/foxy/opt/rviz_ogre_vendor/lib:/opt/ros/foxy/lib/x86_64-linux-gnu:/opt/ros/foxy/lib /usr/bin/cmake --build /home/xingxunliu/ws_sensor_combined/build/px4_ros_com -- -j16 -l16
