[0.958s] Invoking command in '/home/xingxunliu/ws_sensor_combined/src/suanfa': PYTHONPATH=/home/xingxunliu/ws_sensor_combined/build/suanfa/prefix_override:/home/xingxunliu/ws_sensor_combined/install/suanfa/lib/python3.8/site-packages:${PYTHONPATH} /usr/bin/python3 setup.py egg_info --egg-base ../../build/suanfa build --build-base /home/xingxunliu/ws_sensor_combined/build/suanfa/build install --record /home/xingxunliu/ws_sensor_combined/build/suanfa/install.log --single-version-externally-managed
[1.203s] running egg_info
[1.216s] writing ../../build/suanfa/suanfa.egg-info/PKG-INFO
[1.217s] writing dependency_links to ../../build/suanfa/suanfa.egg-info/dependency_links.txt
[1.217s] writing entry points to ../../build/suanfa/suanfa.egg-info/entry_points.txt
[1.217s] writing requirements to ../../build/suanfa/suanfa.egg-info/requires.txt
[1.217s] writing top-level names to ../../build/suanfa/suanfa.egg-info/top_level.txt
[1.330s] reading manifest file '../../build/suanfa/suanfa.egg-info/SOURCES.txt'
[1.331s] writing manifest file '../../build/suanfa/suanfa.egg-info/SOURCES.txt'
[1.331s] running build
[1.332s] running build_py
[1.332s] copying suanfa/calculate.py -> /home/xingxunliu/ws_sensor_combined/build/suanfa/build/lib/suanfa
[1.332s] running install
[1.333s] /home/xingxunliu/.local/lib/python3.8/site-packages/setuptools/_distutils/cmd.py:66: SetuptoolsDeprecationWarning: setup.py install is deprecated.
[1.333s] !!
[1.333s] 
[1.333s]         ********************************************************************************
[1.333s]         Please avoid running ``setup.py`` directly.
[1.334s]         Instead, use pypa/build, pypa/installer or other
[1.334s]         standards-based tools.
[1.334s] 
[1.334s]         See https://blog.ganssle.io/articles/2021/10/setup-py-deprecated.html for details.
[1.334s]         ********************************************************************************
[1.335s] 
[1.335s] !!
[1.335s]   self.initialize_options()
[1.339s] running install_lib
[1.354s] copying /home/xingxunliu/ws_sensor_combined/build/suanfa/build/lib/suanfa/calculate.py -> /home/xingxunliu/ws_sensor_combined/install/suanfa/lib/python3.8/site-packages/suanfa
[1.354s] byte-compiling /home/xingxunliu/ws_sensor_combined/install/suanfa/lib/python3.8/site-packages/suanfa/calculate.py to calculate.cpython-38.pyc
[1.355s] running install_data
[1.370s] running install_egg_info
[1.385s] removing '/home/xingxunliu/ws_sensor_combined/install/suanfa/lib/python3.8/site-packages/suanfa-0.0.0-py3.8.egg-info' (and everything under it)
[1.386s] Copying ../../build/suanfa/suanfa.egg-info to /home/xingxunliu/ws_sensor_combined/install/suanfa/lib/python3.8/site-packages/suanfa-0.0.0-py3.8.egg-info
[1.386s] running install_scripts
[1.443s] Installing suanfa_node script to /home/xingxunliu/ws_sensor_combined/install/suanfa/lib/suanfa
[1.443s] writing list of installed files to '/home/xingxunliu/ws_sensor_combined/build/suanfa/install.log'
[1.490s] Invoked command in '/home/xingxunliu/ws_sensor_combined/src/suanfa' returned '0': PYTHONPATH=/home/xingxunliu/ws_sensor_combined/build/suanfa/prefix_override:/home/xingxunliu/ws_sensor_combined/install/suanfa/lib/python3.8/site-packages:${PYTHONPATH} /usr/bin/python3 setup.py egg_info --egg-base ../../build/suanfa build --build-base /home/xingxunliu/ws_sensor_combined/build/suanfa/build install --record /home/xingxunliu/ws_sensor_combined/build/suanfa/install.log --single-version-externally-managed
