[0.895s] Invoking command in '/home/xingxunliu/ws_sensor_combined/src/suanfa': PYTHONPATH=/home/xingxunliu/ws_sensor_combined/build/suanfa/prefix_override:/home/xingxunliu/ws_sensor_combined/install/suanfa/lib/python3.8/site-packages:${PYTHONPATH} /usr/bin/python3 setup.py egg_info --egg-base ../../build/suanfa build --build-base /home/xingxunliu/ws_sensor_combined/build/suanfa/build install --record /home/xingxunliu/ws_sensor_combined/build/suanfa/install.log --single-version-externally-managed
[1.125s] running egg_info
[1.139s] writing ../../build/suanfa/suanfa.egg-info/PKG-INFO
[1.139s] writing dependency_links to ../../build/suanfa/suanfa.egg-info/dependency_links.txt
[1.139s] writing entry points to ../../build/suanfa/suanfa.egg-info/entry_points.txt
[1.140s] writing requirements to ../../build/suanfa/suanfa.egg-info/requires.txt
[1.140s] writing top-level names to ../../build/suanfa/suanfa.egg-info/top_level.txt
[1.241s] reading manifest file '../../build/suanfa/suanfa.egg-info/SOURCES.txt'
[1.242s] writing manifest file '../../build/suanfa/suanfa.egg-info/SOURCES.txt'
[1.242s] running build
[1.243s] running build_py
[1.243s] copying suanfa/calculate.py -> /home/xingxunliu/ws_sensor_combined/build/suanfa/build/lib/suanfa
[1.243s] running install
[1.244s] /home/xingxunliu/.local/lib/python3.8/site-packages/setuptools/_distutils/cmd.py:66: SetuptoolsDeprecationWarning: setup.py install is deprecated.
[1.244s] !!
[1.244s] 
[1.244s]         ********************************************************************************
[1.245s]         Please avoid running ``setup.py`` directly.
[1.245s]         Instead, use pypa/build, pypa/installer or other
[1.245s]         standards-based tools.
[1.245s] 
[1.245s]         See https://blog.ganssle.io/articles/2021/10/setup-py-deprecated.html for details.
[1.245s]         ********************************************************************************
[1.246s] 
[1.246s] !!
[1.246s]   self.initialize_options()
[1.250s] running install_lib
[1.263s] copying /home/xingxunliu/ws_sensor_combined/build/suanfa/build/lib/suanfa/calculate.py -> /home/xingxunliu/ws_sensor_combined/install/suanfa/lib/python3.8/site-packages/suanfa
[1.264s] byte-compiling /home/xingxunliu/ws_sensor_combined/install/suanfa/lib/python3.8/site-packages/suanfa/calculate.py to calculate.cpython-38.pyc
[1.264s] running install_data
[1.277s] running install_egg_info
[1.290s] removing '/home/xingxunliu/ws_sensor_combined/install/suanfa/lib/python3.8/site-packages/suanfa-0.0.0-py3.8.egg-info' (and everything under it)
[1.290s] Copying ../../build/suanfa/suanfa.egg-info to /home/xingxunliu/ws_sensor_combined/install/suanfa/lib/python3.8/site-packages/suanfa-0.0.0-py3.8.egg-info
[1.290s] running install_scripts
[1.343s] Installing suanfa_node script to /home/xingxunliu/ws_sensor_combined/install/suanfa/lib/suanfa
[1.344s] writing list of installed files to '/home/xingxunliu/ws_sensor_combined/build/suanfa/install.log'
[1.387s] Invoked command in '/home/xingxunliu/ws_sensor_combined/src/suanfa' returned '0': PYTHONPATH=/home/xingxunliu/ws_sensor_combined/build/suanfa/prefix_override:/home/xingxunliu/ws_sensor_combined/install/suanfa/lib/python3.8/site-packages:${PYTHONPATH} /usr/bin/python3 setup.py egg_info --egg-base ../../build/suanfa build --build-base /home/xingxunliu/ws_sensor_combined/build/suanfa/build install --record /home/xingxunliu/ws_sensor_combined/build/suanfa/install.log --single-version-externally-managed
