/home/xingxunliu/.local/lib/python3.8/site-packages/setuptools/dist.py:745: SetuptoolsDeprecationWarning: Invalid dash-separated options
!!

        ********************************************************************************
        Usage of dash-separated 'script-dir' will not be supported in future
        versions. Please use the underscore name 'script_dir' instead.

        By 2023-Sep-26, you need to update your project and remove deprecated calls
        or your builds will no longer be supported.

        See https://setuptools.pypa.io/en/latest/userguide/declarative_config.html for details.
        ********************************************************************************

!!
  opt = self.warn_dash_deprecation(opt, section)
running egg_info
creating ../../build/uav_description/uav_description.egg-info
writing ../../build/uav_description/uav_description.egg-info/PKG-INFO
writing dependency_links to ../../build/uav_description/uav_description.egg-info/dependency_links.txt
writing requirements to ../../build/uav_description/uav_description.egg-info/requires.txt
writing top-level names to ../../build/uav_description/uav_description.egg-info/top_level.txt
writing manifest file '../../build/uav_description/uav_description.egg-info/SOURCES.txt'
reading manifest file '../../build/uav_description/uav_description.egg-info/SOURCES.txt'
writing manifest file '../../build/uav_description/uav_description.egg-info/SOURCES.txt'
running build
running build_py
creating /home/xingxunliu/ws_sensor_combined/build/uav_description/build
creating /home/xingxunliu/ws_sensor_combined/build/uav_description/build/lib
creating /home/xingxunliu/ws_sensor_combined/build/uav_description/build/lib/uav_description
copying uav_description/__init__.py -> /home/xingxunliu/ws_sensor_combined/build/uav_description/build/lib/uav_description
running install
/home/xingxunliu/.local/lib/python3.8/site-packages/setuptools/_distutils/cmd.py:66: SetuptoolsDeprecationWarning: setup.py install is deprecated.
!!

        ********************************************************************************
        Please avoid running ``setup.py`` directly.
        Instead, use pypa/build, pypa/installer or other
        standards-based tools.

        See https://blog.ganssle.io/articles/2021/10/setup-py-deprecated.html for details.
        ********************************************************************************

!!
  self.initialize_options()
running install_lib
creating /home/xingxunliu/ws_sensor_combined/install/uav_description/lib/python3.8/site-packages/uav_description
copying /home/xingxunliu/ws_sensor_combined/build/uav_description/build/lib/uav_description/__init__.py -> /home/xingxunliu/ws_sensor_combined/install/uav_description/lib/python3.8/site-packages/uav_description
byte-compiling /home/xingxunliu/ws_sensor_combined/install/uav_description/lib/python3.8/site-packages/uav_description/__init__.py to __init__.cpython-38.pyc
running install_data
creating /home/xingxunliu/ws_sensor_combined/install/uav_description/share/ament_index
creating /home/xingxunliu/ws_sensor_combined/install/uav_description/share/ament_index/resource_index
creating /home/xingxunliu/ws_sensor_combined/install/uav_description/share/ament_index/resource_index/packages
copying resource/uav_description -> /home/xingxunliu/ws_sensor_combined/install/uav_description/share/ament_index/resource_index/packages
copying package.xml -> /home/xingxunliu/ws_sensor_combined/install/uav_description/share/uav_description
creating /home/xingxunliu/ws_sensor_combined/install/uav_description/share/uav_description/launch
copying launch/uav_rviz2.launch.py -> /home/xingxunliu/ws_sensor_combined/install/uav_description/share/uav_description/launch
creating /home/xingxunliu/ws_sensor_combined/install/uav_description/share/uav_description/urdf
copying urdf/iris.sdf.jinja -> /home/xingxunliu/ws_sensor_combined/install/uav_description/share/uav_description/urdf
copying urdf/model.config -> /home/xingxunliu/ws_sensor_combined/install/uav_description/share/uav_description/urdf
copying urdf/iris.sdf.last_generated -> /home/xingxunliu/ws_sensor_combined/install/uav_description/share/uav_description/urdf
copying urdf/iris.sdf -> /home/xingxunliu/ws_sensor_combined/install/uav_description/share/uav_description/urdf
copying urdf/isirsss.urdf -> /home/xingxunliu/ws_sensor_combined/install/uav_description/share/uav_description/urdf
creating /home/xingxunliu/ws_sensor_combined/install/uav_description/share/uav_description/meshes
copying meshes/iris_prop_cw.dae -> /home/xingxunliu/ws_sensor_combined/install/uav_description/share/uav_description/meshes
copying meshes/iris_prop_ccw.dae -> /home/xingxunliu/ws_sensor_combined/install/uav_description/share/uav_description/meshes
copying meshes/iris.stl -> /home/xingxunliu/ws_sensor_combined/install/uav_description/share/uav_description/meshes
running install_egg_info
Copying ../../build/uav_description/uav_description.egg-info to /home/xingxunliu/ws_sensor_combined/install/uav_description/lib/python3.8/site-packages/uav_description-0.0.0-py3.8.egg-info
running install_scripts
writing list of installed files to '/home/xingxunliu/ws_sensor_combined/build/uav_description/install.log'
