[0.459s] DEBUG:colcon:Command line arguments: ['/usr/bin/colcon', 'build']
[0.460s] DEBUG:colcon:Parsed command line arguments: Namespace(allow_overriding=[], ament_cmake_args=None, base_paths=['.'], build_base='build', catkin_cmake_args=None, catkin_skip_building_tests=False, cmake_args=None, cmake_clean_cache=False, cmake_clean_first=False, cmake_force_configure=False, cmake_target=None, cmake_target_skip_unavailable=False, continue_on_error=False, event_handlers=None, executor='parallel', ignore_user_meta=False, install_base='install', log_base=None, log_level=None, main=<bound method BuildVerb.main of <colcon_core.verb.build.BuildVerb object at 0x7f8e83a7f340>>, merge_install=False, metas=['./colcon.meta'], packages_above=None, packages_above_and_dependencies=None, packages_above_depth=None, packages_end=None, packages_ignore=None, packages_ignore_regex=None, packages_select=None, packages_select_build_failed=False, packages_select_by_dep=None, packages_select_regex=None, packages_select_test_failures=False, packages_skip=None, packages_skip_build_finished=False, packages_skip_by_dep=None, packages_skip_regex=None, packages_skip_test_passed=False, packages_skip_up_to=None, packages_start=None, packages_up_to=None, packages_up_to_regex=None, parallel_workers=16, paths=None, symlink_install=False, test_result_base=None, verb_extension=<colcon_core.verb.build.BuildVerb object at 0x7f8e83a7f340>, verb_name='build', verb_parser=<colcon_defaults.argument_parser.defaults.DefaultArgumentsDecorator object at 0x7f8e839bdf10>)
[0.528s] Level 1:colcon.colcon_core.package_discovery:discover_packages(colcon_meta) check parameters
[0.528s] Level 1:colcon.colcon_core.package_discovery:discover_packages(recursive) check parameters
[0.528s] Level 1:colcon.colcon_core.package_discovery:discover_packages(ignore) check parameters
[0.528s] Level 1:colcon.colcon_core.package_discovery:discover_packages(path) check parameters
[0.528s] Level 1:colcon.colcon_core.package_discovery:discover_packages(colcon_meta) discover
[0.529s] Level 1:colcon.colcon_core.package_discovery:discover_packages(recursive) discover
[0.529s] INFO:colcon.colcon_core.package_discovery:Crawling recursively for packages in '/home/xingxunliu/ws_sensor_combined'
[0.529s] Level 1:colcon.colcon_core.package_identification:_identify(.) by extensions ['ignore', 'ignore_ament_install']
[0.529s] Level 1:colcon.colcon_core.package_identification:_identify(.) by extension 'ignore'
[0.529s] Level 1:colcon.colcon_core.package_identification:_identify(.) by extension 'ignore_ament_install'
[0.529s] Level 1:colcon.colcon_core.package_identification:_identify(.) by extensions ['colcon_pkg']
[0.529s] Level 1:colcon.colcon_core.package_identification:_identify(.) by extension 'colcon_pkg'
[0.529s] Level 1:colcon.colcon_core.package_identification:_identify(.) by extensions ['colcon_meta']
[0.529s] Level 1:colcon.colcon_core.package_identification:_identify(.) by extension 'colcon_meta'
[0.530s] Level 1:colcon.colcon_core.package_identification:_identify(.) by extensions ['ros']
[0.530s] Level 1:colcon.colcon_core.package_identification:_identify(.) by extension 'ros'
[0.558s] Level 1:colcon.colcon_core.package_identification:_identify(.) by extensions ['cmake', 'python']
[0.558s] Level 1:colcon.colcon_core.package_identification:_identify(.) by extension 'cmake'
[0.558s] Level 1:colcon.colcon_core.package_identification:_identify(.) by extension 'python'
[0.559s] Level 1:colcon.colcon_core.package_identification:_identify(.) by extensions ['python_setup_py']
[0.559s] Level 1:colcon.colcon_core.package_identification:_identify(.) by extension 'python_setup_py'
[0.559s] Level 1:colcon.colcon_core.package_identification:_identify(build) by extensions ['ignore', 'ignore_ament_install']
[0.559s] Level 1:colcon.colcon_core.package_identification:_identify(build) by extension 'ignore'
[0.559s] Level 1:colcon.colcon_core.package_identification:_identify(build) ignored
[0.559s] Level 1:colcon.colcon_core.package_identification:_identify(install) by extensions ['ignore', 'ignore_ament_install']
[0.560s] Level 1:colcon.colcon_core.package_identification:_identify(install) by extension 'ignore'
[0.560s] Level 1:colcon.colcon_core.package_identification:_identify(install) ignored
[0.560s] Level 1:colcon.colcon_core.package_identification:_identify(log) by extensions ['ignore', 'ignore_ament_install']
[0.560s] Level 1:colcon.colcon_core.package_identification:_identify(log) by extension 'ignore'
[0.560s] Level 1:colcon.colcon_core.package_identification:_identify(log) ignored
[0.560s] Level 1:colcon.colcon_core.package_identification:_identify(src) by extensions ['ignore', 'ignore_ament_install']
[0.561s] Level 1:colcon.colcon_core.package_identification:_identify(src) by extension 'ignore'
[0.561s] Level 1:colcon.colcon_core.package_identification:_identify(src) by extension 'ignore_ament_install'
[0.561s] Level 1:colcon.colcon_core.package_identification:_identify(src) by extensions ['colcon_pkg']
[0.561s] Level 1:colcon.colcon_core.package_identification:_identify(src) by extension 'colcon_pkg'
[0.561s] Level 1:colcon.colcon_core.package_identification:_identify(src) by extensions ['colcon_meta']
[0.561s] Level 1:colcon.colcon_core.package_identification:_identify(src) by extension 'colcon_meta'
[0.561s] Level 1:colcon.colcon_core.package_identification:_identify(src) by extensions ['ros']
[0.561s] Level 1:colcon.colcon_core.package_identification:_identify(src) by extension 'ros'
[0.562s] Level 1:colcon.colcon_core.package_identification:_identify(src) by extensions ['cmake', 'python']
[0.562s] Level 1:colcon.colcon_core.package_identification:_identify(src) by extension 'cmake'
[0.562s] Level 1:colcon.colcon_core.package_identification:_identify(src) by extension 'python'
[0.562s] Level 1:colcon.colcon_core.package_identification:_identify(src) by extensions ['python_setup_py']
[0.562s] Level 1:colcon.colcon_core.package_identification:_identify(src) by extension 'python_setup_py'
[0.562s] Level 1:colcon.colcon_core.package_identification:_identify(src/px4_msgs) by extensions ['ignore', 'ignore_ament_install']
[0.562s] Level 1:colcon.colcon_core.package_identification:_identify(src/px4_msgs) by extension 'ignore'
[0.563s] Level 1:colcon.colcon_core.package_identification:_identify(src/px4_msgs) by extension 'ignore_ament_install'
[0.563s] Level 1:colcon.colcon_core.package_identification:_identify(src/px4_msgs) by extensions ['colcon_pkg']
[0.563s] Level 1:colcon.colcon_core.package_identification:_identify(src/px4_msgs) by extension 'colcon_pkg'
[0.563s] Level 1:colcon.colcon_core.package_identification:_identify(src/px4_msgs) by extensions ['colcon_meta']
[0.563s] Level 1:colcon.colcon_core.package_identification:_identify(src/px4_msgs) by extension 'colcon_meta'
[0.563s] Level 1:colcon.colcon_core.package_identification:_identify(src/px4_msgs) by extensions ['ros']
[0.563s] Level 1:colcon.colcon_core.package_identification:_identify(src/px4_msgs) by extension 'ros'
[0.569s] DEBUG:colcon.colcon_core.package_identification:Package 'src/px4_msgs' with type 'ros.ament_cmake' and name 'px4_msgs'
[0.569s] Level 1:colcon.colcon_core.package_identification:_identify(src/px4_ros_com) by extensions ['ignore', 'ignore_ament_install']
[0.569s] Level 1:colcon.colcon_core.package_identification:_identify(src/px4_ros_com) by extension 'ignore'
[0.569s] Level 1:colcon.colcon_core.package_identification:_identify(src/px4_ros_com) by extension 'ignore_ament_install'
[0.569s] Level 1:colcon.colcon_core.package_identification:_identify(src/px4_ros_com) by extensions ['colcon_pkg']
[0.570s] Level 1:colcon.colcon_core.package_identification:_identify(src/px4_ros_com) by extension 'colcon_pkg'
[0.570s] Level 1:colcon.colcon_core.package_identification:_identify(src/px4_ros_com) by extensions ['colcon_meta']
[0.570s] Level 1:colcon.colcon_core.package_identification:_identify(src/px4_ros_com) by extension 'colcon_meta'
[0.570s] Level 1:colcon.colcon_core.package_identification:_identify(src/px4_ros_com) by extensions ['ros']
[0.570s] Level 1:colcon.colcon_core.package_identification:_identify(src/px4_ros_com) by extension 'ros'
[0.573s] DEBUG:colcon.colcon_core.package_identification:Package 'src/px4_ros_com' with type 'ros.ament_cmake' and name 'px4_ros_com'
[0.573s] Level 1:colcon.colcon_core.package_discovery:discover_packages(recursive) using defaults
[0.573s] Level 1:colcon.colcon_core.package_discovery:discover_packages(ignore) discover
[0.573s] Level 1:colcon.colcon_core.package_discovery:discover_packages(ignore) using defaults
[0.573s] Level 1:colcon.colcon_core.package_discovery:discover_packages(path) discover
[0.573s] Level 1:colcon.colcon_core.package_discovery:discover_packages(path) using defaults
[0.622s] Level 1:colcon.colcon_core.package_discovery:discover_packages(prefix_path) check parameters
[0.622s] Level 1:colcon.colcon_core.package_discovery:discover_packages(prefix_path) discover
[0.628s] DEBUG:colcon.colcon_installed_package_information.package_discovery:Found 256 installed packages in /opt/ros/foxy
[0.632s] Level 1:colcon.colcon_core.package_discovery:discover_packages(prefix_path) using defaults
[0.713s] Level 5:colcon.colcon_core.verb:set package 'px4_msgs' build argument 'cmake_args' from command line to 'None'
[0.713s] Level 5:colcon.colcon_core.verb:set package 'px4_msgs' build argument 'cmake_target' from command line to 'None'
[0.713s] Level 5:colcon.colcon_core.verb:set package 'px4_msgs' build argument 'cmake_target_skip_unavailable' from command line to 'False'
[0.713s] Level 5:colcon.colcon_core.verb:set package 'px4_msgs' build argument 'cmake_clean_cache' from command line to 'False'
[0.713s] Level 5:colcon.colcon_core.verb:set package 'px4_msgs' build argument 'cmake_clean_first' from command line to 'False'
[0.713s] Level 5:colcon.colcon_core.verb:set package 'px4_msgs' build argument 'cmake_force_configure' from command line to 'False'
[0.713s] Level 5:colcon.colcon_core.verb:set package 'px4_msgs' build argument 'ament_cmake_args' from command line to 'None'
[0.713s] Level 5:colcon.colcon_core.verb:set package 'px4_msgs' build argument 'catkin_cmake_args' from command line to 'None'
[0.713s] Level 5:colcon.colcon_core.verb:set package 'px4_msgs' build argument 'catkin_skip_building_tests' from command line to 'False'
[0.713s] DEBUG:colcon.colcon_core.verb:Building package 'px4_msgs' with the following arguments: {'ament_cmake_args': None, 'build_base': '/home/xingxunliu/ws_sensor_combined/build/px4_msgs', 'catkin_cmake_args': None, 'catkin_skip_building_tests': False, 'cmake_args': None, 'cmake_clean_cache': False, 'cmake_clean_first': False, 'cmake_force_configure': False, 'cmake_target': None, 'cmake_target_skip_unavailable': False, 'install_base': '/home/xingxunliu/ws_sensor_combined/install/px4_msgs', 'merge_install': False, 'path': '/home/xingxunliu/ws_sensor_combined/src/px4_msgs', 'symlink_install': False, 'test_result_base': None}
[0.715s] Level 5:colcon.colcon_core.verb:set package 'px4_ros_com' build argument 'cmake_args' from command line to 'None'
[0.715s] Level 5:colcon.colcon_core.verb:set package 'px4_ros_com' build argument 'cmake_target' from command line to 'None'
[0.715s] Level 5:colcon.colcon_core.verb:set package 'px4_ros_com' build argument 'cmake_target_skip_unavailable' from command line to 'False'
[0.716s] Level 5:colcon.colcon_core.verb:set package 'px4_ros_com' build argument 'cmake_clean_cache' from command line to 'False'
[0.716s] Level 5:colcon.colcon_core.verb:set package 'px4_ros_com' build argument 'cmake_clean_first' from command line to 'False'
[0.716s] Level 5:colcon.colcon_core.verb:set package 'px4_ros_com' build argument 'cmake_force_configure' from command line to 'False'
[0.716s] Level 5:colcon.colcon_core.verb:set package 'px4_ros_com' build argument 'ament_cmake_args' from command line to 'None'
[0.716s] Level 5:colcon.colcon_core.verb:set package 'px4_ros_com' build argument 'catkin_cmake_args' from command line to 'None'
[0.716s] Level 5:colcon.colcon_core.verb:set package 'px4_ros_com' build argument 'catkin_skip_building_tests' from command line to 'False'
[0.716s] DEBUG:colcon.colcon_core.verb:Building package 'px4_ros_com' with the following arguments: {'ament_cmake_args': None, 'build_base': '/home/xingxunliu/ws_sensor_combined/build/px4_ros_com', 'catkin_cmake_args': None, 'catkin_skip_building_tests': False, 'cmake_args': None, 'cmake_clean_cache': False, 'cmake_clean_first': False, 'cmake_force_configure': False, 'cmake_target': None, 'cmake_target_skip_unavailable': False, 'install_base': '/home/xingxunliu/ws_sensor_combined/install/px4_ros_com', 'merge_install': False, 'path': '/home/xingxunliu/ws_sensor_combined/src/px4_ros_com', 'symlink_install': False, 'test_result_base': None}
[0.717s] INFO:colcon.colcon_core.executor:Executing jobs using 'parallel' executor
[0.727s] DEBUG:colcon.colcon_parallel_executor.executor.parallel:run_until_complete
[0.727s] INFO:colcon.colcon_ros.task.ament_cmake.build:Building ROS package in '/home/xingxunliu/ws_sensor_combined/src/px4_msgs' with build type 'ament_cmake'
[0.728s] INFO:colcon.colcon_cmake.task.cmake.build:Building CMake package in '/home/xingxunliu/ws_sensor_combined/src/px4_msgs'
[0.736s] INFO:colcon.colcon_core.plugin_system:Skipping extension 'colcon_core.shell.bat': Not used on non-Windows systems
[0.736s] INFO:colcon.colcon_core.shell:Skip shell extension 'powershell' for command environment: Not usable outside of PowerShell
[0.737s] DEBUG:colcon.colcon_core.shell:Skip shell extension 'dsv' for command environment
[0.786s] DEBUG:colcon.colcon_core.event_handler.log_command:Invoking command in '/home/xingxunliu/ws_sensor_combined/build/px4_msgs': CMAKE_PREFIX_PATH=/opt/ros/foxy /usr/bin/cmake --build /home/xingxunliu/ws_sensor_combined/build/px4_msgs -- -j16 -l16
[2.466s] DEBUG:colcon.colcon_core.event_handler.log_command:Invoked command in '/home/xingxunliu/ws_sensor_combined/build/px4_msgs' returned '0': CMAKE_PREFIX_PATH=/opt/ros/foxy /usr/bin/cmake --build /home/xingxunliu/ws_sensor_combined/build/px4_msgs -- -j16 -l16
[8.102s] DEBUG:colcon.colcon_core.event_handler.log_command:Invoking command in '/home/xingxunliu/ws_sensor_combined/build/px4_msgs': CMAKE_PREFIX_PATH=/opt/ros/foxy /usr/bin/cmake --install /home/xingxunliu/ws_sensor_combined/build/px4_msgs
[8.547s] Level 1:colcon.colcon_core.environment:create_environment_scripts_only(px4_msgs)
[8.588s] Level 1:colcon.colcon_core.environment:checking '/home/xingxunliu/ws_sensor_combined/install/px4_msgs' for CMake module files
[8.596s] Level 1:colcon.colcon_core.environment:checking '/home/xingxunliu/ws_sensor_combined/install/px4_msgs' for CMake config files
[8.651s] Level 1:colcon.colcon_core.shell:create_environment_hook('px4_msgs', 'cmake_prefix_path')
[8.655s] INFO:colcon.colcon_core.shell:Creating environment hook '/home/xingxunliu/ws_sensor_combined/install/px4_msgs/share/px4_msgs/hook/cmake_prefix_path.ps1'
[8.658s] INFO:colcon.colcon_core.shell:Creating environment descriptor '/home/xingxunliu/ws_sensor_combined/install/px4_msgs/share/px4_msgs/hook/cmake_prefix_path.dsv'
[8.660s] INFO:colcon.colcon_core.shell:Creating environment hook '/home/xingxunliu/ws_sensor_combined/install/px4_msgs/share/px4_msgs/hook/cmake_prefix_path.sh'
[8.665s] Level 1:colcon.colcon_core.environment:checking '/home/xingxunliu/ws_sensor_combined/install/px4_msgs/lib'
[8.669s] Level 1:colcon.colcon_core.shell:create_environment_hook('px4_msgs', 'ld_library_path_lib')
[8.674s] INFO:colcon.colcon_core.shell:Creating environment hook '/home/xingxunliu/ws_sensor_combined/install/px4_msgs/share/px4_msgs/hook/ld_library_path_lib.ps1'
[8.678s] INFO:colcon.colcon_core.shell:Creating environment descriptor '/home/xingxunliu/ws_sensor_combined/install/px4_msgs/share/px4_msgs/hook/ld_library_path_lib.dsv'
[8.683s] INFO:colcon.colcon_core.shell:Creating environment hook '/home/xingxunliu/ws_sensor_combined/install/px4_msgs/share/px4_msgs/hook/ld_library_path_lib.sh'
[8.689s] Level 1:colcon.colcon_core.environment:checking '/home/xingxunliu/ws_sensor_combined/install/px4_msgs/bin'
[8.689s] Level 1:colcon.colcon_core.environment:checking '/home/xingxunliu/ws_sensor_combined/install/px4_msgs/lib/pkgconfig/px4_msgs.pc'
[8.690s] Level 1:colcon.colcon_core.environment:checking '/home/xingxunliu/ws_sensor_combined/install/px4_msgs/lib/python3.8/site-packages'
[8.690s] Level 1:colcon.colcon_core.shell:create_environment_hook('px4_msgs', 'pythonpath')
[8.694s] INFO:colcon.colcon_core.shell:Creating environment hook '/home/xingxunliu/ws_sensor_combined/install/px4_msgs/share/px4_msgs/hook/pythonpath.ps1'
[8.698s] INFO:colcon.colcon_core.shell:Creating environment descriptor '/home/xingxunliu/ws_sensor_combined/install/px4_msgs/share/px4_msgs/hook/pythonpath.dsv'
[8.703s] INFO:colcon.colcon_core.shell:Creating environment hook '/home/xingxunliu/ws_sensor_combined/install/px4_msgs/share/px4_msgs/hook/pythonpath.sh'
[8.709s] Level 1:colcon.colcon_core.environment:checking '/home/xingxunliu/ws_sensor_combined/install/px4_msgs/bin'
[8.714s] INFO:colcon.colcon_core.shell:Creating package script '/home/xingxunliu/ws_sensor_combined/install/px4_msgs/share/px4_msgs/package.ps1'
[8.720s] INFO:colcon.colcon_core.shell:Creating package descriptor '/home/xingxunliu/ws_sensor_combined/install/px4_msgs/share/px4_msgs/package.dsv'
[8.726s] INFO:colcon.colcon_core.shell:Creating package script '/home/xingxunliu/ws_sensor_combined/install/px4_msgs/share/px4_msgs/package.sh'
[8.730s] INFO:colcon.colcon_core.shell:Creating package script '/home/xingxunliu/ws_sensor_combined/install/px4_msgs/share/px4_msgs/package.bash'
[8.735s] INFO:colcon.colcon_core.shell:Creating package script '/home/xingxunliu/ws_sensor_combined/install/px4_msgs/share/px4_msgs/package.zsh'
[8.741s] Level 1:colcon.colcon_core.environment:create_file_with_runtime_dependencies(/home/xingxunliu/ws_sensor_combined/install/px4_msgs/share/colcon-core/packages/px4_msgs)
[8.784s] DEBUG:colcon.colcon_core.event_handler.log_command:Invoked command in '/home/xingxunliu/ws_sensor_combined/build/px4_msgs' returned '0': CMAKE_PREFIX_PATH=/opt/ros/foxy /usr/bin/cmake --install /home/xingxunliu/ws_sensor_combined/build/px4_msgs
[14.219s] Level 1:colcon.colcon_core.environment:create_environment_scripts_only(px4_msgs)
[14.223s] Level 1:colcon.colcon_core.environment:checking '/home/xingxunliu/ws_sensor_combined/install/px4_msgs' for CMake module files
[14.224s] Level 1:colcon.colcon_core.environment:checking '/home/xingxunliu/ws_sensor_combined/install/px4_msgs' for CMake config files
[14.226s] Level 1:colcon.colcon_core.shell:create_environment_hook('px4_msgs', 'cmake_prefix_path')
[14.229s] INFO:colcon.colcon_core.shell:Creating environment hook '/home/xingxunliu/ws_sensor_combined/install/px4_msgs/share/px4_msgs/hook/cmake_prefix_path.ps1'
[14.230s] INFO:colcon.colcon_core.shell:Creating environment descriptor '/home/xingxunliu/ws_sensor_combined/install/px4_msgs/share/px4_msgs/hook/cmake_prefix_path.dsv'
[14.231s] INFO:colcon.colcon_core.shell:Creating environment hook '/home/xingxunliu/ws_sensor_combined/install/px4_msgs/share/px4_msgs/hook/cmake_prefix_path.sh'
[14.233s] Level 1:colcon.colcon_core.environment:checking '/home/xingxunliu/ws_sensor_combined/install/px4_msgs/lib'
[14.233s] Level 1:colcon.colcon_core.shell:create_environment_hook('px4_msgs', 'ld_library_path_lib')
[14.236s] INFO:colcon.colcon_core.shell:Creating environment hook '/home/xingxunliu/ws_sensor_combined/install/px4_msgs/share/px4_msgs/hook/ld_library_path_lib.ps1'
[14.236s] INFO:colcon.colcon_core.shell:Creating environment descriptor '/home/xingxunliu/ws_sensor_combined/install/px4_msgs/share/px4_msgs/hook/ld_library_path_lib.dsv'
[14.237s] INFO:colcon.colcon_core.shell:Creating environment hook '/home/xingxunliu/ws_sensor_combined/install/px4_msgs/share/px4_msgs/hook/ld_library_path_lib.sh'
[14.237s] Level 1:colcon.colcon_core.environment:checking '/home/xingxunliu/ws_sensor_combined/install/px4_msgs/bin'
[14.238s] Level 1:colcon.colcon_core.environment:checking '/home/xingxunliu/ws_sensor_combined/install/px4_msgs/lib/pkgconfig/px4_msgs.pc'
[14.238s] Level 1:colcon.colcon_core.environment:checking '/home/xingxunliu/ws_sensor_combined/install/px4_msgs/lib/python3.8/site-packages'
[14.238s] Level 1:colcon.colcon_core.shell:create_environment_hook('px4_msgs', 'pythonpath')
[14.241s] INFO:colcon.colcon_core.shell:Creating environment hook '/home/xingxunliu/ws_sensor_combined/install/px4_msgs/share/px4_msgs/hook/pythonpath.ps1'
[14.242s] INFO:colcon.colcon_core.shell:Creating environment descriptor '/home/xingxunliu/ws_sensor_combined/install/px4_msgs/share/px4_msgs/hook/pythonpath.dsv'
[14.242s] INFO:colcon.colcon_core.shell:Creating environment hook '/home/xingxunliu/ws_sensor_combined/install/px4_msgs/share/px4_msgs/hook/pythonpath.sh'
[14.243s] Level 1:colcon.colcon_core.environment:checking '/home/xingxunliu/ws_sensor_combined/install/px4_msgs/bin'
[14.246s] INFO:colcon.colcon_core.shell:Creating package script '/home/xingxunliu/ws_sensor_combined/install/px4_msgs/share/px4_msgs/package.ps1'
[14.248s] INFO:colcon.colcon_core.shell:Creating package descriptor '/home/xingxunliu/ws_sensor_combined/install/px4_msgs/share/px4_msgs/package.dsv'
[14.249s] INFO:colcon.colcon_core.shell:Creating package script '/home/xingxunliu/ws_sensor_combined/install/px4_msgs/share/px4_msgs/package.sh'
[14.250s] INFO:colcon.colcon_core.shell:Creating package script '/home/xingxunliu/ws_sensor_combined/install/px4_msgs/share/px4_msgs/package.bash'
[14.250s] INFO:colcon.colcon_core.shell:Creating package script '/home/xingxunliu/ws_sensor_combined/install/px4_msgs/share/px4_msgs/package.zsh'
[14.251s] Level 1:colcon.colcon_core.environment:create_file_with_runtime_dependencies(/home/xingxunliu/ws_sensor_combined/install/px4_msgs/share/colcon-core/packages/px4_msgs)
[14.252s] INFO:colcon.colcon_ros.task.ament_cmake.build:Building ROS package in '/home/xingxunliu/ws_sensor_combined/src/px4_ros_com' with build type 'ament_cmake'
[14.252s] INFO:colcon.colcon_cmake.task.cmake.build:Building CMake package in '/home/xingxunliu/ws_sensor_combined/src/px4_ros_com'
[14.255s] INFO:colcon.colcon_core.shell:Skip shell extension 'powershell' for command environment: Not usable outside of PowerShell
[14.255s] DEBUG:colcon.colcon_core.shell:Skip shell extension 'dsv' for command environment
[14.279s] DEBUG:colcon.colcon_core.event_handler.log_command:Invoking command in '/home/xingxunliu/ws_sensor_combined/build/px4_ros_com': AMENT_PREFIX_PATH=/home/xingxunliu/ws_sensor_combined/install/px4_msgs:${AMENT_PREFIX_PATH} CMAKE_PREFIX_PATH=/home/xingxunliu/ws_sensor_combined/install/px4_msgs:/opt/ros/foxy LD_LIBRARY_PATH=/home/xingxunliu/ws_sensor_combined/install/px4_msgs/lib:${LD_LIBRARY_PATH} PYTHONPATH=/home/xingxunliu/ws_sensor_combined/install/px4_msgs/lib/python3.8/site-packages:${PYTHONPATH} /usr/bin/cmake --build /home/xingxunliu/ws_sensor_combined/build/px4_ros_com -- -j16 -l16
[29.503s] DEBUG:colcon.colcon_core.event_handler.log_command:Invoked command in '/home/xingxunliu/ws_sensor_combined/build/px4_ros_com' returned '0': AMENT_PREFIX_PATH=/home/xingxunliu/ws_sensor_combined/install/px4_msgs:${AMENT_PREFIX_PATH} CMAKE_PREFIX_PATH=/home/xingxunliu/ws_sensor_combined/install/px4_msgs:/opt/ros/foxy LD_LIBRARY_PATH=/home/xingxunliu/ws_sensor_combined/install/px4_msgs/lib:${LD_LIBRARY_PATH} PYTHONPATH=/home/xingxunliu/ws_sensor_combined/install/px4_msgs/lib/python3.8/site-packages:${PYTHONPATH} /usr/bin/cmake --build /home/xingxunliu/ws_sensor_combined/build/px4_ros_com -- -j16 -l16
[29.592s] DEBUG:colcon.colcon_core.event_handler.log_command:Invoking command in '/home/xingxunliu/ws_sensor_combined/build/px4_ros_com': AMENT_PREFIX_PATH=/home/xingxunliu/ws_sensor_combined/install/px4_msgs:${AMENT_PREFIX_PATH} CMAKE_PREFIX_PATH=/home/xingxunliu/ws_sensor_combined/install/px4_msgs:/opt/ros/foxy LD_LIBRARY_PATH=/home/xingxunliu/ws_sensor_combined/install/px4_msgs/lib:${LD_LIBRARY_PATH} PYTHONPATH=/home/xingxunliu/ws_sensor_combined/install/px4_msgs/lib/python3.8/site-packages:${PYTHONPATH} /usr/bin/cmake --install /home/xingxunliu/ws_sensor_combined/build/px4_ros_com
[29.632s] Level 1:colcon.colcon_core.environment:create_environment_scripts_only(px4_ros_com)
[29.637s] Level 1:colcon.colcon_core.environment:checking '/home/xingxunliu/ws_sensor_combined/install/px4_ros_com' for CMake module files
[29.638s] DEBUG:colcon.colcon_core.event_handler.log_command:Invoked command in '/home/xingxunliu/ws_sensor_combined/build/px4_ros_com' returned '0': AMENT_PREFIX_PATH=/home/xingxunliu/ws_sensor_combined/install/px4_msgs:${AMENT_PREFIX_PATH} CMAKE_PREFIX_PATH=/home/xingxunliu/ws_sensor_combined/install/px4_msgs:/opt/ros/foxy LD_LIBRARY_PATH=/home/xingxunliu/ws_sensor_combined/install/px4_msgs/lib:${LD_LIBRARY_PATH} PYTHONPATH=/home/xingxunliu/ws_sensor_combined/install/px4_msgs/lib/python3.8/site-packages:${PYTHONPATH} /usr/bin/cmake --install /home/xingxunliu/ws_sensor_combined/build/px4_ros_com
[29.640s] Level 1:colcon.colcon_core.environment:checking '/home/xingxunliu/ws_sensor_combined/install/px4_ros_com' for CMake config files
[29.640s] Level 1:colcon.colcon_core.shell:create_environment_hook('px4_ros_com', 'cmake_prefix_path')
[29.644s] INFO:colcon.colcon_core.shell:Creating environment hook '/home/xingxunliu/ws_sensor_combined/install/px4_ros_com/share/px4_ros_com/hook/cmake_prefix_path.ps1'
[29.645s] INFO:colcon.colcon_core.shell:Creating environment descriptor '/home/xingxunliu/ws_sensor_combined/install/px4_ros_com/share/px4_ros_com/hook/cmake_prefix_path.dsv'
[29.646s] INFO:colcon.colcon_core.shell:Creating environment hook '/home/xingxunliu/ws_sensor_combined/install/px4_ros_com/share/px4_ros_com/hook/cmake_prefix_path.sh'
[29.648s] Level 1:colcon.colcon_core.environment:checking '/home/xingxunliu/ws_sensor_combined/install/px4_ros_com/lib'
[29.648s] Level 1:colcon.colcon_core.shell:create_environment_hook('px4_ros_com', 'ld_library_path_lib')
[29.651s] INFO:colcon.colcon_core.shell:Creating environment hook '/home/xingxunliu/ws_sensor_combined/install/px4_ros_com/share/px4_ros_com/hook/ld_library_path_lib.ps1'
[29.652s] INFO:colcon.colcon_core.shell:Creating environment descriptor '/home/xingxunliu/ws_sensor_combined/install/px4_ros_com/share/px4_ros_com/hook/ld_library_path_lib.dsv'
[29.652s] INFO:colcon.colcon_core.shell:Creating environment hook '/home/xingxunliu/ws_sensor_combined/install/px4_ros_com/share/px4_ros_com/hook/ld_library_path_lib.sh'
[29.653s] Level 1:colcon.colcon_core.environment:checking '/home/xingxunliu/ws_sensor_combined/install/px4_ros_com/bin'
[29.653s] Level 1:colcon.colcon_core.environment:checking '/home/xingxunliu/ws_sensor_combined/install/px4_ros_com/lib/pkgconfig/px4_ros_com.pc'
[29.653s] Level 1:colcon.colcon_core.environment:checking '/home/xingxunliu/ws_sensor_combined/install/px4_ros_com/lib/python3.8/site-packages'
[29.653s] Level 1:colcon.colcon_core.environment:checking '/home/xingxunliu/ws_sensor_combined/install/px4_ros_com/bin'
[29.656s] INFO:colcon.colcon_core.shell:Creating package script '/home/xingxunliu/ws_sensor_combined/install/px4_ros_com/share/px4_ros_com/package.ps1'
[29.658s] INFO:colcon.colcon_core.shell:Creating package descriptor '/home/xingxunliu/ws_sensor_combined/install/px4_ros_com/share/px4_ros_com/package.dsv'
[29.658s] INFO:colcon.colcon_core.shell:Creating package script '/home/xingxunliu/ws_sensor_combined/install/px4_ros_com/share/px4_ros_com/package.sh'
[29.659s] INFO:colcon.colcon_core.shell:Creating package script '/home/xingxunliu/ws_sensor_combined/install/px4_ros_com/share/px4_ros_com/package.bash'
[29.659s] INFO:colcon.colcon_core.shell:Creating package script '/home/xingxunliu/ws_sensor_combined/install/px4_ros_com/share/px4_ros_com/package.zsh'
[29.660s] Level 1:colcon.colcon_core.environment:create_file_with_runtime_dependencies(/home/xingxunliu/ws_sensor_combined/install/px4_ros_com/share/colcon-core/packages/px4_ros_com)
[29.731s] Level 1:colcon.colcon_core.environment:create_environment_scripts_only(px4_ros_com)
[29.736s] Level 1:colcon.colcon_core.environment:checking '/home/xingxunliu/ws_sensor_combined/install/px4_ros_com' for CMake module files
[29.737s] Level 1:colcon.colcon_core.environment:checking '/home/xingxunliu/ws_sensor_combined/install/px4_ros_com' for CMake config files
[29.738s] Level 1:colcon.colcon_core.shell:create_environment_hook('px4_ros_com', 'cmake_prefix_path')
[29.741s] INFO:colcon.colcon_core.shell:Creating environment hook '/home/xingxunliu/ws_sensor_combined/install/px4_ros_com/share/px4_ros_com/hook/cmake_prefix_path.ps1'
[29.742s] INFO:colcon.colcon_core.shell:Creating environment descriptor '/home/xingxunliu/ws_sensor_combined/install/px4_ros_com/share/px4_ros_com/hook/cmake_prefix_path.dsv'
[29.743s] INFO:colcon.colcon_core.shell:Creating environment hook '/home/xingxunliu/ws_sensor_combined/install/px4_ros_com/share/px4_ros_com/hook/cmake_prefix_path.sh'
[29.744s] Level 1:colcon.colcon_core.environment:checking '/home/xingxunliu/ws_sensor_combined/install/px4_ros_com/lib'
[29.744s] Level 1:colcon.colcon_core.shell:create_environment_hook('px4_ros_com', 'ld_library_path_lib')
[29.747s] INFO:colcon.colcon_core.shell:Creating environment hook '/home/xingxunliu/ws_sensor_combined/install/px4_ros_com/share/px4_ros_com/hook/ld_library_path_lib.ps1'
[29.747s] INFO:colcon.colcon_core.shell:Creating environment descriptor '/home/xingxunliu/ws_sensor_combined/install/px4_ros_com/share/px4_ros_com/hook/ld_library_path_lib.dsv'
[29.748s] INFO:colcon.colcon_core.shell:Creating environment hook '/home/xingxunliu/ws_sensor_combined/install/px4_ros_com/share/px4_ros_com/hook/ld_library_path_lib.sh'
[29.748s] Level 1:colcon.colcon_core.environment:checking '/home/xingxunliu/ws_sensor_combined/install/px4_ros_com/bin'
[29.748s] Level 1:colcon.colcon_core.environment:checking '/home/xingxunliu/ws_sensor_combined/install/px4_ros_com/lib/pkgconfig/px4_ros_com.pc'
[29.749s] Level 1:colcon.colcon_core.environment:checking '/home/xingxunliu/ws_sensor_combined/install/px4_ros_com/lib/python3.8/site-packages'
[29.749s] Level 1:colcon.colcon_core.environment:checking '/home/xingxunliu/ws_sensor_combined/install/px4_ros_com/bin'
[29.752s] INFO:colcon.colcon_core.shell:Creating package script '/home/xingxunliu/ws_sensor_combined/install/px4_ros_com/share/px4_ros_com/package.ps1'
[29.754s] INFO:colcon.colcon_core.shell:Creating package descriptor '/home/xingxunliu/ws_sensor_combined/install/px4_ros_com/share/px4_ros_com/package.dsv'
[29.754s] INFO:colcon.colcon_core.shell:Creating package script '/home/xingxunliu/ws_sensor_combined/install/px4_ros_com/share/px4_ros_com/package.sh'
[29.755s] INFO:colcon.colcon_core.shell:Creating package script '/home/xingxunliu/ws_sensor_combined/install/px4_ros_com/share/px4_ros_com/package.bash'
[29.756s] INFO:colcon.colcon_core.shell:Creating package script '/home/xingxunliu/ws_sensor_combined/install/px4_ros_com/share/px4_ros_com/package.zsh'
[29.756s] Level 1:colcon.colcon_core.environment:create_file_with_runtime_dependencies(/home/xingxunliu/ws_sensor_combined/install/px4_ros_com/share/colcon-core/packages/px4_ros_com)
[29.757s] DEBUG:colcon.colcon_parallel_executor.executor.parallel:closing loop
[29.758s] DEBUG:colcon.colcon_parallel_executor.executor.parallel:loop closed
[29.758s] DEBUG:colcon.colcon_parallel_executor.executor.parallel:run_until_complete finished with '0'
[29.758s] DEBUG:colcon.colcon_core.event_reactor:joining thread
[29.769s] INFO:colcon.colcon_core.plugin_system:Skipping extension 'colcon_notification.desktop_notification.terminal_notifier': Not used on non-Darwin systems
[29.769s] INFO:colcon.colcon_core.plugin_system:Skipping extension 'colcon_notification.desktop_notification.win32': Not used on non-Windows systems
[29.769s] INFO:colcon.colcon_notification.desktop_notification:Sending desktop notification using 'notify2'
[29.798s] DEBUG:colcon.colcon_core.event_reactor:joined thread
[29.803s] INFO:colcon.colcon_core.shell:Creating prefix script '/home/xingxunliu/ws_sensor_combined/install/local_setup.ps1'
[29.805s] INFO:colcon.colcon_core.shell:Creating prefix util module '/home/xingxunliu/ws_sensor_combined/install/_local_setup_util_ps1.py'
[29.807s] INFO:colcon.colcon_core.shell:Creating prefix chain script '/home/xingxunliu/ws_sensor_combined/install/setup.ps1'
[29.810s] INFO:colcon.colcon_core.shell:Creating prefix script '/home/xingxunliu/ws_sensor_combined/install/local_setup.sh'
[29.811s] INFO:colcon.colcon_core.shell:Creating prefix util module '/home/xingxunliu/ws_sensor_combined/install/_local_setup_util_sh.py'
[29.812s] INFO:colcon.colcon_core.shell:Creating prefix chain script '/home/xingxunliu/ws_sensor_combined/install/setup.sh'
[29.815s] INFO:colcon.colcon_core.shell:Creating prefix script '/home/xingxunliu/ws_sensor_combined/install/local_setup.bash'
[29.817s] INFO:colcon.colcon_core.shell:Creating prefix chain script '/home/xingxunliu/ws_sensor_combined/install/setup.bash'
[29.820s] INFO:colcon.colcon_core.shell:Creating prefix script '/home/xingxunliu/ws_sensor_combined/install/local_setup.zsh'
[29.820s] INFO:colcon.colcon_core.shell:Creating prefix chain script '/home/xingxunliu/ws_sensor_combined/install/setup.zsh'
