[0.338s] DEBUG:colcon:Command line arguments: ['/usr/bin/colcon', 'build']
[0.338s] DEBUG:colcon:Parsed command line arguments: Namespace(allow_overriding=[], ament_cmake_args=None, base_paths=['.'], build_base='build', catkin_cmake_args=None, catkin_skip_building_tests=False, cmake_args=None, cmake_clean_cache=False, cmake_clean_first=False, cmake_force_configure=False, cmake_target=None, cmake_target_skip_unavailable=False, continue_on_error=False, event_handlers=None, executor='parallel', ignore_user_meta=False, install_base='install', log_base=None, log_level=None, main=<bound method BuildVerb.main of <colcon_core.verb.build.BuildVerb object at 0x7f6eae1af0a0>>, merge_install=False, metas=['./colcon.meta'], packages_above=None, packages_above_and_dependencies=None, packages_above_depth=None, packages_end=None, packages_ignore=None, packages_ignore_regex=None, packages_select=None, packages_select_build_failed=False, packages_select_by_dep=None, packages_select_regex=None, packages_select_test_failures=False, packages_skip=None, packages_skip_build_finished=False, packages_skip_by_dep=None, packages_skip_regex=None, packages_skip_test_passed=False, packages_skip_up_to=None, packages_start=None, packages_up_to=None, packages_up_to_regex=None, parallel_workers=16, paths=None, symlink_install=False, test_result_base=None, verb_extension=<colcon_core.verb.build.BuildVerb object at 0x7f6eae1af0a0>, verb_name='build', verb_parser=<colcon_defaults.argument_parser.defaults.DefaultArgumentsDecorator object at 0x7f6eae0fa070>)
[0.389s] Level 1:colcon.colcon_core.package_discovery:discover_packages(colcon_meta) check parameters
[0.389s] Level 1:colcon.colcon_core.package_discovery:discover_packages(recursive) check parameters
[0.390s] Level 1:colcon.colcon_core.package_discovery:discover_packages(ignore) check parameters
[0.390s] Level 1:colcon.colcon_core.package_discovery:discover_packages(path) check parameters
[0.390s] Level 1:colcon.colcon_core.package_discovery:discover_packages(colcon_meta) discover
[0.390s] Level 1:colcon.colcon_core.package_discovery:discover_packages(recursive) discover
[0.390s] INFO:colcon.colcon_core.package_discovery:Crawling recursively for packages in '/home/xingxunliu/ws_sensor_combined'
[0.390s] Level 1:colcon.colcon_core.package_identification:_identify(.) by extensions ['ignore', 'ignore_ament_install']
[0.390s] Level 1:colcon.colcon_core.package_identification:_identify(.) by extension 'ignore'
[0.390s] Level 1:colcon.colcon_core.package_identification:_identify(.) by extension 'ignore_ament_install'
[0.390s] Level 1:colcon.colcon_core.package_identification:_identify(.) by extensions ['colcon_pkg']
[0.390s] Level 1:colcon.colcon_core.package_identification:_identify(.) by extension 'colcon_pkg'
[0.390s] Level 1:colcon.colcon_core.package_identification:_identify(.) by extensions ['colcon_meta']
[0.390s] Level 1:colcon.colcon_core.package_identification:_identify(.) by extension 'colcon_meta'
[0.390s] Level 1:colcon.colcon_core.package_identification:_identify(.) by extensions ['ros']
[0.390s] Level 1:colcon.colcon_core.package_identification:_identify(.) by extension 'ros'
[0.407s] Level 1:colcon.colcon_core.package_identification:_identify(.) by extensions ['cmake', 'python']
[0.407s] Level 1:colcon.colcon_core.package_identification:_identify(.) by extension 'cmake'
[0.408s] Level 1:colcon.colcon_core.package_identification:_identify(.) by extension 'python'
[0.408s] Level 1:colcon.colcon_core.package_identification:_identify(.) by extensions ['python_setup_py']
[0.408s] Level 1:colcon.colcon_core.package_identification:_identify(.) by extension 'python_setup_py'
[0.408s] Level 1:colcon.colcon_core.package_identification:_identify(build) by extensions ['ignore', 'ignore_ament_install']
[0.408s] Level 1:colcon.colcon_core.package_identification:_identify(build) by extension 'ignore'
[0.408s] Level 1:colcon.colcon_core.package_identification:_identify(build) ignored
[0.408s] Level 1:colcon.colcon_core.package_identification:_identify(install) by extensions ['ignore', 'ignore_ament_install']
[0.408s] Level 1:colcon.colcon_core.package_identification:_identify(install) by extension 'ignore'
[0.408s] Level 1:colcon.colcon_core.package_identification:_identify(install) ignored
[0.408s] Level 1:colcon.colcon_core.package_identification:_identify(log) by extensions ['ignore', 'ignore_ament_install']
[0.409s] Level 1:colcon.colcon_core.package_identification:_identify(log) by extension 'ignore'
[0.409s] Level 1:colcon.colcon_core.package_identification:_identify(log) ignored
[0.409s] Level 1:colcon.colcon_core.package_identification:_identify(src) by extensions ['ignore', 'ignore_ament_install']
[0.409s] Level 1:colcon.colcon_core.package_identification:_identify(src) by extension 'ignore'
[0.409s] Level 1:colcon.colcon_core.package_identification:_identify(src) by extension 'ignore_ament_install'
[0.409s] Level 1:colcon.colcon_core.package_identification:_identify(src) by extensions ['colcon_pkg']
[0.409s] Level 1:colcon.colcon_core.package_identification:_identify(src) by extension 'colcon_pkg'
[0.409s] Level 1:colcon.colcon_core.package_identification:_identify(src) by extensions ['colcon_meta']
[0.409s] Level 1:colcon.colcon_core.package_identification:_identify(src) by extension 'colcon_meta'
[0.409s] Level 1:colcon.colcon_core.package_identification:_identify(src) by extensions ['ros']
[0.409s] Level 1:colcon.colcon_core.package_identification:_identify(src) by extension 'ros'
[0.409s] Level 1:colcon.colcon_core.package_identification:_identify(src) by extensions ['cmake', 'python']
[0.409s] Level 1:colcon.colcon_core.package_identification:_identify(src) by extension 'cmake'
[0.409s] Level 1:colcon.colcon_core.package_identification:_identify(src) by extension 'python'
[0.409s] Level 1:colcon.colcon_core.package_identification:_identify(src) by extensions ['python_setup_py']
[0.409s] Level 1:colcon.colcon_core.package_identification:_identify(src) by extension 'python_setup_py'
[0.409s] Level 1:colcon.colcon_core.package_identification:_identify(src/launch) by extensions ['ignore', 'ignore_ament_install']
[0.409s] Level 1:colcon.colcon_core.package_identification:_identify(src/launch) by extension 'ignore'
[0.409s] Level 1:colcon.colcon_core.package_identification:_identify(src/launch) by extension 'ignore_ament_install'
[0.410s] Level 1:colcon.colcon_core.package_identification:_identify(src/launch) by extensions ['colcon_pkg']
[0.410s] Level 1:colcon.colcon_core.package_identification:_identify(src/launch) by extension 'colcon_pkg'
[0.410s] Level 1:colcon.colcon_core.package_identification:_identify(src/launch) by extensions ['colcon_meta']
[0.410s] Level 1:colcon.colcon_core.package_identification:_identify(src/launch) by extension 'colcon_meta'
[0.410s] Level 1:colcon.colcon_core.package_identification:_identify(src/launch) by extensions ['ros']
[0.410s] Level 1:colcon.colcon_core.package_identification:_identify(src/launch) by extension 'ros'
[0.410s] Level 1:colcon.colcon_core.package_identification:_identify(src/launch) by extensions ['cmake', 'python']
[0.410s] Level 1:colcon.colcon_core.package_identification:_identify(src/launch) by extension 'cmake'
[0.410s] Level 1:colcon.colcon_core.package_identification:_identify(src/launch) by extension 'python'
[0.410s] Level 1:colcon.colcon_core.package_identification:_identify(src/launch) by extensions ['python_setup_py']
[0.410s] Level 1:colcon.colcon_core.package_identification:_identify(src/launch) by extension 'python_setup_py'
[0.410s] Level 1:colcon.colcon_core.package_identification:_identify(src/px4_msgs) by extensions ['ignore', 'ignore_ament_install']
[0.410s] Level 1:colcon.colcon_core.package_identification:_identify(src/px4_msgs) by extension 'ignore'
[0.410s] Level 1:colcon.colcon_core.package_identification:_identify(src/px4_msgs) by extension 'ignore_ament_install'
[0.410s] Level 1:colcon.colcon_core.package_identification:_identify(src/px4_msgs) by extensions ['colcon_pkg']
[0.410s] Level 1:colcon.colcon_core.package_identification:_identify(src/px4_msgs) by extension 'colcon_pkg'
[0.410s] Level 1:colcon.colcon_core.package_identification:_identify(src/px4_msgs) by extensions ['colcon_meta']
[0.410s] Level 1:colcon.colcon_core.package_identification:_identify(src/px4_msgs) by extension 'colcon_meta'
[0.410s] Level 1:colcon.colcon_core.package_identification:_identify(src/px4_msgs) by extensions ['ros']
[0.410s] Level 1:colcon.colcon_core.package_identification:_identify(src/px4_msgs) by extension 'ros'
[0.414s] DEBUG:colcon.colcon_core.package_identification:Package 'src/px4_msgs' with type 'ros.ament_cmake' and name 'px4_msgs'
[0.414s] Level 1:colcon.colcon_core.package_identification:_identify(src/px4_ros_com) by extensions ['ignore', 'ignore_ament_install']
[0.414s] Level 1:colcon.colcon_core.package_identification:_identify(src/px4_ros_com) by extension 'ignore'
[0.415s] Level 1:colcon.colcon_core.package_identification:_identify(src/px4_ros_com) by extension 'ignore_ament_install'
[0.415s] Level 1:colcon.colcon_core.package_identification:_identify(src/px4_ros_com) by extensions ['colcon_pkg']
[0.415s] Level 1:colcon.colcon_core.package_identification:_identify(src/px4_ros_com) by extension 'colcon_pkg'
[0.415s] Level 1:colcon.colcon_core.package_identification:_identify(src/px4_ros_com) by extensions ['colcon_meta']
[0.415s] Level 1:colcon.colcon_core.package_identification:_identify(src/px4_ros_com) by extension 'colcon_meta'
[0.415s] Level 1:colcon.colcon_core.package_identification:_identify(src/px4_ros_com) by extensions ['ros']
[0.415s] Level 1:colcon.colcon_core.package_identification:_identify(src/px4_ros_com) by extension 'ros'
[0.417s] DEBUG:colcon.colcon_core.package_identification:Package 'src/px4_ros_com' with type 'ros.ament_cmake' and name 'px4_ros_com'
[0.417s] Level 1:colcon.colcon_core.package_discovery:discover_packages(recursive) using defaults
[0.417s] Level 1:colcon.colcon_core.package_discovery:discover_packages(ignore) discover
[0.417s] Level 1:colcon.colcon_core.package_discovery:discover_packages(ignore) using defaults
[0.417s] Level 1:colcon.colcon_core.package_discovery:discover_packages(path) discover
[0.417s] Level 1:colcon.colcon_core.package_discovery:discover_packages(path) using defaults
[0.452s] Level 1:colcon.colcon_core.package_discovery:discover_packages(prefix_path) check parameters
[0.452s] Level 1:colcon.colcon_core.package_discovery:discover_packages(prefix_path) discover
[0.460s] DEBUG:colcon.colcon_installed_package_information.package_discovery:Found 2 installed packages in /home/xingxunliu/ws_sensor_combined/install
[0.463s] DEBUG:colcon.colcon_installed_package_information.package_discovery:Found 256 installed packages in /opt/ros/foxy
[0.465s] Level 1:colcon.colcon_core.package_discovery:discover_packages(prefix_path) using defaults
[0.515s] Level 5:colcon.colcon_core.verb:set package 'px4_msgs' build argument 'cmake_args' from command line to 'None'
[0.516s] Level 5:colcon.colcon_core.verb:set package 'px4_msgs' build argument 'cmake_target' from command line to 'None'
[0.516s] Level 5:colcon.colcon_core.verb:set package 'px4_msgs' build argument 'cmake_target_skip_unavailable' from command line to 'False'
[0.516s] Level 5:colcon.colcon_core.verb:set package 'px4_msgs' build argument 'cmake_clean_cache' from command line to 'False'
[0.516s] Level 5:colcon.colcon_core.verb:set package 'px4_msgs' build argument 'cmake_clean_first' from command line to 'False'
[0.516s] Level 5:colcon.colcon_core.verb:set package 'px4_msgs' build argument 'cmake_force_configure' from command line to 'False'
[0.516s] Level 5:colcon.colcon_core.verb:set package 'px4_msgs' build argument 'ament_cmake_args' from command line to 'None'
[0.516s] Level 5:colcon.colcon_core.verb:set package 'px4_msgs' build argument 'catkin_cmake_args' from command line to 'None'
[0.516s] Level 5:colcon.colcon_core.verb:set package 'px4_msgs' build argument 'catkin_skip_building_tests' from command line to 'False'
[0.516s] DEBUG:colcon.colcon_core.verb:Building package 'px4_msgs' with the following arguments: {'ament_cmake_args': None, 'build_base': '/home/xingxunliu/ws_sensor_combined/build/px4_msgs', 'catkin_cmake_args': None, 'catkin_skip_building_tests': False, 'cmake_args': None, 'cmake_clean_cache': False, 'cmake_clean_first': False, 'cmake_force_configure': False, 'cmake_target': None, 'cmake_target_skip_unavailable': False, 'install_base': '/home/xingxunliu/ws_sensor_combined/install/px4_msgs', 'merge_install': False, 'path': '/home/xingxunliu/ws_sensor_combined/src/px4_msgs', 'symlink_install': False, 'test_result_base': None}
[0.518s] Level 5:colcon.colcon_core.verb:set package 'px4_ros_com' build argument 'cmake_args' from command line to 'None'
[0.518s] Level 5:colcon.colcon_core.verb:set package 'px4_ros_com' build argument 'cmake_target' from command line to 'None'
[0.518s] Level 5:colcon.colcon_core.verb:set package 'px4_ros_com' build argument 'cmake_target_skip_unavailable' from command line to 'False'
[0.518s] Level 5:colcon.colcon_core.verb:set package 'px4_ros_com' build argument 'cmake_clean_cache' from command line to 'False'
[0.518s] Level 5:colcon.colcon_core.verb:set package 'px4_ros_com' build argument 'cmake_clean_first' from command line to 'False'
[0.518s] Level 5:colcon.colcon_core.verb:set package 'px4_ros_com' build argument 'cmake_force_configure' from command line to 'False'
[0.518s] Level 5:colcon.colcon_core.verb:set package 'px4_ros_com' build argument 'ament_cmake_args' from command line to 'None'
[0.518s] Level 5:colcon.colcon_core.verb:set package 'px4_ros_com' build argument 'catkin_cmake_args' from command line to 'None'
[0.518s] Level 5:colcon.colcon_core.verb:set package 'px4_ros_com' build argument 'catkin_skip_building_tests' from command line to 'False'
[0.518s] DEBUG:colcon.colcon_core.verb:Building package 'px4_ros_com' with the following arguments: {'ament_cmake_args': None, 'build_base': '/home/xingxunliu/ws_sensor_combined/build/px4_ros_com', 'catkin_cmake_args': None, 'catkin_skip_building_tests': False, 'cmake_args': None, 'cmake_clean_cache': False, 'cmake_clean_first': False, 'cmake_force_configure': False, 'cmake_target': None, 'cmake_target_skip_unavailable': False, 'install_base': '/home/xingxunliu/ws_sensor_combined/install/px4_ros_com', 'merge_install': False, 'path': '/home/xingxunliu/ws_sensor_combined/src/px4_ros_com', 'symlink_install': False, 'test_result_base': None}
[0.519s] INFO:colcon.colcon_core.executor:Executing jobs using 'parallel' executor
[0.524s] DEBUG:colcon.colcon_parallel_executor.executor.parallel:run_until_complete
[0.525s] INFO:colcon.colcon_ros.task.ament_cmake.build:Building ROS package in '/home/xingxunliu/ws_sensor_combined/src/px4_msgs' with build type 'ament_cmake'
[0.525s] INFO:colcon.colcon_cmake.task.cmake.build:Building CMake package in '/home/xingxunliu/ws_sensor_combined/src/px4_msgs'
[0.530s] INFO:colcon.colcon_core.plugin_system:Skipping extension 'colcon_core.shell.bat': Not used on non-Windows systems
[0.530s] INFO:colcon.colcon_core.shell:Skip shell extension 'powershell' for command environment: Not usable outside of PowerShell
[0.530s] DEBUG:colcon.colcon_core.shell:Skip shell extension 'dsv' for command environment
[0.555s] DEBUG:colcon.colcon_core.event_handler.log_command:Invoking command in '/home/xingxunliu/ws_sensor_combined/build/px4_msgs': CMAKE_PREFIX_PATH=${CMAKE_PREFIX_PATH}:/opt/ros/foxy /usr/bin/cmake --build /home/xingxunliu/ws_sensor_combined/build/px4_msgs -- -j16 -l16
[1.940s] DEBUG:colcon.colcon_core.event_handler.log_command:Invoked command in '/home/xingxunliu/ws_sensor_combined/build/px4_msgs' returned '0': CMAKE_PREFIX_PATH=${CMAKE_PREFIX_PATH}:/opt/ros/foxy /usr/bin/cmake --build /home/xingxunliu/ws_sensor_combined/build/px4_msgs -- -j16 -l16
[8.188s] DEBUG:colcon.colcon_core.event_handler.log_command:Invoking command in '/home/xingxunliu/ws_sensor_combined/build/px4_msgs': CMAKE_PREFIX_PATH=${CMAKE_PREFIX_PATH}:/opt/ros/foxy /usr/bin/cmake --install /home/xingxunliu/ws_sensor_combined/build/px4_msgs
[8.589s] Level 1:colcon.colcon_core.environment:create_environment_scripts_only(px4_msgs)
[8.615s] Level 1:colcon.colcon_core.environment:checking '/home/xingxunliu/ws_sensor_combined/install/px4_msgs' for CMake module files
[8.620s] Level 1:colcon.colcon_core.environment:checking '/home/xingxunliu/ws_sensor_combined/install/px4_msgs' for CMake config files
[8.639s] Level 1:colcon.colcon_core.shell:create_environment_hook('px4_msgs', 'cmake_prefix_path')
[8.643s] INFO:colcon.colcon_core.shell:Creating environment hook '/home/xingxunliu/ws_sensor_combined/install/px4_msgs/share/px4_msgs/hook/cmake_prefix_path.ps1'
[8.647s] INFO:colcon.colcon_core.shell:Creating environment descriptor '/home/xingxunliu/ws_sensor_combined/install/px4_msgs/share/px4_msgs/hook/cmake_prefix_path.dsv'
[8.651s] INFO:colcon.colcon_core.shell:Creating environment hook '/home/xingxunliu/ws_sensor_combined/install/px4_msgs/share/px4_msgs/hook/cmake_prefix_path.sh'
[8.660s] Level 1:colcon.colcon_core.environment:checking '/home/xingxunliu/ws_sensor_combined/install/px4_msgs/lib'
[8.660s] Level 1:colcon.colcon_core.shell:create_environment_hook('px4_msgs', 'ld_library_path_lib')
[8.664s] INFO:colcon.colcon_core.shell:Creating environment hook '/home/xingxunliu/ws_sensor_combined/install/px4_msgs/share/px4_msgs/hook/ld_library_path_lib.ps1'
[8.667s] INFO:colcon.colcon_core.shell:Creating environment descriptor '/home/xingxunliu/ws_sensor_combined/install/px4_msgs/share/px4_msgs/hook/ld_library_path_lib.dsv'
[8.687s] INFO:colcon.colcon_core.shell:Creating environment hook '/home/xingxunliu/ws_sensor_combined/install/px4_msgs/share/px4_msgs/hook/ld_library_path_lib.sh'
[8.691s] Level 1:colcon.colcon_core.environment:checking '/home/xingxunliu/ws_sensor_combined/install/px4_msgs/bin'
[8.692s] Level 1:colcon.colcon_core.environment:checking '/home/xingxunliu/ws_sensor_combined/install/px4_msgs/lib/pkgconfig/px4_msgs.pc'
[8.693s] Level 1:colcon.colcon_core.environment:checking '/home/xingxunliu/ws_sensor_combined/install/px4_msgs/lib/python3.8/site-packages'
[8.693s] Level 1:colcon.colcon_core.shell:create_environment_hook('px4_msgs', 'pythonpath')
[8.697s] INFO:colcon.colcon_core.shell:Creating environment hook '/home/xingxunliu/ws_sensor_combined/install/px4_msgs/share/px4_msgs/hook/pythonpath.ps1'
[8.699s] INFO:colcon.colcon_core.shell:Creating environment descriptor '/home/xingxunliu/ws_sensor_combined/install/px4_msgs/share/px4_msgs/hook/pythonpath.dsv'
[8.702s] INFO:colcon.colcon_core.shell:Creating environment hook '/home/xingxunliu/ws_sensor_combined/install/px4_msgs/share/px4_msgs/hook/pythonpath.sh'
[8.707s] Level 1:colcon.colcon_core.environment:checking '/home/xingxunliu/ws_sensor_combined/install/px4_msgs/bin'
[8.711s] INFO:colcon.colcon_core.shell:Creating package script '/home/xingxunliu/ws_sensor_combined/install/px4_msgs/share/px4_msgs/package.ps1'
[8.717s] INFO:colcon.colcon_core.shell:Creating package descriptor '/home/xingxunliu/ws_sensor_combined/install/px4_msgs/share/px4_msgs/package.dsv'
[8.721s] INFO:colcon.colcon_core.shell:Creating package script '/home/xingxunliu/ws_sensor_combined/install/px4_msgs/share/px4_msgs/package.sh'
[8.727s] INFO:colcon.colcon_core.shell:Creating package script '/home/xingxunliu/ws_sensor_combined/install/px4_msgs/share/px4_msgs/package.bash'
[8.784s] INFO:colcon.colcon_core.shell:Creating package script '/home/xingxunliu/ws_sensor_combined/install/px4_msgs/share/px4_msgs/package.zsh'
[8.788s] Level 1:colcon.colcon_core.environment:create_file_with_runtime_dependencies(/home/xingxunliu/ws_sensor_combined/install/px4_msgs/share/colcon-core/packages/px4_msgs)
[8.818s] DEBUG:colcon.colcon_core.event_handler.log_command:Invoked command in '/home/xingxunliu/ws_sensor_combined/build/px4_msgs' returned '0': CMAKE_PREFIX_PATH=${CMAKE_PREFIX_PATH}:/opt/ros/foxy /usr/bin/cmake --install /home/xingxunliu/ws_sensor_combined/build/px4_msgs
[15.028s] Level 1:colcon.colcon_core.environment:create_environment_scripts_only(px4_msgs)
[15.033s] Level 1:colcon.colcon_core.environment:checking '/home/xingxunliu/ws_sensor_combined/install/px4_msgs' for CMake module files
[15.035s] Level 1:colcon.colcon_core.environment:checking '/home/xingxunliu/ws_sensor_combined/install/px4_msgs' for CMake config files
[15.037s] Level 1:colcon.colcon_core.shell:create_environment_hook('px4_msgs', 'cmake_prefix_path')
[15.041s] INFO:colcon.colcon_core.shell:Creating environment hook '/home/xingxunliu/ws_sensor_combined/install/px4_msgs/share/px4_msgs/hook/cmake_prefix_path.ps1'
[15.042s] INFO:colcon.colcon_core.shell:Creating environment descriptor '/home/xingxunliu/ws_sensor_combined/install/px4_msgs/share/px4_msgs/hook/cmake_prefix_path.dsv'
[15.042s] INFO:colcon.colcon_core.shell:Creating environment hook '/home/xingxunliu/ws_sensor_combined/install/px4_msgs/share/px4_msgs/hook/cmake_prefix_path.sh'
[15.043s] Level 1:colcon.colcon_core.environment:checking '/home/xingxunliu/ws_sensor_combined/install/px4_msgs/lib'
[15.043s] Level 1:colcon.colcon_core.shell:create_environment_hook('px4_msgs', 'ld_library_path_lib')
[15.045s] INFO:colcon.colcon_core.shell:Creating environment hook '/home/xingxunliu/ws_sensor_combined/install/px4_msgs/share/px4_msgs/hook/ld_library_path_lib.ps1'
[15.046s] INFO:colcon.colcon_core.shell:Creating environment descriptor '/home/xingxunliu/ws_sensor_combined/install/px4_msgs/share/px4_msgs/hook/ld_library_path_lib.dsv'
[15.046s] INFO:colcon.colcon_core.shell:Creating environment hook '/home/xingxunliu/ws_sensor_combined/install/px4_msgs/share/px4_msgs/hook/ld_library_path_lib.sh'
[15.047s] Level 1:colcon.colcon_core.environment:checking '/home/xingxunliu/ws_sensor_combined/install/px4_msgs/bin'
[15.047s] Level 1:colcon.colcon_core.environment:checking '/home/xingxunliu/ws_sensor_combined/install/px4_msgs/lib/pkgconfig/px4_msgs.pc'
[15.047s] Level 1:colcon.colcon_core.environment:checking '/home/xingxunliu/ws_sensor_combined/install/px4_msgs/lib/python3.8/site-packages'
[15.047s] Level 1:colcon.colcon_core.shell:create_environment_hook('px4_msgs', 'pythonpath')
[15.049s] INFO:colcon.colcon_core.shell:Creating environment hook '/home/xingxunliu/ws_sensor_combined/install/px4_msgs/share/px4_msgs/hook/pythonpath.ps1'
[15.050s] INFO:colcon.colcon_core.shell:Creating environment descriptor '/home/xingxunliu/ws_sensor_combined/install/px4_msgs/share/px4_msgs/hook/pythonpath.dsv'
[15.051s] INFO:colcon.colcon_core.shell:Creating environment hook '/home/xingxunliu/ws_sensor_combined/install/px4_msgs/share/px4_msgs/hook/pythonpath.sh'
[15.147s] Level 1:colcon.colcon_core.environment:checking '/home/xingxunliu/ws_sensor_combined/install/px4_msgs/bin'
[15.151s] INFO:colcon.colcon_core.shell:Creating package script '/home/xingxunliu/ws_sensor_combined/install/px4_msgs/share/px4_msgs/package.ps1'
[15.153s] INFO:colcon.colcon_core.shell:Creating package descriptor '/home/xingxunliu/ws_sensor_combined/install/px4_msgs/share/px4_msgs/package.dsv'
[15.155s] INFO:colcon.colcon_core.shell:Creating package script '/home/xingxunliu/ws_sensor_combined/install/px4_msgs/share/px4_msgs/package.sh'
[15.156s] INFO:colcon.colcon_core.shell:Creating package script '/home/xingxunliu/ws_sensor_combined/install/px4_msgs/share/px4_msgs/package.bash'
[15.156s] INFO:colcon.colcon_core.shell:Creating package script '/home/xingxunliu/ws_sensor_combined/install/px4_msgs/share/px4_msgs/package.zsh'
[15.158s] Level 1:colcon.colcon_core.environment:create_file_with_runtime_dependencies(/home/xingxunliu/ws_sensor_combined/install/px4_msgs/share/colcon-core/packages/px4_msgs)
[15.159s] INFO:colcon.colcon_ros.task.ament_cmake.build:Building ROS package in '/home/xingxunliu/ws_sensor_combined/src/px4_ros_com' with build type 'ament_cmake'
[15.159s] INFO:colcon.colcon_cmake.task.cmake.build:Building CMake package in '/home/xingxunliu/ws_sensor_combined/src/px4_ros_com'
[15.163s] INFO:colcon.colcon_core.shell:Skip shell extension 'powershell' for command environment: Not usable outside of PowerShell
[15.164s] DEBUG:colcon.colcon_core.shell:Skip shell extension 'dsv' for command environment
[15.274s] DEBUG:colcon.colcon_core.event_handler.log_command:Invoking command in '/home/xingxunliu/ws_sensor_combined/build/px4_ros_com': CMAKE_PREFIX_PATH=/home/xingxunliu/ws_sensor_combined/install/px4_msgs:/home/xingxunliu/ws_sensor_combined/install/px4_ros_com:/opt/ros/foxy LD_LIBRARY_PATH=/home/xingxunliu/ws_sensor_combined/install/px4_msgs/lib:/home/xingxunliu/ws_sensor_combined/install/px4_ros_com/lib:/opt/ros/foxy/opt/yaml_cpp_vendor/lib:/opt/ros/foxy/opt/rviz_ogre_vendor/lib:/opt/ros/foxy/lib/x86_64-linux-gnu:/opt/ros/foxy/lib /usr/bin/cmake --build /home/xingxunliu/ws_sensor_combined/build/px4_ros_com -- -j16 -l16
[15.442s] DEBUG:colcon.colcon_core.event_handler.log_command:Invoked command in '/home/xingxunliu/ws_sensor_combined/build/px4_ros_com' returned '0': CMAKE_PREFIX_PATH=/home/xingxunliu/ws_sensor_combined/install/px4_msgs:/home/xingxunliu/ws_sensor_combined/install/px4_ros_com:/opt/ros/foxy LD_LIBRARY_PATH=/home/xingxunliu/ws_sensor_combined/install/px4_msgs/lib:/home/xingxunliu/ws_sensor_combined/install/px4_ros_com/lib:/opt/ros/foxy/opt/yaml_cpp_vendor/lib:/opt/ros/foxy/opt/rviz_ogre_vendor/lib:/opt/ros/foxy/lib/x86_64-linux-gnu:/opt/ros/foxy/lib /usr/bin/cmake --build /home/xingxunliu/ws_sensor_combined/build/px4_ros_com -- -j16 -l16
[15.544s] DEBUG:colcon.colcon_core.event_handler.log_command:Invoking command in '/home/xingxunliu/ws_sensor_combined/build/px4_ros_com': CMAKE_PREFIX_PATH=/home/xingxunliu/ws_sensor_combined/install/px4_msgs:/home/xingxunliu/ws_sensor_combined/install/px4_ros_com:/opt/ros/foxy LD_LIBRARY_PATH=/home/xingxunliu/ws_sensor_combined/install/px4_msgs/lib:/home/xingxunliu/ws_sensor_combined/install/px4_ros_com/lib:/opt/ros/foxy/opt/yaml_cpp_vendor/lib:/opt/ros/foxy/opt/rviz_ogre_vendor/lib:/opt/ros/foxy/lib/x86_64-linux-gnu:/opt/ros/foxy/lib /usr/bin/cmake --install /home/xingxunliu/ws_sensor_combined/build/px4_ros_com
[15.571s] Level 1:colcon.colcon_core.environment:create_environment_scripts_only(px4_ros_com)
[15.575s] Level 1:colcon.colcon_core.environment:checking '/home/xingxunliu/ws_sensor_combined/install/px4_ros_com' for CMake module files
[15.577s] DEBUG:colcon.colcon_core.event_handler.log_command:Invoked command in '/home/xingxunliu/ws_sensor_combined/build/px4_ros_com' returned '0': CMAKE_PREFIX_PATH=/home/xingxunliu/ws_sensor_combined/install/px4_msgs:/home/xingxunliu/ws_sensor_combined/install/px4_ros_com:/opt/ros/foxy LD_LIBRARY_PATH=/home/xingxunliu/ws_sensor_combined/install/px4_msgs/lib:/home/xingxunliu/ws_sensor_combined/install/px4_ros_com/lib:/opt/ros/foxy/opt/yaml_cpp_vendor/lib:/opt/ros/foxy/opt/rviz_ogre_vendor/lib:/opt/ros/foxy/lib/x86_64-linux-gnu:/opt/ros/foxy/lib /usr/bin/cmake --install /home/xingxunliu/ws_sensor_combined/build/px4_ros_com
[15.578s] Level 1:colcon.colcon_core.environment:checking '/home/xingxunliu/ws_sensor_combined/install/px4_ros_com' for CMake config files
[15.578s] Level 1:colcon.colcon_core.shell:create_environment_hook('px4_ros_com', 'cmake_prefix_path')
[15.581s] INFO:colcon.colcon_core.shell:Creating environment hook '/home/xingxunliu/ws_sensor_combined/install/px4_ros_com/share/px4_ros_com/hook/cmake_prefix_path.ps1'
[15.582s] INFO:colcon.colcon_core.shell:Creating environment descriptor '/home/xingxunliu/ws_sensor_combined/install/px4_ros_com/share/px4_ros_com/hook/cmake_prefix_path.dsv'
[15.583s] INFO:colcon.colcon_core.shell:Creating environment hook '/home/xingxunliu/ws_sensor_combined/install/px4_ros_com/share/px4_ros_com/hook/cmake_prefix_path.sh'
[15.584s] Level 1:colcon.colcon_core.environment:checking '/home/xingxunliu/ws_sensor_combined/install/px4_ros_com/lib'
[15.584s] Level 1:colcon.colcon_core.shell:create_environment_hook('px4_ros_com', 'ld_library_path_lib')
[15.587s] INFO:colcon.colcon_core.shell:Creating environment hook '/home/xingxunliu/ws_sensor_combined/install/px4_ros_com/share/px4_ros_com/hook/ld_library_path_lib.ps1'
[15.588s] INFO:colcon.colcon_core.shell:Creating environment descriptor '/home/xingxunliu/ws_sensor_combined/install/px4_ros_com/share/px4_ros_com/hook/ld_library_path_lib.dsv'
[15.589s] INFO:colcon.colcon_core.shell:Creating environment hook '/home/xingxunliu/ws_sensor_combined/install/px4_ros_com/share/px4_ros_com/hook/ld_library_path_lib.sh'
[15.590s] Level 1:colcon.colcon_core.environment:checking '/home/xingxunliu/ws_sensor_combined/install/px4_ros_com/bin'
[15.590s] Level 1:colcon.colcon_core.environment:checking '/home/xingxunliu/ws_sensor_combined/install/px4_ros_com/lib/pkgconfig/px4_ros_com.pc'
[15.590s] Level 1:colcon.colcon_core.environment:checking '/home/xingxunliu/ws_sensor_combined/install/px4_ros_com/lib/python3.8/site-packages'
[15.591s] Level 1:colcon.colcon_core.environment:checking '/home/xingxunliu/ws_sensor_combined/install/px4_ros_com/bin'
[15.594s] INFO:colcon.colcon_core.shell:Creating package script '/home/xingxunliu/ws_sensor_combined/install/px4_ros_com/share/px4_ros_com/package.ps1'
[15.595s] INFO:colcon.colcon_core.shell:Creating package descriptor '/home/xingxunliu/ws_sensor_combined/install/px4_ros_com/share/px4_ros_com/package.dsv'
[15.596s] INFO:colcon.colcon_core.shell:Creating package script '/home/xingxunliu/ws_sensor_combined/install/px4_ros_com/share/px4_ros_com/package.sh'
[15.597s] INFO:colcon.colcon_core.shell:Creating package script '/home/xingxunliu/ws_sensor_combined/install/px4_ros_com/share/px4_ros_com/package.bash'
[15.598s] INFO:colcon.colcon_core.shell:Creating package script '/home/xingxunliu/ws_sensor_combined/install/px4_ros_com/share/px4_ros_com/package.zsh'
[15.599s] Level 1:colcon.colcon_core.environment:create_file_with_runtime_dependencies(/home/xingxunliu/ws_sensor_combined/install/px4_ros_com/share/colcon-core/packages/px4_ros_com)
[15.701s] Level 1:colcon.colcon_core.environment:create_environment_scripts_only(px4_ros_com)
[15.707s] Level 1:colcon.colcon_core.environment:checking '/home/xingxunliu/ws_sensor_combined/install/px4_ros_com' for CMake module files
[15.708s] Level 1:colcon.colcon_core.environment:checking '/home/xingxunliu/ws_sensor_combined/install/px4_ros_com' for CMake config files
[15.709s] Level 1:colcon.colcon_core.shell:create_environment_hook('px4_ros_com', 'cmake_prefix_path')
[15.712s] INFO:colcon.colcon_core.shell:Creating environment hook '/home/xingxunliu/ws_sensor_combined/install/px4_ros_com/share/px4_ros_com/hook/cmake_prefix_path.ps1'
[15.713s] INFO:colcon.colcon_core.shell:Creating environment descriptor '/home/xingxunliu/ws_sensor_combined/install/px4_ros_com/share/px4_ros_com/hook/cmake_prefix_path.dsv'
[15.714s] INFO:colcon.colcon_core.shell:Creating environment hook '/home/xingxunliu/ws_sensor_combined/install/px4_ros_com/share/px4_ros_com/hook/cmake_prefix_path.sh'
[15.715s] Level 1:colcon.colcon_core.environment:checking '/home/xingxunliu/ws_sensor_combined/install/px4_ros_com/lib'
[15.715s] Level 1:colcon.colcon_core.shell:create_environment_hook('px4_ros_com', 'ld_library_path_lib')
[15.717s] INFO:colcon.colcon_core.shell:Creating environment hook '/home/xingxunliu/ws_sensor_combined/install/px4_ros_com/share/px4_ros_com/hook/ld_library_path_lib.ps1'
[15.718s] INFO:colcon.colcon_core.shell:Creating environment descriptor '/home/xingxunliu/ws_sensor_combined/install/px4_ros_com/share/px4_ros_com/hook/ld_library_path_lib.dsv'
[15.718s] INFO:colcon.colcon_core.shell:Creating environment hook '/home/xingxunliu/ws_sensor_combined/install/px4_ros_com/share/px4_ros_com/hook/ld_library_path_lib.sh'
[15.719s] Level 1:colcon.colcon_core.environment:checking '/home/xingxunliu/ws_sensor_combined/install/px4_ros_com/bin'
[15.719s] Level 1:colcon.colcon_core.environment:checking '/home/xingxunliu/ws_sensor_combined/install/px4_ros_com/lib/pkgconfig/px4_ros_com.pc'
[15.719s] Level 1:colcon.colcon_core.environment:checking '/home/xingxunliu/ws_sensor_combined/install/px4_ros_com/lib/python3.8/site-packages'
[15.720s] Level 1:colcon.colcon_core.environment:checking '/home/xingxunliu/ws_sensor_combined/install/px4_ros_com/bin'
[15.722s] INFO:colcon.colcon_core.shell:Creating package script '/home/xingxunliu/ws_sensor_combined/install/px4_ros_com/share/px4_ros_com/package.ps1'
[15.723s] INFO:colcon.colcon_core.shell:Creating package descriptor '/home/xingxunliu/ws_sensor_combined/install/px4_ros_com/share/px4_ros_com/package.dsv'
[15.724s] INFO:colcon.colcon_core.shell:Creating package script '/home/xingxunliu/ws_sensor_combined/install/px4_ros_com/share/px4_ros_com/package.sh'
[15.724s] INFO:colcon.colcon_core.shell:Creating package script '/home/xingxunliu/ws_sensor_combined/install/px4_ros_com/share/px4_ros_com/package.bash'
[15.725s] INFO:colcon.colcon_core.shell:Creating package script '/home/xingxunliu/ws_sensor_combined/install/px4_ros_com/share/px4_ros_com/package.zsh'
[15.725s] Level 1:colcon.colcon_core.environment:create_file_with_runtime_dependencies(/home/xingxunliu/ws_sensor_combined/install/px4_ros_com/share/colcon-core/packages/px4_ros_com)
[15.726s] DEBUG:colcon.colcon_parallel_executor.executor.parallel:closing loop
[15.727s] DEBUG:colcon.colcon_parallel_executor.executor.parallel:loop closed
[15.727s] DEBUG:colcon.colcon_parallel_executor.executor.parallel:run_until_complete finished with '0'
[15.727s] DEBUG:colcon.colcon_core.event_reactor:joining thread
[15.741s] INFO:colcon.colcon_core.plugin_system:Skipping extension 'colcon_notification.desktop_notification.terminal_notifier': Not used on non-Darwin systems
[15.742s] INFO:colcon.colcon_core.plugin_system:Skipping extension 'colcon_notification.desktop_notification.win32': Not used on non-Windows systems
[15.742s] INFO:colcon.colcon_notification.desktop_notification:Sending desktop notification using 'notify2'
[15.771s] DEBUG:colcon.colcon_core.event_reactor:joined thread
[15.775s] INFO:colcon.colcon_core.shell:Creating prefix script '/home/xingxunliu/ws_sensor_combined/install/local_setup.ps1'
[15.777s] INFO:colcon.colcon_core.shell:Creating prefix util module '/home/xingxunliu/ws_sensor_combined/install/_local_setup_util_ps1.py'
[15.781s] INFO:colcon.colcon_core.shell:Creating prefix chain script '/home/xingxunliu/ws_sensor_combined/install/setup.ps1'
[15.784s] INFO:colcon.colcon_core.shell:Creating prefix script '/home/xingxunliu/ws_sensor_combined/install/local_setup.sh'
[15.785s] INFO:colcon.colcon_core.shell:Creating prefix util module '/home/xingxunliu/ws_sensor_combined/install/_local_setup_util_sh.py'
[15.786s] INFO:colcon.colcon_core.shell:Creating prefix chain script '/home/xingxunliu/ws_sensor_combined/install/setup.sh'
[15.789s] INFO:colcon.colcon_core.shell:Creating prefix script '/home/xingxunliu/ws_sensor_combined/install/local_setup.bash'
[15.789s] INFO:colcon.colcon_core.shell:Creating prefix chain script '/home/xingxunliu/ws_sensor_combined/install/setup.bash'
[15.792s] INFO:colcon.colcon_core.shell:Creating prefix script '/home/xingxunliu/ws_sensor_combined/install/local_setup.zsh'
[15.793s] INFO:colcon.colcon_core.shell:Creating prefix chain script '/home/xingxunliu/ws_sensor_combined/install/setup.zsh'
