[0.053s] Invoking command in '/home/xingxunliu/ws_sensor_combined/build/px4_ros_com': CMAKE_PREFIX_PATH=/home/xingxunliu/ws_sensor_combined/install/uav_interfaces:/home/xingxunliu/ws_sensor_combined/install/px4_msgs:/home/xingxunliu/ws_sensor_combined/install/px4_ros_com:/home/xingxunliu/ws_sensor_combined/install/suanfa:/opt/ros/foxy LD_LIBRARY_PATH=/home/xingxunliu/ws_sensor_combined/install/uav_interfaces/lib:/home/xingxunliu/ws_sensor_combined/install/px4_msgs/lib:/home/xingxunliu/ws_sensor_combined/install/px4_ros_com/lib:/opt/ros/foxy/opt/yaml_cpp_vendor/lib:/opt/ros/foxy/opt/rviz_ogre_vendor/lib:/opt/ros/foxy/lib/x86_64-linux-gnu:/opt/ros/foxy/lib PYTHONPATH=/home/xingxunliu/ws_sensor_combined/install/uav_interfaces/lib/python3.8/site-packages:/home/xingxunliu/ws_sensor_combined/install/px4_msgs/lib/python3.8/site-packages:/home/xingxunliu/ws_sensor_combined/install/suanfa/lib/python3.8/site-packages:/opt/ros/foxy/lib/python3.8/site-packages /usr/bin/cmake --build /home/xingxunliu/ws_sensor_combined/build/px4_ros_com -- -j16 -l16
[0.135s] [35m[1mScanning dependencies of target tcp[0m
[0.155s] [ 20%] Built target frame_transforms
[0.156s] [ 20%] Built target uva4_takeoff
[0.156s] [ 25%] Built target offboard_control
[0.161s] [ 33%] Built target debug_vect_advertiser
[0.161s] [ 41%] Built target simpleMission
[0.162s] [ 58%] Built target uva3_takeoff
[0.163s] [ 58%] Built target offboard_con
[0.163s] [ 66%] Built target sensor_combined_listener
[0.168s] [ 75%] Built target vehicle_gps_position_listener
[0.168s] [ 91%] Built target uva2_takeoff
[0.168s] [ 91%] Built target uva1_takeoff
[0.204s] [ 95%] [32mBuilding CXX object CMakeFiles/tcp.dir/src/examples/offboard/tcp.cpp.o[0m
[11.439s] [100%] [32m[1mLinking CXX executable tcp[0m
[12.217s] [100%] Built target tcp
[12.238s] Invoked command in '/home/xingxunliu/ws_sensor_combined/build/px4_ros_com' returned '0': CMAKE_PREFIX_PATH=/home/xingxunliu/ws_sensor_combined/install/uav_interfaces:/home/xingxunliu/ws_sensor_combined/install/px4_msgs:/home/xingxunliu/ws_sensor_combined/install/px4_ros_com:/home/xingxunliu/ws_sensor_combined/install/suanfa:/opt/ros/foxy LD_LIBRARY_PATH=/home/xingxunliu/ws_sensor_combined/install/uav_interfaces/lib:/home/xingxunliu/ws_sensor_combined/install/px4_msgs/lib:/home/xingxunliu/ws_sensor_combined/install/px4_ros_com/lib:/opt/ros/foxy/opt/yaml_cpp_vendor/lib:/opt/ros/foxy/opt/rviz_ogre_vendor/lib:/opt/ros/foxy/lib/x86_64-linux-gnu:/opt/ros/foxy/lib PYTHONPATH=/home/xingxunliu/ws_sensor_combined/install/uav_interfaces/lib/python3.8/site-packages:/home/xingxunliu/ws_sensor_combined/install/px4_msgs/lib/python3.8/site-packages:/home/xingxunliu/ws_sensor_combined/install/suanfa/lib/python3.8/site-packages:/opt/ros/foxy/lib/python3.8/site-packages /usr/bin/cmake --build /home/xingxunliu/ws_sensor_combined/build/px4_ros_com -- -j16 -l16
[12.359s] Invoking command in '/home/xingxunliu/ws_sensor_combined/build/px4_ros_com': CMAKE_PREFIX_PATH=/home/xingxunliu/ws_sensor_combined/install/uav_interfaces:/home/xingxunliu/ws_sensor_combined/install/px4_msgs:/home/xingxunliu/ws_sensor_combined/install/px4_ros_com:/home/xingxunliu/ws_sensor_combined/install/suanfa:/opt/ros/foxy LD_LIBRARY_PATH=/home/xingxunliu/ws_sensor_combined/install/uav_interfaces/lib:/home/xingxunliu/ws_sensor_combined/install/px4_msgs/lib:/home/xingxunliu/ws_sensor_combined/install/px4_ros_com/lib:/opt/ros/foxy/opt/yaml_cpp_vendor/lib:/opt/ros/foxy/opt/rviz_ogre_vendor/lib:/opt/ros/foxy/lib/x86_64-linux-gnu:/opt/ros/foxy/lib PYTHONPATH=/home/xingxunliu/ws_sensor_combined/install/uav_interfaces/lib/python3.8/site-packages:/home/xingxunliu/ws_sensor_combined/install/px4_msgs/lib/python3.8/site-packages:/home/xingxunliu/ws_sensor_combined/install/suanfa/lib/python3.8/site-packages:/opt/ros/foxy/lib/python3.8/site-packages /usr/bin/cmake --install /home/xingxunliu/ws_sensor_combined/build/px4_ros_com
[12.375s] -- Install configuration: ""
[12.375s] -- Up-to-date: /home/xingxunliu/ws_sensor_combined/install/px4_ros_com/lib/px4_ros_com/sensor_combined_listener
[12.376s] -- Up-to-date: /home/xingxunliu/ws_sensor_combined/install/px4_ros_com/lib/px4_ros_com/vehicle_gps_position_listener
[12.376s] -- Up-to-date: /home/xingxunliu/ws_sensor_combined/install/px4_ros_com/lib/px4_ros_com/debug_vect_advertiser
[12.376s] -- Up-to-date: /home/xingxunliu/ws_sensor_combined/install/px4_ros_com/lib/px4_ros_com/offboard_control
[12.376s] -- Up-to-date: /home/xingxunliu/ws_sensor_combined/install/px4_ros_com/lib/px4_ros_com/offboard_con
[12.377s] -- Up-to-date: /home/xingxunliu/ws_sensor_combined/install/px4_ros_com/lib/px4_ros_com/uva1_takeoff
[12.377s] -- Up-to-date: /home/xingxunliu/ws_sensor_combined/install/px4_ros_com/lib/px4_ros_com/uva2_takeoff
[12.377s] -- Up-to-date: /home/xingxunliu/ws_sensor_combined/install/px4_ros_com/lib/px4_ros_com/uva3_takeoff
[12.378s] -- Up-to-date: /home/xingxunliu/ws_sensor_combined/install/px4_ros_com/lib/px4_ros_com/uva4_takeoff
[12.378s] -- Installing: /home/xingxunliu/ws_sensor_combined/install/px4_ros_com/lib/px4_ros_com/tcp
[12.384s] -- Set runtime path of "/home/xingxunliu/ws_sensor_combined/install/px4_ros_com/lib/px4_ros_com/tcp" to ""
[12.385s] -- Up-to-date: /home/xingxunliu/ws_sensor_combined/install/px4_ros_com/lib/px4_ros_com/simpleMission
[12.385s] -- Up-to-date: /home/xingxunliu/ws_sensor_combined/install/px4_ros_com/share/px4_ros_com/environment/library_path.sh
[12.385s] -- Up-to-date: /home/xingxunliu/ws_sensor_combined/install/px4_ros_com/share/px4_ros_com/environment/library_path.dsv
[12.386s] -- Up-to-date: /home/xingxunliu/ws_sensor_combined/install/px4_ros_com/include/px4_ros_com
[12.386s] -- Up-to-date: /home/xingxunliu/ws_sensor_combined/install/px4_ros_com/include/px4_ros_com/frame_transforms.h
[12.386s] -- Up-to-date: /home/xingxunliu/ws_sensor_combined/install/px4_ros_com/lib/libframe_transforms.so
[12.387s] -- Up-to-date: /home/xingxunliu/ws_sensor_combined/install/px4_ros_com/share/px4_ros_com//launch
[12.387s] -- Up-to-date: /home/xingxunliu/ws_sensor_combined/install/px4_ros_com/share/px4_ros_com//launch/sensor_combined_listener.launch.py
[12.387s] -- Up-to-date: /home/xingxunliu/ws_sensor_combined/install/px4_ros_com/share/px4_ros_com//launch/offboard_control_launch.yaml
[12.387s] -- Up-to-date: /home/xingxunliu/ws_sensor_combined/install/px4_ros_com/share/px4_ros_com//test
[12.388s] -- Up-to-date: /home/xingxunliu/ws_sensor_combined/install/px4_ros_com/share/px4_ros_com//test/pipeline_io_test.py
[12.388s] -- Up-to-date: /home/xingxunliu/ws_sensor_combined/install/px4_ros_com/share/px4_ros_com//test/test_input.py
[12.388s] -- Up-to-date: /home/xingxunliu/ws_sensor_combined/install/px4_ros_com/share/px4_ros_com//test/test_output.py
[12.388s] -- Up-to-date: /home/xingxunliu/ws_sensor_combined/install/px4_ros_com/share/px4_ros_com//test/__init__.py
[12.389s] -- Up-to-date: /home/xingxunliu/ws_sensor_combined/install/px4_ros_com/share/ament_index/resource_index/package_run_dependencies/px4_ros_com
[12.389s] -- Up-to-date: /home/xingxunliu/ws_sensor_combined/install/px4_ros_com/share/ament_index/resource_index/parent_prefix_path/px4_ros_com
[12.389s] -- Up-to-date: /home/xingxunliu/ws_sensor_combined/install/px4_ros_com/share/px4_ros_com/environment/ament_prefix_path.sh
[12.389s] -- Up-to-date: /home/xingxunliu/ws_sensor_combined/install/px4_ros_com/share/px4_ros_com/environment/ament_prefix_path.dsv
[12.389s] -- Up-to-date: /home/xingxunliu/ws_sensor_combined/install/px4_ros_com/share/px4_ros_com/environment/path.sh
[12.389s] -- Up-to-date: /home/xingxunliu/ws_sensor_combined/install/px4_ros_com/share/px4_ros_com/environment/path.dsv
[12.390s] -- Up-to-date: /home/xingxunliu/ws_sensor_combined/install/px4_ros_com/share/px4_ros_com/local_setup.bash
[12.390s] -- Up-to-date: /home/xingxunliu/ws_sensor_combined/install/px4_ros_com/share/px4_ros_com/local_setup.sh
[12.393s] -- Up-to-date: /home/xingxunliu/ws_sensor_combined/install/px4_ros_com/share/px4_ros_com/local_setup.zsh
[12.393s] -- Up-to-date: /home/xingxunliu/ws_sensor_combined/install/px4_ros_com/share/px4_ros_com/local_setup.dsv
[12.393s] -- Installing: /home/xingxunliu/ws_sensor_combined/install/px4_ros_com/share/px4_ros_com/package.dsv
[12.393s] -- Up-to-date: /home/xingxunliu/ws_sensor_combined/install/px4_ros_com/share/ament_index/resource_index/packages/px4_ros_com
[12.394s] -- Up-to-date: /home/xingxunliu/ws_sensor_combined/install/px4_ros_com/share/px4_ros_com/cmake/export_frame_transformsExport.cmake
[12.394s] -- Up-to-date: /home/xingxunliu/ws_sensor_combined/install/px4_ros_com/share/px4_ros_com/cmake/export_frame_transformsExport-noconfig.cmake
[12.394s] -- Up-to-date: /home/xingxunliu/ws_sensor_combined/install/px4_ros_com/share/px4_ros_com/cmake/ament_cmake_export_dependencies-extras.cmake
[12.394s] -- Up-to-date: /home/xingxunliu/ws_sensor_combined/install/px4_ros_com/share/px4_ros_com/cmake/ament_cmake_export_targets-extras.cmake
[12.394s] -- Up-to-date: /home/xingxunliu/ws_sensor_combined/install/px4_ros_com/share/px4_ros_com/cmake/ament_cmake_export_include_directories-extras.cmake
[12.395s] -- Up-to-date: /home/xingxunliu/ws_sensor_combined/install/px4_ros_com/share/px4_ros_com/cmake/ament_cmake_export_libraries-extras.cmake
[12.395s] -- Up-to-date: /home/xingxunliu/ws_sensor_combined/install/px4_ros_com/share/px4_ros_com/cmake/px4_ros_comConfig.cmake
[12.395s] -- Up-to-date: /home/xingxunliu/ws_sensor_combined/install/px4_ros_com/share/px4_ros_com/cmake/px4_ros_comConfig-version.cmake
[12.396s] -- Up-to-date: /home/xingxunliu/ws_sensor_combined/install/px4_ros_com/share/px4_ros_com/package.xml
[12.396s] Invoked command in '/home/xingxunliu/ws_sensor_combined/build/px4_ros_com' returned '0': CMAKE_PREFIX_PATH=/home/xingxunliu/ws_sensor_combined/install/uav_interfaces:/home/xingxunliu/ws_sensor_combined/install/px4_msgs:/home/xingxunliu/ws_sensor_combined/install/px4_ros_com:/home/xingxunliu/ws_sensor_combined/install/suanfa:/opt/ros/foxy LD_LIBRARY_PATH=/home/xingxunliu/ws_sensor_combined/install/uav_interfaces/lib:/home/xingxunliu/ws_sensor_combined/install/px4_msgs/lib:/home/xingxunliu/ws_sensor_combined/install/px4_ros_com/lib:/opt/ros/foxy/opt/yaml_cpp_vendor/lib:/opt/ros/foxy/opt/rviz_ogre_vendor/lib:/opt/ros/foxy/lib/x86_64-linux-gnu:/opt/ros/foxy/lib PYTHONPATH=/home/xingxunliu/ws_sensor_combined/install/uav_interfaces/lib/python3.8/site-packages:/home/xingxunliu/ws_sensor_combined/install/px4_msgs/lib/python3.8/site-packages:/home/xingxunliu/ws_sensor_combined/install/suanfa/lib/python3.8/site-packages:/opt/ros/foxy/lib/python3.8/site-packages /usr/bin/cmake --install /home/xingxunliu/ws_sensor_combined/build/px4_ros_com
