[0.897s] Invoking command in '/home/xingxunliu/ws_sensor_combined/src/suanfa': PYTHONPATH=/home/xingxunliu/ws_sensor_combined/build/suanfa/prefix_override:/home/xingxunliu/ws_sensor_combined/install/suanfa/lib/python3.8/site-packages:${PYTHONPATH} /usr/bin/python3 setup.py egg_info --egg-base ../../build/suanfa build --build-base /home/xingxunliu/ws_sensor_combined/build/suanfa/build install --record /home/xingxunliu/ws_sensor_combined/build/suanfa/install.log --single-version-externally-managed
[1.103s] running egg_info
[1.114s] writing ../../build/suanfa/suanfa.egg-info/PKG-INFO
[1.114s] writing dependency_links to ../../build/suanfa/suanfa.egg-info/dependency_links.txt
[1.115s] writing entry points to ../../build/suanfa/suanfa.egg-info/entry_points.txt
[1.115s] writing requirements to ../../build/suanfa/suanfa.egg-info/requires.txt
[1.115s] writing top-level names to ../../build/suanfa/suanfa.egg-info/top_level.txt
[1.216s] reading manifest file '../../build/suanfa/suanfa.egg-info/SOURCES.txt'
[1.217s] writing manifest file '../../build/suanfa/suanfa.egg-info/SOURCES.txt'
[1.218s] running build
[1.218s] running build_py
[1.218s] /home/xingxunliu/.local/lib/python3.8/site-packages/setuptools/_distutils/cmd.py:66: SetuptoolsDeprecationWarning: setup.py install is deprecated.
[1.219s] !!
[1.219s] 
[1.219s]         ********************************************************************************
[1.219s]         Please avoid running ``setup.py`` directly.
[1.219s]         Instead, use pypa/build, pypa/installer or other
[1.219s]         standards-based tools.
[1.220s] 
[1.220s]         See https://blog.ganssle.io/articles/2021/10/setup-py-deprecated.html for details.
[1.220s]         ********************************************************************************
[1.220s] 
[1.220s] !!
[1.221s]   self.initialize_options()
[1.221s] running install
[1.224s] running install_lib
[1.238s] running install_data
[1.252s] running install_egg_info
[1.265s] removing '/home/xingxunliu/ws_sensor_combined/install/suanfa/lib/python3.8/site-packages/suanfa-0.0.0-py3.8.egg-info' (and everything under it)
[1.265s] Copying ../../build/suanfa/suanfa.egg-info to /home/xingxunliu/ws_sensor_combined/install/suanfa/lib/python3.8/site-packages/suanfa-0.0.0-py3.8.egg-info
[1.266s] running install_scripts
[1.320s] Installing suanfa_node script to /home/xingxunliu/ws_sensor_combined/install/suanfa/lib/suanfa
[1.321s] writing list of installed files to '/home/xingxunliu/ws_sensor_combined/build/suanfa/install.log'
[1.365s] Invoked command in '/home/xingxunliu/ws_sensor_combined/src/suanfa' returned '0': PYTHONPATH=/home/xingxunliu/ws_sensor_combined/build/suanfa/prefix_override:/home/xingxunliu/ws_sensor_combined/install/suanfa/lib/python3.8/site-packages:${PYTHONPATH} /usr/bin/python3 setup.py egg_info --egg-base ../../build/suanfa build --build-base /home/xingxunliu/ws_sensor_combined/build/suanfa/build install --record /home/xingxunliu/ws_sensor_combined/build/suanfa/install.log --single-version-externally-managed
