[0.020s] Invoking command in '/home/xingxunliu/ws_sensor_combined/build/uav_interfaces': CMAKE_PREFIX_PATH=/opt/ros/foxy /usr/bin/cmake /home/xingxunliu/ws_sensor_combined/src/uav_interfaces -DCMAKE_INSTALL_PREFIX=/home/xingxunliu/ws_sensor_combined/install/uav_interfaces
[0.258s] -- The C compiler identification is GNU 9.4.0
[0.324s] -- The CXX compiler identification is GNU 9.4.0
[0.332s] -- Check for working C compiler: /usr/bin/cc
[0.431s] -- Check for working C compiler: /usr/bin/cc -- works
[0.433s] -- Detecting C compiler ABI info
[0.536s] -- Detecting C compiler ABI info - done
[0.549s] -- Detecting C compile features
[0.551s] -- Detecting C compile features - done
[0.551s] -- Check for working CXX compiler: /usr/bin/c++
[0.658s] -- Check for working CXX compiler: /usr/bin/c++ -- works
[0.660s] -- Detecting CXX compiler ABI info
[0.765s] -- Detecting CXX compiler ABI info - done
[0.785s] -- Detecting CXX compile features
[0.785s] -- Detecting CXX compile features - done
[0.786s] -- Found ament_cmake: 0.9.12 (/opt/ros/foxy/share/ament_cmake/cmake)
[0.813s] -- Found PythonInterp: /usr/bin/python3 (found suitable version "3.8.10", minimum required is "3") 
[0.813s] -- Using PYTHON_EXECUTABLE: /usr/bin/python3
[0.976s] -- Found geometry_msgs: 2.0.5 (/opt/ros/foxy/share/geometry_msgs/cmake)
[1.001s] -- Using all available rosidl_typesupport_c: rosidl_typesupport_fastrtps_c;rosidl_typesupport_introspection_c
[1.006s] -- Found rosidl_adapter: 1.3.1 (/opt/ros/foxy/share/rosidl_adapter/cmake)
[1.139s] -- Found OpenSSL: /usr/lib/x86_64-linux-gnu/libcrypto.so (found version "1.1.1f")  
[1.178s] -- Found FastRTPS: /opt/ros/foxy/include  
[1.257s] -- Using all available rosidl_typesupport_cpp: rosidl_typesupport_fastrtps_cpp;rosidl_typesupport_introspection_cpp
[1.341s] -- Found rosidl_default_generators: 1.0.1 (/opt/ros/foxy/share/rosidl_default_generators/cmake)
[1.350s] CMake Error at /opt/ros/foxy/share/rosidl_cmake/cmake/rosidl_generate_interfaces.cmake:93 (message):
[1.350s]   rosidl_generate_interfaces() the passed file 'srv/UavControl' doesn't exist
[1.350s]   relative to the CMAKE_CURRENT_SOURCE_DIR
[1.350s]   '/home/xingxunliu/ws_sensor_combined/src/uav_interfaces'
[1.350s] Call Stack (most recent call first):
[1.350s]   CMakeLists.txt:26 (rosidl_generate_interfaces)
[1.350s] 
[1.350s] 
[1.351s] -- Configuring incomplete, errors occurred!
[1.351s] See also "/home/xingxunliu/ws_sensor_combined/build/uav_interfaces/CMakeFiles/CMakeOutput.log".
[1.358s] Invoked command in '/home/xingxunliu/ws_sensor_combined/build/uav_interfaces' returned '1': CMAKE_PREFIX_PATH=/opt/ros/foxy /usr/bin/cmake /home/xingxunliu/ws_sensor_combined/src/uav_interfaces -DCMAKE_INSTALL_PREFIX=/home/xingxunliu/ws_sensor_combined/install/uav_interfaces
