[0.244s] Invoking command in '/home/xingxunliu/ws_sensor_combined/build/uav_interfaces': CMAKE_PREFIX_PATH=/opt/ros/foxy /usr/bin/cmake --build /home/xingxunliu/ws_sensor_combined/build/uav_interfaces -- -j16 -l16
[0.312s] [  3%] Built target uav_interfaces__cpp
[0.320s] [ 12%] Built target uav_interfaces__rosidl_generator_c
[0.348s] [ 29%] Built target uav_interfaces__rosidl_typesupport_cpp
[0.348s] [ 32%] Built target uav_interfaces__rosidl_typesupport_introspection_cpp
[0.350s] [ 41%] Built target uav_interfaces__rosidl_typesupport_fastrtps_cpp
[0.353s] [ 51%] Built target uav_interfaces__rosidl_typesupport_introspection_c
[0.355s] [ 61%] Built target uav_interfaces__rosidl_typesupport_c
[0.389s] [ 70%] Built target uav_interfaces__rosidl_typesupport_fastrtps_c
[0.419s] [ 70%] Built target uav_interfaces
[0.455s] [ 74%] Built target uav_interfaces__py
[0.497s] [ 80%] Built target uav_interfaces__python
[0.537s] [ 87%] Built target uav_interfaces__rosidl_typesupport_c__pyext
[0.541s] [ 93%] Built target uav_interfaces__rosidl_typesupport_fastrtps_c__pyext
[0.545s] [100%] Built target uav_interfaces__rosidl_typesupport_introspection_c__pyext
[0.564s] Invoked command in '/home/xingxunliu/ws_sensor_combined/build/uav_interfaces' returned '0': CMAKE_PREFIX_PATH=/opt/ros/foxy /usr/bin/cmake --build /home/xingxunliu/ws_sensor_combined/build/uav_interfaces -- -j16 -l16
[0.670s] Invoking command in '/home/xingxunliu/ws_sensor_combined/build/uav_interfaces': CMAKE_PREFIX_PATH=/opt/ros/foxy /usr/bin/cmake --install /home/xingxunliu/ws_sensor_combined/build/uav_interfaces
[0.684s] -- Install configuration: ""
[0.684s] -- Up-to-date: /home/xingxunliu/ws_sensor_combined/install/uav_interfaces/share/ament_index/resource_index/rosidl_interfaces/uav_interfaces
[0.684s] -- Up-to-date: /home/xingxunliu/ws_sensor_combined/install/uav_interfaces/include/uav_interfaces
[0.684s] -- Up-to-date: /home/xingxunliu/ws_sensor_combined/install/uav_interfaces/include/uav_interfaces/srv
[0.685s] -- Up-to-date: /home/xingxunliu/ws_sensor_combined/install/uav_interfaces/include/uav_interfaces/srv/detail
[0.685s] -- Up-to-date: /home/xingxunliu/ws_sensor_combined/install/uav_interfaces/include/uav_interfaces/srv/detail/uav_control__functions.c
[0.685s] -- Up-to-date: /home/xingxunliu/ws_sensor_combined/install/uav_interfaces/include/uav_interfaces/srv/detail/uav_control__functions.h
[0.685s] -- Up-to-date: /home/xingxunliu/ws_sensor_combined/install/uav_interfaces/include/uav_interfaces/srv/detail/uav_control__type_support.h
[0.685s] -- Up-to-date: /home/xingxunliu/ws_sensor_combined/install/uav_interfaces/include/uav_interfaces/srv/detail/uav_control__struct.h
[0.685s] -- Up-to-date: /home/xingxunliu/ws_sensor_combined/install/uav_interfaces/include/uav_interfaces/srv/uav_control.h
[0.686s] -- Up-to-date: /home/xingxunliu/ws_sensor_combined/install/uav_interfaces/include/uav_interfaces/msg
[0.686s] -- Up-to-date: /home/xingxunliu/ws_sensor_combined/install/uav_interfaces/include/uav_interfaces/msg/rosidl_generator_c__visibility_control.h
[0.686s] -- Up-to-date: /home/xingxunliu/ws_sensor_combined/install/uav_interfaces/share/uav_interfaces/environment/library_path.sh
[0.686s] -- Up-to-date: /home/xingxunliu/ws_sensor_combined/install/uav_interfaces/share/uav_interfaces/environment/library_path.dsv
[0.686s] -- Up-to-date: /home/xingxunliu/ws_sensor_combined/install/uav_interfaces/lib/libuav_interfaces__rosidl_generator_c.so
[0.687s] -- Up-to-date: /home/xingxunliu/ws_sensor_combined/install/uav_interfaces/include/uav_interfaces
[0.687s] -- Up-to-date: /home/xingxunliu/ws_sensor_combined/install/uav_interfaces/include/uav_interfaces/srv
[0.687s] -- Up-to-date: /home/xingxunliu/ws_sensor_combined/install/uav_interfaces/include/uav_interfaces/srv/detail
[0.687s] -- Up-to-date: /home/xingxunliu/ws_sensor_combined/install/uav_interfaces/include/uav_interfaces/srv/detail/uav_control__rosidl_typesupport_fastrtps_c.h
[0.688s] -- Up-to-date: /home/xingxunliu/ws_sensor_combined/install/uav_interfaces/include/uav_interfaces/msg
[0.688s] -- Up-to-date: /home/xingxunliu/ws_sensor_combined/install/uav_interfaces/include/uav_interfaces/msg/rosidl_typesupport_fastrtps_c__visibility_control.h
[0.688s] -- Up-to-date: /home/xingxunliu/ws_sensor_combined/install/uav_interfaces/lib/libuav_interfaces__rosidl_typesupport_fastrtps_c.so
[0.688s] -- Up-to-date: /home/xingxunliu/ws_sensor_combined/install/uav_interfaces/include/uav_interfaces
[0.688s] -- Up-to-date: /home/xingxunliu/ws_sensor_combined/install/uav_interfaces/include/uav_interfaces/srv
[0.688s] -- Up-to-date: /home/xingxunliu/ws_sensor_combined/install/uav_interfaces/include/uav_interfaces/srv/detail
[0.689s] -- Up-to-date: /home/xingxunliu/ws_sensor_combined/install/uav_interfaces/include/uav_interfaces/srv/detail/uav_control__rosidl_typesupport_fastrtps_cpp.hpp
[0.689s] -- Up-to-date: /home/xingxunliu/ws_sensor_combined/install/uav_interfaces/include/uav_interfaces/srv/detail/dds_fastrtps
[0.689s] -- Up-to-date: /home/xingxunliu/ws_sensor_combined/install/uav_interfaces/include/uav_interfaces/msg
[0.689s] -- Up-to-date: /home/xingxunliu/ws_sensor_combined/install/uav_interfaces/include/uav_interfaces/msg/rosidl_typesupport_fastrtps_cpp__visibility_control.h
[0.689s] -- Up-to-date: /home/xingxunliu/ws_sensor_combined/install/uav_interfaces/lib/libuav_interfaces__rosidl_typesupport_fastrtps_cpp.so
[0.689s] -- Up-to-date: /home/xingxunliu/ws_sensor_combined/install/uav_interfaces/include/uav_interfaces
[0.689s] -- Up-to-date: /home/xingxunliu/ws_sensor_combined/install/uav_interfaces/include/uav_interfaces/srv
[0.689s] -- Up-to-date: /home/xingxunliu/ws_sensor_combined/install/uav_interfaces/include/uav_interfaces/srv/detail
[0.690s] -- Up-to-date: /home/xingxunliu/ws_sensor_combined/install/uav_interfaces/include/uav_interfaces/srv/detail/uav_control__rosidl_typesupport_introspection_c.h
[0.690s] -- Up-to-date: /home/xingxunliu/ws_sensor_combined/install/uav_interfaces/include/uav_interfaces/srv/detail/uav_control__type_support.c
[0.690s] -- Up-to-date: /home/xingxunliu/ws_sensor_combined/install/uav_interfaces/include/uav_interfaces/msg
[0.690s] -- Up-to-date: /home/xingxunliu/ws_sensor_combined/install/uav_interfaces/include/uav_interfaces/msg/rosidl_typesupport_introspection_c__visibility_control.h
[0.690s] -- Up-to-date: /home/xingxunliu/ws_sensor_combined/install/uav_interfaces/lib/libuav_interfaces__rosidl_typesupport_introspection_c.so
[0.690s] -- Up-to-date: /home/xingxunliu/ws_sensor_combined/install/uav_interfaces/lib/libuav_interfaces__rosidl_typesupport_c.so
[0.690s] -- Up-to-date: /home/xingxunliu/ws_sensor_combined/install/uav_interfaces/include/uav_interfaces
[0.690s] -- Up-to-date: /home/xingxunliu/ws_sensor_combined/install/uav_interfaces/include/uav_interfaces/srv
[0.691s] -- Up-to-date: /home/xingxunliu/ws_sensor_combined/install/uav_interfaces/include/uav_interfaces/srv/detail
[0.691s] -- Up-to-date: /home/xingxunliu/ws_sensor_combined/install/uav_interfaces/include/uav_interfaces/srv/detail/uav_control__type_support.hpp
[0.691s] -- Up-to-date: /home/xingxunliu/ws_sensor_combined/install/uav_interfaces/include/uav_interfaces/srv/detail/uav_control__struct.hpp
[0.691s] -- Up-to-date: /home/xingxunliu/ws_sensor_combined/install/uav_interfaces/include/uav_interfaces/srv/detail/uav_control__builder.hpp
[0.691s] -- Up-to-date: /home/xingxunliu/ws_sensor_combined/install/uav_interfaces/include/uav_interfaces/srv/detail/uav_control__traits.hpp
[0.691s] -- Up-to-date: /home/xingxunliu/ws_sensor_combined/install/uav_interfaces/include/uav_interfaces/srv/uav_control.hpp
[0.691s] -- Up-to-date: /home/xingxunliu/ws_sensor_combined/install/uav_interfaces/include/uav_interfaces/msg
[0.691s] -- Up-to-date: /home/xingxunliu/ws_sensor_combined/install/uav_interfaces/include/uav_interfaces/msg/rosidl_generator_cpp__visibility_control.hpp
[0.692s] -- Up-to-date: /home/xingxunliu/ws_sensor_combined/install/uav_interfaces/include/uav_interfaces
[0.692s] -- Up-to-date: /home/xingxunliu/ws_sensor_combined/install/uav_interfaces/include/uav_interfaces/srv
[0.692s] -- Up-to-date: /home/xingxunliu/ws_sensor_combined/install/uav_interfaces/include/uav_interfaces/srv/detail
[0.692s] -- Up-to-date: /home/xingxunliu/ws_sensor_combined/install/uav_interfaces/include/uav_interfaces/srv/detail/uav_control__type_support.cpp
[0.692s] -- Up-to-date: /home/xingxunliu/ws_sensor_combined/install/uav_interfaces/include/uav_interfaces/srv/detail/uav_control__rosidl_typesupport_introspection_cpp.hpp
[0.692s] -- Up-to-date: /home/xingxunliu/ws_sensor_combined/install/uav_interfaces/lib/libuav_interfaces__rosidl_typesupport_introspection_cpp.so
[0.692s] -- Up-to-date: /home/xingxunliu/ws_sensor_combined/install/uav_interfaces/lib/libuav_interfaces__rosidl_typesupport_cpp.so
[0.692s] -- Up-to-date: /home/xingxunliu/ws_sensor_combined/install/uav_interfaces/share/uav_interfaces/environment/pythonpath.sh
[0.693s] -- Up-to-date: /home/xingxunliu/ws_sensor_combined/install/uav_interfaces/share/uav_interfaces/environment/pythonpath.dsv
[0.693s] -- Up-to-date: /home/xingxunliu/ws_sensor_combined/install/uav_interfaces/lib/python3.8/site-packages/uav_interfaces/__init__.py
[0.734s] -- Up-to-date: /home/xingxunliu/ws_sensor_combined/install/uav_interfaces/lib/python3.8/site-packages/uav_interfaces/srv
[0.734s] -- Up-to-date: /home/xingxunliu/ws_sensor_combined/install/uav_interfaces/lib/python3.8/site-packages/uav_interfaces/srv/_uav_control_s.c
[0.734s] -- Up-to-date: /home/xingxunliu/ws_sensor_combined/install/uav_interfaces/lib/python3.8/site-packages/uav_interfaces/srv/_uav_control.py
[0.735s] -- Up-to-date: /home/xingxunliu/ws_sensor_combined/install/uav_interfaces/lib/python3.8/site-packages/uav_interfaces/srv/__init__.py
[0.735s] -- Up-to-date: /home/xingxunliu/ws_sensor_combined/install/uav_interfaces/lib/python3.8/site-packages/uav_interfaces/uav_interfaces_s__rosidl_typesupport_fastrtps_c.cpython-38-x86_64-linux-gnu.so
[0.736s] -- Up-to-date: /home/xingxunliu/ws_sensor_combined/install/uav_interfaces/lib/python3.8/site-packages/uav_interfaces/uav_interfaces_s__rosidl_typesupport_introspection_c.cpython-38-x86_64-linux-gnu.so
[0.737s] -- Up-to-date: /home/xingxunliu/ws_sensor_combined/install/uav_interfaces/lib/python3.8/site-packages/uav_interfaces/uav_interfaces_s__rosidl_typesupport_c.cpython-38-x86_64-linux-gnu.so
[0.738s] -- Up-to-date: /home/xingxunliu/ws_sensor_combined/install/uav_interfaces/lib/libuav_interfaces__python.so
[0.739s] -- Up-to-date: /home/xingxunliu/ws_sensor_combined/install/uav_interfaces/share/uav_interfaces/srv/UavControl.idl
[0.739s] -- Up-to-date: /home/xingxunliu/ws_sensor_combined/install/uav_interfaces/share/uav_interfaces/srv/UavControl.srv
[0.739s] -- Up-to-date: /home/xingxunliu/ws_sensor_combined/install/uav_interfaces/share/uav_interfaces/srv/UavControl_Request.msg
[0.739s] -- Up-to-date: /home/xingxunliu/ws_sensor_combined/install/uav_interfaces/share/uav_interfaces/srv/UavControl_Response.msg
[0.739s] -- Up-to-date: /home/xingxunliu/ws_sensor_combined/install/uav_interfaces/share/ament_index/resource_index/package_run_dependencies/uav_interfaces
[0.739s] -- Up-to-date: /home/xingxunliu/ws_sensor_combined/install/uav_interfaces/share/ament_index/resource_index/parent_prefix_path/uav_interfaces
[0.740s] -- Up-to-date: /home/xingxunliu/ws_sensor_combined/install/uav_interfaces/share/uav_interfaces/environment/ament_prefix_path.sh
[0.740s] -- Up-to-date: /home/xingxunliu/ws_sensor_combined/install/uav_interfaces/share/uav_interfaces/environment/ament_prefix_path.dsv
[0.740s] -- Up-to-date: /home/xingxunliu/ws_sensor_combined/install/uav_interfaces/share/uav_interfaces/environment/path.sh
[0.740s] -- Up-to-date: /home/xingxunliu/ws_sensor_combined/install/uav_interfaces/share/uav_interfaces/environment/path.dsv
[0.740s] -- Up-to-date: /home/xingxunliu/ws_sensor_combined/install/uav_interfaces/share/uav_interfaces/local_setup.bash
[0.740s] -- Up-to-date: /home/xingxunliu/ws_sensor_combined/install/uav_interfaces/share/uav_interfaces/local_setup.sh
[0.741s] -- Up-to-date: /home/xingxunliu/ws_sensor_combined/install/uav_interfaces/share/uav_interfaces/local_setup.zsh
[0.741s] -- Up-to-date: /home/xingxunliu/ws_sensor_combined/install/uav_interfaces/share/uav_interfaces/local_setup.dsv
[0.741s] -- Installing: /home/xingxunliu/ws_sensor_combined/install/uav_interfaces/share/uav_interfaces/package.dsv
[0.741s] -- Up-to-date: /home/xingxunliu/ws_sensor_combined/install/uav_interfaces/share/ament_index/resource_index/packages/uav_interfaces
[0.741s] -- Up-to-date: /home/xingxunliu/ws_sensor_combined/install/uav_interfaces/share/uav_interfaces/cmake/uav_interfaces__rosidl_generator_cExport.cmake
[0.742s] -- Up-to-date: /home/xingxunliu/ws_sensor_combined/install/uav_interfaces/share/uav_interfaces/cmake/uav_interfaces__rosidl_generator_cExport-noconfig.cmake
[0.742s] -- Up-to-date: /home/xingxunliu/ws_sensor_combined/install/uav_interfaces/share/uav_interfaces/cmake/uav_interfaces__rosidl_typesupport_introspection_cExport.cmake
[0.742s] -- Up-to-date: /home/xingxunliu/ws_sensor_combined/install/uav_interfaces/share/uav_interfaces/cmake/uav_interfaces__rosidl_typesupport_introspection_cExport-noconfig.cmake
[0.742s] -- Up-to-date: /home/xingxunliu/ws_sensor_combined/install/uav_interfaces/share/uav_interfaces/cmake/uav_interfaces__rosidl_typesupport_cExport.cmake
[0.742s] -- Up-to-date: /home/xingxunliu/ws_sensor_combined/install/uav_interfaces/share/uav_interfaces/cmake/uav_interfaces__rosidl_typesupport_cExport-noconfig.cmake
[0.742s] -- Up-to-date: /home/xingxunliu/ws_sensor_combined/install/uav_interfaces/share/uav_interfaces/cmake/uav_interfaces__rosidl_generator_cppExport.cmake
[0.743s] -- Up-to-date: /home/xingxunliu/ws_sensor_combined/install/uav_interfaces/share/uav_interfaces/cmake/uav_interfaces__rosidl_typesupport_introspection_cppExport.cmake
[0.743s] -- Up-to-date: /home/xingxunliu/ws_sensor_combined/install/uav_interfaces/share/uav_interfaces/cmake/uav_interfaces__rosidl_typesupport_introspection_cppExport-noconfig.cmake
[0.743s] -- Up-to-date: /home/xingxunliu/ws_sensor_combined/install/uav_interfaces/share/uav_interfaces/cmake/uav_interfaces__rosidl_typesupport_cppExport.cmake
[0.743s] -- Up-to-date: /home/xingxunliu/ws_sensor_combined/install/uav_interfaces/share/uav_interfaces/cmake/uav_interfaces__rosidl_typesupport_cppExport-noconfig.cmake
[0.743s] -- Up-to-date: /home/xingxunliu/ws_sensor_combined/install/uav_interfaces/share/uav_interfaces/cmake/rosidl_cmake-extras.cmake
[0.744s] -- Up-to-date: /home/xingxunliu/ws_sensor_combined/install/uav_interfaces/share/uav_interfaces/cmake/ament_cmake_export_dependencies-extras.cmake
[0.744s] -- Up-to-date: /home/xingxunliu/ws_sensor_combined/install/uav_interfaces/share/uav_interfaces/cmake/ament_cmake_export_libraries-extras.cmake
[0.744s] -- Up-to-date: /home/xingxunliu/ws_sensor_combined/install/uav_interfaces/share/uav_interfaces/cmake/ament_cmake_export_targets-extras.cmake
[0.744s] -- Up-to-date: /home/xingxunliu/ws_sensor_combined/install/uav_interfaces/share/uav_interfaces/cmake/ament_cmake_export_include_directories-extras.cmake
[0.744s] -- Up-to-date: /home/xingxunliu/ws_sensor_combined/install/uav_interfaces/share/uav_interfaces/cmake/rosidl_cmake_export_typesupport_libraries-extras.cmake
[0.744s] -- Up-to-date: /home/xingxunliu/ws_sensor_combined/install/uav_interfaces/share/uav_interfaces/cmake/rosidl_cmake_export_typesupport_targets-extras.cmake
[0.745s] -- Up-to-date: /home/xingxunliu/ws_sensor_combined/install/uav_interfaces/share/uav_interfaces/cmake/uav_interfacesConfig.cmake
[0.745s] -- Up-to-date: /home/xingxunliu/ws_sensor_combined/install/uav_interfaces/share/uav_interfaces/cmake/uav_interfacesConfig-version.cmake
[0.745s] -- Up-to-date: /home/xingxunliu/ws_sensor_combined/install/uav_interfaces/share/uav_interfaces/package.xml
[0.751s] Invoked command in '/home/xingxunliu/ws_sensor_combined/build/uav_interfaces' returned '0': CMAKE_PREFIX_PATH=/opt/ros/foxy /usr/bin/cmake --install /home/xingxunliu/ws_sensor_combined/build/uav_interfaces
