[0.988s] Invoking command in '/home/xingxunliu/ws_sensor_combined/src/suanfa': PYTHONPATH=/home/xingxunliu/ws_sensor_combined/build/suanfa/prefix_override:/home/xingxunliu/ws_sensor_combined/install/suanfa/lib/python3.8/site-packages:${PYTHONPATH} /usr/bin/python3 setup.py egg_info --egg-base ../../build/suanfa build --build-base /home/xingxunliu/ws_sensor_combined/build/suanfa/build install --record /home/xingxunliu/ws_sensor_combined/build/suanfa/install.log --single-version-externally-managed
[1.224s] running egg_info
[1.241s] writing ../../build/suanfa/suanfa.egg-info/PKG-INFO
[1.241s] writing dependency_links to ../../build/suanfa/suanfa.egg-info/dependency_links.txt
[1.241s] writing entry points to ../../build/suanfa/suanfa.egg-info/entry_points.txt
[1.242s] writing requirements to ../../build/suanfa/suanfa.egg-info/requires.txt
[1.242s] writing top-level names to ../../build/suanfa/suanfa.egg-info/top_level.txt
[1.346s] reading manifest file '../../build/suanfa/suanfa.egg-info/SOURCES.txt'
[1.347s] writing manifest file '../../build/suanfa/suanfa.egg-info/SOURCES.txt'
[1.347s] running build
[1.348s] running build_py
[1.348s] running install
[1.349s] /home/xingxunliu/.local/lib/python3.8/site-packages/setuptools/_distutils/cmd.py:66: SetuptoolsDeprecationWarning: setup.py install is deprecated.
[1.349s] !!
[1.349s] 
[1.349s]         ********************************************************************************
[1.349s]         Please avoid running ``setup.py`` directly.
[1.349s]         Instead, use pypa/build, pypa/installer or other
[1.350s]         standards-based tools.
[1.350s] 
[1.350s]         See https://blog.ganssle.io/articles/2021/10/setup-py-deprecated.html for details.
[1.350s]         ********************************************************************************
[1.350s] 
[1.351s] !!
[1.351s]   self.initialize_options()
[1.355s] running install_lib
[1.370s] running install_data
[1.385s] running install_egg_info
[1.398s] removing '/home/xingxunliu/ws_sensor_combined/install/suanfa/lib/python3.8/site-packages/suanfa-0.0.0-py3.8.egg-info' (and everything under it)
[1.398s] Copying ../../build/suanfa/suanfa.egg-info to /home/xingxunliu/ws_sensor_combined/install/suanfa/lib/python3.8/site-packages/suanfa-0.0.0-py3.8.egg-info
[1.398s] running install_scripts
[1.459s] Installing suanfa_node script to /home/xingxunliu/ws_sensor_combined/install/suanfa/lib/suanfa
[1.459s] writing list of installed files to '/home/xingxunliu/ws_sensor_combined/build/suanfa/install.log'
[1.526s] Invoked command in '/home/xingxunliu/ws_sensor_combined/src/suanfa' returned '0': PYTHONPATH=/home/xingxunliu/ws_sensor_combined/build/suanfa/prefix_override:/home/xingxunliu/ws_sensor_combined/install/suanfa/lib/python3.8/site-packages:${PYTHONPATH} /usr/bin/python3 setup.py egg_info --egg-base ../../build/suanfa build --build-base /home/xingxunliu/ws_sensor_combined/build/suanfa/build install --record /home/xingxunliu/ws_sensor_combined/build/suanfa/install.log --single-version-externally-managed
