[0.404s] Invoking command in '/home/xingxunliu/ws_sensor_combined/build/uav_interfaces': CMAKE_PREFIX_PATH=/opt/ros/foxy /usr/bin/cmake /home/xingxunliu/ws_sensor_combined/src/uav_interfaces -DCMAKE_INSTALL_PREFIX=/home/xingxunliu/ws_sensor_combined/install/uav_interfaces
[0.585s] -- The C compiler identification is GNU 9.4.0
[0.717s] -- The CXX compiler identification is GNU 9.4.0
[0.731s] -- Check for working C compiler: /usr/bin/cc
[0.837s] -- Check for working C compiler: /usr/bin/cc -- works
[0.840s] -- Detecting C compiler ABI info
[0.944s] -- Detecting C compiler ABI info - done
[0.964s] -- Detecting C compile features
[0.965s] -- Detecting C compile features - done
[0.969s] -- Check for working CXX compiler: /usr/bin/c++
[1.102s] -- Check for working CXX compiler: /usr/bin/c++ -- works
[1.104s] -- Detecting CXX compiler ABI info
[1.226s] -- Detecting CXX compiler ABI info - done
[1.244s] -- Detecting CXX compile features
[1.245s] -- Detecting CXX compile features - done
[1.250s] -- Found ament_cmake: 0.9.12 (/opt/ros/foxy/share/ament_cmake/cmake)
[1.289s] -- Found PythonInterp: /usr/bin/python3 (found suitable version "3.8.10", minimum required is "3") 
[1.289s] -- Using PYTHON_EXECUTABLE: /usr/bin/python3
[1.524s] -- Found sensor_msgs: 2.0.5 (/opt/ros/foxy/share/sensor_msgs/cmake)
[1.581s] -- Using all available rosidl_typesupport_c: rosidl_typesupport_fastrtps_c;rosidl_typesupport_introspection_c
[1.599s] -- Found rosidl_adapter: 1.3.1 (/opt/ros/foxy/share/rosidl_adapter/cmake)
[1.769s] -- Found OpenSSL: /usr/lib/x86_64-linux-gnu/libcrypto.so (found version "1.1.1f")  
[1.799s] -- Found FastRTPS: /opt/ros/foxy/include  
[1.914s] -- Using all available rosidl_typesupport_cpp: rosidl_typesupport_fastrtps_cpp;rosidl_typesupport_introspection_cpp
[2.127s] -- Found rosidl_default_generators: 1.0.1 (/opt/ros/foxy/share/rosidl_default_generators/cmake)
[2.171s] -- Found PythonInterp: /usr/bin/python3 (found version "3.8.10") 
[2.387s] -- Found ament_cmake_ros: 0.9.2 (/opt/ros/foxy/share/ament_cmake_ros/cmake)
[2.746s] -- Using all available rosidl_typesupport_c: rosidl_typesupport_fastrtps_c;rosidl_typesupport_introspection_c
[2.904s] -- Using all available rosidl_typesupport_cpp: rosidl_typesupport_fastrtps_cpp;rosidl_typesupport_introspection_cpp
[2.935s] -- Found PythonInterp: /usr/bin/python3 (found suitable version "3.8.10", minimum required is "3.5") 
[2.939s] -- Found python_cmake_module: 0.8.1 (/opt/ros/foxy/share/python_cmake_module/cmake)
[2.980s] -- Found PythonLibs: /usr/lib/x86_64-linux-gnu/libpython3.8.so (found suitable version "3.8.10", minimum required is "3.5") 
[2.981s] -- Using PYTHON_EXECUTABLE: /usr/bin/python3
[2.981s] -- Using PYTHON_INCLUDE_DIRS: /usr/include/python3.8
[2.982s] -- Using PYTHON_LIBRARIES: /usr/lib/x86_64-linux-gnu/libpython3.8.so
[3.009s] -- Found PythonExtra: .so  
[3.201s] -- Found ament_lint_auto: 0.9.8 (/opt/ros/foxy/share/ament_lint_auto/cmake)
[3.245s] -- Added test 'copyright' to check source files copyright and LICENSE
[3.249s] -- Added test 'lint_cmake' to check CMake code style
[3.252s] -- Added test 'xmllint' to check XML markup files
[3.261s] -- Configuring done
[3.373s] -- Generating done
[3.377s] -- Build files have been written to: /home/xingxunliu/ws_sensor_combined/build/uav_interfaces
[3.391s] Invoked command in '/home/xingxunliu/ws_sensor_combined/build/uav_interfaces' returned '0': CMAKE_PREFIX_PATH=/opt/ros/foxy /usr/bin/cmake /home/xingxunliu/ws_sensor_combined/src/uav_interfaces -DCMAKE_INSTALL_PREFIX=/home/xingxunliu/ws_sensor_combined/install/uav_interfaces
[3.396s] Invoking command in '/home/xingxunliu/ws_sensor_combined/build/uav_interfaces': CMAKE_PREFIX_PATH=/opt/ros/foxy /usr/bin/cmake --build /home/xingxunliu/ws_sensor_combined/build/uav_interfaces -- -j16 -l16
[3.452s] [35m[1mScanning dependencies of target uav_interfaces__cpp[0m
[3.457s] [  3%] [34m[1mGenerating C code for ROS interfaces[0m
[3.469s] [  6%] [34m[1mGenerating C++ code for ROS interfaces[0m
[3.789s] [35m[1mScanning dependencies of target uav_interfaces__rosidl_generator_c[0m
[3.799s] [  6%] Built target uav_interfaces__cpp
[3.814s] [  9%] [32mBuilding C object CMakeFiles/uav_interfaces__rosidl_generator_c.dir/rosidl_generator_c/uav_interfaces/srv/detail/uav_control__functions.c.o[0m
[3.817s] [ 12%] [34m[1mGenerating C++ introspection for ROS interfaces[0m
[3.818s] [ 16%] [34m[1mGenerating C++ type support dispatch for ROS interfaces[0m
[3.818s] [ 19%] [34m[1mGenerating C++ type support for eProsima Fast-RTPS[0m
[3.892s] [ 22%] [32m[1mLinking C shared library libuav_interfaces__rosidl_generator_c.so[0m
[3.976s] [ 22%] Built target uav_interfaces__rosidl_generator_c
[3.994s] [ 25%] [34m[1mGenerating C introspection for ROS interfaces[0m
[3.996s] [ 29%] [34m[1mGenerating C type support dispatch for ROS interfaces[0m
[4.124s] [35m[1mScanning dependencies of target uav_interfaces__rosidl_typesupport_cpp[0m
[4.143s] [ 32%] [32mBuilding CXX object CMakeFiles/uav_interfaces__rosidl_typesupport_cpp.dir/rosidl_typesupport_cpp/uav_interfaces/srv/uav_control__type_support.cpp.o[0m
[4.145s] [35m[1mScanning dependencies of target uav_interfaces__rosidl_typesupport_fastrtps_cpp[0m
[4.149s] [35m[1mScanning dependencies of target uav_interfaces__rosidl_typesupport_introspection_cpp[0m
[4.173s] [ 35%] [32mBuilding CXX object CMakeFiles/uav_interfaces__rosidl_typesupport_introspection_cpp.dir/rosidl_typesupport_introspection_cpp/uav_interfaces/srv/detail/uav_control__type_support.cpp.o[0m
[4.175s] [ 38%] [32mBuilding CXX object CMakeFiles/uav_interfaces__rosidl_typesupport_fastrtps_cpp.dir/rosidl_typesupport_fastrtps_cpp/uav_interfaces/srv/detail/dds_fastrtps/uav_control__type_support.cpp.o[0m
[4.309s] [35m[1mScanning dependencies of target uav_interfaces__rosidl_typesupport_c[0m
[4.331s] [ 41%] [32mBuilding CXX object CMakeFiles/uav_interfaces__rosidl_typesupport_c.dir/rosidl_typesupport_c/uav_interfaces/srv/uav_control__type_support.cpp.o[0m
[4.344s] [35m[1mScanning dependencies of target uav_interfaces__rosidl_typesupport_introspection_c[0m
[4.368s] [ 45%] [32mBuilding C object CMakeFiles/uav_interfaces__rosidl_typesupport_introspection_c.dir/rosidl_typesupport_introspection_c/uav_interfaces/srv/detail/uav_control__type_support.c.o[0m
[4.386s] [ 48%] [32m[1mLinking CXX shared library libuav_interfaces__rosidl_typesupport_c.so[0m
[4.422s] [ 51%] [32m[1mLinking C shared library libuav_interfaces__rosidl_typesupport_introspection_c.so[0m
[4.448s] [ 51%] Built target uav_interfaces__rosidl_typesupport_c
[4.485s] [ 51%] Built target uav_interfaces__rosidl_typesupport_introspection_c
[4.511s] [ 54%] [32m[1mLinking CXX shared library libuav_interfaces__rosidl_typesupport_cpp.so[0m
[4.535s] [ 58%] [32m[1mLinking CXX shared library libuav_interfaces__rosidl_typesupport_introspection_cpp.so[0m
[4.564s] [ 58%] Built target uav_interfaces__rosidl_typesupport_cpp
[4.598s] [ 58%] Built target uav_interfaces__rosidl_typesupport_introspection_cpp
[4.701s] [ 61%] [32m[1mLinking CXX shared library libuav_interfaces__rosidl_typesupport_fastrtps_cpp.so[0m
[4.843s] [ 61%] Built target uav_interfaces__rosidl_typesupport_fastrtps_cpp
[4.861s] [ 64%] [34m[1mGenerating C type support for eProsima Fast-RTPS[0m
[5.360s] [35m[1mScanning dependencies of target uav_interfaces__rosidl_typesupport_fastrtps_c[0m
[5.363s] [ 67%] [32mBuilding CXX object CMakeFiles/uav_interfaces__rosidl_typesupport_fastrtps_c.dir/rosidl_typesupport_fastrtps_c/uav_interfaces/srv/detail/uav_control__type_support_c.cpp.o[0m
[5.553s] [ 70%] [32m[1mLinking CXX shared library libuav_interfaces__rosidl_typesupport_fastrtps_c.so[0m
[5.682s] [ 70%] Built target uav_interfaces__rosidl_typesupport_fastrtps_c
[5.697s] [35m[1mScanning dependencies of target uav_interfaces[0m
[5.712s] [ 70%] Built target uav_interfaces
[5.727s] [35m[1mScanning dependencies of target uav_interfaces__py[0m
[5.743s] [ 74%] [34m[1mGenerating Python code for ROS interfaces[0m
[6.346s] [ 74%] Built target uav_interfaces__py
[6.361s] [35m[1mScanning dependencies of target uav_interfaces__python[0m
[6.423s] [ 77%] [32mBuilding C object CMakeFiles/uav_interfaces__python.dir/rosidl_generator_py/uav_interfaces/srv/_uav_control_s.c.o[0m
[6.547s] [ 80%] [32m[1mLinking C shared library rosidl_generator_py/uav_interfaces/libuav_interfaces__python.so[0m
[6.608s] [ 80%] Built target uav_interfaces__python
[6.617s] [35m[1mScanning dependencies of target uav_interfaces__rosidl_typesupport_c__pyext[0m
[6.622s] [35m[1mScanning dependencies of target uav_interfaces__rosidl_typesupport_fastrtps_c__pyext[0m
[6.624s] [35m[1mScanning dependencies of target uav_interfaces__rosidl_typesupport_introspection_c__pyext[0m
[6.645s] [ 83%] [32mBuilding C object CMakeFiles/uav_interfaces__rosidl_typesupport_fastrtps_c__pyext.dir/rosidl_generator_py/uav_interfaces/_uav_interfaces_s.ep.rosidl_typesupport_fastrtps_c.c.o[0m
[6.646s] [ 87%] [32mBuilding C object CMakeFiles/uav_interfaces__rosidl_typesupport_introspection_c__pyext.dir/rosidl_generator_py/uav_interfaces/_uav_interfaces_s.ep.rosidl_typesupport_introspection_c.c.o[0m
[6.647s] [ 90%] [32mBuilding C object CMakeFiles/uav_interfaces__rosidl_typesupport_c__pyext.dir/rosidl_generator_py/uav_interfaces/_uav_interfaces_s.ep.rosidl_typesupport_c.c.o[0m
[6.746s] [ 93%] [32m[1mLinking C shared library rosidl_generator_py/uav_interfaces/uav_interfaces_s__rosidl_typesupport_introspection_c.cpython-38-x86_64-linux-gnu.so[0m
[6.761s] [ 96%] [32m[1mLinking C shared library rosidl_generator_py/uav_interfaces/uav_interfaces_s__rosidl_typesupport_c.cpython-38-x86_64-linux-gnu.so[0m
[6.767s] [100%] [32m[1mLinking CXX shared library rosidl_generator_py/uav_interfaces/uav_interfaces_s__rosidl_typesupport_fastrtps_c.cpython-38-x86_64-linux-gnu.so[0m
[6.808s] [100%] Built target uav_interfaces__rosidl_typesupport_introspection_c__pyext
[6.812s] [100%] Built target uav_interfaces__rosidl_typesupport_c__pyext
[6.864s] [100%] Built target uav_interfaces__rosidl_typesupport_fastrtps_c__pyext
[6.881s] Invoked command in '/home/xingxunliu/ws_sensor_combined/build/uav_interfaces' returned '0': CMAKE_PREFIX_PATH=/opt/ros/foxy /usr/bin/cmake --build /home/xingxunliu/ws_sensor_combined/build/uav_interfaces -- -j16 -l16
[6.949s] Invoking command in '/home/xingxunliu/ws_sensor_combined/build/uav_interfaces': CMAKE_PREFIX_PATH=/opt/ros/foxy /usr/bin/cmake --install /home/xingxunliu/ws_sensor_combined/build/uav_interfaces
[6.966s] -- Install configuration: ""
[6.966s] -- Installing: /home/xingxunliu/ws_sensor_combined/install/uav_interfaces/share/ament_index/resource_index/rosidl_interfaces/uav_interfaces
[6.967s] -- Installing: /home/xingxunliu/ws_sensor_combined/install/uav_interfaces/include/uav_interfaces
[6.967s] -- Installing: /home/xingxunliu/ws_sensor_combined/install/uav_interfaces/include/uav_interfaces/srv
[6.967s] -- Installing: /home/xingxunliu/ws_sensor_combined/install/uav_interfaces/include/uav_interfaces/srv/detail
[6.967s] -- Installing: /home/xingxunliu/ws_sensor_combined/install/uav_interfaces/include/uav_interfaces/srv/detail/uav_control__functions.c
[6.967s] -- Installing: /home/xingxunliu/ws_sensor_combined/install/uav_interfaces/include/uav_interfaces/srv/detail/uav_control__functions.h
[6.968s] -- Installing: /home/xingxunliu/ws_sensor_combined/install/uav_interfaces/include/uav_interfaces/srv/detail/uav_control__type_support.h
[6.968s] -- Installing: /home/xingxunliu/ws_sensor_combined/install/uav_interfaces/include/uav_interfaces/srv/detail/uav_control__struct.h
[6.968s] -- Installing: /home/xingxunliu/ws_sensor_combined/install/uav_interfaces/include/uav_interfaces/srv/uav_control.h
[6.968s] -- Installing: /home/xingxunliu/ws_sensor_combined/install/uav_interfaces/include/uav_interfaces/msg
[6.968s] -- Installing: /home/xingxunliu/ws_sensor_combined/install/uav_interfaces/include/uav_interfaces/msg/rosidl_generator_c__visibility_control.h
[6.969s] -- Installing: /home/xingxunliu/ws_sensor_combined/install/uav_interfaces/share/uav_interfaces/environment/library_path.sh
[6.969s] -- Installing: /home/xingxunliu/ws_sensor_combined/install/uav_interfaces/share/uav_interfaces/environment/library_path.dsv
[6.970s] -- Installing: /home/xingxunliu/ws_sensor_combined/install/uav_interfaces/lib/libuav_interfaces__rosidl_generator_c.so
[6.970s] -- Set runtime path of "/home/xingxunliu/ws_sensor_combined/install/uav_interfaces/lib/libuav_interfaces__rosidl_generator_c.so" to ""
[6.970s] -- Up-to-date: /home/xingxunliu/ws_sensor_combined/install/uav_interfaces/include/uav_interfaces
[6.970s] -- Up-to-date: /home/xingxunliu/ws_sensor_combined/install/uav_interfaces/include/uav_interfaces/srv
[6.970s] -- Up-to-date: /home/xingxunliu/ws_sensor_combined/install/uav_interfaces/include/uav_interfaces/srv/detail
[6.971s] -- Installing: /home/xingxunliu/ws_sensor_combined/install/uav_interfaces/include/uav_interfaces/srv/detail/uav_control__rosidl_typesupport_fastrtps_c.h
[6.971s] -- Up-to-date: /home/xingxunliu/ws_sensor_combined/install/uav_interfaces/include/uav_interfaces/msg
[6.971s] -- Installing: /home/xingxunliu/ws_sensor_combined/install/uav_interfaces/include/uav_interfaces/msg/rosidl_typesupport_fastrtps_c__visibility_control.h
[6.971s] -- Installing: /home/xingxunliu/ws_sensor_combined/install/uav_interfaces/lib/libuav_interfaces__rosidl_typesupport_fastrtps_c.so
[6.971s] -- Set runtime path of "/home/xingxunliu/ws_sensor_combined/install/uav_interfaces/lib/libuav_interfaces__rosidl_typesupport_fastrtps_c.so" to ""
[6.972s] -- Up-to-date: /home/xingxunliu/ws_sensor_combined/install/uav_interfaces/include/uav_interfaces
[6.972s] -- Up-to-date: /home/xingxunliu/ws_sensor_combined/install/uav_interfaces/include/uav_interfaces/srv
[6.972s] -- Up-to-date: /home/xingxunliu/ws_sensor_combined/install/uav_interfaces/include/uav_interfaces/srv/detail
[6.972s] -- Installing: /home/xingxunliu/ws_sensor_combined/install/uav_interfaces/include/uav_interfaces/srv/detail/uav_control__rosidl_typesupport_fastrtps_cpp.hpp
[6.972s] -- Installing: /home/xingxunliu/ws_sensor_combined/install/uav_interfaces/include/uav_interfaces/srv/detail/dds_fastrtps
[6.972s] -- Up-to-date: /home/xingxunliu/ws_sensor_combined/install/uav_interfaces/include/uav_interfaces/msg
[6.973s] -- Installing: /home/xingxunliu/ws_sensor_combined/install/uav_interfaces/include/uav_interfaces/msg/rosidl_typesupport_fastrtps_cpp__visibility_control.h
[6.973s] -- Installing: /home/xingxunliu/ws_sensor_combined/install/uav_interfaces/lib/libuav_interfaces__rosidl_typesupport_fastrtps_cpp.so
[6.973s] -- Set runtime path of "/home/xingxunliu/ws_sensor_combined/install/uav_interfaces/lib/libuav_interfaces__rosidl_typesupport_fastrtps_cpp.so" to ""
[6.974s] -- Up-to-date: /home/xingxunliu/ws_sensor_combined/install/uav_interfaces/include/uav_interfaces
[6.974s] -- Up-to-date: /home/xingxunliu/ws_sensor_combined/install/uav_interfaces/include/uav_interfaces/srv
[6.974s] -- Up-to-date: /home/xingxunliu/ws_sensor_combined/install/uav_interfaces/include/uav_interfaces/srv/detail
[6.975s] -- Installing: /home/xingxunliu/ws_sensor_combined/install/uav_interfaces/include/uav_interfaces/srv/detail/uav_control__rosidl_typesupport_introspection_c.h
[6.975s] -- Installing: /home/xingxunliu/ws_sensor_combined/install/uav_interfaces/include/uav_interfaces/srv/detail/uav_control__type_support.c
[6.975s] -- Up-to-date: /home/xingxunliu/ws_sensor_combined/install/uav_interfaces/include/uav_interfaces/msg
[6.975s] -- Installing: /home/xingxunliu/ws_sensor_combined/install/uav_interfaces/include/uav_interfaces/msg/rosidl_typesupport_introspection_c__visibility_control.h
[6.975s] -- Installing: /home/xingxunliu/ws_sensor_combined/install/uav_interfaces/lib/libuav_interfaces__rosidl_typesupport_introspection_c.so
[6.975s] -- Set runtime path of "/home/xingxunliu/ws_sensor_combined/install/uav_interfaces/lib/libuav_interfaces__rosidl_typesupport_introspection_c.so" to ""
[6.975s] -- Installing: /home/xingxunliu/ws_sensor_combined/install/uav_interfaces/lib/libuav_interfaces__rosidl_typesupport_c.so
[6.976s] -- Set runtime path of "/home/xingxunliu/ws_sensor_combined/install/uav_interfaces/lib/libuav_interfaces__rosidl_typesupport_c.so" to ""
[6.976s] -- Up-to-date: /home/xingxunliu/ws_sensor_combined/install/uav_interfaces/include/uav_interfaces
[6.976s] -- Up-to-date: /home/xingxunliu/ws_sensor_combined/install/uav_interfaces/include/uav_interfaces/srv
[6.976s] -- Up-to-date: /home/xingxunliu/ws_sensor_combined/install/uav_interfaces/include/uav_interfaces/srv/detail
[6.977s] -- Installing: /home/xingxunliu/ws_sensor_combined/install/uav_interfaces/include/uav_interfaces/srv/detail/uav_control__type_support.hpp
[6.977s] -- Installing: /home/xingxunliu/ws_sensor_combined/install/uav_interfaces/include/uav_interfaces/srv/detail/uav_control__struct.hpp
[6.977s] -- Installing: /home/xingxunliu/ws_sensor_combined/install/uav_interfaces/include/uav_interfaces/srv/detail/uav_control__builder.hpp
[6.977s] -- Installing: /home/xingxunliu/ws_sensor_combined/install/uav_interfaces/include/uav_interfaces/srv/detail/uav_control__traits.hpp
[6.978s] -- Installing: /home/xingxunliu/ws_sensor_combined/install/uav_interfaces/include/uav_interfaces/srv/uav_control.hpp
[6.978s] -- Up-to-date: /home/xingxunliu/ws_sensor_combined/install/uav_interfaces/include/uav_interfaces/msg
[6.978s] -- Installing: /home/xingxunliu/ws_sensor_combined/install/uav_interfaces/include/uav_interfaces/msg/rosidl_generator_cpp__visibility_control.hpp
[6.978s] -- Up-to-date: /home/xingxunliu/ws_sensor_combined/install/uav_interfaces/include/uav_interfaces
[6.978s] -- Up-to-date: /home/xingxunliu/ws_sensor_combined/install/uav_interfaces/include/uav_interfaces/srv
[6.978s] -- Up-to-date: /home/xingxunliu/ws_sensor_combined/install/uav_interfaces/include/uav_interfaces/srv/detail
[6.979s] -- Installing: /home/xingxunliu/ws_sensor_combined/install/uav_interfaces/include/uav_interfaces/srv/detail/uav_control__type_support.cpp
[6.979s] -- Installing: /home/xingxunliu/ws_sensor_combined/install/uav_interfaces/include/uav_interfaces/srv/detail/uav_control__rosidl_typesupport_introspection_cpp.hpp
[6.979s] -- Installing: /home/xingxunliu/ws_sensor_combined/install/uav_interfaces/lib/libuav_interfaces__rosidl_typesupport_introspection_cpp.so
[6.979s] -- Set runtime path of "/home/xingxunliu/ws_sensor_combined/install/uav_interfaces/lib/libuav_interfaces__rosidl_typesupport_introspection_cpp.so" to ""
[6.979s] -- Installing: /home/xingxunliu/ws_sensor_combined/install/uav_interfaces/lib/libuav_interfaces__rosidl_typesupport_cpp.so
[6.979s] -- Set runtime path of "/home/xingxunliu/ws_sensor_combined/install/uav_interfaces/lib/libuav_interfaces__rosidl_typesupport_cpp.so" to ""
[6.980s] -- Installing: /home/xingxunliu/ws_sensor_combined/install/uav_interfaces/share/uav_interfaces/environment/pythonpath.sh
[6.980s] -- Installing: /home/xingxunliu/ws_sensor_combined/install/uav_interfaces/share/uav_interfaces/environment/pythonpath.dsv
[6.980s] -- Installing: /home/xingxunliu/ws_sensor_combined/install/uav_interfaces/lib/python3.8/site-packages/uav_interfaces/__init__.py
[7.010s] Compiling '/home/xingxunliu/ws_sensor_combined/install/uav_interfaces/lib/python3.8/site-packages/uav_interfaces/__init__.py'...
[7.016s] -- Installing: /home/xingxunliu/ws_sensor_combined/install/uav_interfaces/lib/python3.8/site-packages/uav_interfaces/srv
[7.016s] -- Installing: /home/xingxunliu/ws_sensor_combined/install/uav_interfaces/lib/python3.8/site-packages/uav_interfaces/srv/_uav_control_s.c
[7.016s] -- Installing: /home/xingxunliu/ws_sensor_combined/install/uav_interfaces/lib/python3.8/site-packages/uav_interfaces/srv/_uav_control.py
[7.016s] -- Installing: /home/xingxunliu/ws_sensor_combined/install/uav_interfaces/lib/python3.8/site-packages/uav_interfaces/srv/__init__.py
[7.017s] -- Installing: /home/xingxunliu/ws_sensor_combined/install/uav_interfaces/lib/python3.8/site-packages/uav_interfaces/uav_interfaces_s__rosidl_typesupport_fastrtps_c.cpython-38-x86_64-linux-gnu.so
[7.017s] -- Set runtime path of "/home/xingxunliu/ws_sensor_combined/install/uav_interfaces/lib/python3.8/site-packages/uav_interfaces/uav_interfaces_s__rosidl_typesupport_fastrtps_c.cpython-38-x86_64-linux-gnu.so" to ""
[7.018s] -- Installing: /home/xingxunliu/ws_sensor_combined/install/uav_interfaces/lib/python3.8/site-packages/uav_interfaces/uav_interfaces_s__rosidl_typesupport_introspection_c.cpython-38-x86_64-linux-gnu.so
[7.019s] -- Set runtime path of "/home/xingxunliu/ws_sensor_combined/install/uav_interfaces/lib/python3.8/site-packages/uav_interfaces/uav_interfaces_s__rosidl_typesupport_introspection_c.cpython-38-x86_64-linux-gnu.so" to ""
[7.019s] -- Installing: /home/xingxunliu/ws_sensor_combined/install/uav_interfaces/lib/python3.8/site-packages/uav_interfaces/uav_interfaces_s__rosidl_typesupport_c.cpython-38-x86_64-linux-gnu.so
[7.020s] -- Set runtime path of "/home/xingxunliu/ws_sensor_combined/install/uav_interfaces/lib/python3.8/site-packages/uav_interfaces/uav_interfaces_s__rosidl_typesupport_c.cpython-38-x86_64-linux-gnu.so" to ""
[7.020s] -- Installing: /home/xingxunliu/ws_sensor_combined/install/uav_interfaces/lib/libuav_interfaces__python.so
[7.020s] -- Set runtime path of "/home/xingxunliu/ws_sensor_combined/install/uav_interfaces/lib/libuav_interfaces__python.so" to ""
[7.021s] -- Installing: /home/xingxunliu/ws_sensor_combined/install/uav_interfaces/share/uav_interfaces/srv/UavControl.idl
[7.021s] -- Installing: /home/xingxunliu/ws_sensor_combined/install/uav_interfaces/share/uav_interfaces/srv/UavControl.srv
[7.021s] -- Installing: /home/xingxunliu/ws_sensor_combined/install/uav_interfaces/share/uav_interfaces/srv/UavControl_Request.msg
[7.021s] -- Installing: /home/xingxunliu/ws_sensor_combined/install/uav_interfaces/share/uav_interfaces/srv/UavControl_Response.msg
[7.022s] -- Installing: /home/xingxunliu/ws_sensor_combined/install/uav_interfaces/share/ament_index/resource_index/package_run_dependencies/uav_interfaces
[7.022s] -- Installing: /home/xingxunliu/ws_sensor_combined/install/uav_interfaces/share/ament_index/resource_index/parent_prefix_path/uav_interfaces
[7.022s] -- Installing: /home/xingxunliu/ws_sensor_combined/install/uav_interfaces/share/uav_interfaces/environment/ament_prefix_path.sh
[7.022s] -- Installing: /home/xingxunliu/ws_sensor_combined/install/uav_interfaces/share/uav_interfaces/environment/ament_prefix_path.dsv
[7.023s] -- Installing: /home/xingxunliu/ws_sensor_combined/install/uav_interfaces/share/uav_interfaces/environment/path.sh
[7.023s] -- Installing: /home/xingxunliu/ws_sensor_combined/install/uav_interfaces/share/uav_interfaces/environment/path.dsv
[7.023s] -- Installing: /home/xingxunliu/ws_sensor_combined/install/uav_interfaces/share/uav_interfaces/local_setup.bash
[7.024s] -- Installing: /home/xingxunliu/ws_sensor_combined/install/uav_interfaces/share/uav_interfaces/local_setup.sh
[7.024s] -- Installing: /home/xingxunliu/ws_sensor_combined/install/uav_interfaces/share/uav_interfaces/local_setup.zsh
[7.024s] -- Installing: /home/xingxunliu/ws_sensor_combined/install/uav_interfaces/share/uav_interfaces/local_setup.dsv
[7.025s] -- Installing: /home/xingxunliu/ws_sensor_combined/install/uav_interfaces/share/uav_interfaces/package.dsv
[7.025s] -- Installing: /home/xingxunliu/ws_sensor_combined/install/uav_interfaces/share/ament_index/resource_index/packages/uav_interfaces
[7.025s] -- Installing: /home/xingxunliu/ws_sensor_combined/install/uav_interfaces/share/uav_interfaces/cmake/uav_interfaces__rosidl_generator_cExport.cmake
[7.025s] -- Installing: /home/xingxunliu/ws_sensor_combined/install/uav_interfaces/share/uav_interfaces/cmake/uav_interfaces__rosidl_generator_cExport-noconfig.cmake
[7.026s] -- Installing: /home/xingxunliu/ws_sensor_combined/install/uav_interfaces/share/uav_interfaces/cmake/uav_interfaces__rosidl_typesupport_introspection_cExport.cmake
[7.026s] -- Installing: /home/xingxunliu/ws_sensor_combined/install/uav_interfaces/share/uav_interfaces/cmake/uav_interfaces__rosidl_typesupport_introspection_cExport-noconfig.cmake
[7.026s] -- Installing: /home/xingxunliu/ws_sensor_combined/install/uav_interfaces/share/uav_interfaces/cmake/uav_interfaces__rosidl_typesupport_cExport.cmake
[7.026s] -- Installing: /home/xingxunliu/ws_sensor_combined/install/uav_interfaces/share/uav_interfaces/cmake/uav_interfaces__rosidl_typesupport_cExport-noconfig.cmake
[7.027s] -- Installing: /home/xingxunliu/ws_sensor_combined/install/uav_interfaces/share/uav_interfaces/cmake/uav_interfaces__rosidl_generator_cppExport.cmake
[7.027s] -- Installing: /home/xingxunliu/ws_sensor_combined/install/uav_interfaces/share/uav_interfaces/cmake/uav_interfaces__rosidl_typesupport_introspection_cppExport.cmake
[7.027s] -- Installing: /home/xingxunliu/ws_sensor_combined/install/uav_interfaces/share/uav_interfaces/cmake/uav_interfaces__rosidl_typesupport_introspection_cppExport-noconfig.cmake
[7.027s] -- Installing: /home/xingxunliu/ws_sensor_combined/install/uav_interfaces/share/uav_interfaces/cmake/uav_interfaces__rosidl_typesupport_cppExport.cmake
[7.028s] -- Installing: /home/xingxunliu/ws_sensor_combined/install/uav_interfaces/share/uav_interfaces/cmake/uav_interfaces__rosidl_typesupport_cppExport-noconfig.cmake
[7.028s] -- Installing: /home/xingxunliu/ws_sensor_combined/install/uav_interfaces/share/uav_interfaces/cmake/rosidl_cmake-extras.cmake
[7.028s] -- Installing: /home/xingxunliu/ws_sensor_combined/install/uav_interfaces/share/uav_interfaces/cmake/ament_cmake_export_dependencies-extras.cmake
[7.028s] -- Installing: /home/xingxunliu/ws_sensor_combined/install/uav_interfaces/share/uav_interfaces/cmake/ament_cmake_export_libraries-extras.cmake
[7.028s] -- Installing: /home/xingxunliu/ws_sensor_combined/install/uav_interfaces/share/uav_interfaces/cmake/ament_cmake_export_targets-extras.cmake
[7.028s] -- Installing: /home/xingxunliu/ws_sensor_combined/install/uav_interfaces/share/uav_interfaces/cmake/ament_cmake_export_include_directories-extras.cmake
[7.029s] -- Installing: /home/xingxunliu/ws_sensor_combined/install/uav_interfaces/share/uav_interfaces/cmake/rosidl_cmake_export_typesupport_libraries-extras.cmake
[7.029s] -- Installing: /home/xingxunliu/ws_sensor_combined/install/uav_interfaces/share/uav_interfaces/cmake/rosidl_cmake_export_typesupport_targets-extras.cmake
[7.029s] -- Installing: /home/xingxunliu/ws_sensor_combined/install/uav_interfaces/share/uav_interfaces/cmake/uav_interfacesConfig.cmake
[7.029s] -- Installing: /home/xingxunliu/ws_sensor_combined/install/uav_interfaces/share/uav_interfaces/cmake/uav_interfacesConfig-version.cmake
[7.030s] -- Installing: /home/xingxunliu/ws_sensor_combined/install/uav_interfaces/share/uav_interfaces/package.xml
[7.037s] Invoked command in '/home/xingxunliu/ws_sensor_combined/build/uav_interfaces' returned '0': CMAKE_PREFIX_PATH=/opt/ros/foxy /usr/bin/cmake --install /home/xingxunliu/ws_sensor_combined/build/uav_interfaces
