[0.024s] Invoking command in '/home/xingxunliu/ws_sensor_combined/build/px4_ros_com': AMENT_PREFIX_PATH=/home/xingxunliu/ws_sensor_combined/install/px4_msgs:${AMENT_PREFIX_PATH} CMAKE_PREFIX_PATH=/home/xingxunliu/ws_sensor_combined/install/px4_msgs:/opt/ros/foxy LD_LIBRARY_PATH=/home/xingxunliu/ws_sensor_combined/install/px4_msgs/lib:${LD_LIBRARY_PATH} PYTHONPATH=/home/xingxunliu/ws_sensor_combined/install/px4_msgs/lib/python3.8/site-packages:${PYTHONPATH} /usr/bin/cmake --build /home/xingxunliu/ws_sensor_combined/build/px4_ros_com -- -j16 -l16
[0.117s] [35m[1mScanning dependencies of target offboard_control[0m
[0.150s] [ 20%] Built target frame_transforms
[0.152s] [ 80%] Built target sensor_combined_listener
[0.152s] [ 80%] Built target vehicle_gps_position_listener
[0.152s] [ 80%] Built target debug_vect_advertiser
[0.182s] [ 90%] [32mBuilding CXX object CMakeFiles/offboard_control.dir/src/examples/offboard/offboard_control.cpp.o[0m
[8.632s] [100%] [32m[1mLinking CXX executable offboard_control[0m
[9.082s] [100%] Built target offboard_control
[9.108s] Invoked command in '/home/xingxunliu/ws_sensor_combined/build/px4_ros_com' returned '0': AMENT_PREFIX_PATH=/home/xingxunliu/ws_sensor_combined/install/px4_msgs:${AMENT_PREFIX_PATH} CMAKE_PREFIX_PATH=/home/xingxunliu/ws_sensor_combined/install/px4_msgs:/opt/ros/foxy LD_LIBRARY_PATH=/home/xingxunliu/ws_sensor_combined/install/px4_msgs/lib:${LD_LIBRARY_PATH} PYTHONPATH=/home/xingxunliu/ws_sensor_combined/install/px4_msgs/lib/python3.8/site-packages:${PYTHONPATH} /usr/bin/cmake --build /home/xingxunliu/ws_sensor_combined/build/px4_ros_com -- -j16 -l16
[9.182s] Invoking command in '/home/xingxunliu/ws_sensor_combined/build/px4_ros_com': AMENT_PREFIX_PATH=/home/xingxunliu/ws_sensor_combined/install/px4_msgs:${AMENT_PREFIX_PATH} CMAKE_PREFIX_PATH=/home/xingxunliu/ws_sensor_combined/install/px4_msgs:/opt/ros/foxy LD_LIBRARY_PATH=/home/xingxunliu/ws_sensor_combined/install/px4_msgs/lib:${LD_LIBRARY_PATH} PYTHONPATH=/home/xingxunliu/ws_sensor_combined/install/px4_msgs/lib/python3.8/site-packages:${PYTHONPATH} /usr/bin/cmake --install /home/xingxunliu/ws_sensor_combined/build/px4_ros_com
[9.201s] -- Install configuration: ""
[9.201s] -- Up-to-date: /home/xingxunliu/ws_sensor_combined/install/px4_ros_com/lib/px4_ros_com/sensor_combined_listener
[9.201s] -- Up-to-date: /home/xingxunliu/ws_sensor_combined/install/px4_ros_com/lib/px4_ros_com/vehicle_gps_position_listener
[9.202s] -- Up-to-date: /home/xingxunliu/ws_sensor_combined/install/px4_ros_com/lib/px4_ros_com/debug_vect_advertiser
[9.203s] -- Installing: /home/xingxunliu/ws_sensor_combined/install/px4_ros_com/lib/px4_ros_com/offboard_control
[9.206s] -- Set runtime path of "/home/xingxunliu/ws_sensor_combined/install/px4_ros_com/lib/px4_ros_com/offboard_control" to ""
[9.207s] -- Up-to-date: /home/xingxunliu/ws_sensor_combined/install/px4_ros_com/share/px4_ros_com/environment/library_path.sh
[9.207s] -- Up-to-date: /home/xingxunliu/ws_sensor_combined/install/px4_ros_com/share/px4_ros_com/environment/library_path.dsv
[9.207s] -- Up-to-date: /home/xingxunliu/ws_sensor_combined/install/px4_ros_com/include/px4_ros_com
[9.207s] -- Up-to-date: /home/xingxunliu/ws_sensor_combined/install/px4_ros_com/include/px4_ros_com/frame_transforms.h
[9.207s] -- Up-to-date: /home/xingxunliu/ws_sensor_combined/install/px4_ros_com/lib/libframe_transforms.so
[9.208s] -- Up-to-date: /home/xingxunliu/ws_sensor_combined/install/px4_ros_com/share/px4_ros_com//launch
[9.208s] -- Up-to-date: /home/xingxunliu/ws_sensor_combined/install/px4_ros_com/share/px4_ros_com//launch/sensor_combined_listener.launch.py
[9.208s] -- Up-to-date: /home/xingxunliu/ws_sensor_combined/install/px4_ros_com/share/px4_ros_com//launch/offboard_control_launch.yaml
[9.208s] -- Up-to-date: /home/xingxunliu/ws_sensor_combined/install/px4_ros_com/share/px4_ros_com//test
[9.208s] -- Up-to-date: /home/xingxunliu/ws_sensor_combined/install/px4_ros_com/share/px4_ros_com//test/pipeline_io_test.py
[9.208s] -- Up-to-date: /home/xingxunliu/ws_sensor_combined/install/px4_ros_com/share/px4_ros_com//test/test_input.py
[9.209s] -- Up-to-date: /home/xingxunliu/ws_sensor_combined/install/px4_ros_com/share/px4_ros_com//test/test_output.py
[9.209s] -- Up-to-date: /home/xingxunliu/ws_sensor_combined/install/px4_ros_com/share/px4_ros_com//test/__init__.py
[9.209s] -- Up-to-date: /home/xingxunliu/ws_sensor_combined/install/px4_ros_com/share/ament_index/resource_index/package_run_dependencies/px4_ros_com
[9.209s] -- Up-to-date: /home/xingxunliu/ws_sensor_combined/install/px4_ros_com/share/ament_index/resource_index/parent_prefix_path/px4_ros_com
[9.209s] -- Up-to-date: /home/xingxunliu/ws_sensor_combined/install/px4_ros_com/share/px4_ros_com/environment/ament_prefix_path.sh
[9.209s] -- Up-to-date: /home/xingxunliu/ws_sensor_combined/install/px4_ros_com/share/px4_ros_com/environment/ament_prefix_path.dsv
[9.210s] -- Up-to-date: /home/xingxunliu/ws_sensor_combined/install/px4_ros_com/share/px4_ros_com/environment/path.sh
[9.210s] -- Up-to-date: /home/xingxunliu/ws_sensor_combined/install/px4_ros_com/share/px4_ros_com/environment/path.dsv
[9.210s] -- Up-to-date: /home/xingxunliu/ws_sensor_combined/install/px4_ros_com/share/px4_ros_com/local_setup.bash
[9.210s] -- Up-to-date: /home/xingxunliu/ws_sensor_combined/install/px4_ros_com/share/px4_ros_com/local_setup.sh
[9.210s] -- Up-to-date: /home/xingxunliu/ws_sensor_combined/install/px4_ros_com/share/px4_ros_com/local_setup.zsh
[9.211s] -- Up-to-date: /home/xingxunliu/ws_sensor_combined/install/px4_ros_com/share/px4_ros_com/local_setup.dsv
[9.211s] -- Installing: /home/xingxunliu/ws_sensor_combined/install/px4_ros_com/share/px4_ros_com/package.dsv
[9.211s] -- Up-to-date: /home/xingxunliu/ws_sensor_combined/install/px4_ros_com/share/ament_index/resource_index/packages/px4_ros_com
[9.211s] -- Up-to-date: /home/xingxunliu/ws_sensor_combined/install/px4_ros_com/share/px4_ros_com/cmake/export_frame_transformsExport.cmake
[9.211s] -- Up-to-date: /home/xingxunliu/ws_sensor_combined/install/px4_ros_com/share/px4_ros_com/cmake/export_frame_transformsExport-noconfig.cmake
[9.211s] -- Up-to-date: /home/xingxunliu/ws_sensor_combined/install/px4_ros_com/share/px4_ros_com/cmake/ament_cmake_export_dependencies-extras.cmake
[9.211s] -- Up-to-date: /home/xingxunliu/ws_sensor_combined/install/px4_ros_com/share/px4_ros_com/cmake/ament_cmake_export_targets-extras.cmake
[9.212s] -- Up-to-date: /home/xingxunliu/ws_sensor_combined/install/px4_ros_com/share/px4_ros_com/cmake/ament_cmake_export_include_directories-extras.cmake
[9.212s] -- Up-to-date: /home/xingxunliu/ws_sensor_combined/install/px4_ros_com/share/px4_ros_com/cmake/ament_cmake_export_libraries-extras.cmake
[9.212s] -- Up-to-date: /home/xingxunliu/ws_sensor_combined/install/px4_ros_com/share/px4_ros_com/cmake/px4_ros_comConfig.cmake
[9.212s] -- Up-to-date: /home/xingxunliu/ws_sensor_combined/install/px4_ros_com/share/px4_ros_com/cmake/px4_ros_comConfig-version.cmake
[9.212s] -- Up-to-date: /home/xingxunliu/ws_sensor_combined/install/px4_ros_com/share/px4_ros_com/package.xml
[9.214s] Invoked command in '/home/xingxunliu/ws_sensor_combined/build/px4_ros_com' returned '0': AMENT_PREFIX_PATH=/home/xingxunliu/ws_sensor_combined/install/px4_msgs:${AMENT_PREFIX_PATH} CMAKE_PREFIX_PATH=/home/xingxunliu/ws_sensor_combined/install/px4_msgs:/opt/ros/foxy LD_LIBRARY_PATH=/home/xingxunliu/ws_sensor_combined/install/px4_msgs/lib:${LD_LIBRARY_PATH} PYTHONPATH=/home/xingxunliu/ws_sensor_combined/install/px4_msgs/lib/python3.8/site-packages:${PYTHONPATH} /usr/bin/cmake --install /home/xingxunliu/ws_sensor_combined/build/px4_ros_com
