[01m[K/home/xingxunliu/ws_sensor_combined/src/px4_ros_com/src/examples/offboard/offboard_test.cpp:260:38:[m[K [01;31m[Kerror: [m[K‘[01m[KTimesync[m[K’ is not a member of ‘[01m[Kpx4_msgs::msg[m[K’
  260 |  rclcpp::Subscription<px4_msgs::msg::[01;31m[KTimesync[m[K>::SharedPtr timesync_sub_;
      |                                      [01;31m[K^~~~~~~~[m[K
[01m[K/home/xingxunliu/ws_sensor_combined/src/px4_ros_com/src/examples/offboard/offboard_test.cpp:260:38:[m[K [01;31m[Kerror: [m[K‘[01m[KTimesync[m[K’ is not a member of ‘[01m[Kpx4_msgs::msg[m[K’
[01m[K/home/xingxunliu/ws_sensor_combined/src/px4_ros_com/src/examples/offboard/offboard_test.cpp:260:46:[m[K [01;31m[Kerror: [m[Ktemplate argument 1 is invalid
  260 |  rclcpp::Subscription<px4_msgs::msg::Timesync[01;31m[K>[m[K::SharedPtr timesync_sub_;
      |                                              [01;31m[K^[m[K
[01m[K/home/xingxunliu/ws_sensor_combined/src/px4_ros_com/src/examples/offboard/offboard_test.cpp:260:46:[m[K [01;31m[Kerror: [m[Ktemplate argument 3 is invalid
[01m[K/home/xingxunliu/ws_sensor_combined/src/px4_ros_com/src/examples/offboard/offboard_test.cpp:260:49:[m[K [01;31m[Kerror: [m[Kexpected ‘[01m[K;[m[K’ at end of member declaration
  260 | clcpp::Subscription<px4_msgs::msg::Timesync>::[01;31m[KSharedPtr[m[K timesync_sub_;
      |                                               [01;31m[K^~~~~~~~~[m[K
      |                                                        [32m[K;[m[K
[01m[K/home/xingxunliu/ws_sensor_combined/src/px4_ros_com/src/examples/offboard/offboard_test.cpp:260:59:[m[K [01;31m[Kerror: [m[K‘[01m[Ktimesync_sub_[m[K’ does not name a type
  260 | :Subscription<px4_msgs::msg::Timesync>::SharedPtr [01;31m[Ktimesync_sub_[m[K;
      |                                                   [01;31m[K^~~~~~~~~~~~~[m[K

[01m[K/home/xingxunliu/ws_sensor_combined/src/px4_ros_com/src/examples/offboard/offboard_test.cpp:[m[K In constructor ‘[01m[KOffboardControl::OffboardControl()[m[K’:
[01m[K/home/xingxunliu/ws_sensor_combined/src/px4_ros_com/src/examples/offboard/offboard_test.cpp:119:91:[m[K [01;31m[Kerror: [m[Kno matching function for call to ‘[01m[KOffboardControl::create_publisher<px4_msgs::msg::OffboardControlMode>(const char [42])[m[K’
  119 | e>("uav1_control/fmu/offboard_control_mode/in"[01;31m[K)[m[K;
      |                                               [01;31m[K^[m[K

In file included from [01m[K/opt/ros/foxy/include/rclcpp/executors/single_threaded_executor.hpp:28[m[K,
                 from [01m[K/opt/ros/foxy/include/rclcpp/executors.hpp:22[m[K,
                 from [01m[K/opt/ros/foxy/include/rclcpp/rclcpp.hpp:146[m[K,
                 from [01m[K/home/xingxunliu/ws_sensor_combined/src/px4_ros_com/src/examples/offboard/offboard_test.cpp:61[m[K:
[01m[K/opt/ros/foxy/include/rclcpp/node.hpp:184:3:[m[K [01;36m[Knote: [m[Kcandidate: ‘[01m[Ktemplate<class MessageT, class AllocatorT, class PublisherT> std::shared_ptr<PublisherT> rclcpp::Node::create_publisher(const string&, const rclcpp::QoS&, const rclcpp::PublisherOptionsWithAllocator<AllocatorT>&)[m[K’
  184 |   [01;36m[Kcreate_publisher[m[K(
      |   [01;36m[K^~~~~~~~~~~~~~~~[m[K
[01m[K/opt/ros/foxy/include/rclcpp/node.hpp:184:3:[m[K [01;36m[Knote: [m[K  template argument deduction/substitution failed:
[01m[K/home/xingxunliu/ws_sensor_combined/src/px4_ros_com/src/examples/offboard/offboard_test.cpp:119:91:[m[K [01;36m[Knote: [m[K  candidate expects 3 arguments, 1 provided
  119 | e>("uav1_control/fmu/offboard_control_mode/in"[01;36m[K)[m[K;
      |                                               [01;36m[K^[m[K

[01m[K/home/xingxunliu/ws_sensor_combined/src/px4_ros_com/src/examples/offboard/offboard_test.cpp:121:88:[m[K [01;31m[Kerror: [m[Kno matching function for call to ‘[01m[KOffboardControl::create_publisher<px4_msgs::msg::TrajectorySetpoint>(const char [40])[m[K’
  121 | int>("uav1_control/fmu/trajectory_setpoint/in"[01;31m[K)[m[K;
      |                                               [01;31m[K^[m[K

In file included from [01m[K/opt/ros/foxy/include/rclcpp/executors/single_threaded_executor.hpp:28[m[K,
                 from [01m[K/opt/ros/foxy/include/rclcpp/executors.hpp:22[m[K,
                 from [01m[K/opt/ros/foxy/include/rclcpp/rclcpp.hpp:146[m[K,
                 from [01m[K/home/xingxunliu/ws_sensor_combined/src/px4_ros_com/src/examples/offboard/offboard_test.cpp:61[m[K:
[01m[K/opt/ros/foxy/include/rclcpp/node.hpp:184:3:[m[K [01;36m[Knote: [m[Kcandidate: ‘[01m[Ktemplate<class MessageT, class AllocatorT, class PublisherT> std::shared_ptr<PublisherT> rclcpp::Node::create_publisher(const string&, const rclcpp::QoS&, const rclcpp::PublisherOptionsWithAllocator<AllocatorT>&)[m[K’
  184 |   [01;36m[Kcreate_publisher[m[K(
      |   [01;36m[K^~~~~~~~~~~~~~~~[m[K
[01m[K/opt/ros/foxy/include/rclcpp/node.hpp:184:3:[m[K [01;36m[Knote: [m[K  template argument deduction/substitution failed:
[01m[K/home/xingxunliu/ws_sensor_combined/src/px4_ros_com/src/examples/offboard/offboard_test.cpp:121:88:[m[K [01;36m[Knote: [m[K  candidate expects 3 arguments, 1 provided
  121 | int>("uav1_control/fmu/trajectory_setpoint/in"[01;36m[K)[m[K;
      |                                               [01;36m[K^[m[K

[01m[K/home/xingxunliu/ws_sensor_combined/src/px4_ros_com/src/examples/offboard/offboard_test.cpp:123:80:[m[K [01;31m[Kerror: [m[Kno matching function for call to ‘[01m[KOffboardControl::create_publisher<px4_msgs::msg::VehicleCommand>(const char [36])[m[K’
  123 | Command>("uav1_control/fmu/vehicle_command/in"[01;31m[K)[m[K;
      |                                               [01;31m[K^[m[K

In file included from [01m[K/opt/ros/foxy/include/rclcpp/executors/single_threaded_executor.hpp:28[m[K,
                 from [01m[K/opt/ros/foxy/include/rclcpp/executors.hpp:22[m[K,
                 from [01m[K/opt/ros/foxy/include/rclcpp/rclcpp.hpp:146[m[K,
                 from [01m[K/home/xingxunliu/ws_sensor_combined/src/px4_ros_com/src/examples/offboard/offboard_test.cpp:61[m[K:
[01m[K/opt/ros/foxy/include/rclcpp/node.hpp:184:3:[m[K [01;36m[Knote: [m[Kcandidate: ‘[01m[Ktemplate<class MessageT, class AllocatorT, class PublisherT> std::shared_ptr<PublisherT> rclcpp::Node::create_publisher(const string&, const rclcpp::QoS&, const rclcpp::PublisherOptionsWithAllocator<AllocatorT>&)[m[K’
  184 |   [01;36m[Kcreate_publisher[m[K(
      |   [01;36m[K^~~~~~~~~~~~~~~~[m[K
[01m[K/opt/ros/foxy/include/rclcpp/node.hpp:184:3:[m[K [01;36m[Knote: [m[K  template argument deduction/substitution failed:
[01m[K/home/xingxunliu/ws_sensor_combined/src/px4_ros_com/src/examples/offboard/offboard_test.cpp:123:80:[m[K [01;36m[Knote: [m[K  candidate expects 3 arguments, 1 provided
  123 | Command>("uav1_control/fmu/vehicle_command/in"[01;36m[K)[m[K;
      |                                               [01;36m[K^[m[K

[01m[K/home/xingxunliu/ws_sensor_combined/src/px4_ros_com/src/examples/offboard/offboard_test.cpp:128:3:[m[K [01;31m[Kerror: [m[K‘[01m[Ktimesync_sub_[m[K’ was not declared in this scope
  128 |   [01;31m[Ktimesync_sub_[m[K =
      |   [01;31m[K^~~~~~~~~~~~~[m[K
[01m[K/home/xingxunliu/ws_sensor_combined/src/px4_ros_com/src/examples/offboard/offboard_test.cpp:129:45:[m[K [01;31m[Kerror: [m[K‘[01m[KTimesync[m[K’ is not a member of ‘[01m[Kpx4_msgs::msg[m[K’
  129 |    this->create_subscription<px4_msgs::msg::[01;31m[KTimesync[m[K>("uav1_control/fmu/timesync/out", 10,
      |                                             [01;31m[K^~~~~~~~[m[K
[01m[K/home/xingxunliu/ws_sensor_combined/src/px4_ros_com/src/examples/offboard/offboard_test.cpp:129:45:[m[K [01;31m[Kerror: [m[K‘[01m[KTimesync[m[K’ is not a member of ‘[01m[Kpx4_msgs::msg[m[K’
[01m[K/home/xingxunliu/ws_sensor_combined/src/px4_ros_com/src/examples/offboard/offboard_test.cpp:130:33:[m[K [01;31m[Kerror: [m[K‘[01m[KTimesync[m[K’ in namespace ‘[01m[Kpx4_msgs::msg[m[K’ does not name a type
  130 |     [this](const px4_msgs::msg::[01;31m[KTimesync[m[K::UniquePtr msg) {
      |                                 [01;31m[K^~~~~~~~[m[K
[01m[K/home/xingxunliu/ws_sensor_combined/src/px4_ros_com/src/examples/offboard/offboard_test.cpp:[m[K In lambda function:
[01m[K/home/xingxunliu/ws_sensor_combined/src/px4_ros_com/src/examples/offboard/offboard_test.cpp:132:7:[m[K [01;31m[Kerror: [m[Kexpected ‘[01m[K{[m[K’ before ‘[01m[K;[m[K’ token
  132 |     })[01;31m[K;[m[K
      |       [01;31m[K^[m[K
[01m[K/home/xingxunliu/ws_sensor_combined/src/px4_ros_com/src/examples/offboard/offboard_test.cpp:[m[K In constructor ‘[01m[KOffboardControl::OffboardControl()[m[K’:
[01m[K/home/xingxunliu/ws_sensor_combined/src/px4_ros_com/src/examples/offboard/offboard_test.cpp:132:7:[m[K [01;31m[Kerror: [m[Kexpected ‘[01m[K)[m[K’ before ‘[01m[K;[m[K’ token
  132 |     })[01;31m[K;[m[K
      |       [01;31m[K^[m[K
      |       [32m[K)[m[K
[01m[K/home/xingxunliu/ws_sensor_combined/src/px4_ros_com/src/examples/offboard/offboard_test.cpp:129:54:[m[K [01;36m[Knote: [m[Kto match this ‘[01m[K([m[K’
  129 | ->create_subscription<px4_msgs::msg::Timesync>[01;36m[K([m[K"uav1_control/fmu/timesync/out", 10,
      |                                               [01;36m[K^[m[K

[01m[K/home/xingxunliu/ws_sensor_combined/src/px4_ros_com/src/examples/offboard/offboard_test.cpp:[m[K In member function ‘[01m[Kvoid OffboardControl::publish_trajectory_setpoint(float, float, float) const[m[K’:
[01m[K/home/xingxunliu/ws_sensor_combined/src/px4_ros_com/src/examples/offboard/offboard_test.cpp:336:6:[m[K [01;31m[Kerror: [m[K‘[01m[Kusing TrajectorySetpoint = struct px4_msgs::msg::TrajectorySetpoint_<std::allocator<void> >[m[K’ {aka ‘[01m[Kstruct px4_msgs::msg::TrajectorySetpoint_<std::allocator<void> >[m[K’} has no member named ‘[01m[Kx[m[K’
  336 |  msg.[01;31m[Kx[m[K = -x + x_init_corrdinate;
      |      [01;31m[K^[m[K
[01m[K/home/xingxunliu/ws_sensor_combined/src/px4_ros_com/src/examples/offboard/offboard_test.cpp:337:6:[m[K [01;31m[Kerror: [m[K‘[01m[Kusing TrajectorySetpoint = struct px4_msgs::msg::TrajectorySetpoint_<std::allocator<void> >[m[K’ {aka ‘[01m[Kstruct px4_msgs::msg::TrajectorySetpoint_<std::allocator<void> >[m[K’} has no member named ‘[01m[Ky[m[K’
  337 |  msg.[01;31m[Ky[m[K = -y + y_init_corrdinate;
      |      [01;31m[K^[m[K
[01m[K/home/xingxunliu/ws_sensor_combined/src/px4_ros_com/src/examples/offboard/offboard_test.cpp:338:6:[m[K [01;31m[Kerror: [m[K‘[01m[Kusing TrajectorySetpoint = struct px4_msgs::msg::TrajectorySetpoint_<std::allocator<void> >[m[K’ {aka ‘[01m[Kstruct px4_msgs::msg::TrajectorySetpoint_<std::allocator<void> >[m[K’} has no member named ‘[01m[Kz[m[K’
  338 |  msg.[01;31m[Kz[m[K = -z + z_init_corrdinate;
      |      [01;31m[K^[m[K
make[2]: *** [CMakeFiles/offboard_test.dir/build.make:63：CMakeFiles/offboard_test.dir/src/examples/offboard/offboard_test.cpp.o] 错误 1
make[1]: *** [CMakeFiles/Makefile2:277：CMakeFiles/offboard_test.dir/all] 错误 2
make: *** [Makefile:141：all] 错误 2
