[0.875s] Invoking command in '/home/xingxunliu/ws_sensor_combined/src/suanfa': PYTHONPATH=/home/xingxunliu/ws_sensor_combined/build/suanfa/prefix_override:/home/xingxunliu/ws_sensor_combined/install/suanfa/lib/python3.8/site-packages:${PYTHONPATH} /usr/bin/python3 setup.py egg_info --egg-base ../../build/suanfa build --build-base /home/xingxunliu/ws_sensor_combined/build/suanfa/build install --record /home/xingxunliu/ws_sensor_combined/build/suanfa/install.log --single-version-externally-managed
[1.104s] running egg_info
[1.117s] writing ../../build/suanfa/suanfa.egg-info/PKG-INFO
[1.117s] writing dependency_links to ../../build/suanfa/suanfa.egg-info/dependency_links.txt
[1.117s] writing entry points to ../../build/suanfa/suanfa.egg-info/entry_points.txt
[1.117s] writing requirements to ../../build/suanfa/suanfa.egg-info/requires.txt
[1.118s] writing top-level names to ../../build/suanfa/suanfa.egg-info/top_level.txt
[1.209s] reading manifest file '../../build/suanfa/suanfa.egg-info/SOURCES.txt'
[1.210s] writing manifest file '../../build/suanfa/suanfa.egg-info/SOURCES.txt'
[1.211s] running build
[1.211s] running build_py
[1.211s] running install
[1.211s] /home/xingxunliu/.local/lib/python3.8/site-packages/setuptools/_distutils/cmd.py:66: SetuptoolsDeprecationWarning: setup.py install is deprecated.
[1.211s] !!
[1.212s] 
[1.212s]         ********************************************************************************
[1.212s]         Please avoid running ``setup.py`` directly.
[1.212s]         Instead, use pypa/build, pypa/installer or other
[1.212s]         standards-based tools.
[1.212s] 
[1.212s]         See https://blog.ganssle.io/articles/2021/10/setup-py-deprecated.html for details.
[1.213s]         ********************************************************************************
[1.213s] 
[1.213s] !!
[1.213s]   self.initialize_options()
[1.218s] running install_lib
[1.230s] running install_data
[1.245s] running install_egg_info
[1.258s] removing '/home/xingxunliu/ws_sensor_combined/install/suanfa/lib/python3.8/site-packages/suanfa-0.0.0-py3.8.egg-info' (and everything under it)
[1.258s] Copying ../../build/suanfa/suanfa.egg-info to /home/xingxunliu/ws_sensor_combined/install/suanfa/lib/python3.8/site-packages/suanfa-0.0.0-py3.8.egg-info
[1.259s] running install_scripts
[1.315s] Installing suanfa_node script to /home/xingxunliu/ws_sensor_combined/install/suanfa/lib/suanfa
[1.315s] writing list of installed files to '/home/xingxunliu/ws_sensor_combined/build/suanfa/install.log'
[1.361s] Invoked command in '/home/xingxunliu/ws_sensor_combined/src/suanfa' returned '0': PYTHONPATH=/home/xingxunliu/ws_sensor_combined/build/suanfa/prefix_override:/home/xingxunliu/ws_sensor_combined/install/suanfa/lib/python3.8/site-packages:${PYTHONPATH} /usr/bin/python3 setup.py egg_info --egg-base ../../build/suanfa build --build-base /home/xingxunliu/ws_sensor_combined/build/suanfa/build install --record /home/xingxunliu/ws_sensor_combined/build/suanfa/install.log --single-version-externally-managed
