[0.414s] DEBUG:colcon:Command line arguments: ['/usr/bin/colcon', 'list', '-p', '--base-paths', '/home/xingxunliu/ws_sensor_combined']
[0.414s] DEBUG:colcon:Parsed command line arguments: Namespace(allow_overriding=[], base_paths=['/home/xingxunliu/ws_sensor_combined'], build_base='build', ignore_user_meta=False, log_base=None, log_level=None, main=<bound method ListVerb.main of <colcon_package_information.verb.list.ListVerb object at 0x7f6b022b7970>>, metas=['./colcon.meta'], names_only=False, packages_above=None, packages_above_and_dependencies=None, packages_above_depth=None, packages_end=None, packages_ignore=None, packages_ignore_regex=None, packages_select=None, packages_select_build_failed=False, packages_select_by_dep=None, packages_select_regex=None, packages_select_test_failures=False, packages_skip=None, packages_skip_build_finished=False, packages_skip_by_dep=None, packages_skip_regex=None, packages_skip_test_passed=False, packages_skip_up_to=None, packages_start=None, packages_up_to=None, packages_up_to_regex=None, paths=None, paths_only=True, topological_graph=False, topological_graph_density=False, topological_graph_dot=False, topological_graph_dot_cluster=False, topological_graph_dot_include_skipped=False, topological_graph_legend=False, topological_order=False, verb_extension=<colcon_package_information.verb.list.ListVerb object at 0x7f6b022b7970>, verb_name='list', verb_parser=<colcon_defaults.argument_parser.defaults.DefaultArgumentsDecorator object at 0x7f6b022c4970>)
[0.469s] Level 1:colcon.colcon_core.package_discovery:discover_packages(colcon_meta) check parameters
[0.470s] Level 1:colcon.colcon_core.package_discovery:discover_packages(recursive) check parameters
[0.470s] Level 1:colcon.colcon_core.package_discovery:discover_packages(ignore) check parameters
[0.470s] Level 1:colcon.colcon_core.package_discovery:discover_packages(path) check parameters
[0.470s] Level 1:colcon.colcon_core.package_discovery:discover_packages(recursive) discover
[0.470s] INFO:colcon.colcon_core.package_discovery:Crawling recursively for packages in '/home/xingxunliu/ws_sensor_combined'
[0.470s] Level 1:colcon.colcon_core.package_identification:_identify(/home/xingxunliu/ws_sensor_combined) by extensions ['ignore', 'ignore_ament_install']
[0.471s] Level 1:colcon.colcon_core.package_identification:_identify(/home/xingxunliu/ws_sensor_combined) by extension 'ignore'
[0.471s] Level 1:colcon.colcon_core.package_identification:_identify(/home/xingxunliu/ws_sensor_combined) by extension 'ignore_ament_install'
[0.471s] Level 1:colcon.colcon_core.package_identification:_identify(/home/xingxunliu/ws_sensor_combined) by extensions ['colcon_pkg']
[0.471s] Level 1:colcon.colcon_core.package_identification:_identify(/home/xingxunliu/ws_sensor_combined) by extension 'colcon_pkg'
[0.471s] Level 1:colcon.colcon_core.package_identification:_identify(/home/xingxunliu/ws_sensor_combined) by extensions ['colcon_meta']
[0.471s] Level 1:colcon.colcon_core.package_identification:_identify(/home/xingxunliu/ws_sensor_combined) by extension 'colcon_meta'
[0.471s] Level 1:colcon.colcon_core.package_identification:_identify(/home/xingxunliu/ws_sensor_combined) by extensions ['ros']
[0.471s] Level 1:colcon.colcon_core.package_identification:_identify(/home/xingxunliu/ws_sensor_combined) by extension 'ros'
[0.497s] Level 1:colcon.colcon_core.package_identification:_identify(/home/xingxunliu/ws_sensor_combined) by extensions ['cmake', 'python']
[0.497s] Level 1:colcon.colcon_core.package_identification:_identify(/home/xingxunliu/ws_sensor_combined) by extension 'cmake'
[0.497s] Level 1:colcon.colcon_core.package_identification:_identify(/home/xingxunliu/ws_sensor_combined) by extension 'python'
[0.497s] Level 1:colcon.colcon_core.package_identification:_identify(/home/xingxunliu/ws_sensor_combined) by extensions ['python_setup_py']
[0.498s] Level 1:colcon.colcon_core.package_identification:_identify(/home/xingxunliu/ws_sensor_combined) by extension 'python_setup_py'
[0.498s] Level 1:colcon.colcon_core.package_identification:_identify(/home/xingxunliu/ws_sensor_combined/build) by extensions ['ignore', 'ignore_ament_install']
[0.498s] Level 1:colcon.colcon_core.package_identification:_identify(/home/xingxunliu/ws_sensor_combined/build) by extension 'ignore'
[0.498s] Level 1:colcon.colcon_core.package_identification:_identify(/home/xingxunliu/ws_sensor_combined/build) ignored
[0.498s] Level 1:colcon.colcon_core.package_identification:_identify(/home/xingxunliu/ws_sensor_combined/install) by extensions ['ignore', 'ignore_ament_install']
[0.499s] Level 1:colcon.colcon_core.package_identification:_identify(/home/xingxunliu/ws_sensor_combined/install) by extension 'ignore'
[0.499s] Level 1:colcon.colcon_core.package_identification:_identify(/home/xingxunliu/ws_sensor_combined/install) ignored
[0.499s] Level 1:colcon.colcon_core.package_identification:_identify(/home/xingxunliu/ws_sensor_combined/log) by extensions ['ignore', 'ignore_ament_install']
[0.499s] Level 1:colcon.colcon_core.package_identification:_identify(/home/xingxunliu/ws_sensor_combined/log) by extension 'ignore'
[0.499s] Level 1:colcon.colcon_core.package_identification:_identify(/home/xingxunliu/ws_sensor_combined/log) ignored
[0.499s] Level 1:colcon.colcon_core.package_identification:_identify(/home/xingxunliu/ws_sensor_combined/src) by extensions ['ignore', 'ignore_ament_install']
[0.500s] Level 1:colcon.colcon_core.package_identification:_identify(/home/xingxunliu/ws_sensor_combined/src) by extension 'ignore'
[0.500s] Level 1:colcon.colcon_core.package_identification:_identify(/home/xingxunliu/ws_sensor_combined/src) by extension 'ignore_ament_install'
[0.500s] Level 1:colcon.colcon_core.package_identification:_identify(/home/xingxunliu/ws_sensor_combined/src) by extensions ['colcon_pkg']
[0.500s] Level 1:colcon.colcon_core.package_identification:_identify(/home/xingxunliu/ws_sensor_combined/src) by extension 'colcon_pkg'
[0.500s] Level 1:colcon.colcon_core.package_identification:_identify(/home/xingxunliu/ws_sensor_combined/src) by extensions ['colcon_meta']
[0.500s] Level 1:colcon.colcon_core.package_identification:_identify(/home/xingxunliu/ws_sensor_combined/src) by extension 'colcon_meta'
[0.500s] Level 1:colcon.colcon_core.package_identification:_identify(/home/xingxunliu/ws_sensor_combined/src) by extensions ['ros']
[0.500s] Level 1:colcon.colcon_core.package_identification:_identify(/home/xingxunliu/ws_sensor_combined/src) by extension 'ros'
[0.500s] Level 1:colcon.colcon_core.package_identification:_identify(/home/xingxunliu/ws_sensor_combined/src) by extensions ['cmake', 'python']
[0.500s] Level 1:colcon.colcon_core.package_identification:_identify(/home/xingxunliu/ws_sensor_combined/src) by extension 'cmake'
[0.500s] Level 1:colcon.colcon_core.package_identification:_identify(/home/xingxunliu/ws_sensor_combined/src) by extension 'python'
[0.501s] Level 1:colcon.colcon_core.package_identification:_identify(/home/xingxunliu/ws_sensor_combined/src) by extensions ['python_setup_py']
[0.501s] Level 1:colcon.colcon_core.package_identification:_identify(/home/xingxunliu/ws_sensor_combined/src) by extension 'python_setup_py'
[0.501s] Level 1:colcon.colcon_core.package_identification:_identify(/home/xingxunliu/ws_sensor_combined/src/launch) by extensions ['ignore', 'ignore_ament_install']
[0.501s] Level 1:colcon.colcon_core.package_identification:_identify(/home/xingxunliu/ws_sensor_combined/src/launch) by extension 'ignore'
[0.501s] Level 1:colcon.colcon_core.package_identification:_identify(/home/xingxunliu/ws_sensor_combined/src/launch) by extension 'ignore_ament_install'
[0.501s] Level 1:colcon.colcon_core.package_identification:_identify(/home/xingxunliu/ws_sensor_combined/src/launch) by extensions ['colcon_pkg']
[0.501s] Level 1:colcon.colcon_core.package_identification:_identify(/home/xingxunliu/ws_sensor_combined/src/launch) by extension 'colcon_pkg'
[0.501s] Level 1:colcon.colcon_core.package_identification:_identify(/home/xingxunliu/ws_sensor_combined/src/launch) by extensions ['colcon_meta']
[0.501s] Level 1:colcon.colcon_core.package_identification:_identify(/home/xingxunliu/ws_sensor_combined/src/launch) by extension 'colcon_meta'
[0.502s] Level 1:colcon.colcon_core.package_identification:_identify(/home/xingxunliu/ws_sensor_combined/src/launch) by extensions ['ros']
[0.502s] Level 1:colcon.colcon_core.package_identification:_identify(/home/xingxunliu/ws_sensor_combined/src/launch) by extension 'ros'
[0.502s] Level 1:colcon.colcon_core.package_identification:_identify(/home/xingxunliu/ws_sensor_combined/src/launch) by extensions ['cmake', 'python']
[0.502s] Level 1:colcon.colcon_core.package_identification:_identify(/home/xingxunliu/ws_sensor_combined/src/launch) by extension 'cmake'
[0.502s] Level 1:colcon.colcon_core.package_identification:_identify(/home/xingxunliu/ws_sensor_combined/src/launch) by extension 'python'
[0.502s] Level 1:colcon.colcon_core.package_identification:_identify(/home/xingxunliu/ws_sensor_combined/src/launch) by extensions ['python_setup_py']
[0.502s] Level 1:colcon.colcon_core.package_identification:_identify(/home/xingxunliu/ws_sensor_combined/src/launch) by extension 'python_setup_py'
[0.502s] Level 1:colcon.colcon_core.package_identification:_identify(/home/xingxunliu/ws_sensor_combined/src/launch/__pycache__) by extensions ['ignore', 'ignore_ament_install']
[0.502s] Level 1:colcon.colcon_core.package_identification:_identify(/home/xingxunliu/ws_sensor_combined/src/launch/__pycache__) by extension 'ignore'
[0.502s] Level 1:colcon.colcon_core.package_identification:_identify(/home/xingxunliu/ws_sensor_combined/src/launch/__pycache__) by extension 'ignore_ament_install'
[0.502s] Level 1:colcon.colcon_core.package_identification:_identify(/home/xingxunliu/ws_sensor_combined/src/launch/__pycache__) by extensions ['colcon_pkg']
[0.503s] Level 1:colcon.colcon_core.package_identification:_identify(/home/xingxunliu/ws_sensor_combined/src/launch/__pycache__) by extension 'colcon_pkg'
[0.503s] Level 1:colcon.colcon_core.package_identification:_identify(/home/xingxunliu/ws_sensor_combined/src/launch/__pycache__) by extensions ['colcon_meta']
[0.503s] Level 1:colcon.colcon_core.package_identification:_identify(/home/xingxunliu/ws_sensor_combined/src/launch/__pycache__) by extension 'colcon_meta'
[0.503s] Level 1:colcon.colcon_core.package_identification:_identify(/home/xingxunliu/ws_sensor_combined/src/launch/__pycache__) by extensions ['ros']
[0.503s] Level 1:colcon.colcon_core.package_identification:_identify(/home/xingxunliu/ws_sensor_combined/src/launch/__pycache__) by extension 'ros'
[0.503s] Level 1:colcon.colcon_core.package_identification:_identify(/home/xingxunliu/ws_sensor_combined/src/launch/__pycache__) by extensions ['cmake', 'python']
[0.503s] Level 1:colcon.colcon_core.package_identification:_identify(/home/xingxunliu/ws_sensor_combined/src/launch/__pycache__) by extension 'cmake'
[0.503s] Level 1:colcon.colcon_core.package_identification:_identify(/home/xingxunliu/ws_sensor_combined/src/launch/__pycache__) by extension 'python'
[0.503s] Level 1:colcon.colcon_core.package_identification:_identify(/home/xingxunliu/ws_sensor_combined/src/launch/__pycache__) by extensions ['python_setup_py']
[0.503s] Level 1:colcon.colcon_core.package_identification:_identify(/home/xingxunliu/ws_sensor_combined/src/launch/__pycache__) by extension 'python_setup_py'
[0.503s] Level 1:colcon.colcon_core.package_identification:_identify(/home/xingxunliu/ws_sensor_combined/src/px4_msgs) by extensions ['ignore', 'ignore_ament_install']
[0.504s] Level 1:colcon.colcon_core.package_identification:_identify(/home/xingxunliu/ws_sensor_combined/src/px4_msgs) by extension 'ignore'
[0.504s] Level 1:colcon.colcon_core.package_identification:_identify(/home/xingxunliu/ws_sensor_combined/src/px4_msgs) by extension 'ignore_ament_install'
[0.504s] Level 1:colcon.colcon_core.package_identification:_identify(/home/xingxunliu/ws_sensor_combined/src/px4_msgs) by extensions ['colcon_pkg']
[0.504s] Level 1:colcon.colcon_core.package_identification:_identify(/home/xingxunliu/ws_sensor_combined/src/px4_msgs) by extension 'colcon_pkg'
[0.504s] Level 1:colcon.colcon_core.package_identification:_identify(/home/xingxunliu/ws_sensor_combined/src/px4_msgs) by extensions ['colcon_meta']
[0.504s] Level 1:colcon.colcon_core.package_identification:_identify(/home/xingxunliu/ws_sensor_combined/src/px4_msgs) by extension 'colcon_meta'
[0.504s] Level 1:colcon.colcon_core.package_identification:_identify(/home/xingxunliu/ws_sensor_combined/src/px4_msgs) by extensions ['ros']
[0.504s] Level 1:colcon.colcon_core.package_identification:_identify(/home/xingxunliu/ws_sensor_combined/src/px4_msgs) by extension 'ros'
[0.509s] DEBUG:colcon.colcon_core.package_identification:Package '/home/xingxunliu/ws_sensor_combined/src/px4_msgs' with type 'ros.ament_cmake' and name 'px4_msgs'
[0.509s] Level 1:colcon.colcon_core.package_identification:_identify(/home/xingxunliu/ws_sensor_combined/src/px4_ros_com) by extensions ['ignore', 'ignore_ament_install']
[0.509s] Level 1:colcon.colcon_core.package_identification:_identify(/home/xingxunliu/ws_sensor_combined/src/px4_ros_com) by extension 'ignore'
[0.509s] Level 1:colcon.colcon_core.package_identification:_identify(/home/xingxunliu/ws_sensor_combined/src/px4_ros_com) by extension 'ignore_ament_install'
[0.509s] Level 1:colcon.colcon_core.package_identification:_identify(/home/xingxunliu/ws_sensor_combined/src/px4_ros_com) by extensions ['colcon_pkg']
[0.509s] Level 1:colcon.colcon_core.package_identification:_identify(/home/xingxunliu/ws_sensor_combined/src/px4_ros_com) by extension 'colcon_pkg'
[0.509s] Level 1:colcon.colcon_core.package_identification:_identify(/home/xingxunliu/ws_sensor_combined/src/px4_ros_com) by extensions ['colcon_meta']
[0.509s] Level 1:colcon.colcon_core.package_identification:_identify(/home/xingxunliu/ws_sensor_combined/src/px4_ros_com) by extension 'colcon_meta'
[0.509s] Level 1:colcon.colcon_core.package_identification:_identify(/home/xingxunliu/ws_sensor_combined/src/px4_ros_com) by extensions ['ros']
[0.509s] Level 1:colcon.colcon_core.package_identification:_identify(/home/xingxunliu/ws_sensor_combined/src/px4_ros_com) by extension 'ros'
[0.511s] DEBUG:colcon.colcon_core.package_identification:Package '/home/xingxunliu/ws_sensor_combined/src/px4_ros_com' with type 'ros.ament_cmake' and name 'px4_ros_com'
[0.512s] Level 1:colcon.colcon_core.package_identification:_identify(/home/xingxunliu/ws_sensor_combined/src/suanfa) by extensions ['ignore', 'ignore_ament_install']
[0.512s] Level 1:colcon.colcon_core.package_identification:_identify(/home/xingxunliu/ws_sensor_combined/src/suanfa) by extension 'ignore'
[0.512s] Level 1:colcon.colcon_core.package_identification:_identify(/home/xingxunliu/ws_sensor_combined/src/suanfa) by extension 'ignore_ament_install'
[0.512s] Level 1:colcon.colcon_core.package_identification:_identify(/home/xingxunliu/ws_sensor_combined/src/suanfa) by extensions ['colcon_pkg']
[0.512s] Level 1:colcon.colcon_core.package_identification:_identify(/home/xingxunliu/ws_sensor_combined/src/suanfa) by extension 'colcon_pkg'
[0.512s] Level 1:colcon.colcon_core.package_identification:_identify(/home/xingxunliu/ws_sensor_combined/src/suanfa) by extensions ['colcon_meta']
[0.512s] Level 1:colcon.colcon_core.package_identification:_identify(/home/xingxunliu/ws_sensor_combined/src/suanfa) by extension 'colcon_meta'
[0.512s] Level 1:colcon.colcon_core.package_identification:_identify(/home/xingxunliu/ws_sensor_combined/src/suanfa) by extensions ['ros']
[0.512s] Level 1:colcon.colcon_core.package_identification:_identify(/home/xingxunliu/ws_sensor_combined/src/suanfa) by extension 'ros'
[0.513s] DEBUG:colcon.colcon_core.package_identification:Package '/home/xingxunliu/ws_sensor_combined/src/suanfa' with type 'ros.ament_python' and name 'suanfa'
[0.513s] Level 1:colcon.colcon_core.package_identification:_identify(/home/xingxunliu/ws_sensor_combined/src/uav_description) by extensions ['ignore', 'ignore_ament_install']
[0.513s] Level 1:colcon.colcon_core.package_identification:_identify(/home/xingxunliu/ws_sensor_combined/src/uav_description) by extension 'ignore'
[0.513s] Level 1:colcon.colcon_core.package_identification:_identify(/home/xingxunliu/ws_sensor_combined/src/uav_description) by extension 'ignore_ament_install'
[0.514s] Level 1:colcon.colcon_core.package_identification:_identify(/home/xingxunliu/ws_sensor_combined/src/uav_description) by extensions ['colcon_pkg']
[0.514s] Level 1:colcon.colcon_core.package_identification:_identify(/home/xingxunliu/ws_sensor_combined/src/uav_description) by extension 'colcon_pkg'
[0.514s] Level 1:colcon.colcon_core.package_identification:_identify(/home/xingxunliu/ws_sensor_combined/src/uav_description) by extensions ['colcon_meta']
[0.514s] Level 1:colcon.colcon_core.package_identification:_identify(/home/xingxunliu/ws_sensor_combined/src/uav_description) by extension 'colcon_meta'
[0.514s] Level 1:colcon.colcon_core.package_identification:_identify(/home/xingxunliu/ws_sensor_combined/src/uav_description) by extensions ['ros']
[0.514s] Level 1:colcon.colcon_core.package_identification:_identify(/home/xingxunliu/ws_sensor_combined/src/uav_description) by extension 'ros'
[0.515s] DEBUG:colcon.colcon_core.package_identification:Package '/home/xingxunliu/ws_sensor_combined/src/uav_description' with type 'ros.ament_python' and name 'uav_description'
[0.516s] Level 1:colcon.colcon_core.package_identification:_identify(/home/xingxunliu/ws_sensor_combined/src/uav_interfaces) by extensions ['ignore', 'ignore_ament_install']
[0.516s] Level 1:colcon.colcon_core.package_identification:_identify(/home/xingxunliu/ws_sensor_combined/src/uav_interfaces) by extension 'ignore'
[0.516s] Level 1:colcon.colcon_core.package_identification:_identify(/home/xingxunliu/ws_sensor_combined/src/uav_interfaces) by extension 'ignore_ament_install'
[0.516s] Level 1:colcon.colcon_core.package_identification:_identify(/home/xingxunliu/ws_sensor_combined/src/uav_interfaces) by extensions ['colcon_pkg']
[0.516s] Level 1:colcon.colcon_core.package_identification:_identify(/home/xingxunliu/ws_sensor_combined/src/uav_interfaces) by extension 'colcon_pkg'
[0.516s] Level 1:colcon.colcon_core.package_identification:_identify(/home/xingxunliu/ws_sensor_combined/src/uav_interfaces) by extensions ['colcon_meta']
[0.516s] Level 1:colcon.colcon_core.package_identification:_identify(/home/xingxunliu/ws_sensor_combined/src/uav_interfaces) by extension 'colcon_meta'
[0.516s] Level 1:colcon.colcon_core.package_identification:_identify(/home/xingxunliu/ws_sensor_combined/src/uav_interfaces) by extensions ['ros']
[0.516s] Level 1:colcon.colcon_core.package_identification:_identify(/home/xingxunliu/ws_sensor_combined/src/uav_interfaces) by extension 'ros'
[0.518s] DEBUG:colcon.colcon_core.package_identification:Package '/home/xingxunliu/ws_sensor_combined/src/uav_interfaces' with type 'ros.ament_cmake' and name 'uav_interfaces'
[0.518s] Level 1:colcon.colcon_core.package_discovery:discover_packages(recursive) using defaults
