[0.035s] Invoking command in '/home/xingxunliu/ws_sensor_combined/build/px4_ros_com': AMENT_PREFIX_PATH=/home/xingxunliu/ws_sensor_combined/install/px4_msgs:${AMENT_PREFIX_PATH} CMAKE_PREFIX_PATH=/home/xingxunliu/ws_sensor_combined/install/px4_msgs:/opt/ros/foxy LD_LIBRARY_PATH=/home/xingxunliu/ws_sensor_combined/install/px4_msgs/lib:${LD_LIBRARY_PATH} PYTHONPATH=/home/xingxunliu/ws_sensor_combined/install/px4_msgs/lib/python3.8/site-packages:${PYTHONPATH} /usr/bin/cmake --build /home/xingxunliu/ws_sensor_combined/build/px4_ros_com -- -j16 -l16
[0.123s] [35m[1mScanning dependencies of target offboard_con[0m
[0.144s] [ 16%] Built target frame_transforms
[0.148s] [ 33%] Built target sensor_combined_listener
[0.149s] [ 50%] Built target vehicle_gps_position_listener
[0.154s] [ 66%] Built target debug_vect_advertiser
[0.157s] [ 83%] Built target offboard_control
[0.187s] [ 91%] [32mBuilding CXX object CMakeFiles/offboard_con.dir/src/examples/offboard/offboard_con.cpp.o[0m
[13.154s] [100%] [32m[1mLinking CXX executable offboard_con[0m
[13.744s] [100%] Built target offboard_con
[13.767s] Invoked command in '/home/xingxunliu/ws_sensor_combined/build/px4_ros_com' returned '0': AMENT_PREFIX_PATH=/home/xingxunliu/ws_sensor_combined/install/px4_msgs:${AMENT_PREFIX_PATH} CMAKE_PREFIX_PATH=/home/xingxunliu/ws_sensor_combined/install/px4_msgs:/opt/ros/foxy LD_LIBRARY_PATH=/home/xingxunliu/ws_sensor_combined/install/px4_msgs/lib:${LD_LIBRARY_PATH} PYTHONPATH=/home/xingxunliu/ws_sensor_combined/install/px4_msgs/lib/python3.8/site-packages:${PYTHONPATH} /usr/bin/cmake --build /home/xingxunliu/ws_sensor_combined/build/px4_ros_com -- -j16 -l16
[13.854s] Invoking command in '/home/xingxunliu/ws_sensor_combined/build/px4_ros_com': AMENT_PREFIX_PATH=/home/xingxunliu/ws_sensor_combined/install/px4_msgs:${AMENT_PREFIX_PATH} CMAKE_PREFIX_PATH=/home/xingxunliu/ws_sensor_combined/install/px4_msgs:/opt/ros/foxy LD_LIBRARY_PATH=/home/xingxunliu/ws_sensor_combined/install/px4_msgs/lib:${LD_LIBRARY_PATH} PYTHONPATH=/home/xingxunliu/ws_sensor_combined/install/px4_msgs/lib/python3.8/site-packages:${PYTHONPATH} /usr/bin/cmake --install /home/xingxunliu/ws_sensor_combined/build/px4_ros_com
[13.869s] -- Install configuration: ""
[13.870s] -- Up-to-date: /home/xingxunliu/ws_sensor_combined/install/px4_ros_com/lib/px4_ros_com/sensor_combined_listener
[13.870s] -- Up-to-date: /home/xingxunliu/ws_sensor_combined/install/px4_ros_com/lib/px4_ros_com/vehicle_gps_position_listener
[13.871s] -- Up-to-date: /home/xingxunliu/ws_sensor_combined/install/px4_ros_com/lib/px4_ros_com/debug_vect_advertiser
[13.871s] -- Up-to-date: /home/xingxunliu/ws_sensor_combined/install/px4_ros_com/lib/px4_ros_com/offboard_control
[13.872s] -- Installing: /home/xingxunliu/ws_sensor_combined/install/px4_ros_com/lib/px4_ros_com/offboard_con
[13.878s] -- Set runtime path of "/home/xingxunliu/ws_sensor_combined/install/px4_ros_com/lib/px4_ros_com/offboard_con" to ""
[13.879s] -- Up-to-date: /home/xingxunliu/ws_sensor_combined/install/px4_ros_com/share/px4_ros_com/environment/library_path.sh
[13.879s] -- Up-to-date: /home/xingxunliu/ws_sensor_combined/install/px4_ros_com/share/px4_ros_com/environment/library_path.dsv
[13.879s] -- Up-to-date: /home/xingxunliu/ws_sensor_combined/install/px4_ros_com/include/px4_ros_com
[13.879s] -- Up-to-date: /home/xingxunliu/ws_sensor_combined/install/px4_ros_com/include/px4_ros_com/frame_transforms.h
[13.879s] -- Up-to-date: /home/xingxunliu/ws_sensor_combined/install/px4_ros_com/lib/libframe_transforms.so
[13.880s] -- Up-to-date: /home/xingxunliu/ws_sensor_combined/install/px4_ros_com/share/px4_ros_com//launch
[13.880s] -- Up-to-date: /home/xingxunliu/ws_sensor_combined/install/px4_ros_com/share/px4_ros_com//launch/sensor_combined_listener.launch.py
[13.880s] -- Up-to-date: /home/xingxunliu/ws_sensor_combined/install/px4_ros_com/share/px4_ros_com//launch/offboard_control_launch.yaml
[13.880s] -- Up-to-date: /home/xingxunliu/ws_sensor_combined/install/px4_ros_com/share/px4_ros_com//test
[13.881s] -- Up-to-date: /home/xingxunliu/ws_sensor_combined/install/px4_ros_com/share/px4_ros_com//test/pipeline_io_test.py
[13.881s] -- Up-to-date: /home/xingxunliu/ws_sensor_combined/install/px4_ros_com/share/px4_ros_com//test/test_input.py
[13.881s] -- Up-to-date: /home/xingxunliu/ws_sensor_combined/install/px4_ros_com/share/px4_ros_com//test/test_output.py
[13.881s] -- Up-to-date: /home/xingxunliu/ws_sensor_combined/install/px4_ros_com/share/px4_ros_com//test/__init__.py
[13.881s] -- Up-to-date: /home/xingxunliu/ws_sensor_combined/install/px4_ros_com/share/ament_index/resource_index/package_run_dependencies/px4_ros_com
[13.882s] -- Up-to-date: /home/xingxunliu/ws_sensor_combined/install/px4_ros_com/share/ament_index/resource_index/parent_prefix_path/px4_ros_com
[13.882s] -- Up-to-date: /home/xingxunliu/ws_sensor_combined/install/px4_ros_com/share/px4_ros_com/environment/ament_prefix_path.sh
[13.882s] -- Up-to-date: /home/xingxunliu/ws_sensor_combined/install/px4_ros_com/share/px4_ros_com/environment/ament_prefix_path.dsv
[13.882s] -- Up-to-date: /home/xingxunliu/ws_sensor_combined/install/px4_ros_com/share/px4_ros_com/environment/path.sh
[13.882s] -- Up-to-date: /home/xingxunliu/ws_sensor_combined/install/px4_ros_com/share/px4_ros_com/environment/path.dsv
[13.883s] -- Up-to-date: /home/xingxunliu/ws_sensor_combined/install/px4_ros_com/share/px4_ros_com/local_setup.bash
[13.883s] -- Up-to-date: /home/xingxunliu/ws_sensor_combined/install/px4_ros_com/share/px4_ros_com/local_setup.sh
[13.883s] -- Up-to-date: /home/xingxunliu/ws_sensor_combined/install/px4_ros_com/share/px4_ros_com/local_setup.zsh
[13.883s] -- Up-to-date: /home/xingxunliu/ws_sensor_combined/install/px4_ros_com/share/px4_ros_com/local_setup.dsv
[13.883s] -- Installing: /home/xingxunliu/ws_sensor_combined/install/px4_ros_com/share/px4_ros_com/package.dsv
[13.884s] -- Up-to-date: /home/xingxunliu/ws_sensor_combined/install/px4_ros_com/share/ament_index/resource_index/packages/px4_ros_com
[13.884s] -- Up-to-date: /home/xingxunliu/ws_sensor_combined/install/px4_ros_com/share/px4_ros_com/cmake/export_frame_transformsExport.cmake
[13.884s] -- Up-to-date: /home/xingxunliu/ws_sensor_combined/install/px4_ros_com/share/px4_ros_com/cmake/export_frame_transformsExport-noconfig.cmake
[13.885s] -- Up-to-date: /home/xingxunliu/ws_sensor_combined/install/px4_ros_com/share/px4_ros_com/cmake/ament_cmake_export_dependencies-extras.cmake
[13.885s] -- Up-to-date: /home/xingxunliu/ws_sensor_combined/install/px4_ros_com/share/px4_ros_com/cmake/ament_cmake_export_targets-extras.cmake
[13.885s] -- Up-to-date: /home/xingxunliu/ws_sensor_combined/install/px4_ros_com/share/px4_ros_com/cmake/ament_cmake_export_include_directories-extras.cmake
[13.885s] -- Up-to-date: /home/xingxunliu/ws_sensor_combined/install/px4_ros_com/share/px4_ros_com/cmake/ament_cmake_export_libraries-extras.cmake
[13.886s] -- Up-to-date: /home/xingxunliu/ws_sensor_combined/install/px4_ros_com/share/px4_ros_com/cmake/px4_ros_comConfig.cmake
[13.886s] -- Up-to-date: /home/xingxunliu/ws_sensor_combined/install/px4_ros_com/share/px4_ros_com/cmake/px4_ros_comConfig-version.cmake
[13.886s] -- Up-to-date: /home/xingxunliu/ws_sensor_combined/install/px4_ros_com/share/px4_ros_com/package.xml
[13.890s] Invoked command in '/home/xingxunliu/ws_sensor_combined/build/px4_ros_com' returned '0': AMENT_PREFIX_PATH=/home/xingxunliu/ws_sensor_combined/install/px4_msgs:${AMENT_PREFIX_PATH} CMAKE_PREFIX_PATH=/home/xingxunliu/ws_sensor_combined/install/px4_msgs:/opt/ros/foxy LD_LIBRARY_PATH=/home/xingxunliu/ws_sensor_combined/install/px4_msgs/lib:${LD_LIBRARY_PATH} PYTHONPATH=/home/xingxunliu/ws_sensor_combined/install/px4_msgs/lib/python3.8/site-packages:${PYTHONPATH} /usr/bin/cmake --install /home/xingxunliu/ws_sensor_combined/build/px4_ros_com
