[  3%] Built target uav_interfaces__cpp
[ 12%] Built target uav_interfaces__rosidl_generator_c
[ 22%] Built target uav_interfaces__rosidl_typesupport_cpp
[ 32%] Built target uav_interfaces__rosidl_typesupport_introspection_cpp
[ 41%] Built target uav_interfaces__rosidl_typesupport_introspection_c
[ 51%] Built target uav_interfaces__rosidl_typesupport_c
[ 61%] Built target uav_interfaces__rosidl_typesupport_fastrtps_cpp
[ 70%] Built target uav_interfaces__rosidl_typesupport_fastrtps_c
[ 70%] Built target uav_interfaces
[ 74%] Built target uav_interfaces__py
[ 80%] Built target uav_interfaces__python
[ 87%] Built target uav_interfaces__rosidl_typesupport_c__pyext
[ 93%] Built target uav_interfaces__rosidl_typesupport_introspection_c__pyext
[100%] Built target uav_interfaces__rosidl_typesupport_fastrtps_c__pyext
-- Install configuration: ""
-- Up-to-date: /home/xingxunliu/ws_sensor_combined/install/uav_interfaces/share/ament_index/resource_index/rosidl_interfaces/uav_interfaces
-- Up-to-date: /home/xingxunliu/ws_sensor_combined/install/uav_interfaces/include/uav_interfaces
-- Up-to-date: /home/xingxunliu/ws_sensor_combined/install/uav_interfaces/include/uav_interfaces/srv
-- Up-to-date: /home/xingxunliu/ws_sensor_combined/install/uav_interfaces/include/uav_interfaces/srv/detail
-- Up-to-date: /home/xingxunliu/ws_sensor_combined/install/uav_interfaces/include/uav_interfaces/srv/detail/uav_control__functions.c
-- Up-to-date: /home/xingxunliu/ws_sensor_combined/install/uav_interfaces/include/uav_interfaces/srv/detail/uav_control__functions.h
-- Up-to-date: /home/xingxunliu/ws_sensor_combined/install/uav_interfaces/include/uav_interfaces/srv/detail/uav_control__type_support.h
-- Up-to-date: /home/xingxunliu/ws_sensor_combined/install/uav_interfaces/include/uav_interfaces/srv/detail/uav_control__struct.h
-- Up-to-date: /home/xingxunliu/ws_sensor_combined/install/uav_interfaces/include/uav_interfaces/srv/uav_control.h
-- Up-to-date: /home/xingxunliu/ws_sensor_combined/install/uav_interfaces/include/uav_interfaces/msg
-- Up-to-date: /home/xingxunliu/ws_sensor_combined/install/uav_interfaces/include/uav_interfaces/msg/rosidl_generator_c__visibility_control.h
-- Up-to-date: /home/xingxunliu/ws_sensor_combined/install/uav_interfaces/share/uav_interfaces/environment/library_path.sh
-- Up-to-date: /home/xingxunliu/ws_sensor_combined/install/uav_interfaces/share/uav_interfaces/environment/library_path.dsv
-- Up-to-date: /home/xingxunliu/ws_sensor_combined/install/uav_interfaces/lib/libuav_interfaces__rosidl_generator_c.so
-- Up-to-date: /home/xingxunliu/ws_sensor_combined/install/uav_interfaces/include/uav_interfaces
-- Up-to-date: /home/xingxunliu/ws_sensor_combined/install/uav_interfaces/include/uav_interfaces/srv
-- Up-to-date: /home/xingxunliu/ws_sensor_combined/install/uav_interfaces/include/uav_interfaces/srv/detail
-- Up-to-date: /home/xingxunliu/ws_sensor_combined/install/uav_interfaces/include/uav_interfaces/srv/detail/uav_control__rosidl_typesupport_fastrtps_c.h
-- Up-to-date: /home/xingxunliu/ws_sensor_combined/install/uav_interfaces/include/uav_interfaces/msg
-- Up-to-date: /home/xingxunliu/ws_sensor_combined/install/uav_interfaces/include/uav_interfaces/msg/rosidl_typesupport_fastrtps_c__visibility_control.h
-- Up-to-date: /home/xingxunliu/ws_sensor_combined/install/uav_interfaces/lib/libuav_interfaces__rosidl_typesupport_fastrtps_c.so
-- Up-to-date: /home/xingxunliu/ws_sensor_combined/install/uav_interfaces/include/uav_interfaces
-- Up-to-date: /home/xingxunliu/ws_sensor_combined/install/uav_interfaces/include/uav_interfaces/srv
-- Up-to-date: /home/xingxunliu/ws_sensor_combined/install/uav_interfaces/include/uav_interfaces/srv/detail
-- Up-to-date: /home/xingxunliu/ws_sensor_combined/install/uav_interfaces/include/uav_interfaces/srv/detail/uav_control__rosidl_typesupport_fastrtps_cpp.hpp
-- Up-to-date: /home/xingxunliu/ws_sensor_combined/install/uav_interfaces/include/uav_interfaces/srv/detail/dds_fastrtps
-- Up-to-date: /home/xingxunliu/ws_sensor_combined/install/uav_interfaces/include/uav_interfaces/msg
-- Up-to-date: /home/xingxunliu/ws_sensor_combined/install/uav_interfaces/include/uav_interfaces/msg/rosidl_typesupport_fastrtps_cpp__visibility_control.h
-- Up-to-date: /home/xingxunliu/ws_sensor_combined/install/uav_interfaces/lib/libuav_interfaces__rosidl_typesupport_fastrtps_cpp.so
-- Up-to-date: /home/xingxunliu/ws_sensor_combined/install/uav_interfaces/include/uav_interfaces
-- Up-to-date: /home/xingxunliu/ws_sensor_combined/install/uav_interfaces/include/uav_interfaces/srv
-- Up-to-date: /home/xingxunliu/ws_sensor_combined/install/uav_interfaces/include/uav_interfaces/srv/detail
-- Up-to-date: /home/xingxunliu/ws_sensor_combined/install/uav_interfaces/include/uav_interfaces/srv/detail/uav_control__rosidl_typesupport_introspection_c.h
-- Up-to-date: /home/xingxunliu/ws_sensor_combined/install/uav_interfaces/include/uav_interfaces/srv/detail/uav_control__type_support.c
-- Up-to-date: /home/xingxunliu/ws_sensor_combined/install/uav_interfaces/include/uav_interfaces/msg
-- Up-to-date: /home/xingxunliu/ws_sensor_combined/install/uav_interfaces/include/uav_interfaces/msg/rosidl_typesupport_introspection_c__visibility_control.h
-- Up-to-date: /home/xingxunliu/ws_sensor_combined/install/uav_interfaces/lib/libuav_interfaces__rosidl_typesupport_introspection_c.so
-- Up-to-date: /home/xingxunliu/ws_sensor_combined/install/uav_interfaces/lib/libuav_interfaces__rosidl_typesupport_c.so
-- Up-to-date: /home/xingxunliu/ws_sensor_combined/install/uav_interfaces/include/uav_interfaces
-- Up-to-date: /home/xingxunliu/ws_sensor_combined/install/uav_interfaces/include/uav_interfaces/srv
-- Up-to-date: /home/xingxunliu/ws_sensor_combined/install/uav_interfaces/include/uav_interfaces/srv/detail
-- Up-to-date: /home/xingxunliu/ws_sensor_combined/install/uav_interfaces/include/uav_interfaces/srv/detail/uav_control__type_support.hpp
-- Up-to-date: /home/xingxunliu/ws_sensor_combined/install/uav_interfaces/include/uav_interfaces/srv/detail/uav_control__struct.hpp
-- Up-to-date: /home/xingxunliu/ws_sensor_combined/install/uav_interfaces/include/uav_interfaces/srv/detail/uav_control__builder.hpp
-- Up-to-date: /home/xingxunliu/ws_sensor_combined/install/uav_interfaces/include/uav_interfaces/srv/detail/uav_control__traits.hpp
-- Up-to-date: /home/xingxunliu/ws_sensor_combined/install/uav_interfaces/include/uav_interfaces/srv/uav_control.hpp
-- Up-to-date: /home/xingxunliu/ws_sensor_combined/install/uav_interfaces/include/uav_interfaces/msg
-- Up-to-date: /home/xingxunliu/ws_sensor_combined/install/uav_interfaces/include/uav_interfaces/msg/rosidl_generator_cpp__visibility_control.hpp
-- Up-to-date: /home/xingxunliu/ws_sensor_combined/install/uav_interfaces/include/uav_interfaces
-- Up-to-date: /home/xingxunliu/ws_sensor_combined/install/uav_interfaces/include/uav_interfaces/srv
-- Up-to-date: /home/xingxunliu/ws_sensor_combined/install/uav_interfaces/include/uav_interfaces/srv/detail
-- Up-to-date: /home/xingxunliu/ws_sensor_combined/install/uav_interfaces/include/uav_interfaces/srv/detail/uav_control__type_support.cpp
-- Up-to-date: /home/xingxunliu/ws_sensor_combined/install/uav_interfaces/include/uav_interfaces/srv/detail/uav_control__rosidl_typesupport_introspection_cpp.hpp
-- Up-to-date: /home/xingxunliu/ws_sensor_combined/install/uav_interfaces/lib/libuav_interfaces__rosidl_typesupport_introspection_cpp.so
-- Up-to-date: /home/xingxunliu/ws_sensor_combined/install/uav_interfaces/lib/libuav_interfaces__rosidl_typesupport_cpp.so
-- Up-to-date: /home/xingxunliu/ws_sensor_combined/install/uav_interfaces/share/uav_interfaces/environment/pythonpath.sh
-- Up-to-date: /home/xingxunliu/ws_sensor_combined/install/uav_interfaces/share/uav_interfaces/environment/pythonpath.dsv
-- Up-to-date: /home/xingxunliu/ws_sensor_combined/install/uav_interfaces/lib/python3.8/site-packages/uav_interfaces/__init__.py
-- Up-to-date: /home/xingxunliu/ws_sensor_combined/install/uav_interfaces/lib/python3.8/site-packages/uav_interfaces/srv
-- Up-to-date: /home/xingxunliu/ws_sensor_combined/install/uav_interfaces/lib/python3.8/site-packages/uav_interfaces/srv/_uav_control_s.c
-- Up-to-date: /home/xingxunliu/ws_sensor_combined/install/uav_interfaces/lib/python3.8/site-packages/uav_interfaces/srv/_uav_control.py
-- Up-to-date: /home/xingxunliu/ws_sensor_combined/install/uav_interfaces/lib/python3.8/site-packages/uav_interfaces/srv/__init__.py
-- Up-to-date: /home/xingxunliu/ws_sensor_combined/install/uav_interfaces/lib/python3.8/site-packages/uav_interfaces/uav_interfaces_s__rosidl_typesupport_fastrtps_c.cpython-38-x86_64-linux-gnu.so
-- Up-to-date: /home/xingxunliu/ws_sensor_combined/install/uav_interfaces/lib/python3.8/site-packages/uav_interfaces/uav_interfaces_s__rosidl_typesupport_introspection_c.cpython-38-x86_64-linux-gnu.so
-- Up-to-date: /home/xingxunliu/ws_sensor_combined/install/uav_interfaces/lib/python3.8/site-packages/uav_interfaces/uav_interfaces_s__rosidl_typesupport_c.cpython-38-x86_64-linux-gnu.so
-- Up-to-date: /home/xingxunliu/ws_sensor_combined/install/uav_interfaces/lib/libuav_interfaces__python.so
-- Up-to-date: /home/xingxunliu/ws_sensor_combined/install/uav_interfaces/share/uav_interfaces/srv/UavControl.idl
-- Up-to-date: /home/xingxunliu/ws_sensor_combined/install/uav_interfaces/share/uav_interfaces/srv/UavControl.srv
-- Up-to-date: /home/xingxunliu/ws_sensor_combined/install/uav_interfaces/share/uav_interfaces/srv/UavControl_Request.msg
-- Up-to-date: /home/xingxunliu/ws_sensor_combined/install/uav_interfaces/share/uav_interfaces/srv/UavControl_Response.msg
-- Up-to-date: /home/xingxunliu/ws_sensor_combined/install/uav_interfaces/share/ament_index/resource_index/package_run_dependencies/uav_interfaces
-- Up-to-date: /home/xingxunliu/ws_sensor_combined/install/uav_interfaces/share/ament_index/resource_index/parent_prefix_path/uav_interfaces
-- Up-to-date: /home/xingxunliu/ws_sensor_combined/install/uav_interfaces/share/uav_interfaces/environment/ament_prefix_path.sh
-- Up-to-date: /home/xingxunliu/ws_sensor_combined/install/uav_interfaces/share/uav_interfaces/environment/ament_prefix_path.dsv
-- Up-to-date: /home/xingxunliu/ws_sensor_combined/install/uav_interfaces/share/uav_interfaces/environment/path.sh
-- Up-to-date: /home/xingxunliu/ws_sensor_combined/install/uav_interfaces/share/uav_interfaces/environment/path.dsv
-- Up-to-date: /home/xingxunliu/ws_sensor_combined/install/uav_interfaces/share/uav_interfaces/local_setup.bash
-- Up-to-date: /home/xingxunliu/ws_sensor_combined/install/uav_interfaces/share/uav_interfaces/local_setup.sh
-- Up-to-date: /home/xingxunliu/ws_sensor_combined/install/uav_interfaces/share/uav_interfaces/local_setup.zsh
-- Up-to-date: /home/xingxunliu/ws_sensor_combined/install/uav_interfaces/share/uav_interfaces/local_setup.dsv
-- Installing: /home/xingxunliu/ws_sensor_combined/install/uav_interfaces/share/uav_interfaces/package.dsv
-- Up-to-date: /home/xingxunliu/ws_sensor_combined/install/uav_interfaces/share/ament_index/resource_index/packages/uav_interfaces
-- Up-to-date: /home/xingxunliu/ws_sensor_combined/install/uav_interfaces/share/uav_interfaces/cmake/uav_interfaces__rosidl_generator_cExport.cmake
-- Up-to-date: /home/xingxunliu/ws_sensor_combined/install/uav_interfaces/share/uav_interfaces/cmake/uav_interfaces__rosidl_generator_cExport-noconfig.cmake
-- Up-to-date: /home/xingxunliu/ws_sensor_combined/install/uav_interfaces/share/uav_interfaces/cmake/uav_interfaces__rosidl_typesupport_introspection_cExport.cmake
-- Up-to-date: /home/xingxunliu/ws_sensor_combined/install/uav_interfaces/share/uav_interfaces/cmake/uav_interfaces__rosidl_typesupport_introspection_cExport-noconfig.cmake
-- Up-to-date: /home/xingxunliu/ws_sensor_combined/install/uav_interfaces/share/uav_interfaces/cmake/uav_interfaces__rosidl_typesupport_cExport.cmake
-- Up-to-date: /home/xingxunliu/ws_sensor_combined/install/uav_interfaces/share/uav_interfaces/cmake/uav_interfaces__rosidl_typesupport_cExport-noconfig.cmake
-- Up-to-date: /home/xingxunliu/ws_sensor_combined/install/uav_interfaces/share/uav_interfaces/cmake/uav_interfaces__rosidl_generator_cppExport.cmake
-- Up-to-date: /home/xingxunliu/ws_sensor_combined/install/uav_interfaces/share/uav_interfaces/cmake/uav_interfaces__rosidl_typesupport_introspection_cppExport.cmake
-- Up-to-date: /home/xingxunliu/ws_sensor_combined/install/uav_interfaces/share/uav_interfaces/cmake/uav_interfaces__rosidl_typesupport_introspection_cppExport-noconfig.cmake
-- Up-to-date: /home/xingxunliu/ws_sensor_combined/install/uav_interfaces/share/uav_interfaces/cmake/uav_interfaces__rosidl_typesupport_cppExport.cmake
-- Up-to-date: /home/xingxunliu/ws_sensor_combined/install/uav_interfaces/share/uav_interfaces/cmake/uav_interfaces__rosidl_typesupport_cppExport-noconfig.cmake
-- Up-to-date: /home/xingxunliu/ws_sensor_combined/install/uav_interfaces/share/uav_interfaces/cmake/rosidl_cmake-extras.cmake
-- Up-to-date: /home/xingxunliu/ws_sensor_combined/install/uav_interfaces/share/uav_interfaces/cmake/ament_cmake_export_dependencies-extras.cmake
-- Up-to-date: /home/xingxunliu/ws_sensor_combined/install/uav_interfaces/share/uav_interfaces/cmake/ament_cmake_export_libraries-extras.cmake
-- Up-to-date: /home/xingxunliu/ws_sensor_combined/install/uav_interfaces/share/uav_interfaces/cmake/ament_cmake_export_targets-extras.cmake
-- Up-to-date: /home/xingxunliu/ws_sensor_combined/install/uav_interfaces/share/uav_interfaces/cmake/ament_cmake_export_include_directories-extras.cmake
-- Up-to-date: /home/xingxunliu/ws_sensor_combined/install/uav_interfaces/share/uav_interfaces/cmake/rosidl_cmake_export_typesupport_libraries-extras.cmake
-- Up-to-date: /home/xingxunliu/ws_sensor_combined/install/uav_interfaces/share/uav_interfaces/cmake/rosidl_cmake_export_typesupport_targets-extras.cmake
-- Up-to-date: /home/xingxunliu/ws_sensor_combined/install/uav_interfaces/share/uav_interfaces/cmake/uav_interfacesConfig.cmake
-- Up-to-date: /home/xingxunliu/ws_sensor_combined/install/uav_interfaces/share/uav_interfaces/cmake/uav_interfacesConfig-version.cmake
-- Up-to-date: /home/xingxunliu/ws_sensor_combined/install/uav_interfaces/share/uav_interfaces/package.xml
