[0.489s] DEBUG:colcon:Command line arguments: ['/usr/bin/colcon', 'build', '--packages-select', 'px4_ros_com']
[0.489s] DEBUG:colcon:Parsed command line arguments: Namespace(allow_overriding=[], ament_cmake_args=None, base_paths=['.'], build_base='build', catkin_cmake_args=None, catkin_skip_building_tests=False, cmake_args=None, cmake_clean_cache=False, cmake_clean_first=False, cmake_force_configure=False, cmake_target=None, cmake_target_skip_unavailable=False, continue_on_error=False, event_handlers=None, executor='parallel', ignore_user_meta=False, install_base='install', log_base=None, log_level=None, main=<bound method BuildVerb.main of <colcon_core.verb.build.BuildVerb object at 0x7fa237206310>>, merge_install=False, metas=['./colcon.meta'], packages_above=None, packages_above_and_dependencies=None, packages_above_depth=None, packages_end=None, packages_ignore=None, packages_ignore_regex=None, packages_select=['px4_ros_com'], packages_select_build_failed=False, packages_select_by_dep=None, packages_select_regex=None, packages_select_test_failures=False, packages_skip=None, packages_skip_build_finished=False, packages_skip_by_dep=None, packages_skip_regex=None, packages_skip_test_passed=False, packages_skip_up_to=None, packages_start=None, packages_up_to=None, packages_up_to_regex=None, parallel_workers=16, paths=None, symlink_install=False, test_result_base=None, verb_extension=<colcon_core.verb.build.BuildVerb object at 0x7fa237206310>, verb_name='build', verb_parser=<colcon_defaults.argument_parser.defaults.DefaultArgumentsDecorator object at 0x7fa237145eb0>)
[0.561s] Level 1:colcon.colcon_core.package_discovery:discover_packages(colcon_meta) check parameters
[0.562s] Level 1:colcon.colcon_core.package_discovery:discover_packages(recursive) check parameters
[0.562s] Level 1:colcon.colcon_core.package_discovery:discover_packages(ignore) check parameters
[0.562s] Level 1:colcon.colcon_core.package_discovery:discover_packages(path) check parameters
[0.562s] Level 1:colcon.colcon_core.package_discovery:discover_packages(colcon_meta) discover
[0.562s] Level 1:colcon.colcon_core.package_discovery:discover_packages(recursive) discover
[0.562s] INFO:colcon.colcon_core.package_discovery:Crawling recursively for packages in '/home/xingxunliu/ws_sensor_combined'
[0.562s] Level 1:colcon.colcon_core.package_identification:_identify(.) by extensions ['ignore', 'ignore_ament_install']
[0.562s] Level 1:colcon.colcon_core.package_identification:_identify(.) by extension 'ignore'
[0.562s] Level 1:colcon.colcon_core.package_identification:_identify(.) by extension 'ignore_ament_install'
[0.563s] Level 1:colcon.colcon_core.package_identification:_identify(.) by extensions ['colcon_pkg']
[0.563s] Level 1:colcon.colcon_core.package_identification:_identify(.) by extension 'colcon_pkg'
[0.563s] Level 1:colcon.colcon_core.package_identification:_identify(.) by extensions ['colcon_meta']
[0.563s] Level 1:colcon.colcon_core.package_identification:_identify(.) by extension 'colcon_meta'
[0.563s] Level 1:colcon.colcon_core.package_identification:_identify(.) by extensions ['ros']
[0.563s] Level 1:colcon.colcon_core.package_identification:_identify(.) by extension 'ros'
[0.591s] Level 1:colcon.colcon_core.package_identification:_identify(.) by extensions ['cmake', 'python']
[0.592s] Level 1:colcon.colcon_core.package_identification:_identify(.) by extension 'cmake'
[0.592s] Level 1:colcon.colcon_core.package_identification:_identify(.) by extension 'python'
[0.592s] Level 1:colcon.colcon_core.package_identification:_identify(.) by extensions ['python_setup_py']
[0.592s] Level 1:colcon.colcon_core.package_identification:_identify(.) by extension 'python_setup_py'
[0.592s] Level 1:colcon.colcon_core.package_identification:_identify(build) by extensions ['ignore', 'ignore_ament_install']
[0.592s] Level 1:colcon.colcon_core.package_identification:_identify(build) by extension 'ignore'
[0.592s] Level 1:colcon.colcon_core.package_identification:_identify(build) ignored
[0.593s] Level 1:colcon.colcon_core.package_identification:_identify(install) by extensions ['ignore', 'ignore_ament_install']
[0.593s] Level 1:colcon.colcon_core.package_identification:_identify(install) by extension 'ignore'
[0.593s] Level 1:colcon.colcon_core.package_identification:_identify(install) ignored
[0.593s] Level 1:colcon.colcon_core.package_identification:_identify(log) by extensions ['ignore', 'ignore_ament_install']
[0.593s] Level 1:colcon.colcon_core.package_identification:_identify(log) by extension 'ignore'
[0.593s] Level 1:colcon.colcon_core.package_identification:_identify(log) ignored
[0.594s] Level 1:colcon.colcon_core.package_identification:_identify(src) by extensions ['ignore', 'ignore_ament_install']
[0.594s] Level 1:colcon.colcon_core.package_identification:_identify(src) by extension 'ignore'
[0.594s] Level 1:colcon.colcon_core.package_identification:_identify(src) by extension 'ignore_ament_install'
[0.594s] Level 1:colcon.colcon_core.package_identification:_identify(src) by extensions ['colcon_pkg']
[0.594s] Level 1:colcon.colcon_core.package_identification:_identify(src) by extension 'colcon_pkg'
[0.594s] Level 1:colcon.colcon_core.package_identification:_identify(src) by extensions ['colcon_meta']
[0.594s] Level 1:colcon.colcon_core.package_identification:_identify(src) by extension 'colcon_meta'
[0.594s] Level 1:colcon.colcon_core.package_identification:_identify(src) by extensions ['ros']
[0.594s] Level 1:colcon.colcon_core.package_identification:_identify(src) by extension 'ros'
[0.594s] Level 1:colcon.colcon_core.package_identification:_identify(src) by extensions ['cmake', 'python']
[0.594s] Level 1:colcon.colcon_core.package_identification:_identify(src) by extension 'cmake'
[0.595s] Level 1:colcon.colcon_core.package_identification:_identify(src) by extension 'python'
[0.595s] Level 1:colcon.colcon_core.package_identification:_identify(src) by extensions ['python_setup_py']
[0.595s] Level 1:colcon.colcon_core.package_identification:_identify(src) by extension 'python_setup_py'
[0.595s] Level 1:colcon.colcon_core.package_identification:_identify(src/px4_msgs) by extensions ['ignore', 'ignore_ament_install']
[0.595s] Level 1:colcon.colcon_core.package_identification:_identify(src/px4_msgs) by extension 'ignore'
[0.595s] Level 1:colcon.colcon_core.package_identification:_identify(src/px4_msgs) by extension 'ignore_ament_install'
[0.595s] Level 1:colcon.colcon_core.package_identification:_identify(src/px4_msgs) by extensions ['colcon_pkg']
[0.595s] Level 1:colcon.colcon_core.package_identification:_identify(src/px4_msgs) by extension 'colcon_pkg'
[0.595s] Level 1:colcon.colcon_core.package_identification:_identify(src/px4_msgs) by extensions ['colcon_meta']
[0.595s] Level 1:colcon.colcon_core.package_identification:_identify(src/px4_msgs) by extension 'colcon_meta'
[0.595s] Level 1:colcon.colcon_core.package_identification:_identify(src/px4_msgs) by extensions ['ros']
[0.596s] Level 1:colcon.colcon_core.package_identification:_identify(src/px4_msgs) by extension 'ros'
[0.601s] DEBUG:colcon.colcon_core.package_identification:Package 'src/px4_msgs' with type 'ros.ament_cmake' and name 'px4_msgs'
[0.601s] Level 1:colcon.colcon_core.package_identification:_identify(src/px4_ros_com) by extensions ['ignore', 'ignore_ament_install']
[0.601s] Level 1:colcon.colcon_core.package_identification:_identify(src/px4_ros_com) by extension 'ignore'
[0.601s] Level 1:colcon.colcon_core.package_identification:_identify(src/px4_ros_com) by extension 'ignore_ament_install'
[0.601s] Level 1:colcon.colcon_core.package_identification:_identify(src/px4_ros_com) by extensions ['colcon_pkg']
[0.601s] Level 1:colcon.colcon_core.package_identification:_identify(src/px4_ros_com) by extension 'colcon_pkg'
[0.602s] Level 1:colcon.colcon_core.package_identification:_identify(src/px4_ros_com) by extensions ['colcon_meta']
[0.602s] Level 1:colcon.colcon_core.package_identification:_identify(src/px4_ros_com) by extension 'colcon_meta'
[0.602s] Level 1:colcon.colcon_core.package_identification:_identify(src/px4_ros_com) by extensions ['ros']
[0.602s] Level 1:colcon.colcon_core.package_identification:_identify(src/px4_ros_com) by extension 'ros'
[0.604s] DEBUG:colcon.colcon_core.package_identification:Package 'src/px4_ros_com' with type 'ros.ament_cmake' and name 'px4_ros_com'
[0.604s] Level 1:colcon.colcon_core.package_discovery:discover_packages(recursive) using defaults
[0.605s] Level 1:colcon.colcon_core.package_discovery:discover_packages(ignore) discover
[0.605s] Level 1:colcon.colcon_core.package_discovery:discover_packages(ignore) using defaults
[0.605s] Level 1:colcon.colcon_core.package_discovery:discover_packages(path) discover
[0.605s] Level 1:colcon.colcon_core.package_discovery:discover_packages(path) using defaults
[0.648s] INFO:colcon.colcon_core.package_selection:Skipping not selected package 'px4_msgs' in 'src/px4_msgs'
[0.649s] Level 1:colcon.colcon_core.package_discovery:discover_packages(prefix_path) check parameters
[0.649s] Level 1:colcon.colcon_core.package_discovery:discover_packages(prefix_path) discover
[0.655s] DEBUG:colcon.colcon_installed_package_information.package_discovery:Found 256 installed packages in /opt/ros/foxy
[0.658s] Level 1:colcon.colcon_core.package_discovery:discover_packages(prefix_path) using defaults
[0.737s] Level 5:colcon.colcon_core.verb:set package 'px4_ros_com' build argument 'cmake_args' from command line to 'None'
[0.737s] Level 5:colcon.colcon_core.verb:set package 'px4_ros_com' build argument 'cmake_target' from command line to 'None'
[0.737s] Level 5:colcon.colcon_core.verb:set package 'px4_ros_com' build argument 'cmake_target_skip_unavailable' from command line to 'False'
[0.737s] Level 5:colcon.colcon_core.verb:set package 'px4_ros_com' build argument 'cmake_clean_cache' from command line to 'False'
[0.737s] Level 5:colcon.colcon_core.verb:set package 'px4_ros_com' build argument 'cmake_clean_first' from command line to 'False'
[0.737s] Level 5:colcon.colcon_core.verb:set package 'px4_ros_com' build argument 'cmake_force_configure' from command line to 'False'
[0.737s] Level 5:colcon.colcon_core.verb:set package 'px4_ros_com' build argument 'ament_cmake_args' from command line to 'None'
[0.737s] Level 5:colcon.colcon_core.verb:set package 'px4_ros_com' build argument 'catkin_cmake_args' from command line to 'None'
[0.737s] Level 5:colcon.colcon_core.verb:set package 'px4_ros_com' build argument 'catkin_skip_building_tests' from command line to 'False'
[0.737s] DEBUG:colcon.colcon_core.verb:Building package 'px4_ros_com' with the following arguments: {'ament_cmake_args': None, 'build_base': '/home/xingxunliu/ws_sensor_combined/build/px4_ros_com', 'catkin_cmake_args': None, 'catkin_skip_building_tests': False, 'cmake_args': None, 'cmake_clean_cache': False, 'cmake_clean_first': False, 'cmake_force_configure': False, 'cmake_target': None, 'cmake_target_skip_unavailable': False, 'install_base': '/home/xingxunliu/ws_sensor_combined/install/px4_ros_com', 'merge_install': False, 'path': '/home/xingxunliu/ws_sensor_combined/src/px4_ros_com', 'symlink_install': False, 'test_result_base': None}
[0.739s] INFO:colcon.colcon_core.executor:Executing jobs using 'parallel' executor
[0.746s] DEBUG:colcon.colcon_parallel_executor.executor.parallel:run_until_complete
[0.746s] INFO:colcon.colcon_ros.task.ament_cmake.build:Building ROS package in '/home/xingxunliu/ws_sensor_combined/src/px4_ros_com' with build type 'ament_cmake'
[0.746s] INFO:colcon.colcon_cmake.task.cmake.build:Building CMake package in '/home/xingxunliu/ws_sensor_combined/src/px4_ros_com'
[0.753s] INFO:colcon.colcon_core.plugin_system:Skipping extension 'colcon_core.shell.bat': Not used on non-Windows systems
[0.754s] INFO:colcon.colcon_core.shell:Skip shell extension 'powershell' for command environment: Not usable outside of PowerShell
[0.754s] DEBUG:colcon.colcon_core.shell:Skip shell extension 'dsv' for command environment
[0.781s] DEBUG:colcon.colcon_core.event_handler.log_command:Invoking command in '/home/xingxunliu/ws_sensor_combined/build/px4_ros_com': AMENT_PREFIX_PATH=/home/xingxunliu/ws_sensor_combined/install/px4_msgs:${AMENT_PREFIX_PATH} CMAKE_PREFIX_PATH=/home/xingxunliu/ws_sensor_combined/install/px4_msgs:/opt/ros/foxy LD_LIBRARY_PATH=/home/xingxunliu/ws_sensor_combined/install/px4_msgs/lib:${LD_LIBRARY_PATH} PYTHONPATH=/home/xingxunliu/ws_sensor_combined/install/px4_msgs/lib/python3.8/site-packages:${PYTHONPATH} /usr/bin/cmake --build /home/xingxunliu/ws_sensor_combined/build/px4_ros_com -- -j16 -l16
[14.834s] DEBUG:colcon.colcon_core.event_handler.log_command:Invoked command in '/home/xingxunliu/ws_sensor_combined/build/px4_ros_com' returned '0': AMENT_PREFIX_PATH=/home/xingxunliu/ws_sensor_combined/install/px4_msgs:${AMENT_PREFIX_PATH} CMAKE_PREFIX_PATH=/home/xingxunliu/ws_sensor_combined/install/px4_msgs:/opt/ros/foxy LD_LIBRARY_PATH=/home/xingxunliu/ws_sensor_combined/install/px4_msgs/lib:${LD_LIBRARY_PATH} PYTHONPATH=/home/xingxunliu/ws_sensor_combined/install/px4_msgs/lib/python3.8/site-packages:${PYTHONPATH} /usr/bin/cmake --build /home/xingxunliu/ws_sensor_combined/build/px4_ros_com -- -j16 -l16
[14.933s] DEBUG:colcon.colcon_core.event_handler.log_command:Invoking command in '/home/xingxunliu/ws_sensor_combined/build/px4_ros_com': AMENT_PREFIX_PATH=/home/xingxunliu/ws_sensor_combined/install/px4_msgs:${AMENT_PREFIX_PATH} CMAKE_PREFIX_PATH=/home/xingxunliu/ws_sensor_combined/install/px4_msgs:/opt/ros/foxy LD_LIBRARY_PATH=/home/xingxunliu/ws_sensor_combined/install/px4_msgs/lib:${LD_LIBRARY_PATH} PYTHONPATH=/home/xingxunliu/ws_sensor_combined/install/px4_msgs/lib/python3.8/site-packages:${PYTHONPATH} /usr/bin/cmake --install /home/xingxunliu/ws_sensor_combined/build/px4_ros_com
[14.972s] Level 1:colcon.colcon_core.environment:create_environment_scripts_only(px4_ros_com)
[14.975s] DEBUG:colcon.colcon_core.event_handler.log_command:Invoked command in '/home/xingxunliu/ws_sensor_combined/build/px4_ros_com' returned '0': AMENT_PREFIX_PATH=/home/xingxunliu/ws_sensor_combined/install/px4_msgs:${AMENT_PREFIX_PATH} CMAKE_PREFIX_PATH=/home/xingxunliu/ws_sensor_combined/install/px4_msgs:/opt/ros/foxy LD_LIBRARY_PATH=/home/xingxunliu/ws_sensor_combined/install/px4_msgs/lib:${LD_LIBRARY_PATH} PYTHONPATH=/home/xingxunliu/ws_sensor_combined/install/px4_msgs/lib/python3.8/site-packages:${PYTHONPATH} /usr/bin/cmake --install /home/xingxunliu/ws_sensor_combined/build/px4_ros_com
[14.986s] Level 1:colcon.colcon_core.environment:checking '/home/xingxunliu/ws_sensor_combined/install/px4_ros_com' for CMake module files
[14.987s] Level 1:colcon.colcon_core.environment:checking '/home/xingxunliu/ws_sensor_combined/install/px4_ros_com' for CMake config files
[14.987s] Level 1:colcon.colcon_core.shell:create_environment_hook('px4_ros_com', 'cmake_prefix_path')
[14.990s] INFO:colcon.colcon_core.shell:Creating environment hook '/home/xingxunliu/ws_sensor_combined/install/px4_ros_com/share/px4_ros_com/hook/cmake_prefix_path.ps1'
[14.991s] INFO:colcon.colcon_core.shell:Creating environment descriptor '/home/xingxunliu/ws_sensor_combined/install/px4_ros_com/share/px4_ros_com/hook/cmake_prefix_path.dsv'
[14.992s] INFO:colcon.colcon_core.shell:Creating environment hook '/home/xingxunliu/ws_sensor_combined/install/px4_ros_com/share/px4_ros_com/hook/cmake_prefix_path.sh'
[14.994s] Level 1:colcon.colcon_core.environment:checking '/home/xingxunliu/ws_sensor_combined/install/px4_ros_com/lib'
[14.994s] Level 1:colcon.colcon_core.shell:create_environment_hook('px4_ros_com', 'ld_library_path_lib')
[14.997s] INFO:colcon.colcon_core.shell:Creating environment hook '/home/xingxunliu/ws_sensor_combined/install/px4_ros_com/share/px4_ros_com/hook/ld_library_path_lib.ps1'
[14.999s] INFO:colcon.colcon_core.shell:Creating environment descriptor '/home/xingxunliu/ws_sensor_combined/install/px4_ros_com/share/px4_ros_com/hook/ld_library_path_lib.dsv'
[14.999s] INFO:colcon.colcon_core.shell:Creating environment hook '/home/xingxunliu/ws_sensor_combined/install/px4_ros_com/share/px4_ros_com/hook/ld_library_path_lib.sh'
[15.000s] Level 1:colcon.colcon_core.environment:checking '/home/xingxunliu/ws_sensor_combined/install/px4_ros_com/bin'
[15.000s] Level 1:colcon.colcon_core.environment:checking '/home/xingxunliu/ws_sensor_combined/install/px4_ros_com/lib/pkgconfig/px4_ros_com.pc'
[15.001s] Level 1:colcon.colcon_core.environment:checking '/home/xingxunliu/ws_sensor_combined/install/px4_ros_com/lib/python3.8/site-packages'
[15.001s] Level 1:colcon.colcon_core.environment:checking '/home/xingxunliu/ws_sensor_combined/install/px4_ros_com/bin'
[15.004s] INFO:colcon.colcon_core.shell:Creating package script '/home/xingxunliu/ws_sensor_combined/install/px4_ros_com/share/px4_ros_com/package.ps1'
[15.006s] INFO:colcon.colcon_core.shell:Creating package descriptor '/home/xingxunliu/ws_sensor_combined/install/px4_ros_com/share/px4_ros_com/package.dsv'
[15.007s] INFO:colcon.colcon_core.shell:Creating package script '/home/xingxunliu/ws_sensor_combined/install/px4_ros_com/share/px4_ros_com/package.sh'
[15.008s] INFO:colcon.colcon_core.shell:Creating package script '/home/xingxunliu/ws_sensor_combined/install/px4_ros_com/share/px4_ros_com/package.bash'
[15.010s] INFO:colcon.colcon_core.shell:Creating package script '/home/xingxunliu/ws_sensor_combined/install/px4_ros_com/share/px4_ros_com/package.zsh'
[15.011s] Level 1:colcon.colcon_core.environment:create_file_with_runtime_dependencies(/home/xingxunliu/ws_sensor_combined/install/px4_ros_com/share/colcon-core/packages/px4_ros_com)
[15.085s] Level 1:colcon.colcon_core.environment:create_environment_scripts_only(px4_ros_com)
[15.090s] Level 1:colcon.colcon_core.environment:checking '/home/xingxunliu/ws_sensor_combined/install/px4_ros_com' for CMake module files
[15.091s] Level 1:colcon.colcon_core.environment:checking '/home/xingxunliu/ws_sensor_combined/install/px4_ros_com' for CMake config files
[15.092s] Level 1:colcon.colcon_core.shell:create_environment_hook('px4_ros_com', 'cmake_prefix_path')
[15.095s] INFO:colcon.colcon_core.shell:Creating environment hook '/home/xingxunliu/ws_sensor_combined/install/px4_ros_com/share/px4_ros_com/hook/cmake_prefix_path.ps1'
[15.096s] INFO:colcon.colcon_core.shell:Creating environment descriptor '/home/xingxunliu/ws_sensor_combined/install/px4_ros_com/share/px4_ros_com/hook/cmake_prefix_path.dsv'
[15.097s] INFO:colcon.colcon_core.shell:Creating environment hook '/home/xingxunliu/ws_sensor_combined/install/px4_ros_com/share/px4_ros_com/hook/cmake_prefix_path.sh'
[15.098s] Level 1:colcon.colcon_core.environment:checking '/home/xingxunliu/ws_sensor_combined/install/px4_ros_com/lib'
[15.098s] Level 1:colcon.colcon_core.shell:create_environment_hook('px4_ros_com', 'ld_library_path_lib')
[15.101s] INFO:colcon.colcon_core.shell:Creating environment hook '/home/xingxunliu/ws_sensor_combined/install/px4_ros_com/share/px4_ros_com/hook/ld_library_path_lib.ps1'
[15.102s] INFO:colcon.colcon_core.shell:Creating environment descriptor '/home/xingxunliu/ws_sensor_combined/install/px4_ros_com/share/px4_ros_com/hook/ld_library_path_lib.dsv'
[15.102s] INFO:colcon.colcon_core.shell:Creating environment hook '/home/xingxunliu/ws_sensor_combined/install/px4_ros_com/share/px4_ros_com/hook/ld_library_path_lib.sh'
[15.103s] Level 1:colcon.colcon_core.environment:checking '/home/xingxunliu/ws_sensor_combined/install/px4_ros_com/bin'
[15.103s] Level 1:colcon.colcon_core.environment:checking '/home/xingxunliu/ws_sensor_combined/install/px4_ros_com/lib/pkgconfig/px4_ros_com.pc'
[15.103s] Level 1:colcon.colcon_core.environment:checking '/home/xingxunliu/ws_sensor_combined/install/px4_ros_com/lib/python3.8/site-packages'
[15.103s] Level 1:colcon.colcon_core.environment:checking '/home/xingxunliu/ws_sensor_combined/install/px4_ros_com/bin'
[15.106s] INFO:colcon.colcon_core.shell:Creating package script '/home/xingxunliu/ws_sensor_combined/install/px4_ros_com/share/px4_ros_com/package.ps1'
[15.107s] INFO:colcon.colcon_core.shell:Creating package descriptor '/home/xingxunliu/ws_sensor_combined/install/px4_ros_com/share/px4_ros_com/package.dsv'
[15.108s] INFO:colcon.colcon_core.shell:Creating package script '/home/xingxunliu/ws_sensor_combined/install/px4_ros_com/share/px4_ros_com/package.sh'
[15.109s] INFO:colcon.colcon_core.shell:Creating package script '/home/xingxunliu/ws_sensor_combined/install/px4_ros_com/share/px4_ros_com/package.bash'
[15.110s] INFO:colcon.colcon_core.shell:Creating package script '/home/xingxunliu/ws_sensor_combined/install/px4_ros_com/share/px4_ros_com/package.zsh'
[15.110s] Level 1:colcon.colcon_core.environment:create_file_with_runtime_dependencies(/home/xingxunliu/ws_sensor_combined/install/px4_ros_com/share/colcon-core/packages/px4_ros_com)
[15.111s] DEBUG:colcon.colcon_parallel_executor.executor.parallel:closing loop
[15.112s] DEBUG:colcon.colcon_parallel_executor.executor.parallel:loop closed
[15.112s] DEBUG:colcon.colcon_parallel_executor.executor.parallel:run_until_complete finished with '0'
[15.112s] DEBUG:colcon.colcon_core.event_reactor:joining thread
[15.122s] INFO:colcon.colcon_core.plugin_system:Skipping extension 'colcon_notification.desktop_notification.terminal_notifier': Not used on non-Darwin systems
[15.122s] INFO:colcon.colcon_core.plugin_system:Skipping extension 'colcon_notification.desktop_notification.win32': Not used on non-Windows systems
[15.122s] INFO:colcon.colcon_notification.desktop_notification:Sending desktop notification using 'notify2'
[15.145s] DEBUG:colcon.colcon_core.event_reactor:joined thread
[15.150s] INFO:colcon.colcon_core.shell:Creating prefix script '/home/xingxunliu/ws_sensor_combined/install/local_setup.ps1'
[15.152s] INFO:colcon.colcon_core.shell:Creating prefix util module '/home/xingxunliu/ws_sensor_combined/install/_local_setup_util_ps1.py'
[15.155s] INFO:colcon.colcon_core.shell:Creating prefix chain script '/home/xingxunliu/ws_sensor_combined/install/setup.ps1'
[15.158s] INFO:colcon.colcon_core.shell:Creating prefix script '/home/xingxunliu/ws_sensor_combined/install/local_setup.sh'
[15.159s] INFO:colcon.colcon_core.shell:Creating prefix util module '/home/xingxunliu/ws_sensor_combined/install/_local_setup_util_sh.py'
[15.160s] INFO:colcon.colcon_core.shell:Creating prefix chain script '/home/xingxunliu/ws_sensor_combined/install/setup.sh'
[15.164s] INFO:colcon.colcon_core.shell:Creating prefix script '/home/xingxunliu/ws_sensor_combined/install/local_setup.bash'
[15.165s] INFO:colcon.colcon_core.shell:Creating prefix chain script '/home/xingxunliu/ws_sensor_combined/install/setup.bash'
[15.168s] INFO:colcon.colcon_core.shell:Creating prefix script '/home/xingxunliu/ws_sensor_combined/install/local_setup.zsh'
[15.169s] INFO:colcon.colcon_core.shell:Creating prefix chain script '/home/xingxunliu/ws_sensor_combined/install/setup.zsh'
