[0.037s] Invoking command in '/home/xingxunliu/ws_sensor_combined/build/px4_ros_com': AMENT_PREFIX_PATH=/home/xingxunliu/ws_sensor_combined/install/px4_msgs:${AMENT_PREFIX_PATH} CMAKE_PREFIX_PATH=/home/xingxunliu/ws_sensor_combined/install/px4_msgs:/opt/ros/foxy LD_LIBRARY_PATH=/home/xingxunliu/ws_sensor_combined/install/px4_msgs/lib:${LD_LIBRARY_PATH} PYTHONPATH=/home/xingxunliu/ws_sensor_combined/install/px4_msgs/lib/python3.8/site-packages:${PYTHONPATH} /usr/bin/cmake --build /home/xingxunliu/ws_sensor_combined/build/px4_ros_com -- -j16 -l16
[0.131s] [35m[1mScanning dependencies of target offboard_con[0m
[0.160s] [ 16%] Built target frame_transforms
[0.162s] [ 33%] Built target debug_vect_advertiser
[0.164s] [ 50%] Built target offboard_control
[0.166s] [ 83%] Built target sensor_combined_listener
[0.166s] [ 83%] Built target vehicle_gps_position_listener
[0.199s] [ 91%] [32mBuilding CXX object CMakeFiles/offboard_con.dir/src/examples/offboard/offboard_con.cpp.o[0m
[14.041s] [100%] [32m[1mLinking CXX executable offboard_con[0m
[14.735s] [100%] Built target offboard_con
[14.756s] Invoked command in '/home/xingxunliu/ws_sensor_combined/build/px4_ros_com' returned '0': AMENT_PREFIX_PATH=/home/xingxunliu/ws_sensor_combined/install/px4_msgs:${AMENT_PREFIX_PATH} CMAKE_PREFIX_PATH=/home/xingxunliu/ws_sensor_combined/install/px4_msgs:/opt/ros/foxy LD_LIBRARY_PATH=/home/xingxunliu/ws_sensor_combined/install/px4_msgs/lib:${LD_LIBRARY_PATH} PYTHONPATH=/home/xingxunliu/ws_sensor_combined/install/px4_msgs/lib/python3.8/site-packages:${PYTHONPATH} /usr/bin/cmake --build /home/xingxunliu/ws_sensor_combined/build/px4_ros_com -- -j16 -l16
[14.848s] Invoking command in '/home/xingxunliu/ws_sensor_combined/build/px4_ros_com': AMENT_PREFIX_PATH=/home/xingxunliu/ws_sensor_combined/install/px4_msgs:${AMENT_PREFIX_PATH} CMAKE_PREFIX_PATH=/home/xingxunliu/ws_sensor_combined/install/px4_msgs:/opt/ros/foxy LD_LIBRARY_PATH=/home/xingxunliu/ws_sensor_combined/install/px4_msgs/lib:${LD_LIBRARY_PATH} PYTHONPATH=/home/xingxunliu/ws_sensor_combined/install/px4_msgs/lib/python3.8/site-packages:${PYTHONPATH} /usr/bin/cmake --install /home/xingxunliu/ws_sensor_combined/build/px4_ros_com
[14.863s] -- Install configuration: ""
[14.863s] -- Up-to-date: /home/xingxunliu/ws_sensor_combined/install/px4_ros_com/lib/px4_ros_com/sensor_combined_listener
[14.864s] -- Up-to-date: /home/xingxunliu/ws_sensor_combined/install/px4_ros_com/lib/px4_ros_com/vehicle_gps_position_listener
[14.864s] -- Up-to-date: /home/xingxunliu/ws_sensor_combined/install/px4_ros_com/lib/px4_ros_com/debug_vect_advertiser
[14.865s] -- Up-to-date: /home/xingxunliu/ws_sensor_combined/install/px4_ros_com/lib/px4_ros_com/offboard_control
[14.865s] -- Installing: /home/xingxunliu/ws_sensor_combined/install/px4_ros_com/lib/px4_ros_com/offboard_con
[14.873s] -- Set runtime path of "/home/xingxunliu/ws_sensor_combined/install/px4_ros_com/lib/px4_ros_com/offboard_con" to ""
[14.873s] -- Up-to-date: /home/xingxunliu/ws_sensor_combined/install/px4_ros_com/share/px4_ros_com/environment/library_path.sh
[14.874s] -- Up-to-date: /home/xingxunliu/ws_sensor_combined/install/px4_ros_com/share/px4_ros_com/environment/library_path.dsv
[14.874s] -- Up-to-date: /home/xingxunliu/ws_sensor_combined/install/px4_ros_com/include/px4_ros_com
[14.874s] -- Up-to-date: /home/xingxunliu/ws_sensor_combined/install/px4_ros_com/include/px4_ros_com/frame_transforms.h
[14.874s] -- Up-to-date: /home/xingxunliu/ws_sensor_combined/install/px4_ros_com/lib/libframe_transforms.so
[14.875s] -- Up-to-date: /home/xingxunliu/ws_sensor_combined/install/px4_ros_com/share/px4_ros_com//launch
[14.875s] -- Up-to-date: /home/xingxunliu/ws_sensor_combined/install/px4_ros_com/share/px4_ros_com//launch/sensor_combined_listener.launch.py
[14.875s] -- Up-to-date: /home/xingxunliu/ws_sensor_combined/install/px4_ros_com/share/px4_ros_com//launch/offboard_control_launch.yaml
[14.875s] -- Up-to-date: /home/xingxunliu/ws_sensor_combined/install/px4_ros_com/share/px4_ros_com//test
[14.875s] -- Up-to-date: /home/xingxunliu/ws_sensor_combined/install/px4_ros_com/share/px4_ros_com//test/pipeline_io_test.py
[14.876s] -- Up-to-date: /home/xingxunliu/ws_sensor_combined/install/px4_ros_com/share/px4_ros_com//test/test_input.py
[14.876s] -- Up-to-date: /home/xingxunliu/ws_sensor_combined/install/px4_ros_com/share/px4_ros_com//test/test_output.py
[14.876s] -- Up-to-date: /home/xingxunliu/ws_sensor_combined/install/px4_ros_com/share/px4_ros_com//test/__init__.py
[14.876s] -- Up-to-date: /home/xingxunliu/ws_sensor_combined/install/px4_ros_com/share/ament_index/resource_index/package_run_dependencies/px4_ros_com
[14.876s] -- Up-to-date: /home/xingxunliu/ws_sensor_combined/install/px4_ros_com/share/ament_index/resource_index/parent_prefix_path/px4_ros_com
[14.877s] -- Up-to-date: /home/xingxunliu/ws_sensor_combined/install/px4_ros_com/share/px4_ros_com/environment/ament_prefix_path.sh
[14.877s] -- Up-to-date: /home/xingxunliu/ws_sensor_combined/install/px4_ros_com/share/px4_ros_com/environment/ament_prefix_path.dsv
[14.877s] -- Up-to-date: /home/xingxunliu/ws_sensor_combined/install/px4_ros_com/share/px4_ros_com/environment/path.sh
[14.877s] -- Up-to-date: /home/xingxunliu/ws_sensor_combined/install/px4_ros_com/share/px4_ros_com/environment/path.dsv
[14.877s] -- Up-to-date: /home/xingxunliu/ws_sensor_combined/install/px4_ros_com/share/px4_ros_com/local_setup.bash
[14.878s] -- Up-to-date: /home/xingxunliu/ws_sensor_combined/install/px4_ros_com/share/px4_ros_com/local_setup.sh
[14.878s] -- Up-to-date: /home/xingxunliu/ws_sensor_combined/install/px4_ros_com/share/px4_ros_com/local_setup.zsh
[14.878s] -- Up-to-date: /home/xingxunliu/ws_sensor_combined/install/px4_ros_com/share/px4_ros_com/local_setup.dsv
[14.878s] -- Installing: /home/xingxunliu/ws_sensor_combined/install/px4_ros_com/share/px4_ros_com/package.dsv
[14.878s] -- Up-to-date: /home/xingxunliu/ws_sensor_combined/install/px4_ros_com/share/ament_index/resource_index/packages/px4_ros_com
[14.878s] -- Up-to-date: /home/xingxunliu/ws_sensor_combined/install/px4_ros_com/share/px4_ros_com/cmake/export_frame_transformsExport.cmake
[14.879s] -- Up-to-date: /home/xingxunliu/ws_sensor_combined/install/px4_ros_com/share/px4_ros_com/cmake/export_frame_transformsExport-noconfig.cmake
[14.879s] -- Up-to-date: /home/xingxunliu/ws_sensor_combined/install/px4_ros_com/share/px4_ros_com/cmake/ament_cmake_export_dependencies-extras.cmake
[14.879s] -- Up-to-date: /home/xingxunliu/ws_sensor_combined/install/px4_ros_com/share/px4_ros_com/cmake/ament_cmake_export_targets-extras.cmake
[14.879s] -- Up-to-date: /home/xingxunliu/ws_sensor_combined/install/px4_ros_com/share/px4_ros_com/cmake/ament_cmake_export_include_directories-extras.cmake
[14.879s] -- Up-to-date: /home/xingxunliu/ws_sensor_combined/install/px4_ros_com/share/px4_ros_com/cmake/ament_cmake_export_libraries-extras.cmake
[14.879s] -- Up-to-date: /home/xingxunliu/ws_sensor_combined/install/px4_ros_com/share/px4_ros_com/cmake/px4_ros_comConfig.cmake
[14.879s] -- Up-to-date: /home/xingxunliu/ws_sensor_combined/install/px4_ros_com/share/px4_ros_com/cmake/px4_ros_comConfig-version.cmake
[14.880s] -- Up-to-date: /home/xingxunliu/ws_sensor_combined/install/px4_ros_com/share/px4_ros_com/package.xml
[14.884s] Invoked command in '/home/xingxunliu/ws_sensor_combined/build/px4_ros_com' returned '0': AMENT_PREFIX_PATH=/home/xingxunliu/ws_sensor_combined/install/px4_msgs:${AMENT_PREFIX_PATH} CMAKE_PREFIX_PATH=/home/xingxunliu/ws_sensor_combined/install/px4_msgs:/opt/ros/foxy LD_LIBRARY_PATH=/home/xingxunliu/ws_sensor_combined/install/px4_msgs/lib:${LD_LIBRARY_PATH} PYTHONPATH=/home/xingxunliu/ws_sensor_combined/install/px4_msgs/lib/python3.8/site-packages:${PYTHONPATH} /usr/bin/cmake --install /home/xingxunliu/ws_sensor_combined/build/px4_ros_com
