[0.210s] Invoking command in '/home/xingxunliu/ws_sensor_combined/build/uav_interfaces': CMAKE_PREFIX_PATH=/opt/ros/foxy /usr/bin/cmake --build /home/xingxunliu/ws_sensor_combined/build/uav_interfaces -- -j16 -l16
[0.285s] [  3%] Built target uav_interfaces__cpp
[0.286s] [ 12%] Built target uav_interfaces__rosidl_generator_c
[0.315s] [ 22%] Built target uav_interfaces__rosidl_typesupport_introspection_cpp
[0.320s] [ 32%] Built target uav_interfaces__rosidl_typesupport_introspection_c
[0.320s] [ 41%] Built target uav_interfaces__rosidl_typesupport_c
[0.325s] [ 51%] Built target uav_interfaces__rosidl_typesupport_fastrtps_cpp
[0.327s] [ 61%] Built target uav_interfaces__rosidl_typesupport_cpp
[0.365s] [ 70%] Built target uav_interfaces__rosidl_typesupport_fastrtps_c
[0.396s] [ 70%] Built target uav_interfaces
[0.424s] [ 74%] Built target uav_interfaces__py
[0.464s] [ 80%] Built target uav_interfaces__python
[0.509s] [ 93%] Built target uav_interfaces__rosidl_typesupport_fastrtps_c__pyext
[0.509s] [ 93%] Built target uav_interfaces__rosidl_typesupport_introspection_c__pyext
[0.518s] [100%] Built target uav_interfaces__rosidl_typesupport_c__pyext
[0.540s] Invoked command in '/home/xingxunliu/ws_sensor_combined/build/uav_interfaces' returned '0': CMAKE_PREFIX_PATH=/opt/ros/foxy /usr/bin/cmake --build /home/xingxunliu/ws_sensor_combined/build/uav_interfaces -- -j16 -l16
[0.635s] Invoking command in '/home/xingxunliu/ws_sensor_combined/build/uav_interfaces': CMAKE_PREFIX_PATH=/opt/ros/foxy /usr/bin/cmake --install /home/xingxunliu/ws_sensor_combined/build/uav_interfaces
[0.650s] -- Install configuration: ""
[0.651s] -- Up-to-date: /home/xingxunliu/ws_sensor_combined/install/uav_interfaces/share/ament_index/resource_index/rosidl_interfaces/uav_interfaces
[0.651s] -- Up-to-date: /home/xingxunliu/ws_sensor_combined/install/uav_interfaces/include/uav_interfaces
[0.651s] -- Up-to-date: /home/xingxunliu/ws_sensor_combined/install/uav_interfaces/include/uav_interfaces/srv
[0.651s] -- Up-to-date: /home/xingxunliu/ws_sensor_combined/install/uav_interfaces/include/uav_interfaces/srv/detail
[0.651s] -- Up-to-date: /home/xingxunliu/ws_sensor_combined/install/uav_interfaces/include/uav_interfaces/srv/detail/uav_control__functions.c
[0.652s] -- Up-to-date: /home/xingxunliu/ws_sensor_combined/install/uav_interfaces/include/uav_interfaces/srv/detail/uav_control__functions.h
[0.652s] -- Up-to-date: /home/xingxunliu/ws_sensor_combined/install/uav_interfaces/include/uav_interfaces/srv/detail/uav_control__type_support.h
[0.653s] -- Up-to-date: /home/xingxunliu/ws_sensor_combined/install/uav_interfaces/include/uav_interfaces/srv/detail/uav_control__struct.h
[0.653s] -- Up-to-date: /home/xingxunliu/ws_sensor_combined/install/uav_interfaces/include/uav_interfaces/srv/uav_control.h
[0.653s] -- Up-to-date: /home/xingxunliu/ws_sensor_combined/install/uav_interfaces/include/uav_interfaces/msg
[0.653s] -- Up-to-date: /home/xingxunliu/ws_sensor_combined/install/uav_interfaces/include/uav_interfaces/msg/rosidl_generator_c__visibility_control.h
[0.653s] -- Up-to-date: /home/xingxunliu/ws_sensor_combined/install/uav_interfaces/share/uav_interfaces/environment/library_path.sh
[0.654s] -- Up-to-date: /home/xingxunliu/ws_sensor_combined/install/uav_interfaces/share/uav_interfaces/environment/library_path.dsv
[0.654s] -- Up-to-date: /home/xingxunliu/ws_sensor_combined/install/uav_interfaces/lib/libuav_interfaces__rosidl_generator_c.so
[0.654s] -- Up-to-date: /home/xingxunliu/ws_sensor_combined/install/uav_interfaces/include/uav_interfaces
[0.654s] -- Up-to-date: /home/xingxunliu/ws_sensor_combined/install/uav_interfaces/include/uav_interfaces/srv
[0.654s] -- Up-to-date: /home/xingxunliu/ws_sensor_combined/install/uav_interfaces/include/uav_interfaces/srv/detail
[0.654s] -- Up-to-date: /home/xingxunliu/ws_sensor_combined/install/uav_interfaces/include/uav_interfaces/srv/detail/uav_control__rosidl_typesupport_fastrtps_c.h
[0.655s] -- Up-to-date: /home/xingxunliu/ws_sensor_combined/install/uav_interfaces/include/uav_interfaces/msg
[0.655s] -- Up-to-date: /home/xingxunliu/ws_sensor_combined/install/uav_interfaces/include/uav_interfaces/msg/rosidl_typesupport_fastrtps_c__visibility_control.h
[0.655s] -- Up-to-date: /home/xingxunliu/ws_sensor_combined/install/uav_interfaces/lib/libuav_interfaces__rosidl_typesupport_fastrtps_c.so
[0.655s] -- Up-to-date: /home/xingxunliu/ws_sensor_combined/install/uav_interfaces/include/uav_interfaces
[0.655s] -- Up-to-date: /home/xingxunliu/ws_sensor_combined/install/uav_interfaces/include/uav_interfaces/srv
[0.655s] -- Up-to-date: /home/xingxunliu/ws_sensor_combined/install/uav_interfaces/include/uav_interfaces/srv/detail
[0.656s] -- Up-to-date: /home/xingxunliu/ws_sensor_combined/install/uav_interfaces/include/uav_interfaces/srv/detail/uav_control__rosidl_typesupport_fastrtps_cpp.hpp
[0.656s] -- Up-to-date: /home/xingxunliu/ws_sensor_combined/install/uav_interfaces/include/uav_interfaces/srv/detail/dds_fastrtps
[0.656s] -- Up-to-date: /home/xingxunliu/ws_sensor_combined/install/uav_interfaces/include/uav_interfaces/msg
[0.656s] -- Up-to-date: /home/xingxunliu/ws_sensor_combined/install/uav_interfaces/include/uav_interfaces/msg/rosidl_typesupport_fastrtps_cpp__visibility_control.h
[0.656s] -- Up-to-date: /home/xingxunliu/ws_sensor_combined/install/uav_interfaces/lib/libuav_interfaces__rosidl_typesupport_fastrtps_cpp.so
[0.656s] -- Up-to-date: /home/xingxunliu/ws_sensor_combined/install/uav_interfaces/include/uav_interfaces
[0.657s] -- Up-to-date: /home/xingxunliu/ws_sensor_combined/install/uav_interfaces/include/uav_interfaces/srv
[0.657s] -- Up-to-date: /home/xingxunliu/ws_sensor_combined/install/uav_interfaces/include/uav_interfaces/srv/detail
[0.657s] -- Up-to-date: /home/xingxunliu/ws_sensor_combined/install/uav_interfaces/include/uav_interfaces/srv/detail/uav_control__rosidl_typesupport_introspection_c.h
[0.657s] -- Up-to-date: /home/xingxunliu/ws_sensor_combined/install/uav_interfaces/include/uav_interfaces/srv/detail/uav_control__type_support.c
[0.657s] -- Up-to-date: /home/xingxunliu/ws_sensor_combined/install/uav_interfaces/include/uav_interfaces/msg
[0.657s] -- Up-to-date: /home/xingxunliu/ws_sensor_combined/install/uav_interfaces/include/uav_interfaces/msg/rosidl_typesupport_introspection_c__visibility_control.h
[0.657s] -- Up-to-date: /home/xingxunliu/ws_sensor_combined/install/uav_interfaces/lib/libuav_interfaces__rosidl_typesupport_introspection_c.so
[0.658s] -- Up-to-date: /home/xingxunliu/ws_sensor_combined/install/uav_interfaces/lib/libuav_interfaces__rosidl_typesupport_c.so
[0.658s] -- Up-to-date: /home/xingxunliu/ws_sensor_combined/install/uav_interfaces/include/uav_interfaces
[0.658s] -- Up-to-date: /home/xingxunliu/ws_sensor_combined/install/uav_interfaces/include/uav_interfaces/srv
[0.658s] -- Up-to-date: /home/xingxunliu/ws_sensor_combined/install/uav_interfaces/include/uav_interfaces/srv/detail
[0.658s] -- Up-to-date: /home/xingxunliu/ws_sensor_combined/install/uav_interfaces/include/uav_interfaces/srv/detail/uav_control__type_support.hpp
[0.658s] -- Up-to-date: /home/xingxunliu/ws_sensor_combined/install/uav_interfaces/include/uav_interfaces/srv/detail/uav_control__struct.hpp
[0.658s] -- Up-to-date: /home/xingxunliu/ws_sensor_combined/install/uav_interfaces/include/uav_interfaces/srv/detail/uav_control__builder.hpp
[0.658s] -- Up-to-date: /home/xingxunliu/ws_sensor_combined/install/uav_interfaces/include/uav_interfaces/srv/detail/uav_control__traits.hpp
[0.659s] -- Up-to-date: /home/xingxunliu/ws_sensor_combined/install/uav_interfaces/include/uav_interfaces/srv/uav_control.hpp
[0.659s] -- Up-to-date: /home/xingxunliu/ws_sensor_combined/install/uav_interfaces/include/uav_interfaces/msg
[0.659s] -- Up-to-date: /home/xingxunliu/ws_sensor_combined/install/uav_interfaces/include/uav_interfaces/msg/rosidl_generator_cpp__visibility_control.hpp
[0.659s] -- Up-to-date: /home/xingxunliu/ws_sensor_combined/install/uav_interfaces/include/uav_interfaces
[0.659s] -- Up-to-date: /home/xingxunliu/ws_sensor_combined/install/uav_interfaces/include/uav_interfaces/srv
[0.659s] -- Up-to-date: /home/xingxunliu/ws_sensor_combined/install/uav_interfaces/include/uav_interfaces/srv/detail
[0.659s] -- Up-to-date: /home/xingxunliu/ws_sensor_combined/install/uav_interfaces/include/uav_interfaces/srv/detail/uav_control__type_support.cpp
[0.659s] -- Up-to-date: /home/xingxunliu/ws_sensor_combined/install/uav_interfaces/include/uav_interfaces/srv/detail/uav_control__rosidl_typesupport_introspection_cpp.hpp
[0.660s] -- Up-to-date: /home/xingxunliu/ws_sensor_combined/install/uav_interfaces/lib/libuav_interfaces__rosidl_typesupport_introspection_cpp.so
[0.660s] -- Up-to-date: /home/xingxunliu/ws_sensor_combined/install/uav_interfaces/lib/libuav_interfaces__rosidl_typesupport_cpp.so
[0.660s] -- Up-to-date: /home/xingxunliu/ws_sensor_combined/install/uav_interfaces/share/uav_interfaces/environment/pythonpath.sh
[0.660s] -- Up-to-date: /home/xingxunliu/ws_sensor_combined/install/uav_interfaces/share/uav_interfaces/environment/pythonpath.dsv
[0.660s] -- Up-to-date: /home/xingxunliu/ws_sensor_combined/install/uav_interfaces/lib/python3.8/site-packages/uav_interfaces/__init__.py
[0.693s] -- Up-to-date: /home/xingxunliu/ws_sensor_combined/install/uav_interfaces/lib/python3.8/site-packages/uav_interfaces/srv
[0.693s] -- Up-to-date: /home/xingxunliu/ws_sensor_combined/install/uav_interfaces/lib/python3.8/site-packages/uav_interfaces/srv/_uav_control_s.c
[0.693s] -- Up-to-date: /home/xingxunliu/ws_sensor_combined/install/uav_interfaces/lib/python3.8/site-packages/uav_interfaces/srv/_uav_control.py
[0.693s] -- Up-to-date: /home/xingxunliu/ws_sensor_combined/install/uav_interfaces/lib/python3.8/site-packages/uav_interfaces/srv/__init__.py
[0.693s] -- Up-to-date: /home/xingxunliu/ws_sensor_combined/install/uav_interfaces/lib/python3.8/site-packages/uav_interfaces/uav_interfaces_s__rosidl_typesupport_fastrtps_c.cpython-38-x86_64-linux-gnu.so
[0.695s] -- Up-to-date: /home/xingxunliu/ws_sensor_combined/install/uav_interfaces/lib/python3.8/site-packages/uav_interfaces/uav_interfaces_s__rosidl_typesupport_introspection_c.cpython-38-x86_64-linux-gnu.so
[0.696s] -- Up-to-date: /home/xingxunliu/ws_sensor_combined/install/uav_interfaces/lib/python3.8/site-packages/uav_interfaces/uav_interfaces_s__rosidl_typesupport_c.cpython-38-x86_64-linux-gnu.so
[0.697s] -- Up-to-date: /home/xingxunliu/ws_sensor_combined/install/uav_interfaces/lib/libuav_interfaces__python.so
[0.697s] -- Up-to-date: /home/xingxunliu/ws_sensor_combined/install/uav_interfaces/share/uav_interfaces/srv/UavControl.idl
[0.698s] -- Up-to-date: /home/xingxunliu/ws_sensor_combined/install/uav_interfaces/share/uav_interfaces/srv/UavControl.srv
[0.698s] -- Up-to-date: /home/xingxunliu/ws_sensor_combined/install/uav_interfaces/share/uav_interfaces/srv/UavControl_Request.msg
[0.698s] -- Up-to-date: /home/xingxunliu/ws_sensor_combined/install/uav_interfaces/share/uav_interfaces/srv/UavControl_Response.msg
[0.698s] -- Up-to-date: /home/xingxunliu/ws_sensor_combined/install/uav_interfaces/share/ament_index/resource_index/package_run_dependencies/uav_interfaces
[0.698s] -- Up-to-date: /home/xingxunliu/ws_sensor_combined/install/uav_interfaces/share/ament_index/resource_index/parent_prefix_path/uav_interfaces
[0.698s] -- Up-to-date: /home/xingxunliu/ws_sensor_combined/install/uav_interfaces/share/uav_interfaces/environment/ament_prefix_path.sh
[0.699s] -- Up-to-date: /home/xingxunliu/ws_sensor_combined/install/uav_interfaces/share/uav_interfaces/environment/ament_prefix_path.dsv
[0.699s] -- Up-to-date: /home/xingxunliu/ws_sensor_combined/install/uav_interfaces/share/uav_interfaces/environment/path.sh
[0.699s] -- Up-to-date: /home/xingxunliu/ws_sensor_combined/install/uav_interfaces/share/uav_interfaces/environment/path.dsv
[0.699s] -- Up-to-date: /home/xingxunliu/ws_sensor_combined/install/uav_interfaces/share/uav_interfaces/local_setup.bash
[0.699s] -- Up-to-date: /home/xingxunliu/ws_sensor_combined/install/uav_interfaces/share/uav_interfaces/local_setup.sh
[0.699s] -- Up-to-date: /home/xingxunliu/ws_sensor_combined/install/uav_interfaces/share/uav_interfaces/local_setup.zsh
[0.699s] -- Up-to-date: /home/xingxunliu/ws_sensor_combined/install/uav_interfaces/share/uav_interfaces/local_setup.dsv
[0.699s] -- Installing: /home/xingxunliu/ws_sensor_combined/install/uav_interfaces/share/uav_interfaces/package.dsv
[0.699s] -- Up-to-date: /home/xingxunliu/ws_sensor_combined/install/uav_interfaces/share/ament_index/resource_index/packages/uav_interfaces
[0.700s] -- Up-to-date: /home/xingxunliu/ws_sensor_combined/install/uav_interfaces/share/uav_interfaces/cmake/uav_interfaces__rosidl_generator_cExport.cmake
[0.700s] -- Up-to-date: /home/xingxunliu/ws_sensor_combined/install/uav_interfaces/share/uav_interfaces/cmake/uav_interfaces__rosidl_generator_cExport-noconfig.cmake
[0.700s] -- Up-to-date: /home/xingxunliu/ws_sensor_combined/install/uav_interfaces/share/uav_interfaces/cmake/uav_interfaces__rosidl_typesupport_introspection_cExport.cmake
[0.701s] -- Up-to-date: /home/xingxunliu/ws_sensor_combined/install/uav_interfaces/share/uav_interfaces/cmake/uav_interfaces__rosidl_typesupport_introspection_cExport-noconfig.cmake
[0.701s] -- Up-to-date: /home/xingxunliu/ws_sensor_combined/install/uav_interfaces/share/uav_interfaces/cmake/uav_interfaces__rosidl_typesupport_cExport.cmake
[0.701s] -- Up-to-date: /home/xingxunliu/ws_sensor_combined/install/uav_interfaces/share/uav_interfaces/cmake/uav_interfaces__rosidl_typesupport_cExport-noconfig.cmake
[0.701s] -- Up-to-date: /home/xingxunliu/ws_sensor_combined/install/uav_interfaces/share/uav_interfaces/cmake/uav_interfaces__rosidl_generator_cppExport.cmake
[0.702s] -- Up-to-date: /home/xingxunliu/ws_sensor_combined/install/uav_interfaces/share/uav_interfaces/cmake/uav_interfaces__rosidl_typesupport_introspection_cppExport.cmake
[0.702s] -- Up-to-date: /home/xingxunliu/ws_sensor_combined/install/uav_interfaces/share/uav_interfaces/cmake/uav_interfaces__rosidl_typesupport_introspection_cppExport-noconfig.cmake
[0.702s] -- Up-to-date: /home/xingxunliu/ws_sensor_combined/install/uav_interfaces/share/uav_interfaces/cmake/uav_interfaces__rosidl_typesupport_cppExport.cmake
[0.702s] -- Up-to-date: /home/xingxunliu/ws_sensor_combined/install/uav_interfaces/share/uav_interfaces/cmake/uav_interfaces__rosidl_typesupport_cppExport-noconfig.cmake
[0.703s] -- Up-to-date: /home/xingxunliu/ws_sensor_combined/install/uav_interfaces/share/uav_interfaces/cmake/rosidl_cmake-extras.cmake
[0.703s] -- Up-to-date: /home/xingxunliu/ws_sensor_combined/install/uav_interfaces/share/uav_interfaces/cmake/ament_cmake_export_dependencies-extras.cmake
[0.703s] -- Up-to-date: /home/xingxunliu/ws_sensor_combined/install/uav_interfaces/share/uav_interfaces/cmake/ament_cmake_export_libraries-extras.cmake
[0.703s] -- Up-to-date: /home/xingxunliu/ws_sensor_combined/install/uav_interfaces/share/uav_interfaces/cmake/ament_cmake_export_targets-extras.cmake
[0.703s] -- Up-to-date: /home/xingxunliu/ws_sensor_combined/install/uav_interfaces/share/uav_interfaces/cmake/ament_cmake_export_include_directories-extras.cmake
[0.704s] -- Up-to-date: /home/xingxunliu/ws_sensor_combined/install/uav_interfaces/share/uav_interfaces/cmake/rosidl_cmake_export_typesupport_libraries-extras.cmake
[0.704s] -- Up-to-date: /home/xingxunliu/ws_sensor_combined/install/uav_interfaces/share/uav_interfaces/cmake/rosidl_cmake_export_typesupport_targets-extras.cmake
[0.704s] -- Up-to-date: /home/xingxunliu/ws_sensor_combined/install/uav_interfaces/share/uav_interfaces/cmake/uav_interfacesConfig.cmake
[0.704s] -- Up-to-date: /home/xingxunliu/ws_sensor_combined/install/uav_interfaces/share/uav_interfaces/cmake/uav_interfacesConfig-version.cmake
[0.704s] -- Up-to-date: /home/xingxunliu/ws_sensor_combined/install/uav_interfaces/share/uav_interfaces/package.xml
[0.711s] Invoked command in '/home/xingxunliu/ws_sensor_combined/build/uav_interfaces' returned '0': CMAKE_PREFIX_PATH=/opt/ros/foxy /usr/bin/cmake --install /home/xingxunliu/ws_sensor_combined/build/uav_interfaces
