[0.016s] Invoking command in '/home/xingxunliu/ws_sensor_combined/build/px4_ros_com': AMENT_PREFIX_PATH=/home/xingxunliu/ws_sensor_combined/install/px4_msgs:${AMENT_PREFIX_PATH} CMAKE_PREFIX_PATH=/home/xingxunliu/ws_sensor_combined/install/px4_msgs:/opt/ros/foxy LD_LIBRARY_PATH=/home/xingxunliu/ws_sensor_combined/install/px4_msgs/lib:${LD_LIBRARY_PATH} PYTHONPATH=/home/xingxunliu/ws_sensor_combined/install/px4_msgs/lib/python3.8/site-packages:${PYTHONPATH} /usr/bin/cmake --build /home/xingxunliu/ws_sensor_combined/build/px4_ros_com -- -j16 -l16
[0.058s] -- Found ament_cmake: 0.9.12 (/opt/ros/foxy/share/ament_cmake/cmake)
[0.085s] -- Using PYTHON_EXECUTABLE: /usr/bin/python3
[0.218s] -- Found builtin_interfaces: 1.0.0 (/opt/ros/foxy/share/builtin_interfaces/cmake)
[0.234s] -- Using all available rosidl_typesupport_c: rosidl_typesupport_fastrtps_c;rosidl_typesupport_introspection_c
[0.237s] -- Found rosidl_adapter: 1.3.1 (/opt/ros/foxy/share/rosidl_adapter/cmake)
[0.380s] -- Using all available rosidl_typesupport_cpp: rosidl_typesupport_fastrtps_cpp;rosidl_typesupport_introspection_cpp
[0.399s] -- Found eigen3_cmake_module: 0.1.1 (/opt/ros/foxy/share/eigen3_cmake_module/cmake)
[0.400s] -- Found geometry_msgs: 2.0.5 (/opt/ros/foxy/share/geometry_msgs/cmake)
[0.451s] -- Found px4_msgs: 2.0.1 (/home/xingxunliu/ws_sensor_combined/install/px4_msgs/share/px4_msgs/cmake)
[0.465s] -- Found rclcpp: 2.4.3 (/opt/ros/foxy/share/rclcpp/cmake)
[0.494s] -- Found rmw_implementation_cmake: 1.0.4 (/opt/ros/foxy/share/rmw_implementation_cmake/cmake)
[0.495s] -- Using RMW implementation 'rmw_fastrtps_cpp' as default
[0.613s] -- Found sensor_msgs: 2.0.5 (/opt/ros/foxy/share/sensor_msgs/cmake)
[0.685s] -- Found ament_lint_auto: 0.9.8 (/opt/ros/foxy/share/ament_lint_auto/cmake)
[0.754s] -- Added test 'copyright' to check source files copyright and LICENSE
[0.757s] -- Added test 'cppcheck' to perform static code analysis on C / C++ code
[0.757s] -- Configured cppcheck include dirs: /home/xingxunliu/ws_sensor_combined/src/px4_ros_com/include;$<BUILD_INTERFACE:/home/xingxunliu/ws_sensor_combined/src/px4_ros_com/include/px4_ros_com>
[0.757s] -- Configured cppcheck exclude dirs and/or files: 
[0.760s] -- Added test 'cpplint' to check C / C++ code against the Google style
[0.760s] -- Configured cpplint exclude dirs and/or files: 
[0.760s] -- Added test 'flake8' to check Python code syntax and style conventions
[0.761s] -- Added test 'lint_cmake' to check CMake code style
[0.762s] -- Added test 'pep257' to check Python code against some of the style conventions in PEP 257
[0.764s] -- Added test 'uncrustify' to check C / C++ code style
[0.764s] -- Configured uncrustify additional arguments: 
[0.765s] -- Added test 'xmllint' to check XML markup files
[0.766s] CMake Error at CMakeLists.txt:63 (add_executable):
[0.766s]   The target name "test" is reserved when CTest testing is enabled.
[0.766s] 
[0.766s] 
[0.767s] -- Configuring incomplete, errors occurred!
[0.767s] See also "/home/xingxunliu/ws_sensor_combined/build/px4_ros_com/CMakeFiles/CMakeOutput.log".
[0.767s] See also "/home/xingxunliu/ws_sensor_combined/build/px4_ros_com/CMakeFiles/CMakeError.log".
[0.773s] make: *** [Makefile:442：cmake_check_build_system] 错误 1
[0.777s] Invoked command in '/home/xingxunliu/ws_sensor_combined/build/px4_ros_com' returned '2': AMENT_PREFIX_PATH=/home/xingxunliu/ws_sensor_combined/install/px4_msgs:${AMENT_PREFIX_PATH} CMAKE_PREFIX_PATH=/home/xingxunliu/ws_sensor_combined/install/px4_msgs:/opt/ros/foxy LD_LIBRARY_PATH=/home/xingxunliu/ws_sensor_combined/install/px4_msgs/lib:${LD_LIBRARY_PATH} PYTHONPATH=/home/xingxunliu/ws_sensor_combined/install/px4_msgs/lib/python3.8/site-packages:${PYTHONPATH} /usr/bin/cmake --build /home/xingxunliu/ws_sensor_combined/build/px4_ros_com -- -j16 -l16
