[1.054s] Invoking command in '/home/xingxunliu/ws_sensor_combined/src/suanfa': PYTHONPATH=/home/xingxunliu/ws_sensor_combined/build/suanfa/prefix_override:/home/xingxunliu/ws_sensor_combined/install/suanfa/lib/python3.8/site-packages:${PYTHONPATH} /usr/bin/python3 setup.py egg_info --egg-base ../../build/suanfa build --build-base /home/xingxunliu/ws_sensor_combined/build/suanfa/build install --record /home/xingxunliu/ws_sensor_combined/build/suanfa/install.log --install-scripts $base/lib/suanfa --single-version-externally-managed
[1.198s] /home/xingxunliu/.local/lib/python3.8/site-packages/setuptools/dist.py:745: SetuptoolsDeprecationWarning: Invalid dash-separated options
[1.198s] !!
[1.198s] 
[1.198s]         ********************************************************************************
[1.198s]         Usage of dash-separated 'script-dir' will not be supported in future
[1.198s]         versions. Please use the underscore name 'script_dir' instead.
[1.198s] 
[1.199s]         By 2023-Sep-26, you need to update your project and remove deprecated calls
[1.199s]         or your builds will no longer be supported.
[1.199s] 
[1.199s]         See https://setuptools.pypa.io/en/latest/userguide/declarative_config.html for details.
[1.199s]         ********************************************************************************
[1.199s] 
[1.200s] !!
[1.200s]   opt = self.warn_dash_deprecation(opt, section)
[1.288s] running egg_info
[1.299s] writing ../../build/suanfa/suanfa.egg-info/PKG-INFO
[1.299s] writing dependency_links to ../../build/suanfa/suanfa.egg-info/dependency_links.txt
[1.299s] writing entry points to ../../build/suanfa/suanfa.egg-info/entry_points.txt
[1.300s] writing requirements to ../../build/suanfa/suanfa.egg-info/requires.txt
[1.300s] writing top-level names to ../../build/suanfa/suanfa.egg-info/top_level.txt
[1.397s] reading manifest file '../../build/suanfa/suanfa.egg-info/SOURCES.txt'
[1.398s] writing manifest file '../../build/suanfa/suanfa.egg-info/SOURCES.txt'
[1.399s] running build
[1.399s] running build_py
[1.399s] running install
[1.400s] /home/xingxunliu/.local/lib/python3.8/site-packages/setuptools/_distutils/cmd.py:66: SetuptoolsDeprecationWarning: setup.py install is deprecated.
[1.400s] !!
[1.400s] 
[1.400s]         ********************************************************************************
[1.400s]         Please avoid running ``setup.py`` directly.
[1.400s]         Instead, use pypa/build, pypa/installer or other
[1.400s]         standards-based tools.
[1.400s] 
[1.401s]         See https://blog.ganssle.io/articles/2021/10/setup-py-deprecated.html for details.
[1.401s]         ********************************************************************************
[1.401s] 
[1.401s] !!
[1.401s]   self.initialize_options()
[1.406s] running install_lib
[1.420s] running install_data
[1.435s] running install_egg_info
[1.447s] removing '/home/xingxunliu/ws_sensor_combined/install/suanfa/lib/python3.8/site-packages/suanfa-0.0.0-py3.8.egg-info' (and everything under it)
[1.448s] Copying ../../build/suanfa/suanfa.egg-info to /home/xingxunliu/ws_sensor_combined/install/suanfa/lib/python3.8/site-packages/suanfa-0.0.0-py3.8.egg-info
[1.449s] running install_scripts
[1.505s] Installing suanfa_node script to /home/xingxunliu/ws_sensor_combined/install/suanfa/lib/suanfa
[1.506s] writing list of installed files to '/home/xingxunliu/ws_sensor_combined/build/suanfa/install.log'
[1.553s] Invoked command in '/home/xingxunliu/ws_sensor_combined/src/suanfa' returned '0': PYTHONPATH=/home/xingxunliu/ws_sensor_combined/build/suanfa/prefix_override:/home/xingxunliu/ws_sensor_combined/install/suanfa/lib/python3.8/site-packages:${PYTHONPATH} /usr/bin/python3 setup.py egg_info --egg-base ../../build/suanfa build --build-base /home/xingxunliu/ws_sensor_combined/build/suanfa/build install --record /home/xingxunliu/ws_sensor_combined/build/suanfa/install.log --install-scripts $base/lib/suanfa --single-version-externally-managed
