[0.903s] Invoking command in '/home/xingxunliu/ws_sensor_combined/src/suanfa': PYTHONPATH=/home/xingxunliu/ws_sensor_combined/build/suanfa/prefix_override:/home/xingxunliu/ws_sensor_combined/install/suanfa/lib/python3.8/site-packages:${PYTHONPATH} /usr/bin/python3 setup.py egg_info --egg-base ../../build/suanfa build --build-base /home/xingxunliu/ws_sensor_combined/build/suanfa/build install --record /home/xingxunliu/ws_sensor_combined/build/suanfa/install.log --single-version-externally-managed
[1.113s] running egg_info
[1.126s] writing ../../build/suanfa/suanfa.egg-info/PKG-INFO
[1.127s] writing dependency_links to ../../build/suanfa/suanfa.egg-info/dependency_links.txt
[1.127s] writing entry points to ../../build/suanfa/suanfa.egg-info/entry_points.txt
[1.127s] writing requirements to ../../build/suanfa/suanfa.egg-info/requires.txt
[1.127s] writing top-level names to ../../build/suanfa/suanfa.egg-info/top_level.txt
[1.227s] reading manifest file '../../build/suanfa/suanfa.egg-info/SOURCES.txt'
[1.227s] writing manifest file '../../build/suanfa/suanfa.egg-info/SOURCES.txt'
[1.227s] running build
[1.228s] running build_py
[1.228s] running install
[1.228s] /home/xingxunliu/.local/lib/python3.8/site-packages/setuptools/_distutils/cmd.py:66: SetuptoolsDeprecationWarning: setup.py install is deprecated.
[1.228s] !!
[1.229s] 
[1.229s]         ********************************************************************************
[1.229s]         Please avoid running ``setup.py`` directly.
[1.229s]         Instead, use pypa/build, pypa/installer or other
[1.229s]         standards-based tools.
[1.230s] 
[1.230s]         See https://blog.ganssle.io/articles/2021/10/setup-py-deprecated.html for details.
[1.230s]         ********************************************************************************
[1.230s] 
[1.230s] !!
[1.230s]   self.initialize_options()
[1.234s] running install_lib
[1.247s] running install_data
[1.259s] running install_egg_info
[1.273s] removing '/home/xingxunliu/ws_sensor_combined/install/suanfa/lib/python3.8/site-packages/suanfa-0.0.0-py3.8.egg-info' (and everything under it)
[1.273s] Copying ../../build/suanfa/suanfa.egg-info to /home/xingxunliu/ws_sensor_combined/install/suanfa/lib/python3.8/site-packages/suanfa-0.0.0-py3.8.egg-info
[1.273s] running install_scripts
[1.331s] Installing suanfa_node script to /home/xingxunliu/ws_sensor_combined/install/suanfa/lib/suanfa
[1.331s] writing list of installed files to '/home/xingxunliu/ws_sensor_combined/build/suanfa/install.log'
[1.380s] Invoked command in '/home/xingxunliu/ws_sensor_combined/src/suanfa' returned '0': PYTHONPATH=/home/xingxunliu/ws_sensor_combined/build/suanfa/prefix_override:/home/xingxunliu/ws_sensor_combined/install/suanfa/lib/python3.8/site-packages:${PYTHONPATH} /usr/bin/python3 setup.py egg_info --egg-base ../../build/suanfa build --build-base /home/xingxunliu/ws_sensor_combined/build/suanfa/build install --record /home/xingxunliu/ws_sensor_combined/build/suanfa/install.log --single-version-externally-managed
