[0.265s] DEBUG:colcon:Command line arguments: ['/usr/bin/colcon', 'build', '--packages-select', 'px4_ros_com']
[0.266s] DEBUG:colcon:Parsed command line arguments: Namespace(allow_overriding=[], ament_cmake_args=None, base_paths=['.'], build_base='build', catkin_cmake_args=None, catkin_skip_building_tests=False, cmake_args=None, cmake_clean_cache=False, cmake_clean_first=False, cmake_force_configure=False, cmake_target=None, cmake_target_skip_unavailable=False, continue_on_error=False, event_handlers=None, executor='parallel', ignore_user_meta=False, install_base='install', log_base=None, log_level=None, main=<bound method BuildVerb.main of <colcon_core.verb.build.BuildVerb object at 0x7fa5cb6ce490>>, merge_install=False, metas=['./colcon.meta'], packages_above=None, packages_above_and_dependencies=None, packages_above_depth=None, packages_end=None, packages_ignore=None, packages_ignore_regex=None, packages_select=['px4_ros_com'], packages_select_build_failed=False, packages_select_by_dep=None, packages_select_regex=None, packages_select_test_failures=False, packages_skip=None, packages_skip_build_finished=False, packages_skip_by_dep=None, packages_skip_regex=None, packages_skip_test_passed=False, packages_skip_up_to=None, packages_start=None, packages_up_to=None, packages_up_to_regex=None, parallel_workers=16, paths=None, symlink_install=False, test_result_base=None, verb_extension=<colcon_core.verb.build.BuildVerb object at 0x7fa5cb6ce490>, verb_name='build', verb_parser=<colcon_defaults.argument_parser.defaults.DefaultArgumentsDecorator object at 0x7fa5cb619070>)
[0.302s] Level 1:colcon.colcon_core.package_discovery:discover_packages(colcon_meta) check parameters
[0.302s] Level 1:colcon.colcon_core.package_discovery:discover_packages(recursive) check parameters
[0.302s] Level 1:colcon.colcon_core.package_discovery:discover_packages(ignore) check parameters
[0.302s] Level 1:colcon.colcon_core.package_discovery:discover_packages(path) check parameters
[0.302s] Level 1:colcon.colcon_core.package_discovery:discover_packages(colcon_meta) discover
[0.302s] Level 1:colcon.colcon_core.package_discovery:discover_packages(recursive) discover
[0.302s] INFO:colcon.colcon_core.package_discovery:Crawling recursively for packages in '/home/xingxunliu/ws_sensor_combined'
[0.303s] Level 1:colcon.colcon_core.package_identification:_identify(.) by extensions ['ignore', 'ignore_ament_install']
[0.303s] Level 1:colcon.colcon_core.package_identification:_identify(.) by extension 'ignore'
[0.303s] Level 1:colcon.colcon_core.package_identification:_identify(.) by extension 'ignore_ament_install'
[0.303s] Level 1:colcon.colcon_core.package_identification:_identify(.) by extensions ['colcon_pkg']
[0.303s] Level 1:colcon.colcon_core.package_identification:_identify(.) by extension 'colcon_pkg'
[0.303s] Level 1:colcon.colcon_core.package_identification:_identify(.) by extensions ['colcon_meta']
[0.303s] Level 1:colcon.colcon_core.package_identification:_identify(.) by extension 'colcon_meta'
[0.303s] Level 1:colcon.colcon_core.package_identification:_identify(.) by extensions ['ros']
[0.303s] Level 1:colcon.colcon_core.package_identification:_identify(.) by extension 'ros'
[0.315s] Level 1:colcon.colcon_core.package_identification:_identify(.) by extensions ['cmake', 'python']
[0.315s] Level 1:colcon.colcon_core.package_identification:_identify(.) by extension 'cmake'
[0.315s] Level 1:colcon.colcon_core.package_identification:_identify(.) by extension 'python'
[0.315s] Level 1:colcon.colcon_core.package_identification:_identify(.) by extensions ['python_setup_py']
[0.315s] Level 1:colcon.colcon_core.package_identification:_identify(.) by extension 'python_setup_py'
[0.315s] Level 1:colcon.colcon_core.package_identification:_identify(build) by extensions ['ignore', 'ignore_ament_install']
[0.315s] Level 1:colcon.colcon_core.package_identification:_identify(build) by extension 'ignore'
[0.315s] Level 1:colcon.colcon_core.package_identification:_identify(build) ignored
[0.315s] Level 1:colcon.colcon_core.package_identification:_identify(install) by extensions ['ignore', 'ignore_ament_install']
[0.315s] Level 1:colcon.colcon_core.package_identification:_identify(install) by extension 'ignore'
[0.315s] Level 1:colcon.colcon_core.package_identification:_identify(install) ignored
[0.316s] Level 1:colcon.colcon_core.package_identification:_identify(log) by extensions ['ignore', 'ignore_ament_install']
[0.316s] Level 1:colcon.colcon_core.package_identification:_identify(log) by extension 'ignore'
[0.316s] Level 1:colcon.colcon_core.package_identification:_identify(log) ignored
[0.316s] Level 1:colcon.colcon_core.package_identification:_identify(src) by extensions ['ignore', 'ignore_ament_install']
[0.316s] Level 1:colcon.colcon_core.package_identification:_identify(src) by extension 'ignore'
[0.316s] Level 1:colcon.colcon_core.package_identification:_identify(src) by extension 'ignore_ament_install'
[0.316s] Level 1:colcon.colcon_core.package_identification:_identify(src) by extensions ['colcon_pkg']
[0.316s] Level 1:colcon.colcon_core.package_identification:_identify(src) by extension 'colcon_pkg'
[0.316s] Level 1:colcon.colcon_core.package_identification:_identify(src) by extensions ['colcon_meta']
[0.316s] Level 1:colcon.colcon_core.package_identification:_identify(src) by extension 'colcon_meta'
[0.316s] Level 1:colcon.colcon_core.package_identification:_identify(src) by extensions ['ros']
[0.316s] Level 1:colcon.colcon_core.package_identification:_identify(src) by extension 'ros'
[0.316s] Level 1:colcon.colcon_core.package_identification:_identify(src) by extensions ['cmake', 'python']
[0.316s] Level 1:colcon.colcon_core.package_identification:_identify(src) by extension 'cmake'
[0.316s] Level 1:colcon.colcon_core.package_identification:_identify(src) by extension 'python'
[0.316s] Level 1:colcon.colcon_core.package_identification:_identify(src) by extensions ['python_setup_py']
[0.316s] Level 1:colcon.colcon_core.package_identification:_identify(src) by extension 'python_setup_py'
[0.316s] Level 1:colcon.colcon_core.package_identification:_identify(src/launch) by extensions ['ignore', 'ignore_ament_install']
[0.316s] Level 1:colcon.colcon_core.package_identification:_identify(src/launch) by extension 'ignore'
[0.316s] Level 1:colcon.colcon_core.package_identification:_identify(src/launch) by extension 'ignore_ament_install'
[0.316s] Level 1:colcon.colcon_core.package_identification:_identify(src/launch) by extensions ['colcon_pkg']
[0.316s] Level 1:colcon.colcon_core.package_identification:_identify(src/launch) by extension 'colcon_pkg'
[0.316s] Level 1:colcon.colcon_core.package_identification:_identify(src/launch) by extensions ['colcon_meta']
[0.316s] Level 1:colcon.colcon_core.package_identification:_identify(src/launch) by extension 'colcon_meta'
[0.317s] Level 1:colcon.colcon_core.package_identification:_identify(src/launch) by extensions ['ros']
[0.317s] Level 1:colcon.colcon_core.package_identification:_identify(src/launch) by extension 'ros'
[0.317s] Level 1:colcon.colcon_core.package_identification:_identify(src/launch) by extensions ['cmake', 'python']
[0.317s] Level 1:colcon.colcon_core.package_identification:_identify(src/launch) by extension 'cmake'
[0.317s] Level 1:colcon.colcon_core.package_identification:_identify(src/launch) by extension 'python'
[0.317s] Level 1:colcon.colcon_core.package_identification:_identify(src/launch) by extensions ['python_setup_py']
[0.317s] Level 1:colcon.colcon_core.package_identification:_identify(src/launch) by extension 'python_setup_py'
[0.317s] Level 1:colcon.colcon_core.package_identification:_identify(src/launch/__pycache__) by extensions ['ignore', 'ignore_ament_install']
[0.317s] Level 1:colcon.colcon_core.package_identification:_identify(src/launch/__pycache__) by extension 'ignore'
[0.317s] Level 1:colcon.colcon_core.package_identification:_identify(src/launch/__pycache__) by extension 'ignore_ament_install'
[0.317s] Level 1:colcon.colcon_core.package_identification:_identify(src/launch/__pycache__) by extensions ['colcon_pkg']
[0.317s] Level 1:colcon.colcon_core.package_identification:_identify(src/launch/__pycache__) by extension 'colcon_pkg'
[0.317s] Level 1:colcon.colcon_core.package_identification:_identify(src/launch/__pycache__) by extensions ['colcon_meta']
[0.317s] Level 1:colcon.colcon_core.package_identification:_identify(src/launch/__pycache__) by extension 'colcon_meta'
[0.317s] Level 1:colcon.colcon_core.package_identification:_identify(src/launch/__pycache__) by extensions ['ros']
[0.317s] Level 1:colcon.colcon_core.package_identification:_identify(src/launch/__pycache__) by extension 'ros'
[0.317s] Level 1:colcon.colcon_core.package_identification:_identify(src/launch/__pycache__) by extensions ['cmake', 'python']
[0.317s] Level 1:colcon.colcon_core.package_identification:_identify(src/launch/__pycache__) by extension 'cmake'
[0.317s] Level 1:colcon.colcon_core.package_identification:_identify(src/launch/__pycache__) by extension 'python'
[0.317s] Level 1:colcon.colcon_core.package_identification:_identify(src/launch/__pycache__) by extensions ['python_setup_py']
[0.317s] Level 1:colcon.colcon_core.package_identification:_identify(src/launch/__pycache__) by extension 'python_setup_py'
[0.317s] Level 1:colcon.colcon_core.package_identification:_identify(src/px4_msgs) by extensions ['ignore', 'ignore_ament_install']
[0.318s] Level 1:colcon.colcon_core.package_identification:_identify(src/px4_msgs) by extension 'ignore'
[0.318s] Level 1:colcon.colcon_core.package_identification:_identify(src/px4_msgs) by extension 'ignore_ament_install'
[0.318s] Level 1:colcon.colcon_core.package_identification:_identify(src/px4_msgs) by extensions ['colcon_pkg']
[0.318s] Level 1:colcon.colcon_core.package_identification:_identify(src/px4_msgs) by extension 'colcon_pkg'
[0.318s] Level 1:colcon.colcon_core.package_identification:_identify(src/px4_msgs) by extensions ['colcon_meta']
[0.318s] Level 1:colcon.colcon_core.package_identification:_identify(src/px4_msgs) by extension 'colcon_meta'
[0.318s] Level 1:colcon.colcon_core.package_identification:_identify(src/px4_msgs) by extensions ['ros']
[0.318s] Level 1:colcon.colcon_core.package_identification:_identify(src/px4_msgs) by extension 'ros'
[0.320s] DEBUG:colcon.colcon_core.package_identification:Package 'src/px4_msgs' with type 'ros.ament_cmake' and name 'px4_msgs'
[0.320s] Level 1:colcon.colcon_core.package_identification:_identify(src/px4_ros_com) by extensions ['ignore', 'ignore_ament_install']
[0.320s] Level 1:colcon.colcon_core.package_identification:_identify(src/px4_ros_com) by extension 'ignore'
[0.320s] Level 1:colcon.colcon_core.package_identification:_identify(src/px4_ros_com) by extension 'ignore_ament_install'
[0.320s] Level 1:colcon.colcon_core.package_identification:_identify(src/px4_ros_com) by extensions ['colcon_pkg']
[0.320s] Level 1:colcon.colcon_core.package_identification:_identify(src/px4_ros_com) by extension 'colcon_pkg'
[0.320s] Level 1:colcon.colcon_core.package_identification:_identify(src/px4_ros_com) by extensions ['colcon_meta']
[0.320s] Level 1:colcon.colcon_core.package_identification:_identify(src/px4_ros_com) by extension 'colcon_meta'
[0.320s] Level 1:colcon.colcon_core.package_identification:_identify(src/px4_ros_com) by extensions ['ros']
[0.320s] Level 1:colcon.colcon_core.package_identification:_identify(src/px4_ros_com) by extension 'ros'
[0.322s] DEBUG:colcon.colcon_core.package_identification:Package 'src/px4_ros_com' with type 'ros.ament_cmake' and name 'px4_ros_com'
[0.322s] Level 1:colcon.colcon_core.package_identification:_identify(src/suanfa) by extensions ['ignore', 'ignore_ament_install']
[0.322s] Level 1:colcon.colcon_core.package_identification:_identify(src/suanfa) by extension 'ignore'
[0.322s] Level 1:colcon.colcon_core.package_identification:_identify(src/suanfa) by extension 'ignore_ament_install'
[0.322s] Level 1:colcon.colcon_core.package_identification:_identify(src/suanfa) by extensions ['colcon_pkg']
[0.322s] Level 1:colcon.colcon_core.package_identification:_identify(src/suanfa) by extension 'colcon_pkg'
[0.322s] Level 1:colcon.colcon_core.package_identification:_identify(src/suanfa) by extensions ['colcon_meta']
[0.322s] Level 1:colcon.colcon_core.package_identification:_identify(src/suanfa) by extension 'colcon_meta'
[0.322s] Level 1:colcon.colcon_core.package_identification:_identify(src/suanfa) by extensions ['ros']
[0.322s] Level 1:colcon.colcon_core.package_identification:_identify(src/suanfa) by extension 'ros'
[0.323s] DEBUG:colcon.colcon_core.package_identification:Package 'src/suanfa' with type 'ros.ament_python' and name 'suanfa'
[0.323s] Level 1:colcon.colcon_core.package_identification:_identify(src/uav_interfaces) by extensions ['ignore', 'ignore_ament_install']
[0.323s] Level 1:colcon.colcon_core.package_identification:_identify(src/uav_interfaces) by extension 'ignore'
[0.323s] Level 1:colcon.colcon_core.package_identification:_identify(src/uav_interfaces) by extension 'ignore_ament_install'
[0.323s] Level 1:colcon.colcon_core.package_identification:_identify(src/uav_interfaces) by extensions ['colcon_pkg']
[0.323s] Level 1:colcon.colcon_core.package_identification:_identify(src/uav_interfaces) by extension 'colcon_pkg'
[0.323s] Level 1:colcon.colcon_core.package_identification:_identify(src/uav_interfaces) by extensions ['colcon_meta']
[0.323s] Level 1:colcon.colcon_core.package_identification:_identify(src/uav_interfaces) by extension 'colcon_meta'
[0.323s] Level 1:colcon.colcon_core.package_identification:_identify(src/uav_interfaces) by extensions ['ros']
[0.323s] Level 1:colcon.colcon_core.package_identification:_identify(src/uav_interfaces) by extension 'ros'
[0.323s] DEBUG:colcon.colcon_core.package_identification:Package 'src/uav_interfaces' with type 'ros.ament_cmake' and name 'uav_interfaces'
[0.323s] Level 1:colcon.colcon_core.package_discovery:discover_packages(recursive) using defaults
[0.324s] Level 1:colcon.colcon_core.package_discovery:discover_packages(ignore) discover
[0.324s] Level 1:colcon.colcon_core.package_discovery:discover_packages(ignore) using defaults
[0.324s] Level 1:colcon.colcon_core.package_discovery:discover_packages(path) discover
[0.324s] Level 1:colcon.colcon_core.package_discovery:discover_packages(path) using defaults
[0.345s] INFO:colcon.colcon_core.package_selection:Skipping not selected package 'px4_msgs' in 'src/px4_msgs'
[0.345s] INFO:colcon.colcon_core.package_selection:Skipping not selected package 'suanfa' in 'src/suanfa'
[0.345s] INFO:colcon.colcon_core.package_selection:Skipping not selected package 'uav_interfaces' in 'src/uav_interfaces'
[0.346s] Level 1:colcon.colcon_core.package_discovery:discover_packages(prefix_path) check parameters
[0.346s] Level 1:colcon.colcon_core.package_discovery:discover_packages(prefix_path) discover
[0.348s] DEBUG:colcon.colcon_installed_package_information.package_discovery:Found 4 installed packages in /home/xingxunliu/ws_sensor_combined/install
[0.350s] DEBUG:colcon.colcon_installed_package_information.package_discovery:Found 256 installed packages in /opt/ros/foxy
[0.351s] Level 1:colcon.colcon_core.package_discovery:discover_packages(prefix_path) using defaults
[0.387s] Level 5:colcon.colcon_core.verb:set package 'px4_ros_com' build argument 'cmake_args' from command line to 'None'
[0.387s] Level 5:colcon.colcon_core.verb:set package 'px4_ros_com' build argument 'cmake_target' from command line to 'None'
[0.388s] Level 5:colcon.colcon_core.verb:set package 'px4_ros_com' build argument 'cmake_target_skip_unavailable' from command line to 'False'
[0.388s] Level 5:colcon.colcon_core.verb:set package 'px4_ros_com' build argument 'cmake_clean_cache' from command line to 'False'
[0.388s] Level 5:colcon.colcon_core.verb:set package 'px4_ros_com' build argument 'cmake_clean_first' from command line to 'False'
[0.388s] Level 5:colcon.colcon_core.verb:set package 'px4_ros_com' build argument 'cmake_force_configure' from command line to 'False'
[0.388s] Level 5:colcon.colcon_core.verb:set package 'px4_ros_com' build argument 'ament_cmake_args' from command line to 'None'
[0.388s] Level 5:colcon.colcon_core.verb:set package 'px4_ros_com' build argument 'catkin_cmake_args' from command line to 'None'
[0.388s] Level 5:colcon.colcon_core.verb:set package 'px4_ros_com' build argument 'catkin_skip_building_tests' from command line to 'False'
[0.388s] DEBUG:colcon.colcon_core.verb:Building package 'px4_ros_com' with the following arguments: {'ament_cmake_args': None, 'build_base': '/home/xingxunliu/ws_sensor_combined/build/px4_ros_com', 'catkin_cmake_args': None, 'catkin_skip_building_tests': False, 'cmake_args': None, 'cmake_clean_cache': False, 'cmake_clean_first': False, 'cmake_force_configure': False, 'cmake_target': None, 'cmake_target_skip_unavailable': False, 'install_base': '/home/xingxunliu/ws_sensor_combined/install/px4_ros_com', 'merge_install': False, 'path': '/home/xingxunliu/ws_sensor_combined/src/px4_ros_com', 'symlink_install': False, 'test_result_base': None}
[0.388s] INFO:colcon.colcon_core.executor:Executing jobs using 'parallel' executor
[0.392s] DEBUG:colcon.colcon_parallel_executor.executor.parallel:run_until_complete
[0.392s] INFO:colcon.colcon_ros.task.ament_cmake.build:Building ROS package in '/home/xingxunliu/ws_sensor_combined/src/px4_ros_com' with build type 'ament_cmake'
[0.392s] INFO:colcon.colcon_cmake.task.cmake.build:Building CMake package in '/home/xingxunliu/ws_sensor_combined/src/px4_ros_com'
[0.397s] INFO:colcon.colcon_core.plugin_system:Skipping extension 'colcon_core.shell.bat': Not used on non-Windows systems
[0.397s] INFO:colcon.colcon_core.shell:Skip shell extension 'powershell' for command environment: Not usable outside of PowerShell
[0.397s] DEBUG:colcon.colcon_core.shell:Skip shell extension 'dsv' for command environment
[0.571s] DEBUG:colcon.colcon_core.event_handler.log_command:Invoking command in '/home/xingxunliu/ws_sensor_combined/build/px4_ros_com': CMAKE_PREFIX_PATH=/home/xingxunliu/ws_sensor_combined/install/uav_interfaces:/home/xingxunliu/ws_sensor_combined/install/px4_msgs:/home/xingxunliu/ws_sensor_combined/install/px4_ros_com:/home/xingxunliu/ws_sensor_combined/install/suanfa:/opt/ros/foxy LD_LIBRARY_PATH=/home/xingxunliu/ws_sensor_combined/install/uav_interfaces/lib:/home/xingxunliu/ws_sensor_combined/install/px4_msgs/lib:/home/xingxunliu/ws_sensor_combined/install/px4_ros_com/lib:/opt/ros/foxy/opt/yaml_cpp_vendor/lib:/opt/ros/foxy/opt/rviz_ogre_vendor/lib:/opt/ros/foxy/lib/x86_64-linux-gnu:/opt/ros/foxy/lib PYTHONPATH=/home/xingxunliu/ws_sensor_combined/install/uav_interfaces/lib/python3.8/site-packages:/home/xingxunliu/ws_sensor_combined/install/px4_msgs/lib/python3.8/site-packages:/home/xingxunliu/ws_sensor_combined/install/suanfa/lib/python3.8/site-packages:/opt/ros/foxy/lib/python3.8/site-packages /usr/bin/cmake --build /home/xingxunliu/ws_sensor_combined/build/px4_ros_com -- -j16 -l16
[0.707s] DEBUG:colcon.colcon_core.event_handler.log_command:Invoked command in '/home/xingxunliu/ws_sensor_combined/build/px4_ros_com' returned '0': CMAKE_PREFIX_PATH=/home/xingxunliu/ws_sensor_combined/install/uav_interfaces:/home/xingxunliu/ws_sensor_combined/install/px4_msgs:/home/xingxunliu/ws_sensor_combined/install/px4_ros_com:/home/xingxunliu/ws_sensor_combined/install/suanfa:/opt/ros/foxy LD_LIBRARY_PATH=/home/xingxunliu/ws_sensor_combined/install/uav_interfaces/lib:/home/xingxunliu/ws_sensor_combined/install/px4_msgs/lib:/home/xingxunliu/ws_sensor_combined/install/px4_ros_com/lib:/opt/ros/foxy/opt/yaml_cpp_vendor/lib:/opt/ros/foxy/opt/rviz_ogre_vendor/lib:/opt/ros/foxy/lib/x86_64-linux-gnu:/opt/ros/foxy/lib PYTHONPATH=/home/xingxunliu/ws_sensor_combined/install/uav_interfaces/lib/python3.8/site-packages:/home/xingxunliu/ws_sensor_combined/install/px4_msgs/lib/python3.8/site-packages:/home/xingxunliu/ws_sensor_combined/install/suanfa/lib/python3.8/site-packages:/opt/ros/foxy/lib/python3.8/site-packages /usr/bin/cmake --build /home/xingxunliu/ws_sensor_combined/build/px4_ros_com -- -j16 -l16
[0.820s] DEBUG:colcon.colcon_core.event_handler.log_command:Invoking command in '/home/xingxunliu/ws_sensor_combined/build/px4_ros_com': CMAKE_PREFIX_PATH=/home/xingxunliu/ws_sensor_combined/install/uav_interfaces:/home/xingxunliu/ws_sensor_combined/install/px4_msgs:/home/xingxunliu/ws_sensor_combined/install/px4_ros_com:/home/xingxunliu/ws_sensor_combined/install/suanfa:/opt/ros/foxy LD_LIBRARY_PATH=/home/xingxunliu/ws_sensor_combined/install/uav_interfaces/lib:/home/xingxunliu/ws_sensor_combined/install/px4_msgs/lib:/home/xingxunliu/ws_sensor_combined/install/px4_ros_com/lib:/opt/ros/foxy/opt/yaml_cpp_vendor/lib:/opt/ros/foxy/opt/rviz_ogre_vendor/lib:/opt/ros/foxy/lib/x86_64-linux-gnu:/opt/ros/foxy/lib PYTHONPATH=/home/xingxunliu/ws_sensor_combined/install/uav_interfaces/lib/python3.8/site-packages:/home/xingxunliu/ws_sensor_combined/install/px4_msgs/lib/python3.8/site-packages:/home/xingxunliu/ws_sensor_combined/install/suanfa/lib/python3.8/site-packages:/opt/ros/foxy/lib/python3.8/site-packages /usr/bin/cmake --install /home/xingxunliu/ws_sensor_combined/build/px4_ros_com
[0.846s] Level 1:colcon.colcon_core.environment:create_environment_scripts_only(px4_ros_com)
[0.855s] DEBUG:colcon.colcon_core.event_handler.log_command:Invoked command in '/home/xingxunliu/ws_sensor_combined/build/px4_ros_com' returned '0': CMAKE_PREFIX_PATH=/home/xingxunliu/ws_sensor_combined/install/uav_interfaces:/home/xingxunliu/ws_sensor_combined/install/px4_msgs:/home/xingxunliu/ws_sensor_combined/install/px4_ros_com:/home/xingxunliu/ws_sensor_combined/install/suanfa:/opt/ros/foxy LD_LIBRARY_PATH=/home/xingxunliu/ws_sensor_combined/install/uav_interfaces/lib:/home/xingxunliu/ws_sensor_combined/install/px4_msgs/lib:/home/xingxunliu/ws_sensor_combined/install/px4_ros_com/lib:/opt/ros/foxy/opt/yaml_cpp_vendor/lib:/opt/ros/foxy/opt/rviz_ogre_vendor/lib:/opt/ros/foxy/lib/x86_64-linux-gnu:/opt/ros/foxy/lib PYTHONPATH=/home/xingxunliu/ws_sensor_combined/install/uav_interfaces/lib/python3.8/site-packages:/home/xingxunliu/ws_sensor_combined/install/px4_msgs/lib/python3.8/site-packages:/home/xingxunliu/ws_sensor_combined/install/suanfa/lib/python3.8/site-packages:/opt/ros/foxy/lib/python3.8/site-packages /usr/bin/cmake --install /home/xingxunliu/ws_sensor_combined/build/px4_ros_com
[0.857s] Level 1:colcon.colcon_core.environment:checking '/home/xingxunliu/ws_sensor_combined/install/px4_ros_com' for CMake module files
[0.858s] Level 1:colcon.colcon_core.environment:checking '/home/xingxunliu/ws_sensor_combined/install/px4_ros_com' for CMake config files
[0.858s] Level 1:colcon.colcon_core.shell:create_environment_hook('px4_ros_com', 'cmake_prefix_path')
[0.861s] INFO:colcon.colcon_core.shell:Creating environment hook '/home/xingxunliu/ws_sensor_combined/install/px4_ros_com/share/px4_ros_com/hook/cmake_prefix_path.ps1'
[0.863s] INFO:colcon.colcon_core.shell:Creating environment descriptor '/home/xingxunliu/ws_sensor_combined/install/px4_ros_com/share/px4_ros_com/hook/cmake_prefix_path.dsv'
[0.864s] INFO:colcon.colcon_core.shell:Creating environment hook '/home/xingxunliu/ws_sensor_combined/install/px4_ros_com/share/px4_ros_com/hook/cmake_prefix_path.sh'
[0.865s] Level 1:colcon.colcon_core.environment:checking '/home/xingxunliu/ws_sensor_combined/install/px4_ros_com/lib'
[0.865s] Level 1:colcon.colcon_core.shell:create_environment_hook('px4_ros_com', 'ld_library_path_lib')
[0.867s] INFO:colcon.colcon_core.shell:Creating environment hook '/home/xingxunliu/ws_sensor_combined/install/px4_ros_com/share/px4_ros_com/hook/ld_library_path_lib.ps1'
[0.868s] INFO:colcon.colcon_core.shell:Creating environment descriptor '/home/xingxunliu/ws_sensor_combined/install/px4_ros_com/share/px4_ros_com/hook/ld_library_path_lib.dsv'
[0.868s] INFO:colcon.colcon_core.shell:Creating environment hook '/home/xingxunliu/ws_sensor_combined/install/px4_ros_com/share/px4_ros_com/hook/ld_library_path_lib.sh'
[0.868s] Level 1:colcon.colcon_core.environment:checking '/home/xingxunliu/ws_sensor_combined/install/px4_ros_com/bin'
[0.868s] Level 1:colcon.colcon_core.environment:checking '/home/xingxunliu/ws_sensor_combined/install/px4_ros_com/lib/pkgconfig/px4_ros_com.pc'
[0.868s] Level 1:colcon.colcon_core.environment:checking '/home/xingxunliu/ws_sensor_combined/install/px4_ros_com/lib/python3.8/site-packages'
[0.869s] Level 1:colcon.colcon_core.environment:checking '/home/xingxunliu/ws_sensor_combined/install/px4_ros_com/bin'
[0.870s] INFO:colcon.colcon_core.shell:Creating package script '/home/xingxunliu/ws_sensor_combined/install/px4_ros_com/share/px4_ros_com/package.ps1'
[0.872s] INFO:colcon.colcon_core.shell:Creating package descriptor '/home/xingxunliu/ws_sensor_combined/install/px4_ros_com/share/px4_ros_com/package.dsv'
[0.872s] INFO:colcon.colcon_core.shell:Creating package script '/home/xingxunliu/ws_sensor_combined/install/px4_ros_com/share/px4_ros_com/package.sh'
[0.873s] INFO:colcon.colcon_core.shell:Creating package script '/home/xingxunliu/ws_sensor_combined/install/px4_ros_com/share/px4_ros_com/package.bash'
[0.874s] INFO:colcon.colcon_core.shell:Creating package script '/home/xingxunliu/ws_sensor_combined/install/px4_ros_com/share/px4_ros_com/package.zsh'
[0.875s] Level 1:colcon.colcon_core.environment:create_file_with_runtime_dependencies(/home/xingxunliu/ws_sensor_combined/install/px4_ros_com/share/colcon-core/packages/px4_ros_com)
[0.973s] Level 1:colcon.colcon_core.environment:create_environment_scripts_only(px4_ros_com)
[0.977s] Level 1:colcon.colcon_core.environment:checking '/home/xingxunliu/ws_sensor_combined/install/px4_ros_com' for CMake module files
[0.978s] Level 1:colcon.colcon_core.environment:checking '/home/xingxunliu/ws_sensor_combined/install/px4_ros_com' for CMake config files
[0.978s] Level 1:colcon.colcon_core.shell:create_environment_hook('px4_ros_com', 'cmake_prefix_path')
[0.981s] INFO:colcon.colcon_core.shell:Creating environment hook '/home/xingxunliu/ws_sensor_combined/install/px4_ros_com/share/px4_ros_com/hook/cmake_prefix_path.ps1'
[0.982s] INFO:colcon.colcon_core.shell:Creating environment descriptor '/home/xingxunliu/ws_sensor_combined/install/px4_ros_com/share/px4_ros_com/hook/cmake_prefix_path.dsv'
[0.983s] INFO:colcon.colcon_core.shell:Creating environment hook '/home/xingxunliu/ws_sensor_combined/install/px4_ros_com/share/px4_ros_com/hook/cmake_prefix_path.sh'
[0.984s] Level 1:colcon.colcon_core.environment:checking '/home/xingxunliu/ws_sensor_combined/install/px4_ros_com/lib'
[0.984s] Level 1:colcon.colcon_core.shell:create_environment_hook('px4_ros_com', 'ld_library_path_lib')
[0.986s] INFO:colcon.colcon_core.shell:Creating environment hook '/home/xingxunliu/ws_sensor_combined/install/px4_ros_com/share/px4_ros_com/hook/ld_library_path_lib.ps1'
[0.987s] INFO:colcon.colcon_core.shell:Creating environment descriptor '/home/xingxunliu/ws_sensor_combined/install/px4_ros_com/share/px4_ros_com/hook/ld_library_path_lib.dsv'
[0.987s] INFO:colcon.colcon_core.shell:Creating environment hook '/home/xingxunliu/ws_sensor_combined/install/px4_ros_com/share/px4_ros_com/hook/ld_library_path_lib.sh'
[0.988s] Level 1:colcon.colcon_core.environment:checking '/home/xingxunliu/ws_sensor_combined/install/px4_ros_com/bin'
[0.988s] Level 1:colcon.colcon_core.environment:checking '/home/xingxunliu/ws_sensor_combined/install/px4_ros_com/lib/pkgconfig/px4_ros_com.pc'
[0.988s] Level 1:colcon.colcon_core.environment:checking '/home/xingxunliu/ws_sensor_combined/install/px4_ros_com/lib/python3.8/site-packages'
[0.988s] Level 1:colcon.colcon_core.environment:checking '/home/xingxunliu/ws_sensor_combined/install/px4_ros_com/bin'
[0.990s] INFO:colcon.colcon_core.shell:Creating package script '/home/xingxunliu/ws_sensor_combined/install/px4_ros_com/share/px4_ros_com/package.ps1'
[0.991s] INFO:colcon.colcon_core.shell:Creating package descriptor '/home/xingxunliu/ws_sensor_combined/install/px4_ros_com/share/px4_ros_com/package.dsv'
[0.991s] INFO:colcon.colcon_core.shell:Creating package script '/home/xingxunliu/ws_sensor_combined/install/px4_ros_com/share/px4_ros_com/package.sh'
[0.992s] INFO:colcon.colcon_core.shell:Creating package script '/home/xingxunliu/ws_sensor_combined/install/px4_ros_com/share/px4_ros_com/package.bash'
[0.992s] INFO:colcon.colcon_core.shell:Creating package script '/home/xingxunliu/ws_sensor_combined/install/px4_ros_com/share/px4_ros_com/package.zsh'
[0.992s] Level 1:colcon.colcon_core.environment:create_file_with_runtime_dependencies(/home/xingxunliu/ws_sensor_combined/install/px4_ros_com/share/colcon-core/packages/px4_ros_com)
[0.993s] DEBUG:colcon.colcon_parallel_executor.executor.parallel:closing loop
[0.993s] DEBUG:colcon.colcon_parallel_executor.executor.parallel:loop closed
[0.993s] DEBUG:colcon.colcon_parallel_executor.executor.parallel:run_until_complete finished with '0'
[0.993s] DEBUG:colcon.colcon_core.event_reactor:joining thread
[1.004s] INFO:colcon.colcon_core.plugin_system:Skipping extension 'colcon_notification.desktop_notification.terminal_notifier': Not used on non-Darwin systems
[1.004s] INFO:colcon.colcon_core.plugin_system:Skipping extension 'colcon_notification.desktop_notification.win32': Not used on non-Windows systems
[1.004s] INFO:colcon.colcon_notification.desktop_notification:Sending desktop notification using 'notify2'
[1.030s] DEBUG:colcon.colcon_core.event_reactor:joined thread
[1.033s] INFO:colcon.colcon_core.shell:Creating prefix script '/home/xingxunliu/ws_sensor_combined/install/local_setup.ps1'
[1.034s] INFO:colcon.colcon_core.shell:Creating prefix util module '/home/xingxunliu/ws_sensor_combined/install/_local_setup_util_ps1.py'
[1.035s] INFO:colcon.colcon_core.shell:Creating prefix chain script '/home/xingxunliu/ws_sensor_combined/install/setup.ps1'
[1.037s] INFO:colcon.colcon_core.shell:Creating prefix script '/home/xingxunliu/ws_sensor_combined/install/local_setup.sh'
[1.037s] INFO:colcon.colcon_core.shell:Creating prefix util module '/home/xingxunliu/ws_sensor_combined/install/_local_setup_util_sh.py'
[1.038s] INFO:colcon.colcon_core.shell:Creating prefix chain script '/home/xingxunliu/ws_sensor_combined/install/setup.sh'
[1.040s] INFO:colcon.colcon_core.shell:Creating prefix script '/home/xingxunliu/ws_sensor_combined/install/local_setup.bash'
[1.040s] INFO:colcon.colcon_core.shell:Creating prefix chain script '/home/xingxunliu/ws_sensor_combined/install/setup.bash'
[1.043s] INFO:colcon.colcon_core.shell:Creating prefix script '/home/xingxunliu/ws_sensor_combined/install/local_setup.zsh'
[1.043s] INFO:colcon.colcon_core.shell:Creating prefix chain script '/home/xingxunliu/ws_sensor_combined/install/setup.zsh'
