[0.941s] Invoking command in '/home/xingxunliu/ws_sensor_combined/src/suanfa': PYTHONPATH=/home/xingxunliu/ws_sensor_combined/build/suanfa/prefix_override:/home/xingxunliu/ws_sensor_combined/install/suanfa/lib/python3.8/site-packages:${PYTHONPATH} /usr/bin/python3 setup.py egg_info --egg-base ../../build/suanfa build --build-base /home/xingxunliu/ws_sensor_combined/build/suanfa/build install --record /home/xingxunliu/ws_sensor_combined/build/suanfa/install.log --single-version-externally-managed
[1.198s] running egg_info
[1.214s] writing ../../build/suanfa/suanfa.egg-info/PKG-INFO
[1.214s] writing dependency_links to ../../build/suanfa/suanfa.egg-info/dependency_links.txt
[1.214s] writing entry points to ../../build/suanfa/suanfa.egg-info/entry_points.txt
[1.215s] writing requirements to ../../build/suanfa/suanfa.egg-info/requires.txt
[1.215s] writing top-level names to ../../build/suanfa/suanfa.egg-info/top_level.txt
[1.346s] reading manifest file '../../build/suanfa/suanfa.egg-info/SOURCES.txt'
[1.348s] writing manifest file '../../build/suanfa/suanfa.egg-info/SOURCES.txt'
[1.348s] running build
[1.349s] running build_py
[1.349s] copying suanfa/calculate.py -> /home/xingxunliu/ws_sensor_combined/build/suanfa/build/lib/suanfa
[1.350s] running install
[1.352s] /home/xingxunliu/.local/lib/python3.8/site-packages/setuptools/_distutils/cmd.py:66: SetuptoolsDeprecationWarning: setup.py install is deprecated.
[1.352s] !!
[1.352s] 
[1.352s]         ********************************************************************************
[1.352s]         Please avoid running ``setup.py`` directly.
[1.353s]         Instead, use pypa/build, pypa/installer or other
[1.353s]         standards-based tools.
[1.353s] 
[1.353s]         See https://blog.ganssle.io/articles/2021/10/setup-py-deprecated.html for details.
[1.353s]         ********************************************************************************
[1.353s] 
[1.353s] !!
[1.354s]   self.initialize_options()
[1.366s] running install_lib
[1.387s] copying /home/xingxunliu/ws_sensor_combined/build/suanfa/build/lib/suanfa/calculate.py -> /home/xingxunliu/ws_sensor_combined/install/suanfa/lib/python3.8/site-packages/suanfa
[1.388s] byte-compiling /home/xingxunliu/ws_sensor_combined/install/suanfa/lib/python3.8/site-packages/suanfa/calculate.py to calculate.cpython-38.pyc
[1.389s] running install_data
[1.405s] running install_egg_info
[1.418s] removing '/home/xingxunliu/ws_sensor_combined/install/suanfa/lib/python3.8/site-packages/suanfa-0.0.0-py3.8.egg-info' (and everything under it)
[1.419s] Copying ../../build/suanfa/suanfa.egg-info to /home/xingxunliu/ws_sensor_combined/install/suanfa/lib/python3.8/site-packages/suanfa-0.0.0-py3.8.egg-info
[1.419s] running install_scripts
[1.475s] Installing suanfa_node script to /home/xingxunliu/ws_sensor_combined/install/suanfa/lib/suanfa
[1.476s] writing list of installed files to '/home/xingxunliu/ws_sensor_combined/build/suanfa/install.log'
[1.532s] Invoked command in '/home/xingxunliu/ws_sensor_combined/src/suanfa' returned '0': PYTHONPATH=/home/xingxunliu/ws_sensor_combined/build/suanfa/prefix_override:/home/xingxunliu/ws_sensor_combined/install/suanfa/lib/python3.8/site-packages:${PYTHONPATH} /usr/bin/python3 setup.py egg_info --egg-base ../../build/suanfa build --build-base /home/xingxunliu/ws_sensor_combined/build/suanfa/build install --record /home/xingxunliu/ws_sensor_combined/build/suanfa/install.log --single-version-externally-managed
